0 1 0 133
0 1 133 365
0 1 365 514
1 2 0 1
0 1 514 646
0 1 646 748
0 1 748 1720
0 1 1720 1998
0 1 1998 2098
0 1 2098 2129
0 1 2129 2235
0 1 2235 2269
0 1 2269 2876
0 1 2876 3100
0 1 3100 3332
0 1 3332 3537
0 1 3537 3699
0 1 3699 3878
0 1 3878 4158
0 1 4158 4235
0 1 4235 4326
0 1 4326 4364
0 1 4364 4393
0 1 4393 4632
0 1 4632 5642
0 1 5642 6078
0 1 6078 6303
0 1 6303 6494
0 1 6494 6566
0 1 6566 6822
0 1 6822 6826
0 1 6826 6860
0 1 6860 6957
0 1 6957 6986
0 1 6986 7029
0 1 7029 7114
0 1 7114 7283
0 1 7283 7371
0 1 7371 7381
0 1 7381 7409
0 1 7409 7595
0 1 7595 7624
0 1 7624 7850
0 1 7850 8230
0 1 8230 8249
0 1 8249 8339
1 2 1 95
0 1 8339 8673
0 1 8673 8798
0 1 8798 8939
0 1 8939 9223
0 1 9223 9690
0 1 9690 10000
1 2 95 608
1 2 608 633
1 2 633 710
1 2 710 746
1 2 746 910
1 2 910 1205
1 2 1205 1579
1 2 1579 1767
1 2 1767 1869
1 2 1869 2026
1 2 2026 2063
1 2 2063 2166
1 2 2166 3149
1 2 3149 3385
1 2 3385 3586
1 2 3586 3779
1 2 3779 3889
1 2 3889 4357
1 2 4357 4379
1 2 4379 4511
1 2 4511 4577
1 2 4577 4634
1 2 4634 4687
1 2 4687 4812
1 2 4812 4862
1 2 4862 4971
1 2 4971 5383
1 2 5383 5572
1 2 5572 5887
1 2 5887 6350
1 2 6350 6388
1 2 6388 6573
1 2 6573 7128
1 2 7128 7342
1 2 7342 7721
1 2 7721 7766
1 2 7766 8386
1 2 8386 8628
1 2 8628 8721
1 2 8721 8730
1 2 8730 8943
1 2 8943 9335
1 2 9335 9397
1 2 9397 9690
1 2 9690 9775
1 2 9775 9817
1 2 9817 10000
