-540
113
-474
-193
84
486
161
836
95
559
-692
-724
-82
300
-301
-737
438
949
324
614
502
-3
139
143
-60
839
-453
193
-91
-524
minus seven
-622
-237
670
-109
-865
-46
602
853
-663
-472
-191
636
-965
489
two
-568
-894
815
738
-308
588
131
-982
604
26
536
-672
32
-632
903
-992
-68
-301
-463
342
-381
169
-418
-965
727
-878
728
-726
525
824
610
316
57
957
562
492
781
928
-41
-899
-864
502
785
-824
530
-710
-58
-208
-269
-739
600
-530
968
-146
473
608
-267
26
evil matching
997
381
-244
-782
-170
-192
312
850
-625
403
387
265
208
579
93
-988
-83
726
-383
-518
-492
4
913
843
842
-816
498
198
433
758
-66
-274
-284
78
-607
-667
-597
833
302
715
-526
483
-542
790
454
972
-129
350
146
589
542
552
-630
372
-830
926
-905
729
-915
-558
-382
-406
-336
745
927
-97
-192
-919
-50
-597
-907
-124
734
-703
676
-532
-294
-106
-439
-266
82
66
203
-378
-845
-616
352
549
862
saturn
-985
-419
385
100
769
586
702
694
-888
470
-397
314
-16
802
nine
-138
-625
-690
-529
-88
-357
229
180
-550
253
324
-149
15
-975
-616
-915
-400
234
-471
718
273
676
-858
-456
282
-291
630
645
279
-804
-392
-981
-703
-213
-46
378
976
-717
462
-735
-823
-982
203
562
-557
255
594
-72
-477
828
774
258
813
421
479
-313
329
-427
922
-434
447
-473
91
-515
-720
-799
72
357
-889
271
575
-200
-784
431
-381
170
371
-783
-738
186
-432
-850
-600
-921
396
657
-582
870
-59
440
-150
-706
861
-765
-233
-781
-639
-470
-12
-172
70
350
-949
233
630
665
278
811
-976
-185
-423
681
-42
255
-627
884
678
-73
eleven
564
-725
-615
-659
453
-202
309
822
iiiiiiiiiiiiiiiiiiiiiiiiiiiii
-799
-621
710
-341
-173
80
331
787
278
-244
556
324
-196
596
-154
553
-83
760
-324
821
-484
118
-981
852
-922
-43
260
754
514
287
-237
-40
-675
-25
-308
616
-193
723
-250
-880
294
573
-531
-830
-771
896
851
ekans
784
128
-711
-336
697
307
852
-452
-562
-840
949
-109
-835
thirty-two
-314
667
treinta y cuatro
-974
825
319
643
-314
-435
-687
604
943
-744
165
843
di-di-di-di-dah dah-dah-dah-dah-dit
434
-270
179
768
-486
471
-184
-74
564
-393
463
-709
-79
-381
-695
253
-977
413
490
962
-674
390
213
756
-82
-350
685
340
-400
-755
974
-802
34
-247
one-one-zero-one-one-one
903
638
-186
-962
-547
-200
711
306
504
555
715
-880
294
-204
41
519
374
840
294
neves-ytfif
769
227
-328
-313
444
735
406
-649
-751
399
83
-852
-506
311
264
767
905
-289
41
667
-300
36
962
629
-415
-190
-422
823
-967
-482
-152
440
-612
-559
-339
468
-824
21
445
903
-213
1001
224
993
319
666
906
-527
-632
-167
690
501
916
559
-276
-500
728
-569
495
320
-956
-910
646
354
-411
-847
-959
700
730
-130
-728
76
-767
-938
41
-906
-636
-412
-698
134
683
-718
-948
677
236
346
470
62
40
-16
-941
163
-183
988
-196
122
963
-794
-61
-93
540
-206
787
-734
abcdefghijklmnopqrstuxyzwv
-910
-999
883
-430
-956
51x7y-n1n3
-70
234
-111
-433
-678
-911
235
36
-365
438
-240
707
231
514
400
914
961
492
454
498
119
-441
-230
dreiundsiebzig
493
86
418
569
735
-733
-403
-640
550
-675
166
-346
-334
362
237
932
91
213
974
187
577
-490
-769
353
188
-625
12
-871
913
-543
620
432
-484
-228
422
751
-477
-716
-314
646
-131
782
-839
556
-44
-666
512
-604
965
-930
-762
497
-250
-373
-29
307
848
718
668
195
-604
-691
-151
932
-459
755
-509
-348
-415
-769
-338
-493
737
188
-391
138
22
-533
-180
-761
512
695
-645
-645
-707
607
678
-423
451
930
701
-381
626
705
40
804
48
666
-44
897
-840
760
-271
-195
655
793
356
188
53
-20
948
-803
394
953
-6
-290
-979
-455
-641
-74
639
-964
-316
86
229
383
519
726
-446
-628
-804
814
106
-36
707
-853
-839
451
-480
-864
714
-965
-346
698
-449
868
-293
-39
595
-611
368
757
-725
486
-145
655
-304
355
5
669
-767
857
-671
-693
-705
-222
230
-697
296
854
-35
-728
-248
-436
791
-133
-119
-39
538
-756
518
-393
110
364
810
667
-721
547
120
-658
456
-512
929
-343
-730
-590
477
647
38
661
340
176
-180
762
-612
962
-134
291
452
372
960
-379
910
-310
-168
348
232
345
-199
103
-237
701
68
977
-951
796
-317
-888
-762
93
-293
-647
-481
101
-643
177
-620
-698
soixante-quatorze
-21
965
-262
-853
731
125
-385
708
-788
-629
312
-281
-212
900
884
-388
148
1
449
-139
-482
817
314
124
581
369
-921
672
-348
589
-560
-491
lxxviii
889
471
770
185
428
-467
-922
822
-294
662
-610
206
gold
-986
-311
-8
-962
-737
329
-49
875
-375
117
619
916
683
-336
-980
-774
-339
-958
-890
644
-742
518
-404
142
-89
478
-693
-593
-477
174
-505
689
870
920
-520
465
647
501
485
-425
osemdesiatdevat
-989
-522
0
421
68
178
549
830
709
-49
-134
-77
-49
866
-380
-615
-953
-496
-139
681
-927
-397
279
-850
736
-271
71
-776
629
569
642
992
-628
-711
975
-728
-618
-220
-581
759
585
-691
693
789
734
124
-135
-383
164
581
988
-704
840
141
560
967
383
354
920
950
-947
-418
742
-848
217
155
-303
127
