20
4697 -6367 -779 -891 -829 -841 -833 -837 -835 -835 -835 -835 -835 -835 -835 -835 -835 -835 -835 -835 
20
10906 -10934 78 -106 -8 -20 -14 -14 -14 -14 -14 -14 -14 -14 -14 -14 -14 -14 -14 -14 
20
-11 -21 -14 -18 -15 -17 -16 -16 -16 -16 -16 -16 -16 -16 -16 -16 -16 -16 -16 -16 
20
-380115 -404645 -392234 -392526 -392373 -392387 -392380 -392380 -392380 -392380 -392380 -392380 -392380 -392380 -392380 -392380 -392380 -392380 -392380 -392380 
20
8018 -8018 123 -123 10 -10 4 -4 1 -1 0 0 0 0 0 0 0 0 0 0 
20
3380 -606 1440 1334 1390 1384 1388 1386 1388 1386 1388 1386 1387 1387 1387 1387 1387 1387 1387 1387 
20
-151620 -151620 -151620 -151620 -151620 -151620 -151620 -151620 -151620 -151620 -151620 -151620 -151620 -151620 -151620 -151620 -151620 -151620 -151620 -151620 
20
-616314 -692618 -654296 -654636 -654461 -654471 -654465 -654467 -654466 -654466 -654466 -654466 -654466 -654466 -654466 -654466 -654466 -654466 -654466 -654466 
20
3 -5 1 -3 -1 -1 -1 -1 -1 -1 -1 -1 -1 -1 -1 -1 -1 -1 -1 -1 
20
19316 -19316 116 -116 11 -11 2 -2 1 -1 1 -1 1 -1 0 0 0 0 0 0 
20
299 -69 126 104 116 114 116 114 116 114 115 115 115 115 115 115 115 115 115 115 
20
40 -42 3 -5 0 -2 0 -2 0 -2 -1 -1 -1 -1 -1 -1 -1 -1 -1 -1 
20
-83721 -85913 -84811 -84823 -84815 -84819 -84815 -84819 -84817 -84817 -84817 -84817 -84817 -84817 -84817 -84817 -84817 -84817 -84817 -84817 
20
332300 332186 332249 332237 332245 332241 332244 332242 332243 332243 332243 332243 332243 332243 332243 332243 332243 332243 332243 332243 
20
283 -235 30 18 25 23 25 23 25 23 24 24 24 24 24 24 24 24 24 24 
20
27214 -64916 -18732 -18970 -18845 -18857 -18849 -18853 -18849 -18853 -18851 -18851 -18851 -18851 -18851 -18851 -18851 -18851 -18851 -18851 
20
-112 -112 -112 -112 -112 -112 -112 -112 -112 -112 -112 -112 -112 -112 -112 -112 -112 -112 -112 -112 
20
76101 75727 75929 75899 75919 75909 75915 75913 75914 75914 75914 75914 75914 75914 75914 75914 75914 75914 75914 75914 
20
10239 -10245 95 -101 9 -15 1 -7 -2 -4 -2 -4 -3 -3 -3 -3 -3 -3 -3 -3 
20
55163 55077 55123 55117 55121 55119 55121 55119 55120 55120 55120 55120 55120 55120 55120 55120 55120 55120 55120 55120 
20
49 -19 23 7 15 15 15 15 15 15 15 15 15 15 15 15 15 15 15 15 
20
176 166 173 169 172 170 171 171 171 171 171 171 171 171 171 171 171 171 171 171 
20
39825 39777 39803 39799 39801 39801 39801 39801 39801 39801 39801 39801 39801 39801 39801 39801 39801 39801 39801 39801 
20
523 437 485 475 482 478 481 479 481 479 480 480 480 480 480 480 480 480 480 480 
20
13365 -13375 63 -73 3 -13 -2 -8 -4 -6 -4 -6 -4 -6 -5 -5 -5 -5 -5 -5 
20
35 -35 6 -6 3 -3 0 0 0 0 0 0 0 0 0 0 0 0 0 0 
20
8165 -7323 502 340 426 416 423 419 423 419 421 421 421 421 421 421 421 421 421 421 
20
-335 -3125 -1706 -1754 -1724 -1736 -1729 -1731 -1729 -1731 -1729 -1731 -1730 -1730 -1730 -1730 -1730 -1730 -1730 -1730 
20
8848 -7452 798 598 704 692 700 696 698 698 698 698 698 698 698 698 698 698 698 698 
20
-371 -377 -373 -375 -374 -374 -374 -374 -374 -374 -374 -374 -374 -374 -374 -374 -374 -374 -374 -374 
20
2291 -2287 56 -52 7 -3 4 0 4 0 2 2 2 2 2 2 2 2 2 2 
20
8983 -8985 51 -53 3 -5 1 -3 -1 -1 -1 -1 -1 -1 -1 -1 -1 -1 -1 -1 
20
-368 -552 -448 -472 -457 -463 -459 -461 -459 -461 -459 -461 -460 -460 -460 -460 -460 -460 -460 -460 
20
84942 -83588 1081 273 701 653 682 672 679 675 679 675 677 677 677 677 677 677 677 677 
20
4728 4414 4588 4554 4572 4570 4572 4570 4571 4571 4571 4571 4571 4571 4571 4571 4571 4571 4571 4571 
20
-41322 -48496 -44828 -44990 -44904 -44914 -44907 -44911 -44908 -44910 -44909 -44909 -44909 -44909 -44909 -44909 -44909 -44909 -44909 -44909 
20
-9264 -36150 -22616 -22798 -22707 -22707 -22707 -22707 -22707 -22707 -22707 -22707 -22707 -22707 -22707 -22707 -22707 -22707 -22707 -22707 
20
-336987 -337467 -337210 -337244 -337224 -337230 -337226 -337228 -337226 -337228 -337227 -337227 -337227 -337227 -337227 -337227 -337227 -337227 -337227 -337227 
20
69877 69771 69828 69820 69826 69822 69825 69823 69824 69824 69824 69824 69824 69824 69824 69824 69824 69824 69824 69824 
20
-207614 -207634 -207620 -207628 -207622 -207626 -207624 -207624 -207624 -207624 -207624 -207624 -207624 -207624 -207624 -207624 -207624 -207624 -207624 -207624 
20
14 -14 2 -2 0 0 0 0 0 0 0 0 0 0 0 0 0 0 0 0 
20
1898 1898 1898 1898 1898 1898 1898 1898 1898 1898 1898 1898 1898 1898 1898 1898 1898 1898 1898 1898 
20
47 -4335 -2112 -2176 -2139 -2149 -2144 -2144 -2144 -2144 -2144 -2144 -2144 -2144 -2144 -2144 -2144 -2144 -2144 -2144 
20
650 -646 32 -28 8 -4 2 2 2 2 2 2 2 2 2 2 2 2 2 2 
20
97983 52917 75583 75317 75464 75436 75454 75446 75450 75450 75450 75450 75450 75450 75450 75450 75450 75450 75450 75450 
20
761 -761 16 -16 1 -1 1 -1 1 -1 0 0 0 0 0 0 0 0 0 0 
20
5489 5479 5486 5482 5485 5483 5484 5484 5484 5484 5484 5484 5484 5484 5484 5484 5484 5484 5484 5484 
20
-178 -198 -184 -192 -186 -190 -188 -188 -188 -188 -188 -188 -188 -188 -188 -188 -188 -188 -188 -188 
20
-875 -5371 -3065 -3181 -3113 -3133 -3122 -3124 -3122 -3124 -3123 -3123 -3123 -3123 -3123 -3123 -3123 -3123 -3123 -3123 
20
-82827 -87185 -84972 -85040 -85005 -85007 -85005 -85007 -85005 -85007 -85006 -85006 -85006 -85006 -85006 -85006 -85006 -85006 -85006 -85006 
20
-450806 -451056 -450919 -450943 -450930 -450932 -450931 -450931 -450931 -450931 -450931 -450931 -450931 -450931 -450931 -450931 -450931 -450931 -450931 -450931 
20
7908 -7716 216 -24 105 87 99 93 98 94 97 95 97 95 96 96 96 96 96 96 
20
87931 -87941 322 -332 10 -20 -5 -5 -5 -5 -5 -5 -5 -5 -5 -5 -5 -5 -5 -5 
20
18789 -18815 129 -155 -4 -22 -12 -14 -13 -13 -13 -13 -13 -13 -13 -13 -13 -13 -13 -13 
20
35829 -46749 -5239 -5681 -5448 -5472 -5458 -5462 -5460 -5460 -5460 -5460 -5460 -5460 -5460 -5460 -5460 -5460 -5460 -5460 
20
39448 -40286 -324 -514 -411 -427 -416 -422 -418 -420 -418 -420 -418 -420 -419 -419 -419 -419 -419 -419 
20
-90417 -273643 -181747 -182313 -182016 -182044 -182025 -182035 -182029 -182031 -182030 -182030 -182030 -182030 -182030 -182030 -182030 -182030 -182030 -182030 
20
-39505 -49807 -44561 -44751 -44645 -44667 -44655 -44657 -44655 -44657 -44655 -44657 -44656 -44656 -44656 -44656 -44656 -44656 -44656 -44656 
20
49 -47 6 -4 2 0 1 1 1 1 1 1 1 1 1 1 1 1 1 1 
20
-8118 -8450 -8272 -8296 -8284 -8284 -8284 -8284 -8284 -8284 -8284 -8284 -8284 -8284 -8284 -8284 -8284 -8284 -8284 -8284 
20
36 -38 0 -2 -1 -1 -1 -1 -1 -1 -1 -1 -1 -1 -1 -1 -1 -1 -1 -1 
20
151 -143 19 -11 9 -1 5 3 4 4 4 4 4 4 4 4 4 4 4 4 
20
1330 1284 1312 1302 1309 1305 1308 1306 1308 1306 1307 1307 1307 1307 1307 1307 1307 1307 1307 1307 
20
471 391 439 423 433 429 432 430 432 430 431 431 431 431 431 431 431 431 431 431 
20
-244 -282 -258 -268 -261 -265 -263 -263 -263 -263 -263 -263 -263 -263 -263 -263 -263 -263 -263 -263 
20
64040 -63636 453 -49 216 188 205 199 202 202 202 202 202 202 202 202 202 202 202 202 
20
-1 -1 -1 -1 -1 -1 -1 -1 -1 -1 -1 -1 -1 -1 -1 -1 -1 -1 -1 -1 
20
80 -84 0 -4 -1 -3 -1 -3 -2 -2 -2 -2 -2 -2 -2 -2 -2 -2 -2 -2 
20
383 -393 19 -29 -5 -5 -5 -5 -5 -5 -5 -5 -5 -5 -5 -5 -5 -5 -5 -5 
20
-1307 -1347 -1321 -1333 -1325 -1329 -1327 -1327 -1327 -1327 -1327 -1327 -1327 -1327 -1327 -1327 -1327 -1327 -1327 -1327 
20
85134 9738 47669 47203 47455 47417 47441 47431 47437 47435 47436 47436 47436 47436 47436 47436 47436 47436 47436 47436 
20
21983 21357 21693 21647 21676 21664 21672 21668 21671 21669 21671 21669 21670 21670 21670 21670 21670 21670 21670 21670 
20
19540 -19478 125 -63 39 23 34 28 31 31 31 31 31 31 31 31 31 31 31 31 
20
43518 -41496 1150 872 1023 999 1015 1007 1011 1011 1011 1011 1011 1011 1011 1011 1011 1011 1011 1011 
20
330306 330290 330302 330294 330298 330298 330298 330298 330298 330298 330298 330298 330298 330298 330298 330298 330298 330298 330298 330298 
20
16319 -16319 155 -155 10 -10 3 -3 2 -2 1 -1 0 0 0 0 0 0 0 0 
20
-4411 -4589 -4488 -4512 -4498 -4502 -4499 -4501 -4500 -4500 -4500 -4500 -4500 -4500 -4500 -4500 -4500 -4500 -4500 -4500 
