7746
41928
6969
91487
3857
5476
3502
8136
49179
7076
67218
48323
99816
8224
1726
13508
62911
71375
6195
6945
8087
62615
44657
3838
61645
93596
78338
5074
80505
4661
9638
88935
3173
9053
81071
5092
71992
8583
27891
16491
20103
8462
36958
9781
46539
2552
98631
63726
7363
6935
4458
97609
62737
1339
52314
69404
76313
1089
10523
4314
7033
2452
9719
70841
91585
2608
2498
3229
8622
58376
4718
92582
56716
5061
34252
78877
56567
9907
4482
27236
96246
43332
76249
39854
4022
92043
9408
63421
47995
34221
3777
6471
7233
41188
88372
33517
1441
85232
2489
93798
