Case #1: ZZZZZZZZZZZZZZZZZZZZZZZZZZZZZZZZZZZZZZZZZZZZZZZZZZ
Case #2: PWEOGBYEKFDCGE
Case #3: AFIEMVDZVDDWIRIR
Case #4: ZEF
Case #5: GOROQVGVQQQSVGROOVOVSOOQV
Case #6: ANDHOPESYOUHAVEFUN
Case #7: TORB
Case #8: AITFZWTLHHVZYMQ
Case #9: AABKJPNUZLNQKFGL
Case #10: YDDTSUSYEBUVYYDQ
Case #11: HACKERCUPTEAM
Case #12: BCWIDKUXRVGZYYET
Case #13: ACACCCBBCCCBBACBCAACCABCBCBABABCCABACBBA
Case #14: RKXRHRAAXXHAWOWWPAKHR
Case #15: WISHESYOUGOODLUCK
Case #16: SJSUCSCLUB
Case #17: DALVES
Case #18: NIJFJKNNTTTPTKIIIJPI
Case #19: AAXOORSDIFRORTTATST
Case #20: EEHHAIIHAHHIIHHEHHIIEAEEIAEIAIH
