Case #1:
..
..
..
..
..
..
..
..
..
..
..
..
..
..
..
..
..
..
..
..
..
..
..
..
..
..
..
..
..
..
..
..
..
..
..
..
..
..
..
..
..
..
..
..
..
..
..
..
..
c.
Case #2:
c.*
..*
***
Case #3:
Impossible
Case #4:
c..*******
...*******
...*******
...*******
...*******
...*******
**********
**********
**********
**********
Case #5:
Impossible
Case #6:
**...............................................c
..................................................
..................................................
Case #7:
Impossible
Case #8:
***..............................................c
*.................................................
*.................................................
Case #9:
*
.
.
.
.
.
.
.
.
.
.
.
.
.
.
.
.
.
.
.
.
.
.
.
.
.
.
.
.
.
.
.
.
.
.
.
.
.
.
.
.
.
.
.
.
.
.
.
.
c
Case #10:
**...............................................c
Case #11:
Impossible
Case #12:
******...........................................c
*****.............................................
*****.............................................
*****.............................................
*****.............................................
*****.............................................
*****.............................................
*****.............................................
*****.............................................
*****.............................................
*****.............................................
*****.............................................
*****.............................................
*****.............................................
*****.............................................
*****.............................................
*****.............................................
*****.............................................
*****.............................................
*****.............................................
*****.............................................
*****.............................................
*****.............................................
*****.............................................
*****.............................................
*****.............................................
*****.............................................
*****.............................................
*****.............................................
*****.............................................
*****.............................................
*****.............................................
*****.............................................
*****.............................................
*****.............................................
*****.............................................
*****.............................................
*****.............................................
*****.............................................
*****.............................................
*****.............................................
*****.............................................
*****.............................................
*****.............................................
*****.............................................
*****.............................................
*****.............................................
*****.............................................
****..............................................
****..............................................
Case #13:
**************...................................c
**************....................................
**************....................................
Case #14:
**
**
**
**
**
**
**
**
**
**
**
**
**
**
**
**
**
**
**
**
**
..
..
..
..
..
..
..
..
..
..
..
..
..
..
..
..
..
..
..
..
..
..
..
..
..
..
..
..
c.
Case #15:
*
*
*
*
*
*
*
*
*
*
*
*
*
*
*
*
*
*
*
*
*
*
*
*
*
*
*
*
*
*
*
*
*
*
*
*
*
*
*
*
*
*
*
*
*
*
*
*
.
c
Case #16:
c**
***
***
Case #17:
**********************...........................c
**********************............................
Case #18:
************************.........................c
************************..........................
Case #19:
c*************************************************
**************************************************
**************************************************
**************************************************
**************************************************
**************************************************
**************************************************
**************************************************
**************************************************
**************************************************
**************************************************
**************************************************
**************************************************
**************************************************
**************************************************
**************************************************
**************************************************
**************************************************
**************************************************
**************************************************
**************************************************
**************************************************
**************************************************
**************************************************
**************************************************
**************************************************
**************************************************
**************************************************
**************************************************
**************************************************
**************************************************
**************************************************
**************************************************
**************************************************
**************************************************
**************************************************
**************************************************
**************************************************
**************************************************
**************************************************
**************************************************
**************************************************
**************************************************
**************************************************
**************************************************
**************************************************
**************************************************
**************************************************
**************************************************
**************************************************
Case #20:
Impossible
Case #21:
c..***********************************************
...***********************************************
...***********************************************
...***********************************************
...***********************************************
...***********************************************
...***********************************************
...***********************************************
...***********************************************
...***********************************************
...***********************************************
...***********************************************
...***********************************************
...***********************************************
...***********************************************
...***********************************************
...***********************************************
**************************************************
**************************************************
**************************************************
**************************************************
**************************************************
**************************************************
**************************************************
**************************************************
**************************************************
**************************************************
**************************************************
**************************************************
**************************************************
**************************************************
**************************************************
**************************************************
**************************************************
**************************************************
**************************************************
**************************************************
**************************************************
**************************************************
**************************************************
**************************************************
**************************************************
**************************************************
**************************************************
**************************************************
**************************************************
**************************************************
**************************************************
**************************************************
**************************************************
Case #22:
*................................................c
*.................................................
*.................................................
Case #23:
.................................................c
..................................................
Case #24:
*****************................................c
***************...................................
***************...................................
Case #25:
c..***********************************************
...***********************************************
...***********************************************
...***********************************************
...***********************************************
...***********************************************
...***********************************************
...***********************************************
...***********************************************
...***********************************************
...***********************************************
...***********************************************
...***********************************************
...***********************************************
...***********************************************
...***********************************************
...***********************************************
...***********************************************
...***********************************************
...***********************************************
...***********************************************
...***********************************************
...***********************************************
...***********************************************
...***********************************************
...***********************************************
...***********************************************
...***********************************************
...***********************************************
...***********************************************
...***********************************************
...***********************************************
...***********************************************
**************************************************
**************************************************
**************************************************
**************************************************
**************************************************
**************************************************
**************************************************
**************************************************
**************************************************
**************************************************
**************************************************
**************************************************
**************************************************
**************************************************
**************************************************
**************************************************
**************************************************
Case #26:
*
*
*
*
*
*
*
*
*
*
*
*
*
*
*
*
*
*
*
*
*
*
*
*
*
*
*
*
*
*
*
*
*
*
*
*
*
*
*
*
*
*
*
*
*
*
*
.
.
c
Case #27:
***..............................................c
Case #28:
c..***********************************************
...***********************************************
...***********************************************
...***********************************************
...***********************************************
...***********************************************
...***********************************************
...***********************************************
...***********************************************
...***********************************************
...***********************************************
...***********************************************
...***********************************************
...***********************************************
...***********************************************
...***********************************************
...***********************************************
...***********************************************
...***********************************************
...***********************************************
...***********************************************
...***********************************************
...***********************************************
...***********************************************
...***********************************************
...***********************************************
...***********************************************
...***********************************************
...***********************************************
...***********************************************
...***********************************************
...***********************************************
...***********************************************
..************************************************
**************************************************
**************************************************
**************************************************
**************************************************
**************************************************
**************************************************
**************************************************
**************************************************
**************************************************
**************************************************
**************************************************
**************************************************
**************************************************
**************************************************
**************************************************
**************************************************
Case #29:
***************..................................c
***************...................................
***************...................................
Case #30:
***
***
***
***
***
***
***
***
***
***
***
***
***
***
*..
...
...
...
...
...
...
...
...
...
...
...
...
...
...
...
...
...
...
...
...
...
...
...
...
...
...
...
...
...
...
...
...
...
...
c..
Case #31:
**
**
**
**
**
**
**
**
**
**
**
**
**
**
**
**
**
**
**
**
**
**
**
**
..
..
..
..
..
..
..
..
..
..
..
..
..
..
..
..
..
..
..
..
..
..
..
..
..
c.
Case #32:
Impossible
Case #33:
Impossible
Case #34:
c***
****
****
****
Case #35:
****************.................................c
****************..................................
****************..................................
Case #36:
Impossible
Case #37:
**...............................................c
*.................................................
*.................................................
*.................................................
*.................................................
*.................................................
*.................................................
*.................................................
*.................................................
*.................................................
*.................................................
*.................................................
*.................................................
*.................................................
*.................................................
*.................................................
*.................................................
*.................................................
*.................................................
*.................................................
*.................................................
*.................................................
*.................................................
*.................................................
*.................................................
*.................................................
*.................................................
*.................................................
*.................................................
*.................................................
*.................................................
*.................................................
*.................................................
*.................................................
*.................................................
*.................................................
*.................................................
*.................................................
*.................................................
*.................................................
*.................................................
*.................................................
*.................................................
*.................................................
*.................................................
*.................................................
*.................................................
*.................................................
..................................................
..................................................
Case #38:
*................................................c
..................................................
..................................................
..................................................
..................................................
..................................................
..................................................
..................................................
..................................................
..................................................
..................................................
..................................................
..................................................
..................................................
..................................................
..................................................
..................................................
..................................................
..................................................
..................................................
..................................................
..................................................
..................................................
..................................................
..................................................
..................................................
..................................................
..................................................
..................................................
..................................................
..................................................
..................................................
..................................................
..................................................
..................................................
..................................................
..................................................
..................................................
..................................................
..................................................
..................................................
..................................................
..................................................
..................................................
..................................................
..................................................
..................................................
..................................................
..................................................
..................................................
Case #39:
*................................................c
*.................................................
..................................................
..................................................
..................................................
..................................................
..................................................
..................................................
..................................................
..................................................
..................................................
..................................................
..................................................
..................................................
..................................................
..................................................
..................................................
..................................................
..................................................
..................................................
..................................................
..................................................
..................................................
..................................................
..................................................
..................................................
..................................................
..................................................
..................................................
..................................................
..................................................
..................................................
..................................................
..................................................
..................................................
..................................................
..................................................
..................................................
..................................................
..................................................
..................................................
..................................................
..................................................
..................................................
..................................................
..................................................
..................................................
..................................................
..................................................
..................................................
Case #40:
c..***********************************************
...***********************************************
...***********************************************
...***********************************************
...***********************************************
...***********************************************
...***********************************************
...***********************************************
...***********************************************
...***********************************************
...***********************************************
...***********************************************
...***********************************************
...***********************************************
...***********************************************
...***********************************************
..************************************************
**************************************************
**************************************************
**************************************************
**************************************************
**************************************************
**************************************************
**************************************************
**************************************************
**************************************************
**************************************************
**************************************************
**************************************************
**************************************************
**************************************************
**************************************************
**************************************************
**************************************************
**************************************************
**************************************************
**************************************************
**************************************************
**************************************************
**************************************************
**************************************************
**************************************************
**************************************************
**************************************************
**************************************************
**************************************************
**************************************************
**************************************************
**************************************************
**************************************************
Case #41:
..c
...
...
Case #42:
**....c
*......
.......
.......
Case #43:
**.c
**..
**..
**..
Case #44:
Impossible
Case #45:
*
*
.
.
.
.
.
.
.
.
.
.
.
.
.
.
.
.
.
.
.
.
.
.
.
.
.
.
.
.
.
.
.
.
.
.
.
.
.
.
.
.
.
.
.
.
.
.
.
c
Case #46:
**.c
**..
*...
*...
Case #47:
******...........................................c
*****.............................................
*****.............................................
*****.............................................
*****.............................................
*****.............................................
*****.............................................
*****.............................................
*****.............................................
*****.............................................
*****.............................................
*****.............................................
*****.............................................
*****.............................................
*****.............................................
*****.............................................
*****.............................................
*****.............................................
*****.............................................
*****.............................................
*****.............................................
*****.............................................
*****.............................................
*****.............................................
*****.............................................
*****.............................................
*****.............................................
*****.............................................
*****.............................................
*****.............................................
*****.............................................
*****.............................................
*****.............................................
*****.............................................
*****.............................................
*****.............................................
*****.............................................
*****.............................................
*****.............................................
*****.............................................
*****.............................................
*****.............................................
*****.............................................
*****.............................................
*****.............................................
*****.............................................
*****.............................................
*****.............................................
*****.............................................
*****.............................................
Case #48:
***************..................................c
**************....................................
**************....................................
Case #49:
c..***********************************************
...***********************************************
...***********************************************
**************************************************
**************************************************
**************************************************
**************************************************
**************************************************
**************************************************
**************************************************
**************************************************
**************************************************
**************************************************
**************************************************
**************************************************
**************************************************
**************************************************
**************************************************
**************************************************
**************************************************
**************************************************
**************************************************
**************************************************
**************************************************
**************************************************
**************************************************
**************************************************
**************************************************
**************************************************
**************************************************
**************************************************
**************************************************
**************************************************
**************************************************
**************************************************
**************************************************
**************************************************
**************************************************
**************************************************
**************************************************
**************************************************
**************************************************
**************************************************
**************************************************
**************************************************
**************************************************
**************************************************
**************************************************
**************************************************
**************************************************
Case #50:
***
*..
*..
...
...
...
...
...
...
...
...
...
...
...
...
...
...
...
...
...
...
...
...
...
...
...
...
...
...
...
...
...
...
...
...
...
...
...
...
...
...
...
...
...
...
...
...
...
...
c..
Case #51:
Impossible
Case #52:
**...............................................c
*.................................................
*.................................................
*.................................................
*.................................................
*.................................................
*.................................................
*.................................................
*.................................................
*.................................................
*.................................................
*.................................................
*.................................................
*.................................................
*.................................................
*.................................................
*.................................................
*.................................................
*.................................................
*.................................................
*.................................................
*.................................................
*.................................................
*.................................................
*.................................................
*.................................................
*.................................................
*.................................................
*.................................................
*.................................................
*.................................................
*.................................................
*.................................................
*.................................................
*.................................................
*.................................................
*.................................................
*.................................................
*.................................................
*.................................................
*.................................................
*.................................................
*.................................................
*.................................................
*.................................................
*.................................................
*.................................................
*.................................................
*.................................................
*.................................................
Case #53:
Impossible
Case #54:
***
***
***
***
***
***
***
***
***
***
***
***
***
***
***
*..
*..
...
...
...
...
...
...
...
...
...
...
...
...
...
...
...
...
...
...
...
...
...
...
...
...
...
...
...
...
...
...
...
...
c..
Case #55:
**
**
**
**
**
**
**
**
**
**
**
**
**
**
**
**
**
**
**
**
**
**
..
..
..
..
..
..
..
..
..
..
..
..
..
..
..
..
..
..
..
..
..
..
..
..
..
..
..
c.
Case #56:
***********************************************..c
Case #57:
Impossible
Case #58:
*.c
...
...
Case #59:
Impossible
Case #60:
****************.................................c
***************...................................
***************...................................
Case #61:
c..***********************************************
...***********************************************
...***********************************************
...***********************************************
...***********************************************
...***********************************************
...***********************************************
...***********************************************
...***********************************************
...***********************************************
...***********************************************
...***********************************************
...***********************************************
...***********************************************
...***********************************************
..************************************************
..************************************************
**************************************************
**************************************************
**************************************************
**************************************************
**************************************************
**************************************************
**************************************************
**************************************************
**************************************************
**************************************************
**************************************************
**************************************************
**************************************************
**************************************************
**************************************************
**************************************************
**************************************************
**************************************************
**************************************************
**************************************************
**************************************************
**************************************************
**************************************************
**************************************************
**************************************************
**************************************************
**************************************************
**************************************************
**************************************************
**************************************************
**************************************************
**************************************************
**************************************************
Case #62:
*****............................................c
*****.............................................
*****.............................................
*****.............................................
*****.............................................
*****.............................................
*****.............................................
*****.............................................
*****.............................................
*****.............................................
*****.............................................
*****.............................................
*****.............................................
*****.............................................
*****.............................................
*****.............................................
*****.............................................
*****.............................................
*****.............................................
*****.............................................
*****.............................................
*****.............................................
*****.............................................
*****.............................................
*****.............................................
*****.............................................
*****.............................................
*****.............................................
*****.............................................
*****.............................................
*****.............................................
*****.............................................
*****.............................................
*****.............................................
*****.............................................
*****.............................................
*****.............................................
*****.............................................
*****.............................................
*****.............................................
*****.............................................
*****.............................................
*****.............................................
*****.............................................
*****.............................................
*****.............................................
*****.............................................
*****.............................................
****..............................................
****..............................................
Case #63:
*..
*..
...
...
...
...
...
...
...
...
...
...
...
...
...
...
...
...
...
...
...
...
...
...
...
...
...
...
...
...
...
...
...
...
...
...
...
...
...
...
...
...
...
...
...
...
...
...
...
c..
Case #64:
.................................................c
..................................................
..................................................
Case #65:
Impossible
Case #66:
***
***
***
***
***
***
***
***
***
***
***
***
***
***
***
***
*..
...
...
...
...
...
...
...
...
...
...
...
...
...
...
...
...
...
...
...
...
...
...
...
...
...
...
...
...
...
...
...
...
c..
Case #67:
Impossible
Case #68:
*************************************************c
Case #69:
Impossible
Case #70:
*................................................c
..................................................
..................................................
Case #71:
Impossible
Case #72:
**.c
*...
....
....
Case #73:
.
.
.
.
.
.
.
.
.
.
.
.
.
.
.
.
.
.
.
.
.
.
.
.
.
.
.
.
.
.
.
.
.
.
.
.
.
.
.
.
.
.
.
.
.
.
.
.
.
c
Case #74:
*********************............................c
*********************.............................
Case #75:
*................................................c
*.................................................
Case #76:
c..*
...*
****
****
Case #77:
**
..
..
..
..
..
..
..
..
..
..
..
..
..
..
..
..
..
..
..
..
..
..
..
..
..
..
..
..
..
..
..
..
..
..
..
..
..
..
..
..
..
..
..
..
..
..
..
..
c.
Case #78:
*
.
c
Case #79:
*****************................................c
****************..................................
****************..................................
Case #80:
...c
....
....
....
Case #81:
*................................................c
*.................................................
*.................................................
*.................................................
*.................................................
*.................................................
*.................................................
*.................................................
*.................................................
*.................................................
*.................................................
*.................................................
*.................................................
*.................................................
*.................................................
*.................................................
*.................................................
*.................................................
*.................................................
*.................................................
*.................................................
*.................................................
*.................................................
*.................................................
*.................................................
*.................................................
*.................................................
*.................................................
*.................................................
*.................................................
*.................................................
*.................................................
*.................................................
*.................................................
*.................................................
*.................................................
*.................................................
*.................................................
*.................................................
*.................................................
*.................................................
*.................................................
*.................................................
*.................................................
*.................................................
*.................................................
*.................................................
*.................................................
*.................................................
*.................................................
Case #82:
*
*
*
.
.
.
.
.
.
.
.
.
.
.
.
.
.
.
.
.
.
.
.
.
.
.
.
.
.
.
.
.
.
.
.
.
.
.
.
.
.
.
.
.
.
.
.
.
.
c
Case #83:
**...............................................c
*.................................................
*.................................................
Case #84:
**.c
*...
*...
*...
Case #85:
**...............................................c
**................................................
*.................................................
*.................................................
*.................................................
*.................................................
*.................................................
*.................................................
*.................................................
*.................................................
*.................................................
*.................................................
*.................................................
*.................................................
*.................................................
*.................................................
*.................................................
*.................................................
*.................................................
*.................................................
*.................................................
*.................................................
*.................................................
*.................................................
*.................................................
*.................................................
*.................................................
*.................................................
*.................................................
*.................................................
*.................................................
*.................................................
*.................................................
*.................................................
*.................................................
*.................................................
*.................................................
*.................................................
*.................................................
*.................................................
*.................................................
*.................................................
*.................................................
*.................................................
*.................................................
*.................................................
*.................................................
*.................................................
*.................................................
*.................................................
Case #86:
***
***
***
***
***
***
***
***
***
***
***
***
***
***
***
...
...
...
...
...
...
...
...
...
...
...
...
...
...
...
...
...
...
...
...
...
...
...
...
...
...
...
...
...
...
...
...
...
...
c..
Case #87:
*
*
*
*
*
*
*
*
*
*
*
*
*
*
*
*
*
*
*
*
*
*
*
*
*
*
*
*
*
*
*
*
*
*
*
*
*
*
*
*
*
*
*
*
*
*
*
*
*
c
Case #88:
**...............................................c
**................................................
Case #89:
Impossible
Case #90:
Impossible
Case #91:
*..
...
...
...
...
...
...
...
...
...
...
...
...
...
...
...
...
...
...
...
...
...
...
...
...
...
...
...
...
...
...
...
...
...
...
...
...
...
...
...
...
...
...
...
...
...
...
...
...
c..
Case #92:
Impossible
Case #93:
c.**
..**
****
****
Case #94:
************************************************.c
************************************************..
************************************************..
************************************************..
************************************************..
************************************************..
************************************************..
************************************************..
************************************************..
************************************************..
************************************************..
************************************************..
************************************************..
************************************************..
************************************************..
************************************************..
************************************************..
************************************************..
************************************************..
************************************************..
************************************************..
************************************************..
************************************************..
************************************************..
************************************************..
************************************************..
************************************************..
************************************************..
************************************************..
************************************************..
************************************************..
************************************************..
************************************************..
************************************************..
************************************************..
************************************************..
************************************************..
************************************************..
************************************************..
************************************************..
************************************************..
************************************************..
************************************************..
************************************************..
************************************************..
************************************************..
************************************************..
************************************************..
***********************************************...
***********************************************...
Case #95:
.................................................c
Case #96:
Impossible
Case #97:
***
***
***
***
***
***
***
***
***
***
***
***
***
***
*..
*..
...
...
...
...
...
...
...
...
...
...
...
...
...
...
...
...
...
...
...
...
...
...
...
...
...
...
...
...
...
...
...
...
...
c..
Case #98:
***
***
***
***
***
***
***
***
***
***
***
***
***
***
***
*..
...
...
...
...
...
...
...
...
...
...
...
...
...
...
...
...
...
...
...
...
...
...
...
...
...
...
...
...
...
...
...
...
...
c..
Case #99:
***
*..
...
...
...
...
...
...
...
...
...
...
...
...
...
...
...
...
...
...
...
...
...
...
...
...
...
...
...
...
...
...
...
...
...
...
...
...
...
...
...
...
...
...
...
...
...
...
...
c..
Case #100:
c.************************************************
..************************************************
**************************************************
**************************************************
**************************************************
**************************************************
**************************************************
**************************************************
**************************************************
**************************************************
**************************************************
**************************************************
**************************************************
**************************************************
**************************************************
**************************************************
**************************************************
**************************************************
**************************************************
**************************************************
**************************************************
**************************************************
**************************************************
**************************************************
**************************************************
**************************************************
**************************************************
**************************************************
**************************************************
**************************************************
**************************************************
**************************************************
**************************************************
**************************************************
**************************************************
**************************************************
**************************************************
**************************************************
**************************************************
**************************************************
**************************************************
**************************************************
**************************************************
**************************************************
**************************************************
**************************************************
**************************************************
**************************************************
**************************************************
**************************************************
Case #101:
************************************************.c
Case #102:
c..***********************************************
...***********************************************
...***********************************************
...***********************************************
...***********************************************
...***********************************************
...***********************************************
...***********************************************
...***********************************************
...***********************************************
...***********************************************
...***********************************************
...***********************************************
...***********************************************
...***********************************************
...***********************************************
...***********************************************
...***********************************************
...***********************************************
...***********************************************
...***********************************************
...***********************************************
...***********************************************
...***********************************************
...***********************************************
...***********************************************
...***********************************************
...***********************************************
...***********************************************
...***********************************************
...***********************************************
...***********************************************
..************************************************
**************************************************
**************************************************
**************************************************
**************************************************
**************************************************
**************************************************
**************************************************
**************************************************
**************************************************
**************************************************
**************************************************
**************************************************
**************************************************
**************************************************
**************************************************
**************************************************
**************************************************
Case #103:
.................................................c
..................................................
..................................................
..................................................
..................................................
..................................................
..................................................
..................................................
..................................................
..................................................
..................................................
..................................................
..................................................
..................................................
..................................................
..................................................
..................................................
..................................................
..................................................
..................................................
..................................................
..................................................
..................................................
..................................................
..................................................
..................................................
..................................................
..................................................
..................................................
..................................................
..................................................
..................................................
..................................................
..................................................
..................................................
..................................................
..................................................
..................................................
..................................................
..................................................
..................................................
..................................................
..................................................
..................................................
..................................................
..................................................
..................................................
..................................................
..................................................
..................................................
Case #104:
*................................................c
Case #105:
*..c
....
....
....
Case #106:
c..***********************************************
...***********************************************
..************************************************
..************************************************
**************************************************
**************************************************
**************************************************
**************************************************
**************************************************
**************************************************
**************************************************
**************************************************
**************************************************
**************************************************
**************************************************
**************************************************
**************************************************
**************************************************
**************************************************
**************************************************
**************************************************
**************************************************
**************************************************
**************************************************
**************************************************
**************************************************
**************************************************
**************************************************
**************************************************
**************************************************
**************************************************
**************************************************
**************************************************
**************************************************
**************************************************
**************************************************
**************************************************
**************************************************
**************************************************
**************************************************
**************************************************
**************************************************
**************************************************
**************************************************
**************************************************
**************************************************
**************************************************
**************************************************
**************************************************
**************************************************
Case #107:
c..***********************************************
...***********************************************
..************************************************
**************************************************
**************************************************
**************************************************
**************************************************
**************************************************
**************************************************
**************************************************
**************************************************
**************************************************
**************************************************
**************************************************
**************************************************
**************************************************
**************************************************
**************************************************
**************************************************
**************************************************
**************************************************
**************************************************
**************************************************
**************************************************
**************************************************
**************************************************
**************************************************
**************************************************
**************************************************
**************************************************
**************************************************
**************************************************
**************************************************
**************************************************
**************************************************
**************************************************
**************************************************
**************************************************
**************************************************
**************************************************
**************************************************
**************************************************
**************************************************
**************************************************
**************************************************
**************************************************
**************************************************
**************************************************
**************************************************
**************************************************
Case #108:
***********************..........................c
***********************...........................
Case #109:
Impossible
Case #110:
***
***
***
***
***
***
***
***
***
***
***
***
***
***
***
***
...
...
...
...
...
...
...
...
...
...
...
...
...
...
...
...
...
...
...
...
...
...
...
...
...
...
...
...
...
...
...
...
...
c..
Case #111:
Impossible
Case #112:
*................................................c
*.................................................
*.................................................
..................................................
..................................................
..................................................
..................................................
..................................................
..................................................
..................................................
..................................................
..................................................
..................................................
..................................................
..................................................
..................................................
..................................................
..................................................
..................................................
..................................................
..................................................
..................................................
..................................................
..................................................
..................................................
..................................................
..................................................
..................................................
..................................................
..................................................
..................................................
..................................................
..................................................
..................................................
..................................................
..................................................
..................................................
..................................................
..................................................
..................................................
..................................................
..................................................
..................................................
..................................................
..................................................
..................................................
..................................................
..................................................
..................................................
..................................................
Case #113:
**
**
..
..
..
..
..
..
..
..
..
..
..
..
..
..
..
..
..
..
..
..
..
..
..
..
..
..
..
..
..
..
..
..
..
..
..
..
..
..
..
..
..
..
..
..
..
..
..
c.
Case #114:
c..***********************************************
...***********************************************
...***********************************************
...***********************************************
...***********************************************
...***********************************************
...***********************************************
...***********************************************
...***********************************************
...***********************************************
...***********************************************
...***********************************************
...***********************************************
...***********************************************
...***********************************************
...***********************************************
**************************************************
**************************************************
**************************************************
**************************************************
**************************************************
**************************************************
**************************************************
**************************************************
**************************************************
**************************************************
**************************************************
**************************************************
**************************************************
**************************************************
**************************************************
**************************************************
**************************************************
**************************************************
**************************************************
**************************************************
**************************************************
**************************************************
**************************************************
**************************************************
**************************************************
**************************************************
**************************************************
**************************************************
**************************************************
**************************************************
**************************************************
**************************************************
**************************************************
**************************************************
Case #115:
***
...
...
...
...
...
...
...
...
...
...
...
...
...
...
...
...
...
...
...
...
...
...
...
...
...
...
...
...
...
...
...
...
...
...
...
...
...
...
...
...
...
...
...
...
...
...
...
...
c..
Case #116:
...
...
...
...
...
...
...
...
...
...
...
...
...
...
...
...
...
...
...
...
...
...
...
...
...
...
...
...
...
...
...
...
...
...
...
...
...
...
...
...
...
...
...
...
...
...
...
...
...
c..
Case #117:
c..*
...*
...*
****
Case #118:
**
**
**
**
**
**
**
**
**
**
**
**
**
**
**
**
**
**
**
**
**
**
**
..
..
..
..
..
..
..
..
..
..
..
..
..
..
..
..
..
..
..
..
..
..
..
..
..
..
c.
Case #119:
Impossible
Case #120:
c..***********************************************
...***********************************************
**************************************************
**************************************************
**************************************************
**************************************************
**************************************************
**************************************************
**************************************************
**************************************************
**************************************************
**************************************************
**************************************************
**************************************************
**************************************************
**************************************************
**************************************************
**************************************************
**************************************************
**************************************************
**************************************************
**************************************************
**************************************************
**************************************************
**************************************************
**************************************************
**************************************************
**************************************************
**************************************************
**************************************************
**************************************************
**************************************************
**************************************************
**************************************************
**************************************************
**************************************************
**************************************************
**************************************************
**************************************************
**************************************************
**************************************************
**************************************************
**************************************************
**************************************************
**************************************************
**************************************************
**************************************************
**************************************************
**************************************************
**************************************************
Case #121:
*................................................c
*.................................................
*.................................................
*.................................................
*.................................................
*.................................................
*.................................................
*.................................................
*.................................................
*.................................................
*.................................................
*.................................................
*.................................................
*.................................................
*.................................................
*.................................................
*.................................................
*.................................................
*.................................................
*.................................................
*.................................................
*.................................................
*.................................................
*.................................................
*.................................................
*.................................................
*.................................................
*.................................................
*.................................................
*.................................................
*.................................................
*.................................................
*.................................................
*.................................................
*.................................................
*.................................................
*.................................................
*.................................................
*.................................................
*.................................................
*.................................................
*.................................................
*.................................................
*.................................................
*.................................................
*.................................................
*.................................................
*.................................................
..................................................
..................................................
Case #122:
c..***********************************************
...***********************************************
...***********************************************
...***********************************************
...***********************************************
...***********************************************
...***********************************************
...***********************************************
...***********************************************
...***********************************************
...***********************************************
...***********************************************
...***********************************************
...***********************************************
...***********************************************
...***********************************************
..************************************************
..************************************************
**************************************************
**************************************************
**************************************************
**************************************************
**************************************************
**************************************************
**************************************************
**************************************************
**************************************************
**************************************************
**************************************************
**************************************************
**************************************************
**************************************************
**************************************************
**************************************************
**************************************************
**************************************************
**************************************************
**************************************************
**************************************************
**************************************************
**************************************************
**************************************************
**************************************************
**************************************************
**************************************************
**************************************************
**************************************************
**************************************************
**************************************************
**************************************************
Case #123:
Impossible
Case #124:
*****............................................c
*****.............................................
*****.............................................
*****.............................................
*****.............................................
*****.............................................
*****.............................................
*****.............................................
*****.............................................
*****.............................................
*****.............................................
*****.............................................
*****.............................................
*****.............................................
*****.............................................
*****.............................................
*****.............................................
*****.............................................
*****.............................................
*****.............................................
*****.............................................
*****.............................................
*****.............................................
*****.............................................
*****.............................................
*****.............................................
*****.............................................
*****.............................................
*****.............................................
*****.............................................
*****.............................................
*****.............................................
*****.............................................
*****.............................................
*****.............................................
*****.............................................
*****.............................................
*****.............................................
*****.............................................
*****.............................................
*****.............................................
*****.............................................
*****.............................................
*****.............................................
*****.............................................
*****.............................................
*****.............................................
*****.............................................
*****.............................................
*****.............................................
Case #125:
Impossible
Case #126:
*.c
*..
*..
Case #127:
***
***
***
***
***
***
***
***
***
***
***
***
***
***
...
...
...
...
...
...
...
...
...
...
...
...
...
...
...
...
...
...
...
...
...
...
...
...
...
...
...
...
...
...
...
...
...
...
...
c..
Case #128:
******...........................................c
******............................................
*****.............................................
*****.............................................
*****.............................................
*****.............................................
*****.............................................
*****.............................................
*****.............................................
*****.............................................
*****.............................................
*****.............................................
*****.............................................
*****.............................................
*****.............................................
*****.............................................
*****.............................................
*****.............................................
*****.............................................
*****.............................................
*****.............................................
*****.............................................
*****.............................................
*****.............................................
*****.............................................
*****.............................................
*****.............................................
*****.............................................
*****.............................................
*****.............................................
*****.............................................
*****.............................................
*****.............................................
*****.............................................
*****.............................................
*****.............................................
*****.............................................
*****.............................................
*****.............................................
*****.............................................
*****.............................................
*****.............................................
*****.............................................
*****.............................................
*****.............................................
*****.............................................
*****.............................................
*****.............................................
*****.............................................
*****.............................................
Case #129:
*..c
*...
*...
*...
Case #130:
****************.................................c
**************....................................
**************....................................
Case #131:
************************************************.c
************************************************..
************************************************..
************************************************..
************************************************..
************************************************..
************************************************..
************************************************..
************************************************..
************************************************..
************************************************..
************************************************..
************************************************..
************************************************..
************************************************..
************************************************..
************************************************..
************************************************..
************************************************..
************************************************..
************************************************..
************************************************..
************************************************..
************************************************..
************************************************..
************************************************..
************************************************..
************************************************..
************************************************..
************************************************..
************************************************..
************************************************..
************************************************..
************************************************..
************************************************..
************************************************..
************************************************..
************************************************..
************************************************..
************************************************..
************************************************..
************************************************..
************************************************..
************************************************..
************************************************..
************************************************..
************************************************..
************************************************..
************************************************..
************************************************..
Case #132:
Impossible
Case #133:
Impossible
Case #134:
*..c
*...
....
....
