Case #1:
Impossible
Case #2:
c.*
..*
***
Case #3:
Impossible
Case #4:
Impossible
Case #5:
*...c
*....
*....
.....
.....
Case #6:
Impossible
Case #7:
Impossible
Case #8:
Impossible
Case #9:
c..**
...**
...**
..***
*****
Case #10:
c.**
..**
****
****
****
Case #11:
**.c
**..
*...
*...
Case #12:
Impossible
Case #13:
**..c
**...
Case #14:
Impossible
Case #15:
***c
Case #16:
c***
****
****
Case #17:
*...
....
....
....
c...
Case #18:
..
..
c.
Case #19:
*
*
*
*
c
Case #20:
***.c
***..
***..
Case #21:
**..c
Case #22:
c*
**
**
**
**
Case #23:
Impossible
Case #24:
Impossible
Case #25:
...
...
...
c..
Case #26:
Impossible
Case #27:
c****
*****
*****
*****
*****
Case #28:
Impossible
Case #29:
*
*
.
c
Case #30:
*..c
*...
*...
Case #31:
*..
*..
...
c..
Case #32:
c****
*****
Case #33:
Impossible
Case #34:
***.c
***..
**...
**...
Case #35:
*...c
*....
.....
.....
Case #36:
**
..
..
..
c.
Case #37:
*...c
*....
*....
*....
*....
Case #38:
*
.
.
.
c
Case #39:
....c
.....
Case #40:
*.c
...
...
Case #41:
Impossible
Case #42:
.
.
c
Case #43:
Impossible
Case #44:
***
***
...
...
c..
Case #45:
*
*
c
Case #46:
*...c
.....
.....
Case #47:
Impossible
Case #48:
Impossible
Case #49:
c***
****
Case #50:
*
*
*
.
c
Case #51:
...c
....
....
Case #52:
Impossible
Case #53:
**..c
*....
*....
*....
*....
Case #54:
***.c
**...
**...
Case #55:
**.c
*...
*...
*...
Case #56:
c..*
...*
****
****
Case #57:
c.**
..**
****
****
Case #58:
****
****
*...
....
c...
Case #59:
c..**
...**
...**
*****
*****
Case #60:
c..**
...**
*****
*****
*****
Case #61:
Impossible
Case #62:
..
..
..
..
c.
Case #63:
*..c
....
....
Case #64:
Impossible
Case #65:
**.c
....
....
Case #66:
Impossible
Case #67:
Impossible
Case #68:
c..*
...*
...*
****
****
Case #69:
....c
.....
.....
Case #70:
Impossible
Case #71:
***
*..
*..
...
c..
Case #72:
****
****
**..
....
c...
Case #73:
*...c
.....
.....
.....
Case #74:
**c
Case #75:
****
....
....
....
c...
Case #76:
*c
Case #77:
c..**
...**
...**
*****
Case #78:
**..c
.....
.....
Case #79:
****c
Case #80:
***.c
***..
***..
***..
Case #81:
*.c
*..
*..
Case #82:
Impossible
Case #83:
****
*...
....
....
c...
Case #84:
***.c
**...
**...
**...
Case #85:
**..c
**...
*....
*....
*....
Case #86:
c..**
...**
*****
*****
Case #87:
**
**
..
c.
Case #88:
***
...
...
c..
Case #89:
Impossible
Case #90:
c.***
..***
*****
*****
*****
Case #91:
***
***
...
c..
Case #92:
*..c
*...
*...
*...
Case #93:
*
.
.
c
Case #94:
Impossible
Case #95:
c**
***
***
***
Case #96:
c*
**
**
Case #97:
***.c
*....
*....
Case #98:
.c
..
Case #99:
***.c
***..
Case #100:
**.c
**..
Case #101:
**..c
**...
**...
Case #102:
..c
...
...
Case #103:
Impossible
Case #104:
Impossible
Case #105:
c.***
..***
*****
*****
Case #106:
Impossible
Case #107:
....
....
....
....
c...
Case #108:
Impossible
Case #109:
.c
Case #110:
.
.
.
.
c
Case #111:
**
**
**
..
c.
Case #112:
Impossible
Case #113:
**..c
*....
.....
.....
Case #114:
Impossible
Case #115:
Impossible
Case #116:
c**
***
***
Case #117:
...c
....
Case #118:
.
.
.
c
Case #119:
*
.
c
Case #120:
Impossible
Case #121:
***
***
*..
...
c..
Case #122:
.
c
Case #123:
....c
.....
.....
.....
.....
Case #124:
**.c
**..
**..
Case #125:
Impossible
Case #126:
*..
...
...
...
c..
Case #127:
..
..
..
c.
Case #128:
*.c
*..
Case #129:
Impossible
Case #130:
Impossible
Case #131:
***
*..
...
c..
Case #132:
Impossible
Case #133:
c..**
...**
..***
*****
*****
Case #134:
c****
*****
*****
*****
Case #135:
****
**..
....
....
c...
Case #136:
*..
*..
...
...
c..
Case #137:
**..c
*....
*....
.....
.....
Case #138:
**
**
..
..
c.
Case #139:
Impossible
Case #140:
***
*..
...
...
c..
Case #141:
c.***
..***
*****
Case #142:
*...c
Case #143:
Impossible
Case #144:
Impossible
Case #145:
*
*
*
c
Case #146:
**.c
*...
....
....
Case #147:
Impossible
Case #148:
**
..
..
c.
Case #149:
Impossible
Case #150:
***.c
**...
**...
*....
*....
Case #151:
*..c
*...
....
....
Case #152:
Impossible
Case #153:
*..c
....
....
....
Case #154:
c**
***
***
***
***
Case #155:
c
Case #156:
**.c
**..
**..
**..
Case #157:
...c
Case #158:
**..
*...
....
....
c...
Case #159:
**
..
c.
Case #160:
c**
***
Case #161:
c***
****
****
****
Case #162:
c*
**
Case #163:
*
c
Case #164:
Impossible
Case #165:
...c
....
....
....
Case #166:
**..c
**...
*....
*....
Case #167:
..c
...
Case #168:
*...c
.....
.....
.....
.....
Case #169:
*...c
*....
*....
Case #170:
Impossible
Case #171:
Impossible
Case #172:
Impossible
Case #173:
c.*
..*
***
***
***
Case #174:
Impossible
Case #175:
Impossible
Case #176:
Impossible
Case #177:
***.c
***..
**...
**...
**...
Case #178:
Impossible
Case #179:
***.c
**...
**...
**...
**...
Case #180:
*...c
*....
.....
.....
.....
Case #181:
Impossible
Case #182:
Impossible
Case #183:
****
****
****
....
c...
Case #184:
**..c
**...
**...
*....
*....
Case #185:
..c
Case #186:
c.**
..**
..**
****
****
Case #187:
c*
**
**
**
Case #188:
**..c
*....
*....
Case #189:
Impossible
Case #190:
**..
....
....
....
c...
Case #191:
***
***
***
...
c..
Case #192:
**..c
**...
**...
**...
Case #193:
Impossible
Case #194:
**..c
**...
**...
**...
**...
Case #195:
*
*
.
.
c
Case #196:
c..*
...*
...*
****
Case #197:
c***
****
****
****
****
Case #198:
...
...
...
...
c..
Case #199:
***.c
***..
***..
***..
***..
Case #200:
**..c
*....
*....
*....
Case #201:
***.c
**...
*....
*....
Case #202:
*..
...
...
c..
Case #203:
***.c
Case #204:
***.c
***..
***..
**...
**...
Case #205:
....c
.....
.....
.....
Case #206:
Impossible
Case #207:
*..c
Case #208:
c.**
..**
****
Case #209:
***
...
...
...
c..
Case #210:
Impossible
Case #211:
Impossible
Case #212:
Impossible
Case #213:
*.c
Case #214:
****
**..
*...
....
c...
Case #215:
**.c
Case #216:
*...c
*....
*....
*....
Case #217:
c.*
..*
***
***
Case #218:
....c
Case #219:
*...c
*....
Case #220:
Impossible
Case #221:
*..c
*...
Case #222:
c****
*****
*****
Case #223:
****
****
....
....
c...
Case #224:
**.c
*...
*...
Case #225:
Impossible
