Case #1: 557 557
Case #2: 858 28
Case #3: 156 12
Case #4: 979 31
Case #5: 974 43
Case #6: 981 33
Case #7: 991 34
Case #8: 967 32
Case #9: 505 41
Case #10: 0 0
Case #11: 430 17
Case #12: 988 48
Case #13: 980 42
Case #14: 11 2
Case #15: 965 19
Case #16: 0 0
Case #17: 0 0
Case #18: 398 16
Case #19: 0 0
Case #20: 971 7
Case #21: 955 27
Case #22: 496 23
Case #23: 971 22
Case #24: 684 26
Case #25: 947 8
Case #26: 1000 1000
Case #27: 980 31
Case #28: 200 9
Case #29: 943 21
Case #30: 716 26
Case #31: 0 0
Case #32: 975 37
Case #33: 992 58
Case #34: 1000 1000
Case #35: 343 12
Case #36: 535 29
Case #37: 903 18
Case #38: 882 35
Case #39: 927 3
Case #40: 387 7
Case #41: 968 41
Case #42: 463 37
Case #43: 0 0
Case #44: 969 31
Case #45: 255 20
Case #46: 413 28
Case #47: 0 0
Case #48: 978 45
Case #49: 482 19
Case #50: 980 63
