Case #1: 0 0
Case #2: 1 1
Case #3: 5 2
Case #4: 6 0
Case #5: 8 2
Case #6: 10 4
Case #7: 0 0
Case #8: 5 0
Case #9: 3 1
Case #10: 5 0
Case #11: 0 0
Case #12: 0 0
Case #13: 5 1
Case #14: 4 0
Case #15: 9 3
Case #16: 10 5
Case #17: 9 3
Case #18: 7 1
Case #19: 9 2
Case #20: 0 0
Case #21: 2 2
Case #22: 9 4
Case #23: 8 2
Case #24: 6 2
Case #25: 4 3
Case #26: 9 4
Case #27: 10 10
Case #28: 8 1
Case #29: 5 3
Case #30: 5 1
Case #31: 9 4
Case #32: 6 1
Case #33: 9 4
Case #34: 10 10
Case #35: 1 1
Case #36: 6 1
Case #37: 10 10
Case #38: 5 2
Case #39: 8 1
Case #40: 1 0
Case #41: 6 1
Case #42: 5 0
Case #43: 0 0
Case #44: 6 0
Case #45: 10 10
Case #46: 0 0
Case #47: 0 0
Case #48: 7 1
Case #49: 3 3
Case #50: 1 1
