Case #1: 183606692 983606612
Case #2: 183177323 813177323
Case #3: 173452711 773452111
Case #4: 140687092 940187062
Case #5: 263033536 633033526
Case #6: 999999999 999999999
Case #7: 9990999 9990999
Case #8: 0 0
Case #9: 189923057 981923057
Case #10: 163307878 863307718
Case #11: 286677820 866277820
Case #12: 120785607 820715607
Case #13: 122934895 922431895
Case #14: 155662982 955612682
Case #15: 10 10
Case #16: 290009020 920009020
Case #17: 306755908 906755308
Case #18: 129060392 922060391
Case #19: 576905967 975605967
Case #20: 16762681 86761621
