Case #1: 3
Case #2: 1
Case #3: IMPOSSIBLE
Case #4: 1 2
Case #5: 2 7
Case #6: IMPOSSIBLE
Case #7: 12345678901
Case #8: IMPOSSIBLE
Case #9: 704785453280 525065162692920 1049425539932560 1573785917172200 2098146294411840 2622506671651480 3146867048891120 3671227426130760 4195587803370400 4719948180610040 5244308557849680 5768668935080389
Case #10: IMPOSSIBLE
Case #11: 28
Case #12: 1 2 3 4 5 6 7 8 9 10 11 12 13 14 15 16 17 18 19 20 21 22 23 24 25 26 27 28 29 30 31 32 33 34 35 36 37 38 39 40 41 42 43 44 45 46 47 48 49 50 51 52 53 54 55 56 57 58 59 60 61 62 63 64 65 66 67 68 69 70 71 72 73 74 75 76 77 78 79 80 81 82 83 84 85 86 87 88 89 90 91 92 93 94 95 96 97 98 99 100
Case #13: 12345678900000001
Case #14: 2 7
Case #15: 1
Case #16: 1 2 3 4 5 6 7 8 9
Case #17: 1
Case #18: IMPOSSIBLE
Case #19: IMPOSSIBLE
Case #20: 83385908498332846
Case #21: 5760054728 1895058005248 3784355955768 5673653906288 7562951856808 9446623631425
Case #22: IMPOSSIBLE
Case #23: IMPOSSIBLE
Case #24: IMPOSSIBLE
Case #25: 1
Case #26: IMPOSSIBLE
Case #27: 6
Case #28: IMPOSSIBLE
Case #29: 2 12
Case #30: IMPOSSIBLE
Case #31: IMPOSSIBLE
Case #32: 214416 25944252 51674088 77394178
Case #33: 163463 43480918 86798373 130115828 173433283 216750738 260068193 303385648 346703103 390020558 433337959
Case #34: 268822560488 170164680788336 340060539016184 509956397244032 679852255471880 849748113699728 1019643971927576 1189539830155424 1359435688383272 1529331546611120
Case #35: 9356836881317 5904164072110478 11798971307339639 17693778542568800 23588585777797961 29483393013027122 35378200248256283 41273007483485373
Case #36: 30399297484750849
Case #37: 2
Case #38: 5
Case #39: IMPOSSIBLE
Case #40: 1
Case #41: 1
Case #42: IMPOSSIBLE
Case #43: 2199370 490459324 978719278 1466979232 1955239186 2443499140 2929616081
Case #44: IMPOSSIBLE
Case #45: 8732480 916910149
Case #46: 1 2 3
Case #47: 28991029249
Case #48: 2345228234614117
Case #49: 1
Case #50: IMPOSSIBLE
Case #51: 239424916 77334247595 154429070274 231523892953 308618715632 385713538311 462808358733
Case #52: 173703464521690 102658747532318300 205143791600114910 307628835667911520 410113879735708130 512598923803504740
Case #53: 23 1286 2549 3812 5075 6338 7581
Case #54: IMPOSSIBLE
Case #55: 1
Case #56: 102030405060709 91011121314151618 181920212223242527 272829303132333436 363738394041424345 454647484950515254 545556575859606163 636465666768697072 727374757677787981 818283848586878890 909192939495969799 990000000000000001
Case #57: 12709329141646
Case #58: IMPOSSIBLE
Case #59: IMPOSSIBLE
Case #60: 16
Case #61: 623749 57384866
Case #62: 2 204 406 608 810 1012 1214 1416 1618 1820 2022 2224 2426 2628 2830 3032 3234 3436 3638 3840 4042 4244 4446 4648 4850 5052 5254 5456 5658 5860 6062 6264 6466 6668 6870 7072 7274 7476 7678 7880 8082 8284 8486 8688 8890 9092 9294 9496 9698 9900
Case #63: 212523 61843928 123475333 185106738 246738143 308369548 370000953 431632358 493263763 554895168 616526573 678157919
Case #64: 7 49
Case #65: 1 2 3 4
Case #66: 5744367763457
Case #67: 1939 327539 653139 978739 1304339 1629939 1955539 2281139 2606739 2932339 3257896
Case #68: IMPOSSIBLE
Case #69: 144115188075855873
Case #70: 1
Case #71: 1895663686006 627464680067756 1253033696449506 1878601119796033
Case #72: 6140565047 681091006465
Case #73: 1235 56790
Case #74: IMPOSSIBLE
Case #75: 619754707328 451801181641448 902982608575568 1354164035509688 1805345462443808 2256526889377928 2707708316312048 3158889743246168 3610071170180288 4061252597114408 4512434024048528 4963615378547457
Case #76: 103 30406 60709 91012 121315 151618 181921 212224 242527 272830 303133 333436 363739 394042 424345 454648 484951 515254 545557 575860 606163 636466 666769 697072 727375 757678 787981 818284 848587 878890 909193 939496 969799 990001
Case #77: 10203040507 7080910111214 14151617181921 21222324252628 28293031323335 35363738394042 42434445464749 49505152535456 56575859606163 63646566676870 70717273747577 77787980818284 84858687888991 91929394959698 98990000000001
Case #78: 679 65783 130887 195991 261095 326199 375001
Case #79: 47363281251
Case #80: 130155 32017910 63905665 95793420 127681175 159568930 191456685 223344440 255232195 287119950
Case #81: 1 2 3 4 5 6 7 8 9 10 11 12 13 14 15 16 17 18 19 20 21 22 23 24 25 26 27 28 29 30 31 32 33 34 35 36 37 38 39 40 41 42 43 44 45 46 47 48 49 50 51 52 53 54 55 56 57 58 59 60 61 62 63 64 65 66 67 68 69 70 71
Case #82: 2216336113060126
Case #83: IMPOSSIBLE
Case #84: 532 45152 89772 134392 179012 223125
Case #85: 27249053 3515127773 6565418769
Case #86: IMPOSSIBLE
Case #87: IMPOSSIBLE
Case #88: 62483 11934088 23805693 35677298 47548903 59420508 71292113 83163679
Case #89: 10204 4050608 8091012 12131416 16171820 20212224 24252628 28293032 32333436 36373840 40414244 44454648 48495052 52535456 56575860 60616264 64656668 68697072 72737476 76777880 80818284 84858688 88899092 92939496 96979900
Case #90: IMPOSSIBLE
Case #91: 3
Case #92: IMPOSSIBLE
Case #93: 1
Case #94: 4308744248 1348636949376 2692965154504 4037293359632 5381621564760
Case #95: 358964272 125996459171 251633954070 377271448969 502908943868 628546438767 754183933666 879469364800
Case #96: IMPOSSIBLE
Case #97: 651111 277372886 554094661 830816436 1107538211 1384259986 1660981761 1937703536 2214425311 2491147086 2767868861 3044590636 3321312411 3598034186 3874755961 4151477736 4428199511 4649569361
Case #98: IMPOSSIBLE
Case #99: IMPOSSIBLE
Case #100: 960792060005 754221767103205 1507482742146405 2260743717189605 3014004692232805 3767265667276005 4520526642319205 5273787617362405 6027048592405605 6780309567448805 7533570542492005 8286831517535205 9040082884647904
