Case #1: 3
Case #2: 1
Case #3: 1 2
Case #4: 2 7
Case #5: 30399297484750849
Case #6: 94148410 54888522484 109682896558 164477270632 219271644706 274066018780 328860392854 383654766928 438449141002 493243515076 548037889150 602832263224 657626637298 712421011372 767215385446 822009759520 876710936081
Case #7: 55754814295 16614934659694 33174114505093 49733294349301
Case #8: 84 20013 39942 59871 79800 99729 119658 139587 159516 179445 199374 219303 239232 259161 279090 299019 318948 338877 358806 378735 398664 418593 438522 458451 478380 498309 518238
Case #9: 38127987424936
Case #10: 21227 2780632 5540037 8299442 11058847 13797784
Case #11: 1235 56790
Case #12: 923088760126
Case #13: 1234567891
Case #14: 11687 1238742 2465797 3692852 4908729
Case #15: 1228 163208 325188 487168 649148 811128 973108 1135088 1295877
Case #16: 246207 75339062 150431917 225524772 300617627 375710482 450803337 525896192 600989047 676081902 751174757 826267612 901118169
Case #17: 1 2 3 4 5 6 7 8 9 10 11 12 13 14 15 16 17 18 19 20 21 22 23 24 25 26 27 28 29 30 31 32 33 34 35 36 37 38 39 40 41 42 43 44 45 46 47 48 49 50 51 52 53 54 55 56 57 58 59 60 61 62 63 64 65 66 67 68 69 70 71 72 73 74 75 76 77 78 79 80 81 82 83 84 85 86 87 88 89 90 91 92 93 94 95 96 97 98 99 100
Case #18: 1024708804 445748329355 890471949906 1335195570457 1779919191008 2224642811559 2669366432110 3114090052661 3558813673212
Case #19: 1
Case #20: 83385908498332846
Case #21: 7 49
Case #22: 16
Case #23: 342392
Case #24: 1
Case #25: 2025338633733 1022796010034742 2043566681435751 3064337352836760 4085108024237769 5105878695638778 6126614447219614
Case #26: 1 2 3 4 5 6 7 8 9 10 11 12 13 14 15 16 17 18 19 20 21 22 23 24 25 26 27
Case #27: 1 2 3 4 5 6 7 8 9 10 11 12 13 14 15 16 17 18 19 20 21 22 23 24 25 26 27 28 29 30 31 32 33 34 35 36 37 38 39 40 41 42 43 44 45 46 47 48 49 50 51 52 53 54 55 56 57 58 59 60 61 62 63 64 65 66 67 68 69 70 71 72 73
Case #28: 623749 57384866
Case #29: 3031251
Case #30: 202019 57777174 115352329 172927484 230502639 288077794 345652949 403228104 460803259 518378414 575953569 633525301
Case #31: 5
Case #32: 1866
Case #33: 1
Case #34: 95118413940405 83989559509376814 167884000604813223 251778441700249632 335672882795686041 419567323891122450 503461764986558859 587356206081995268 671250647177431677 755145088272868086 839039529368304495
Case #35: 56 8645 17234 25823 34412 43001 51590 60179 68768 77357 85946 94535 103124 111713 120302 128891 137480 146016
Case #36: 17433922006
Case #37: 2 204 406 608 810 1012 1214 1416 1618 1820 2022 2224 2426 2628 2830 3032 3234 3436 3638 3840 4042 4244 4446 4648 4850 5052 5254 5456 5658 5860 6062 6264 6466 6668 6870 7072 7274 7476 7678 7880 8082 8284 8486 8688 8890 9092 9294 9496 9698 9900
Case #38: 9
Case #39: 2097153
Case #40: 2417041
Case #41: 1611 82136 146411
Case #42: 102030405060709 91011121314151618 181920212223242527 272829303132333436 363738394041424345 454647484950515254 545556575859606163 636465666768697072 727374757677787981 818283848586878890 909192939495969799 990000000000000001
Case #43: 770411 347454936 694139461 1040823986 1387508511 1734193036 2080877561 2427562086 2774246611 3120931136 3467615661 3814300186 4160984711 4507669236 4854353761 5201038286 5547722811 5894407336 6171746491
Case #44: 103 30406 60709 91012 121315 151618 181921 212224 242527 272830 303133 333436 363739 394042 424345 454648 484951 515254 545557 575860 606163 636466 666769 697072 727375 757678 787981 818284 848587 878890 909193 939496 969799 990001
Case #45: 7597741280 2621220741320 5234843741360 7848466741400 10462089741440 13075708904193
Case #46: 197872851104 118921583512968 237645294174832 356369004836696 475092715498560 593816426160424 712540136822288 831263847484152 949987558146016 1068711234994945
Case #47: 316619444722876
Case #48: 7108942234 4585267740335 9163426538436 13741585336537 18319744134638 22897902932739 27476061730840 32054220528941 36632379327042 41210538125143 45788696923244 50366855721345 54945014519446 59516139993616
Case #49: 875693751356 193528319049556
Case #50: 1 2 3 4 5 6 7 8 9 10 11 12 13 14 15 16 17 18 19 20 21 22 23 24 25 26 27 28 29 30 31 32 33 34 35 36 37 38 39 40 41 42 43 44 45 46 47 48 49 50 51 52 53 54 55 56 57 58 59 60 61 62 63 64 65 66 67
Case #51: 1 2 3
Case #52: 364 25064 49764 74464 98821
Case #53: 28 1981 3934 5887 7840 9793 11746 13699 15001
Case #54: 67 12550 25033 37516 49999 62482 74965 87448 99931 112414 124897 137380 149863 162346 174829 187312 199795 212278 224761 237244 249727 258049
Case #55: 1
Case #56: 144115188075855873
Case #57: 1 2 3 4 5 6 7 8 9 10 11 12 13 14 15 16 17 18 19 20 21 22 23 24 25 26 27 28 29 30 31 32 33 34 35 36 37 38 39 40 41 42 43 44
Case #58: 1
Case #59: 93220311653 49313544863973 98533869416293 147754193968613 196974518520933 246194843073253 295415167625573 344635492177893 393854445838720
Case #60: 12345678900000001
Case #61: 2 170 338 506 674 842 1010 1178 1346 1514 1682 1850 2018 2186 2354 2522 2690 2858 3026 3194 3362 3530 3698 3866 4034 4202 4370 4538 4706 4874 5042 5210 5378 5546 5714 5882 6050 6218 6386 6554 6722 6807
Case #62: 52301766016
Case #63: 1
Case #64: 2
Case #65: 6140565047 681091006465
Case #66: 433
Case #67: 268822560488 170164680788336 340060539016184 509956397244032 679852255471880 849748113699728 1019643971927576 1189539830155424 1359435688383272 1529331546611120
Case #68: 28
Case #69: 10204 4050608 8091012 12131416 16171820 20212224 24252628 28293032 32333436 36373840 40414244 44454648 48495052 52535456 56575860 60616264 64656668 68697072 72737476 76777880 80818284 84858688 88899092 92939496 96979900
Case #70: 14709227116506 6339676887213756 12664644547311006 18989612207408256 25314572438515713
Case #71: 101840775152 54688496256152 109275151737152 163861807218152 218448462699152 273035118180152 327621773661152 382208429142152 436795062917889
Case #72: 704785453280 525065162692920 1049425539932560 1573785917172200 2098146294411840 2622506671651480 3146867048891120 3671227426130760 4195587803370400 4719948180610040 5244308557849680 5768668935080389
Case #73: 1 2 3 4 5 6 7 8 9 10 11 12 13 14 15 16 17 18 19 20 21 22 23 24 25 26 27 28 29 30 31 32 33 34 35 36 37 38 39 40 41 42 43 44 45 46 47 48 49 50 51 52 53 54 55 56 57 58 59 60 61 62 63 64 65 66 67 68 69 70 71 72 73 74 75 76 77 78 79 80 81 82 83 84 85 86 87 88 89 90 91 92 93 94 95 96 97 98 99
Case #74: 1
Case #75: 21913025
Case #76: 1
Case #77: 6
Case #78: 97 26890 53683 80476 107269 134062 160855 187648 214441 241234 268027 294820 321613 348406 375199 401992 428785 455578 482371 509164 535957 562750 589543 616336 643129 669922 696715 723508 750301 777094 803887 821749
Case #79: 5054470283026506
Case #80: 651111 277372886 554094661 830816436 1107538211 1384259986 1660981761 1937703536 2214425311 2491147086 2767868861 3044590636 3321312411 3598034186 3874755961 4151477736 4428199511 4649569361
Case #81: 1
Case #82: 1
Case #83: 1 2 3 4 5 6 7 8 9 10 11 12 13 14 15 16 17 18 19 20 21 22 23 24 25 26 27 28 29 30 31 32 33 34 35 36 37 38 39 40 41 42 43 44 45 46 47 48 49 50 51 52 53 54 55 56 57 58 59 60 61 62 63 64 65 66
Case #84: 87 21510 42933 64356 85779 107202 128625 150048 171471 192894 214317 235740 257163 278586 300009 321432 342855 364278 385701 407124 428547 449970 471393 492816 514239 535662 557085 578508
Case #85: 2503 482903 963303 1443703 1924103 2404503 2884903 3365303 3845703 4326103 4806503 5286903 5647153
Case #86: 2307 426627 850947 1275267 1699587 2123907 2548227 2972547 3396867 3821187 4245507 4669780
Case #87: 750815336453 565363948348421 1129977081360389 1694590214372357 2259203347384325 2823816480396293 3388429613408261 3953042746420229 4517655879432197 5082269012444165 5646882145456133 6211495278468006
Case #88: 8839 3261239 6513639 9766039 13018439 16270839 19523239 22775639 26028039 29280439 32532839 35785239 39037639 42290039 45542439 48794839 52047239 55299639 58552039 61804439 65056839 68309239 71561639 74000845
Case #89: 1 2 3 4
Case #90: 15038336683837 10165915598273218 20316792859862599 30467670121451980 40618547383041361 50769424644630742 60920301906220123 71071179167809504 81222053859615745
Case #91: 423856 61459012 122494168 183529324 234375001
Case #92: 1 2 3 4 5 6 7 8 9 10 11
Case #93: 1
Case #94: 359814038480 239276335588600 478192857138720 717109378688840 956025900238960 1194942421789080 1433858943339200 1672775464889320 1911691986439440 2150608507989560 2389524979145473
Case #95: 70368744177665
Case #96: 2 114 226 338 450 562 674 786 898 1010 1122 1234 1346 1458 1570 1682 1794 1906 2018 2130 2242 2354 2466 2578 2690 2802 2914 2971
Case #97: 2 12
Case #98: 118747255799809
Case #99: 5332 1519352 3033372 4547392 6061412 7575432 9089452 10603472 12117492 13631512 15145532 16659552 18173572 19687592 21201612 22715632 24229652 25743672
Case #100: 619754707328 451801181641448 902982608575568 1354164035509688 1805345462443808 2256526889377928 2707708316312048 3158889743246168 3610071170180288 4061252597114408 4512434024048528 4963615378547457
