679 885 16
276 603 13
6 275 50
901 254 16
21 673 39
995 253 17
508 422 13
650 153 16
319 53 15
448 160 7
938 988 15
728 904 11
800 43 28
9 42 7
996 273 14
761 916 17
56 858 23
308 824 13
345 299 8
925 508 16
200 421 14
848 843 16
356 855 16
673 330 15
114 261 10
714 486 11
615 165 9
750 445 12
792 590 14
456 841 15
372 794 14
76 242 11
983 265 16
331 27 20
680 879 16
566 53 21
402 319 14
317 148 14
331 355 15
197 770 18
748 277 15
863 683 17
763 383 15
823 917 18
738 610 15
301 797 15
803 681 16
264 964 13
857 857 1
929 323 17
921 878 16
279 8 41
600 604 12
673 658 16
514 960 16
535 950 13
127 271 14
236 341 14
891 953 18
193 830 18
770 83 20
530 285 11
348 16 25
928 543 16
2 836 418
456 246 10
257 816 16
997 386 16
84 745 19
124 427 15
276 62 12
709 865 17
876 280 13
431 217 14
314 285 14
835 119 18
374 55 11
567 140 11
945 337 16
114 416 13
851 336 16
290 151 17
97 989 21
207 766 16
710 361 20
353 860 16
692 969 16
972 675 9
451 913 10
730 835 12
243 996 16
244 413 14
822 152 15
993 704 16
727 633 16
795 381 13
572 282 14
225 318 11
454 843 17
942 273 14
