xxxxxxxxxxxxxxxxxxxxxxxxxxxxxxxxxxxxxxxxxxxxxxxxxxxxxxxxxxxxxxxxxxxxxxxxxxxxxxxxxxxxxxxxxxxxxxxxxxxxxxxxxxxxxxxxxxxxxxxxxxxxxxxxxxxxxxxxxxxxxxxxxxxxxxxxxxxxxxxxxxxxxxxxxxxxxxxxxxxxxxxxxxxxxxxxxxxxxxxxxxxxxxxxxxxxxxxxxxxxxxxxxxxxxxxxxxxxxxxxxxx
x.xx.xx.xx.xx.xx.xx.xx.xx.xx.xx.xx.xx.xx.xx.xx.xx.xx.xx.xx.xx.xx.xx.xx.xx.xx.xx.xx.xx.xx.xx.xx.xx.xx.xx.xx.xx.xx.xx.xx.xx.xx.xx.xx.xx.xx.xx.xx.xx.xx.xx.xx.xx.xx.xx.xx.xx.xx.xx.xx.xx.xx.xx.xx.xx.xx.xx.xx.xx.xx.xx.xx.xx.xx.xx.xx.xx.xx.xx.xx.xx.x
xxxxxxxxxxxxxxxxxxxxxxxxxxxxxxxxxxxxxxxxxxxxxxxxxxxxxxxxxxxxxxxxxxxxxxxxxxxxxxxxxxxxxxxxxxxxxxxxxxxxxxxxxxxxxxxxxxxxxxxxxxxxxxxxxxxxxxxxxxxxxxxxxxxxxxxxxxxxxxxxxxxxxxxxxxxxxxxxxxxxxxxxxxxxxxxxxxxxxxxxxxxxxxxxxxxxxxxxxxxxxxxxxxxxxxxxxxxxxxxxxxx
xxx...xxxxxx...xxxxxx...xxxxxx...xxxxxx...xxxxxx...xxxxxx...xxxxxx...xxxxxx...xxxxxx...xxxxxx...xxxxxx...xxxxxx...xxxxxx...xxxxxx...xxxxxx...xxxxxx...xxxxxx...xxxxxx...xxxxxx...xxxxxx...xxxxxx...xxxxxx...xxxxxx...xxxxxx...xxxxxx...xxxxxx...xxx
x.x...x.xx.x...x.xx.x...x.xx.x...x.xx.x...x.xx.x...x.xx.x...x.xx.x...x.xx.x...x.xx.x...x.xx.x...x.xx.x...x.xx.x...x.xx.x...x.xx.x...x.xx.x...x.xx.x...x.xx.x...x.xx.x...x.xx.x...x.xx.x...x.xx.x...x.xx.x...x.xx.x...x.xx.x...x.xx.x...x.xx.x...x.x
xxx...xxxxxx...xxxxxx...xxxxxx...xxxxxx...xxxxxx...xxxxxx...xxxxxx...xxxxxx...xxxxxx...xxxxxx...xxxxxx...xxxxxx...xxxxxx...xxxxxx...xxxxxx...xxxxxx...xxxxxx...xxxxxx...xxxxxx...xxxxxx...xxxxxx...xxxxxx...xxxxxx...xxxxxx...xxxxxx...xxxxxx...xxx
xxxxxxxxxxxxxxxxxxxxxxxxxxxxxxxxxxxxxxxxxxxxxxxxxxxxxxxxxxxxxxxxxxxxxxxxxxxxxxxxxxxxxxxxxxxxxxxxxxxxxxxxxxxxxxxxxxxxxxxxxxxxxxxxxxxxxxxxxxxxxxxxxxxxxxxxxxxxxxxxxxxxxxxxxxxxxxxxxxxxxxxxxxxxxxxxxxxxxxxxxxxxxxxxxxxxxxxxxxxxxxxxxxxxxxxxxxxxxxxxxxx
x.xx.xx.xx.xx.xx.xx.xx.xx.xx.xx.xx.xx.xx.xx.xx.xx.xx.xx.xx.xx.xx.xx.xx.xx.xx.xx.xx.xx.xx.xx.xx.xx.xx.xx.xx.xx.xx.xx.xx.xx.xx.xx.xx.xx.xx.xx.xx.xx.xx.xx.xx.xx.xx.xx.xx.xx.xx.xx.xx.xx.xx.xx.xx.xx.xx.xx.xx.xx.xx.xx.xx.xx.xx.xx.xx.xx.xx.xx.xx.xx.x
xxxxxxxxxxxxxxxxxxxxxxxxxxxxxxxxxxxxxxxxxxxxxxxxxxxxxxxxxxxxxxxxxxxxxxxxxxxxxxxxxxxxxxxxxxxxxxxxxxxxxxxxxxxxxxxxxxxxxxxxxxxxxxxxxxxxxxxxxxxxxxxxxxxxxxxxxxxxxxxxxxxxxxxxxxxxxxxxxxxxxxxxxxxxxxxxxxxxxxxxxxxxxxxxxxxxxxxxxxxxxxxxxxxxxxxxxxxxxxxxxxx
xxxxxxxxx.........xxxxxxxxxxxxxxxxxx.........xxxxxxxxxxxxxxxxxx.........xxxxxxxxxxxxxxxxxx.........xxxxxxxxxxxxxxxxxx.........xxxxxxxxxxxxxxxxxx.........xxxxxxxxxxxxxxxxxx.........xxxxxxxxxxxxxxxxxx.........xxxxxxxxxxxxxxxxxx.........xxxxxxxxx
x.xx.xx.x.........x.xx.xx.xx.xx.xx.x.........x.xx.xx.xx.xx.xx.x.........x.xx.xx.xx.xx.xx.x.........x.xx.xx.xx.xx.xx.x.........x.xx.xx.xx.xx.xx.x.........x.xx.xx.xx.xx.xx.x.........x.xx.xx.xx.xx.xx.x.........x.xx.xx.xx.xx.xx.x.........x.xx.xx.x
xxxxxxxxx.........xxxxxxxxxxxxxxxxxx.........xxxxxxxxxxxxxxxxxx.........xxxxxxxxxxxxxxxxxx.........xxxxxxxxxxxxxxxxxx.........xxxxxxxxxxxxxxxxxx.........xxxxxxxxxxxxxxxxxx.........xxxxxxxxxxxxxxxxxx.........xxxxxxxxxxxxxxxxxx.........xxxxxxxxx
xxx...xxx.........xxx...xxxxxx...xxx.........xxx...xxxxxx...xxx.........xxx...xxxxxx...xxx.........xxx...xxxxxx...xxx.........xxx...xxxxxx...xxx.........xxx...xxxxxx...xxx.........xxx...xxxxxx...xxx.........xxx...xxxxxx...xxx.........xxx...xxx
x.x...x.x.........x.x...x.xx.x...x.x.........x.x...x.xx.x...x.x.........x.x...x.xx.x...x.x.........x.x...x.xx.x...x.x.........x.x...x.xx.x...x.x.........x.x...x.xx.x...x.x.........x.x...x.xx.x...x.x.........x.x...x.xx.x...x.x.........x.x...x.x
xxx...xxx.........xxx...xxxxxx...xxx.........xxx...xxxxxx...xxx.........xxx...xxxxxx...xxx.........xxx...xxxxxx...xxx.........xxx...xxxxxx...xxx.........xxx...xxxxxx...xxx.........xxx...xxxxxx...xxx.........xxx...xxxxxx...xxx.........xxx...xxx
xxxxxxxxx.........xxxxxxxxxxxxxxxxxx.........xxxxxxxxxxxxxxxxxx.........xxxxxxxxxxxxxxxxxx.........xxxxxxxxxxxxxxxxxx.........xxxxxxxxxxxxxxxxxx.........xxxxxxxxxxxxxxxxxx.........xxxxxxxxxxxxxxxxxx.........xxxxxxxxxxxxxxxxxx.........xxxxxxxxx
x.xx.xx.x.........x.xx.xx.xx.xx.xx.x.........x.xx.xx.xx.xx.xx.x.........x.xx.xx.xx.xx.xx.x.........x.xx.xx.xx.xx.xx.x.........x.xx.xx.xx.xx.xx.x.........x.xx.xx.xx.xx.xx.x.........x.xx.xx.xx.xx.xx.x.........x.xx.xx.xx.xx.xx.x.........x.xx.xx.x
xxxxxxxxx.........xxxxxxxxxxxxxxxxxx.........xxxxxxxxxxxxxxxxxx.........xxxxxxxxxxxxxxxxxx.........xxxxxxxxxxxxxxxxxx.........xxxxxxxxxxxxxxxxxx.........xxxxxxxxxxxxxxxxxx.........xxxxxxxxxxxxxxxxxx.........xxxxxxxxxxxxxxxxxx.........xxxxxxxxx
xxxxxxxxxxxxxxxxxxxxxxxxxxxxxxxxxxxxxxxxxxxxxxxxxxxxxxxxxxxxxxxxxxxxxxxxxxxxxxxxxxxxxxxxxxxxxxxxxxxxxxxxxxxxxxxxxxxxxxxxxxxxxxxxxxxxxxxxxxxxxxxxxxxxxxxxxxxxxxxxxxxxxxxxxxxxxxxxxxxxxxxxxxxxxxxxxxxxxxxxxxxxxxxxxxxxxxxxxxxxxxxxxxxxxxxxxxxxxxxxxxx
x.xx.xx.xx.xx.xx.xx.xx.xx.xx.xx.xx.xx.xx.xx.xx.xx.xx.xx.xx.xx.xx.xx.xx.xx.xx.xx.xx.xx.xx.xx.xx.xx.xx.xx.xx.xx.xx.xx.xx.xx.xx.xx.xx.xx.xx.xx.xx.xx.xx.xx.xx.xx.xx.xx.xx.xx.xx.xx.xx.xx.xx.xx.xx.xx.xx.xx.xx.xx.xx.xx.xx.xx.xx.xx.xx.xx.xx.xx.xx.xx.x
xxxxxxxxxxxxxxxxxxxxxxxxxxxxxxxxxxxxxxxxxxxxxxxxxxxxxxxxxxxxxxxxxxxxxxxxxxxxxxxxxxxxxxxxxxxxxxxxxxxxxxxxxxxxxxxxxxxxxxxxxxxxxxxxxxxxxxxxxxxxxxxxxxxxxxxxxxxxxxxxxxxxxxxxxxxxxxxxxxxxxxxxxxxxxxxxxxxxxxxxxxxxxxxxxxxxxxxxxxxxxxxxxxxxxxxxxxxxxxxxxxx
xxx...xxxxxx...xxxxxx...xxxxxx...xxxxxx...xxxxxx...xxxxxx...xxxxxx...xxxxxx...xxxxxx...xxxxxx...xxxxxx...xxxxxx...xxxxxx...xxxxxx...xxxxxx...xxxxxx...xxxxxx...xxxxxx...xxxxxx...xxxxxx...xxxxxx...xxxxxx...xxxxxx...xxxxxx...xxxxxx...xxxxxx...xxx
x.x...x.xx.x...x.xx.x...x.xx.x...x.xx.x...x.xx.x...x.xx.x...x.xx.x...x.xx.x...x.xx.x...x.xx.x...x.xx.x...x.xx.x...x.xx.x...x.xx.x...x.xx.x...x.xx.x...x.xx.x...x.xx.x...x.xx.x...x.xx.x...x.xx.x...x.xx.x...x.xx.x...x.xx.x...x.xx.x...x.xx.x...x.x
xxx...xxxxxx...xxxxxx...xxxxxx...xxxxxx...xxxxxx...xxxxxx...xxxxxx...xxxxxx...xxxxxx...xxxxxx...xxxxxx...xxxxxx...xxxxxx...xxxxxx...xxxxxx...xxxxxx...xxxxxx...xxxxxx...xxxxxx...xxxxxx...xxxxxx...xxxxxx...xxxxxx...xxxxxx...xxxxxx...xxxxxx...xxx
xxxxxxxxxxxxxxxxxxxxxxxxxxxxxxxxxxxxxxxxxxxxxxxxxxxxxxxxxxxxxxxxxxxxxxxxxxxxxxxxxxxxxxxxxxxxxxxxxxxxxxxxxxxxxxxxxxxxxxxxxxxxxxxxxxxxxxxxxxxxxxxxxxxxxxxxxxxxxxxxxxxxxxxxxxxxxxxxxxxxxxxxxxxxxxxxxxxxxxxxxxxxxxxxxxxxxxxxxxxxxxxxxxxxxxxxxxxxxxxxxxx
x.xx.xx.xx.xx.xx.xx.xx.xx.xx.xx.xx.xx.xx.xx.xx.xx.xx.xx.xx.xx.xx.xx.xx.xx.xx.xx.xx.xx.xx.xx.xx.xx.xx.xx.xx.xx.xx.xx.xx.xx.xx.xx.xx.xx.xx.xx.xx.xx.xx.xx.xx.xx.xx.xx.xx.xx.xx.xx.xx.xx.xx.xx.xx.xx.xx.xx.xx.xx.xx.xx.xx.xx.xx.xx.xx.xx.xx.xx.xx.xx.x
xxxxxxxxxxxxxxxxxxxxxxxxxxxxxxxxxxxxxxxxxxxxxxxxxxxxxxxxxxxxxxxxxxxxxxxxxxxxxxxxxxxxxxxxxxxxxxxxxxxxxxxxxxxxxxxxxxxxxxxxxxxxxxxxxxxxxxxxxxxxxxxxxxxxxxxxxxxxxxxxxxxxxxxxxxxxxxxxxxxxxxxxxxxxxxxxxxxxxxxxxxxxxxxxxxxxxxxxxxxxxxxxxxxxxxxxxxxxxxxxxxx
xxxxxxxxxxxxxxxxxxxxxxxxxxx...........................xxxxxxxxxxxxxxxxxxxxxxxxxxxxxxxxxxxxxxxxxxxxxxxxxxxxxx...........................xxxxxxxxxxxxxxxxxxxxxxxxxxxxxxxxxxxxxxxxxxxxxxxxxxxxxx...........................xxxxxxxxxxxxxxxxxxxxxxxxxxx
x.xx.xx.xx.xx.xx.xx.xx.xx.x...........................x.xx.xx.xx.xx.xx.xx.xx.xx.xx.xx.xx.xx.xx.xx.xx.xx.xx.x...........................x.xx.xx.xx.xx.xx.xx.xx.xx.xx.xx.xx.xx.xx.xx.xx.xx.xx.x...........................x.xx.xx.xx.xx.xx.xx.xx.xx.x
xxxxxxxxxxxxxxxxxxxxxxxxxxx...........................xxxxxxxxxxxxxxxxxxxxxxxxxxxxxxxxxxxxxxxxxxxxxxxxxxxxxx...........................xxxxxxxxxxxxxxxxxxxxxxxxxxxxxxxxxxxxxxxxxxxxxxxxxxxxxx...........................xxxxxxxxxxxxxxxxxxxxxxxxxxx
xxx...xxxxxx...xxxxxx...xxx...........................xxx...xxxxxx...xxxxxx...xxxxxx...xxxxxx...xxxxxx...xxx...........................xxx...xxxxxx...xxxxxx...xxxxxx...xxxxxx...xxxxxx...xxx...........................xxx...xxxxxx...xxxxxx...xxx
x.x...x.xx.x...x.xx.x...x.x...........................x.x...x.xx.x...x.xx.x...x.xx.x...x.xx.x...x.xx.x...x.x...........................x.x...x.xx.x...x.xx.x...x.xx.x...x.xx.x...x.xx.x...x.x...........................x.x...x.xx.x...x.xx.x...x.x
xxx...xxxxxx...xxxxxx...xxx...........................xxx...xxxxxx...xxxxxx...xxxxxx...xxxxxx...xxxxxx...xxx...........................xxx...xxxxxx...xxxxxx...xxxxxx...xxxxxx...xxxxxx...xxx...........................xxx...xxxxxx...xxxxxx...xxx
xxxxxxxxxxxxxxxxxxxxxxxxxxx...........................xxxxxxxxxxxxxxxxxxxxxxxxxxxxxxxxxxxxxxxxxxxxxxxxxxxxxx...........................xxxxxxxxxxxxxxxxxxxxxxxxxxxxxxxxxxxxxxxxxxxxxxxxxxxxxx...........................xxxxxxxxxxxxxxxxxxxxxxxxxxx
x.xx.xx.xx.xx.xx.xx.xx.xx.x...........................x.xx.xx.xx.xx.xx.xx.xx.xx.xx.xx.xx.xx.xx.xx.xx.xx.xx.x...........................x.xx.xx.xx.xx.xx.xx.xx.xx.xx.xx.xx.xx.xx.xx.xx.xx.xx.x...........................x.xx.xx.xx.xx.xx.xx.xx.xx.x
xxxxxxxxxxxxxxxxxxxxxxxxxxx...........................xxxxxxxxxxxxxxxxxxxxxxxxxxxxxxxxxxxxxxxxxxxxxxxxxxxxxx...........................xxxxxxxxxxxxxxxxxxxxxxxxxxxxxxxxxxxxxxxxxxxxxxxxxxxxxx...........................xxxxxxxxxxxxxxxxxxxxxxxxxxx
xxxxxxxxx.........xxxxxxxxx...........................xxxxxxxxx.........xxxxxxxxxxxxxxxxxx.........xxxxxxxxx...........................xxxxxxxxx.........xxxxxxxxxxxxxxxxxx.........xxxxxxxxx...........................xxxxxxxxx.........xxxxxxxxx
x.xx.xx.x.........x.xx.xx.x...........................x.xx.xx.x.........x.xx.xx.xx.xx.xx.x.........x.xx.xx.x...........................x.xx.xx.x.........x.xx.xx.xx.xx.xx.x.........x.xx.xx.x...........................x.xx.xx.x.........x.xx.xx.x
xxxxxxxxx.........xxxxxxxxx...........................xxxxxxxxx.........xxxxxxxxxxxxxxxxxx.........xxxxxxxxx...........................xxxxxxxxx.........xxxxxxxxxxxxxxxxxx.........xxxxxxxxx...........................xxxxxxxxx.........xxxxxxxxx
xxx...xxx.........xxx...xxx...........................xxx...xxx.........xxx...xxxxxx...xxx.........xxx...xxx...........................xxx...xxx.........xxx...xxxxxx...xxx.........xxx...xxx...........................xxx...xxx.........xxx...xxx
x.x...x.x.........x.x...x.x...........................x.x...x.x.........x.x...x.xx.x...x.x.........x.x...x.x...........................x.x...x.x.........x.x...x.xx.x...x.x.........x.x...x.x...........................x.x...x.x.........x.x...x.x
xxx...xxx.........xxx...xxx...........................xxx...xxx.........xxx...xxxxxx...xxx.........xxx...xxx...........................xxx...xxx.........xxx...xxxxxx...xxx.........xxx...xxx...........................xxx...xxx.........xxx...xxx
xxxxxxxxx.........xxxxxxxxx...........................xxxxxxxxx.........xxxxxxxxxxxxxxxxxx.........xxxxxxxxx...........................xxxxxxxxx.........xxxxxxxxxxxxxxxxxx.........xxxxxxxxx...........................xxxxxxxxx.........xxxxxxxxx
x.xx.xx.x.........x.xx.xx.x...........................x.xx.xx.x.........x.xx.xx.xx.xx.xx.x.........x.xx.xx.x...........................x.xx.xx.x.........x.xx.xx.xx.xx.xx.x.........x.xx.xx.x...........................x.xx.xx.x.........x.xx.xx.x
xxxxxxxxx.........xxxxxxxxx...........................xxxxxxxxx.........xxxxxxxxxxxxxxxxxx.........xxxxxxxxx...........................xxxxxxxxx.........xxxxxxxxxxxxxxxxxx.........xxxxxxxxx...........................xxxxxxxxx.........xxxxxxxxx
xxxxxxxxxxxxxxxxxxxxxxxxxxx...........................xxxxxxxxxxxxxxxxxxxxxxxxxxxxxxxxxxxxxxxxxxxxxxxxxxxxxx...........................xxxxxxxxxxxxxxxxxxxxxxxxxxxxxxxxxxxxxxxxxxxxxxxxxxxxxx...........................xxxxxxxxxxxxxxxxxxxxxxxxxxx
x.xx.xx.xx.xx.xx.xx.xx.xx.x...........................x.xx.xx.xx.xx.xx.xx.xx.xx.xx.xx.xx.xx.xx.xx.xx.xx.xx.x...........................x.xx.xx.xx.xx.xx.xx.xx.xx.xx.xx.xx.xx.xx.xx.xx.xx.xx.x...........................x.xx.xx.xx.xx.xx.xx.xx.xx.x
xxxxxxxxxxxxxxxxxxxxxxxxxxx...........................xxxxxxxxxxxxxxxxxxxxxxxxxxxxxxxxxxxxxxxxxxxxxxxxxxxxxx...........................xxxxxxxxxxxxxxxxxxxxxxxxxxxxxxxxxxxxxxxxxxxxxxxxxxxxxx...........................xxxxxxxxxxxxxxxxxxxxxxxxxxx
xxx...xxxxxx...xxxxxx...xxx...........................xxx...xxxxxx...xxxxxx...xxxxxx...xxxxxx...xxxxxx...xxx...........................xxx...xxxxxx...xxxxxx...xxxxxx...xxxxxx...xxxxxx...xxx...........................xxx...xxxxxx...xxxxxx...xxx
x.x...x.xx.x...x.xx.x...x.x...........................x.x...x.xx.x...x.xx.x...x.xx.x...x.xx.x...x.xx.x...x.x...........................x.x...x.xx.x...x.xx.x...x.xx.x...x.xx.x...x.xx.x...x.x...........................x.x...x.xx.x...x.xx.x...x.x
xxx...xxxxxx...xxxxxx...xxx...........................xxx...xxxxxx...xxxxxx...xxxxxx...xxxxxx...xxxxxx...xxx...........................xxx...xxxxxx...xxxxxx...xxxxxx...xxxxxx...xxxxxx...xxx...........................xxx...xxxxxx...xxxxxx...xxx
xxxxxxxxxxxxxxxxxxxxxxxxxxx...........................xxxxxxxxxxxxxxxxxxxxxxxxxxxxxxxxxxxxxxxxxxxxxxxxxxxxxx...........................xxxxxxxxxxxxxxxxxxxxxxxxxxxxxxxxxxxxxxxxxxxxxxxxxxxxxx...........................xxxxxxxxxxxxxxxxxxxxxxxxxxx
x.xx.xx.xx.xx.xx.xx.xx.xx.x...........................x.xx.xx.xx.xx.xx.xx.xx.xx.xx.xx.xx.xx.xx.xx.xx.xx.xx.x...........................x.xx.xx.xx.xx.xx.xx.xx.xx.xx.xx.xx.xx.xx.xx.xx.xx.xx.x...........................x.xx.xx.xx.xx.xx.xx.xx.xx.x
xxxxxxxxxxxxxxxxxxxxxxxxxxx...........................xxxxxxxxxxxxxxxxxxxxxxxxxxxxxxxxxxxxxxxxxxxxxxxxxxxxxx...........................xxxxxxxxxxxxxxxxxxxxxxxxxxxxxxxxxxxxxxxxxxxxxxxxxxxxxx...........................xxxxxxxxxxxxxxxxxxxxxxxxxxx
xxxxxxxxxxxxxxxxxxxxxxxxxxxxxxxxxxxxxxxxxxxxxxxxxxxxxxxxxxxxxxxxxxxxxxxxxxxxxxxxxxxxxxxxxxxxxxxxxxxxxxxxxxxxxxxxxxxxxxxxxxxxxxxxxxxxxxxxxxxxxxxxxxxxxxxxxxxxxxxxxxxxxxxxxxxxxxxxxxxxxxxxxxxxxxxxxxxxxxxxxxxxxxxxxxxxxxxxxxxxxxxxxxxxxxxxxxxxxxxxxxx
x.xx.xx.xx.xx.xx.xx.xx.xx.xx.xx.xx.xx.xx.xx.xx.xx.xx.xx.xx.xx.xx.xx.xx.xx.xx.xx.xx.xx.xx.xx.xx.xx.xx.xx.xx.xx.xx.xx.xx.xx.xx.xx.xx.xx.xx.xx.xx.xx.xx.xx.xx.xx.xx.xx.xx.xx.xx.xx.xx.xx.xx.xx.xx.xx.xx.xx.xx.xx.xx.xx.xx.xx.xx.xx.xx.xx.xx.xx.xx.xx.x
xxxxxxxxxxxxxxxxxxxxxxxxxxxxxxxxxxxxxxxxxxxxxxxxxxxxxxxxxxxxxxxxxxxxxxxxxxxxxxxxxxxxxxxxxxxxxxxxxxxxxxxxxxxxxxxxxxxxxxxxxxxxxxxxxxxxxxxxxxxxxxxxxxxxxxxxxxxxxxxxxxxxxxxxxxxxxxxxxxxxxxxxxxxxxxxxxxxxxxxxxxxxxxxxxxxxxxxxxxxxxxxxxxxxxxxxxxxxxxxxxxx
xxx...xxxxxx...xxxxxx...xxxxxx...xxxxxx...xxxxxx...xxxxxx...xxxxxx...xxxxxx...xxxxxx...xxxxxx...xxxxxx...xxxxxx...xxxxxx...xxxxxx...xxxxxx...xxxxxx...xxxxxx...xxxxxx...xxxxxx...xxxxxx...xxxxxx...xxxxxx...xxxxxx...xxxxxx...xxxxxx...xxxxxx...xxx
x.x...x.xx.x...x.xx.x...x.xx.x...x.xx.x...x.xx.x...x.xx.x...x.xx.x...x.xx.x...x.xx.x...x.xx.x...x.xx.x...x.xx.x...x.xx.x...x.xx.x...x.xx.x...x.xx.x...x.xx.x...x.xx.x...x.xx.x...x.xx.x...x.xx.x...x.xx.x...x.xx.x...x.xx.x...x.xx.x...x.xx.x...x.x
xxx...xxxxxx...xxxxxx...xxxxxx...xxxxxx...xxxxxx...xxxxxx...xxxxxx...xxxxxx...xxxxxx...xxxxxx...xxxxxx...xxxxxx...xxxxxx...xxxxxx...xxxxxx...xxxxxx...xxxxxx...xxxxxx...xxxxxx...xxxxxx...xxxxxx...xxxxxx...xxxxxx...xxxxxx...xxxxxx...xxxxxx...xxx
xxxxxxxxxxxxxxxxxxxxxxxxxxxxxxxxxxxxxxxxxxxxxxxxxxxxxxxxxxxxxxxxxxxxxxxxxxxxxxxxxxxxxxxxxxxxxxxxxxxxxxxxxxxxxxxxxxxxxxxxxxxxxxxxxxxxxxxxxxxxxxxxxxxxxxxxxxxxxxxxxxxxxxxxxxxxxxxxxxxxxxxxxxxxxxxxxxxxxxxxxxxxxxxxxxxxxxxxxxxxxxxxxxxxxxxxxxxxxxxxxxx
x.xx.xx.xx.xx.xx.xx.xx.xx.xx.xx.xx.xx.xx.xx.xx.xx.xx.xx.xx.xx.xx.xx.xx.xx.xx.xx.xx.xx.xx.xx.xx.xx.xx.xx.xx.xx.xx.xx.xx.xx.xx.xx.xx.xx.xx.xx.xx.xx.xx.xx.xx.xx.xx.xx.xx.xx.xx.xx.xx.xx.xx.xx.xx.xx.xx.xx.xx.xx.xx.xx.xx.xx.xx.xx.xx.xx.xx.xx.xx.xx.x
xxxxxxxxxxxxxxxxxxxxxxxxxxxxxxxxxxxxxxxxxxxxxxxxxxxxxxxxxxxxxxxxxxxxxxxxxxxxxxxxxxxxxxxxxxxxxxxxxxxxxxxxxxxxxxxxxxxxxxxxxxxxxxxxxxxxxxxxxxxxxxxxxxxxxxxxxxxxxxxxxxxxxxxxxxxxxxxxxxxxxxxxxxxxxxxxxxxxxxxxxxxxxxxxxxxxxxxxxxxxxxxxxxxxxxxxxxxxxxxxxxx
xxxxxxxxx.........xxxxxxxxxxxxxxxxxx.........xxxxxxxxxxxxxxxxxx.........xxxxxxxxxxxxxxxxxx.........xxxxxxxxxxxxxxxxxx.........xxxxxxxxxxxxxxxxxx.........xxxxxxxxxxxxxxxxxx.........xxxxxxxxxxxxxxxxxx.........xxxxxxxxxxxxxxxxxx.........xxxxxxxxx
x.xx.xx.x.........x.xx.xx.xx.xx.xx.x.........x.xx.xx.xx.xx.xx.x.........x.xx.xx.xx.xx.xx.x.........x.xx.xx.xx.xx.xx.x.........x.xx.xx.xx.xx.xx.x.........x.xx.xx.xx.xx.xx.x.........x.xx.xx.xx.xx.xx.x.........x.xx.xx.xx.xx.xx.x.........x.xx.xx.x
xxxxxxxxx.........xxxxxxxxxxxxxxxxxx.........xxxxxxxxxxxxxxxxxx.........xxxxxxxxxxxxxxxxxx.........xxxxxxxxxxxxxxxxxx.........xxxxxxxxxxxxxxxxxx.........xxxxxxxxxxxxxxxxxx.........xxxxxxxxxxxxxxxxxx.........xxxxxxxxxxxxxxxxxx.........xxxxxxxxx
xxx...xxx.........xxx...xxxxxx...xxx.........xxx...xxxxxx...xxx.........xxx...xxxxxx...xxx.........xxx...xxxxxx...xxx.........xxx...xxxxxx...xxx.........xxx...xxxxxx...xxx.........xxx...xxxxxx...xxx.........xxx...xxxxxx...xxx.........xxx...xxx
x.x...x.x.........x.x...x.xx.x...x.x.........x.x...x.xx.x...x.x.........x.x...x.xx.x...x.x.........x.x...x.xx.x...x.x.........x.x...x.xx.x...x.x.........x.x...x.xx.x...x.x.........x.x...x.xx.x...x.x.........x.x...x.xx.x...x.x.........x.x...x.x
xxx...xxx.........xxx...xxxxxx...xxx.........xxx...xxxxxx...xxx.........xxx...xxxxxx...xxx.........xxx...xxxxxx...xxx.........xxx...xxxxxx...xxx.........xxx...xxxxxx...xxx.........xxx...xxxxxx...xxx.........xxx...xxxxxx...xxx.........xxx...xxx
xxxxxxxxx.........xxxxxxxxxxxxxxxxxx.........xxxxxxxxxxxxxxxxxx.........xxxxxxxxxxxxxxxxxx.........xxxxxxxxxxxxxxxxxx.........xxxxxxxxxxxxxxxxxx.........xxxxxxxxxxxxxxxxxx.........xxxxxxxxxxxxxxxxxx.........xxxxxxxxxxxxxxxxxx.........xxxxxxxxx
x.xx.xx.x.........x.xx.xx.xx.xx.xx.x.........x.xx.xx.xx.xx.xx.x.........x.xx.xx.xx.xx.xx.x.........x.xx.xx.xx.xx.xx.x.........x.xx.xx.xx.xx.xx.x.........x.xx.xx.xx.xx.xx.x.........x.xx.xx.xx.xx.xx.x.........x.xx.xx.xx.xx.xx.x.........x.xx.xx.x
xxxxxxxxx.........xxxxxxxxxxxxxxxxxx.........xxxxxxxxxxxxxxxxxx.........xxxxxxxxxxxxxxxxxx.........xxxxxxxxxxxxxxxxxx.........xxxxxxxxxxxxxxxxxx.........xxxxxxxxxxxxxxxxxx.........xxxxxxxxxxxxxxxxxx.........xxxxxxxxxxxxxxxxxx.........xxxxxxxxx
xxxxxxxxxxxxxxxxxxxxxxxxxxxxxxxxxxxxxxxxxxxxxxxxxxxxxxxxxxxxxxxxxxxxxxxxxxxxxxxxxxxxxxxxxxxxxxxxxxxxxxxxxxxxxxxxxxxxxxxxxxxxxxxxxxxxxxxxxxxxxxxxxxxxxxxxxxxxxxxxxxxxxxxxxxxxxxxxxxxxxxxxxxxxxxxxxxxxxxxxxxxxxxxxxxxxxxxxxxxxxxxxxxxxxxxxxxxxxxxxxxx
x.xx.xx.xx.xx.xx.xx.xx.xx.xx.xx.xx.xx.xx.xx.xx.xx.xx.xx.xx.xx.xx.xx.xx.xx.xx.xx.xx.xx.xx.xx.xx.xx.xx.xx.xx.xx.xx.xx.xx.xx.xx.xx.xx.xx.xx.xx.xx.xx.xx.xx.xx.xx.xx.xx.xx.xx.xx.xx.xx.xx.xx.xx.xx.xx.xx.xx.xx.xx.xx.xx.xx.xx.xx.xx.xx.xx.xx.xx.xx.xx.x
xxxxxxxxxxxxxxxxxxxxxxxxxxxxxxxxxxxxxxxxxxxxxxxxxxxxxxxxxxxxxxxxxxxxxxxxxxxxxxxxxxxxxxxxxxxxxxxxxxxxxxxxxxxxxxxxxxxxxxxxxxxxxxxxxxxxxxxxxxxxxxxxxxxxxxxxxxxxxxxxxxxxxxxxxxxxxxxxxxxxxxxxxxxxxxxxxxxxxxxxxxxxxxxxxxxxxxxxxxxxxxxxxxxxxxxxxxxxxxxxxxx
xxx...xxxxxx...xxxxxx...xxxxxx...xxxxxx...xxxxxx...xxxxxx...xxxxxx...xxxxxx...xxxxxx...xxxxxx...xxxxxx...xxxxxx...xxxxxx...xxxxxx...xxxxxx...xxxxxx...xxxxxx...xxxxxx...xxxxxx...xxxxxx...xxxxxx...xxxxxx...xxxxxx...xxxxxx...xxxxxx...xxxxxx...xxx
x.x...x.xx.x...x.xx.x...x.xx.x...x.xx.x...x.xx.x...x.xx.x...x.xx.x...x.xx.x...x.xx.x...x.xx.x...x.xx.x...x.xx.x...x.xx.x...x.xx.x...x.xx.x...x.xx.x...x.xx.x...x.xx.x...x.xx.x...x.xx.x...x.xx.x...x.xx.x...x.xx.x...x.xx.x...x.xx.x...x.xx.x...x.x
xxx...xxxxxx...xxxxxx...xxxxxx...xxxxxx...xxxxxx...xxxxxx...xxxxxx...xxxxxx...xxxxxx...xxxxxx...xxxxxx...xxxxxx...xxxxxx...xxxxxx...xxxxxx...xxxxxx...xxxxxx...xxxxxx...xxxxxx...xxxxxx...xxxxxx...xxxxxx...xxxxxx...xxxxxx...xxxxxx...xxxxxx...xxx
xxxxxxxxxxxxxxxxxxxxxxxxxxxxxxxxxxxxxxxxxxxxxxxxxxxxxxxxxxxxxxxxxxxxxxxxxxxxxxxxxxxxxxxxxxxxxxxxxxxxxxxxxxxxxxxxxxxxxxxxxxxxxxxxxxxxxxxxxxxxxxxxxxxxxxxxxxxxxxxxxxxxxxxxxxxxxxxxxxxxxxxxxxxxxxxxxxxxxxxxxxxxxxxxxxxxxxxxxxxxxxxxxxxxxxxxxxxxxxxxxxx
x.xx.xx.xx.xx.xx.xx.xx.xx.xx.xx.xx.xx.xx.xx.xx.xx.xx.xx.xx.xx.xx.xx.xx.xx.xx.xx.xx.xx.xx.xx.xx.xx.xx.xx.xx.xx.xx.xx.xx.xx.xx.xx.xx.xx.xx.xx.xx.xx.xx.xx.xx.xx.xx.xx.xx.xx.xx.xx.xx.xx.xx.xx.xx.xx.xx.xx.xx.xx.xx.xx.xx.xx.xx.xx.xx.xx.xx.xx.xx.xx.x
xxxxxxxxxxxxxxxxxxxxxxxxxxxxxxxxxxxxxxxxxxxxxxxxxxxxxxxxxxxxxxxxxxxxxxxxxxxxxxxxxxxxxxxxxxxxxxxxxxxxxxxxxxxxxxxxxxxxxxxxxxxxxxxxxxxxxxxxxxxxxxxxxxxxxxxxxxxxxxxxxxxxxxxxxxxxxxxxxxxxxxxxxxxxxxxxxxxxxxxxxxxxxxxxxxxxxxxxxxxxxxxxxxxxxxxxxxxxxxxxxxx
xxxxxxxxxxxxxxxxxxxxxxxxxxxxxxxxxxxxxxxxxxxxxxxxxxxxxxxxxxxxxxxxxxxxxxxxxxxxxxxxx.................................................................................xxxxxxxxxxxxxxxxxxxxxxxxxxxxxxxxxxxxxxxxxxxxxxxxxxxxxxxxxxxxxxxxxxxxxxxxxxxxxxxxx
x.xx.xx.xx.xx.xx.xx.xx.xx.xx.xx.xx.xx.xx.xx.xx.xx.xx.xx.xx.xx.xx.xx.xx.xx.xx.xx.x.................................................................................x.xx.xx.xx.xx.xx.xx.xx.xx.xx.xx.xx.xx.xx.xx.xx.xx.xx.xx.xx.xx.xx.xx.xx.xx.xx.xx.x
xxxxxxxxxxxxxxxxxxxxxxxxxxxxxxxxxxxxxxxxxxxxxxxxxxxxxxxxxxxxxxxxxxxxxxxxxxxxxxxxx.................................................................................xxxxxxxxxxxxxxxxxxxxxxxxxxxxxxxxxxxxxxxxxxxxxxxxxxxxxxxxxxxxxxxxxxxxxxxxxxxxxxxxx
xxx...xxxxxx...xxxxxx...xxxxxx...xxxxxx...xxxxxx...xxxxxx...xxxxxx...xxxxxx...xxx.................................................................................xxx...xxxxxx...xxxxxx...xxxxxx...xxxxxx...xxxxxx...xxxxxx...xxxxxx...xxxxxx...xxx
x.x...x.xx.x...x.xx.x...x.xx.x...x.xx.x...x.xx.x...x.xx.x...x.xx.x...x.xx.x...x.x.................................................................................x.x...x.xx.x...x.xx.x...x.xx.x...x.xx.x...x.xx.x...x.xx.x...x.xx.x...x.xx.x...x.x
xxx...xxxxxx...xxxxxx...xxxxxx...xxxxxx...xxxxxx...xxxxxx...xxxxxx...xxxxxx...xxx.................................................................................xxx...xxxxxx...xxxxxx...xxxxxx...xxxxxx...xxxxxx...xxxxxx...xxxxxx...xxxxxx...xxx
xxxxxxxxxxxxxxxxxxxxxxxxxxxxxxxxxxxxxxxxxxxxxxxxxxxxxxxxxxxxxxxxxxxxxxxxxxxxxxxxx.................................................................................xxxxxxxxxxxxxxxxxxxxxxxxxxxxxxxxxxxxxxxxxxxxxxxxxxxxxxxxxxxxxxxxxxxxxxxxxxxxxxxxx
x.xx.xx.xx.xx.xx.xx.xx.xx.xx.xx.xx.xx.xx.xx.xx.xx.xx.xx.xx.xx.xx.xx.xx.xx.xx.xx.x.................................................................................x.xx.xx.xx.xx.xx.xx.xx.xx.xx.xx.xx.xx.xx.xx.xx.xx.xx.xx.xx.xx.xx.xx.xx.xx.xx.xx.x
xxxxxxxxxxxxxxxxxxxxxxxxxxxxxxxxxxxxxxxxxxxxxxxxxxxxxxxxxxxxxxxxxxxxxxxxxxxxxxxxx.................................................................................xxxxxxxxxxxxxxxxxxxxxxxxxxxxxxxxxxxxxxxxxxxxxxxxxxxxxxxxxxxxxxxxxxxxxxxxxxxxxxxxx
xxxxxxxxx.........xxxxxxxxxxxxxxxxxx.........xxxxxxxxxxxxxxxxxx.........xxxxxxxxx.................................................................................xxxxxxxxx.........xxxxxxxxxxxxxxxxxx.........xxxxxxxxxxxxxxxxxx.........xxxxxxxxx
x.xx.xx.x.........x.xx.xx.xx.xx.xx.x.........x.xx.xx.xx.xx.xx.x.........x.xx.xx.x.................................................................................x.xx.xx.x.........x.xx.xx.xx.xx.xx.x.........x.xx.xx.xx.xx.xx.x.........x.xx.xx.x
xxxxxxxxx.........xxxxxxxxxxxxxxxxxx.........xxxxxxxxxxxxxxxxxx.........xxxxxxxxx.................................................................................xxxxxxxxx.........xxxxxxxxxxxxxxxxxx.........xxxxxxxxxxxxxxxxxx.........xxxxxxxxx
xxx...xxx.........xxx...xxxxxx...xxx.........xxx...xxxxxx...xxx.........xxx...xxx.................................................................................xxx...xxx.........xxx...xxxxxx...xxx.........xxx...xxxxxx...xxx.........xxx...xxx
x.x...x.x.........x.x...x.xx.x...x.x.........x.x...x.xx.x...x.x.........x.x...x.x.................................................................................x.x...x.x.........x.x...x.xx.x...x.x.........x.x...x.xx.x...x.x.........x.x...x.x
xxx...xxx.........xxx...xxxxxx...xxx.........xxx...xxxxxx...xxx.........xxx...xxx.................................................................................xxx...xxx.........xxx...xxxxxx...xxx.........xxx...xxxxxx...xxx.........xxx...xxx
xxxxxxxxx.........xxxxxxxxxxxxxxxxxx.........xxxxxxxxxxxxxxxxxx.........xxxxxxxxx.................................................................................xxxxxxxxx.........xxxxxxxxxxxxxxxxxx.........xxxxxxxxxxxxxxxxxx.........xxxxxxxxx
x.xx.xx.x.........x.xx.xx.xx.xx.xx.x.........x.xx.xx.xx.xx.xx.x.........x.xx.xx.x.................................................................................x.xx.xx.x.........x.xx.xx.xx.xx.xx.x.........x.xx.xx.xx.xx.xx.x.........x.xx.xx.x
xxxxxxxxx.........xxxxxxxxxxxxxxxxxx.........xxxxxxxxxxxxxxxxxx.........xxxxxxxxx.................................................................................xxxxxxxxx.........xxxxxxxxxxxxxxxxxx.........xxxxxxxxxxxxxxxxxx.........xxxxxxxxx
xxxxxxxxxxxxxxxxxxxxxxxxxxxxxxxxxxxxxxxxxxxxxxxxxxxxxxxxxxxxxxxxxxxxxxxxxxxxxxxxx.................................................................................xxxxxxxxxxxxxxxxxxxxxxxxxxxxxxxxxxxxxxxxxxxxxxxxxxxxxxxxxxxxxxxxxxxxxxxxxxxxxxxxx
x.xx.xx.xx.xx.xx.xx.xx.xx.xx.xx.xx.xx.xx.xx.xx.xx.xx.xx.xx.xx.xx.xx.xx.xx.xx.xx.x.................................................................................x.xx.xx.xx.xx.xx.xx.xx.xx.xx.xx.xx.xx.xx.xx.xx.xx.xx.xx.xx.xx.xx.xx.xx.xx.xx.xx.x
xxxxxxxxxxxxxxxxxxxxxxxxxxxxxxxxxxxxxxxxxxxxxxxxxxxxxxxxxxxxxxxxxxxxxxxxxxxxxxxxx.................................................................................xxxxxxxxxxxxxxxxxxxxxxxxxxxxxxxxxxxxxxxxxxxxxxxxxxxxxxxxxxxxxxxxxxxxxxxxxxxxxxxxx
xxx...xxxxxx...xxxxxx...xxxxxx...xxxxxx...xxxxxx...xxxxxx...xxxxxx...xxxxxx...xxx.................................................................................xxx...xxxxxx...xxxxxx...xxxxxx...xxxxxx...xxxxxx...xxxxxx...xxxxxx...xxxxxx...xxx
x.x...x.xx.x...x.xx.x...x.xx.x...x.xx.x...x.xx.x...x.xx.x...x.xx.x...x.xx.x...x.x.................................................................................x.x...x.xx.x...x.xx.x...x.xx.x...x.xx.x...x.xx.x...x.xx.x...x.xx.x...x.xx.x...x.x
xxx...xxxxxx...xxxxxx...xxxxxx...xxxxxx...xxxxxx...xxxxxx...xxxxxx...xxxxxx...xxx.................................................................................xxx...xxxxxx...xxxxxx...xxxxxx...xxxxxx...xxxxxx...xxxxxx...xxxxxx...xxxxxx...xxx
xxxxxxxxxxxxxxxxxxxxxxxxxxxxxxxxxxxxxxxxxxxxxxxxxxxxxxxxxxxxxxxxxxxxxxxxxxxxxxxxx.................................................................................xxxxxxxxxxxxxxxxxxxxxxxxxxxxxxxxxxxxxxxxxxxxxxxxxxxxxxxxxxxxxxxxxxxxxxxxxxxxxxxxx
x.xx.xx.xx.xx.xx.xx.xx.xx.xx.xx.xx.xx.xx.xx.xx.xx.xx.xx.xx.xx.xx.xx.xx.xx.xx.xx.x.................................................................................x.xx.xx.xx.xx.xx.xx.xx.xx.xx.xx.xx.xx.xx.xx.xx.xx.xx.xx.xx.xx.xx.xx.xx.xx.xx.xx.x
xxxxxxxxxxxxxxxxxxxxxxxxxxxxxxxxxxxxxxxxxxxxxxxxxxxxxxxxxxxxxxxxxxxxxxxxxxxxxxxxx.................................................................................xxxxxxxxxxxxxxxxxxxxxxxxxxxxxxxxxxxxxxxxxxxxxxxxxxxxxxxxxxxxxxxxxxxxxxxxxxxxxxxxx
xxxxxxxxxxxxxxxxxxxxxxxxxxx...........................xxxxxxxxxxxxxxxxxxxxxxxxxxx.................................................................................xxxxxxxxxxxxxxxxxxxxxxxxxxx...........................xxxxxxxxxxxxxxxxxxxxxxxxxxx
x.xx.xx.xx.xx.xx.xx.xx.xx.x...........................x.xx.xx.xx.xx.xx.xx.xx.xx.x.................................................................................x.xx.xx.xx.xx.xx.xx.xx.xx.x...........................x.xx.xx.xx.xx.xx.xx.xx.xx.x
xxxxxxxxxxxxxxxxxxxxxxxxxxx...........................xxxxxxxxxxxxxxxxxxxxxxxxxxx.................................................................................xxxxxxxxxxxxxxxxxxxxxxxxxxx...........................xxxxxxxxxxxxxxxxxxxxxxxxxxx
xxx...xxxxxx...xxxxxx...xxx...........................xxx...xxxxxx...xxxxxx...xxx.................................................................................xxx...xxxxxx...xxxxxx...xxx...........................xxx...xxxxxx...xxxxxx...xxx
x.x...x.xx.x...x.xx.x...x.x...........................x.x...x.xx.x...x.xx.x...x.x.................................................................................x.x...x.xx.x...x.xx.x...x.x...........................x.x...x.xx.x...x.xx.x...x.x
xxx...xxxxxx...xxxxxx...xxx...........................xxx...xxxxxx...xxxxxx...xxx.................................................................................xxx...xxxxxx...xxxxxx...xxx...........................xxx...xxxxxx...xxxxxx...xxx
xxxxxxxxxxxxxxxxxxxxxxxxxxx...........................xxxxxxxxxxxxxxxxxxxxxxxxxxx.................................................................................xxxxxxxxxxxxxxxxxxxxxxxxxxx...........................xxxxxxxxxxxxxxxxxxxxxxxxxxx
x.xx.xx.xx.xx.xx.xx.xx.xx.x...........................x.xx.xx.xx.xx.xx.xx.xx.xx.x.................................................................................x.xx.xx.xx.xx.xx.xx.xx.xx.x...........................x.xx.xx.xx.xx.xx.xx.xx.xx.x
xxxxxxxxxxxxxxxxxxxxxxxxxxx...........................xxxxxxxxxxxxxxxxxxxxxxxxxxx.................................................................................xxxxxxxxxxxxxxxxxxxxxxxxxxx...........................xxxxxxxxxxxxxxxxxxxxxxxxxxx
xxxxxxxxx.........xxxxxxxxx...........................xxxxxxxxx.........xxxxxxxxx.................................................................................xxxxxxxxx.........xxxxxxxxx...........................xxxxxxxxx.........xxxxxxxxx
x.xx.xx.x.........x.xx.xx.x...........................x.xx.xx.x.........x.xx.xx.x.................................................................................x.xx.xx.x.........x.xx.xx.x...........................x.xx.xx.x.........x.xx.xx.x
xxxxxxxxx.........xxxxxxxxx...........................xxxxxxxxx.........xxxxxxxxx.................................................................................xxxxxxxxx.........xxxxxxxxx...........................xxxxxxxxx.........xxxxxxxxx
xxx...xxx.........xxx...xxx...........................xxx...xxx.........xxx...xxx.................................................................................xxx...xxx.........xxx...xxx...........................xxx...xxx.........xxx...xxx
x.x...x.x.........x.x...x.x...........................x.x...x.x.........x.x...x.x.................................................................................x.x...x.x.........x.x...x.x...........................x.x...x.x.........x.x...x.x
xxx...xxx.........xxx...xxx...........................xxx...xxx.........xxx...xxx.................................................................................xxx...xxx.........xxx...xxx...........................xxx...xxx.........xxx...xxx
xxxxxxxxx.........xxxxxxxxx...........................xxxxxxxxx.........xxxxxxxxx.................................................................................xxxxxxxxx.........xxxxxxxxx...........................xxxxxxxxx.........xxxxxxxxx
x.xx.xx.x.........x.xx.xx.x...........................x.xx.xx.x.........x.xx.xx.x.................................................................................x.xx.xx.x.........x.xx.xx.x...........................x.xx.xx.x.........x.xx.xx.x
xxxxxxxxx.........xxxxxxxxx...........................xxxxxxxxx.........xxxxxxxxx.................................................................................xxxxxxxxx.........xxxxxxxxx...........................xxxxxxxxx.........xxxxxxxxx
xxxxxxxxxxxxxxxxxxxxxxxxxxx...........................xxxxxxxxxxxxxxxxxxxxxxxxxxx.................................................................................xxxxxxxxxxxxxxxxxxxxxxxxxxx...........................xxxxxxxxxxxxxxxxxxxxxxxxxxx
x.xx.xx.xx.xx.xx.xx.xx.xx.x...........................x.xx.xx.xx.xx.xx.xx.xx.xx.x.................................................................................x.xx.xx.xx.xx.xx.xx.xx.xx.x...........................x.xx.xx.xx.xx.xx.xx.xx.xx.x
xxxxxxxxxxxxxxxxxxxxxxxxxxx...........................xxxxxxxxxxxxxxxxxxxxxxxxxxx.................................................................................xxxxxxxxxxxxxxxxxxxxxxxxxxx...........................xxxxxxxxxxxxxxxxxxxxxxxxxxx
xxx...xxxxxx...xxxxxx...xxx...........................xxx...xxxxxx...xxxxxx...xxx.................................................................................xxx...xxxxxx...xxxxxx...xxx...........................xxx...xxxxxx...xxxxxx...xxx
x.x...x.xx.x...x.xx.x...x.x...........................x.x...x.xx.x...x.xx.x...x.x.................................................................................x.x...x.xx.x...x.xx.x...x.x...........................x.x...x.xx.x...x.xx.x...x.x
xxx...xxxxxx...xxxxxx...xxx...........................xxx...xxxxxx...xxxxxx...xxx.................................................................................xxx...xxxxxx...xxxxxx...xxx...........................xxx...xxxxxx...xxxxxx...xxx
xxxxxxxxxxxxxxxxxxxxxxxxxxx...........................xxxxxxxxxxxxxxxxxxxxxxxxxxx.................................................................................xxxxxxxxxxxxxxxxxxxxxxxxxxx...........................xxxxxxxxxxxxxxxxxxxxxxxxxxx
x.xx.xx.xx.xx.xx.xx.xx.xx.x...........................x.xx.xx.xx.xx.xx.xx.xx.xx.x.................................................................................x.xx.xx.xx.xx.xx.xx.xx.xx.x...........................x.xx.xx.xx.xx.xx.xx.xx.xx.x
xxxxxxxxxxxxxxxxxxxxxxxxxxx...........................xxxxxxxxxxxxxxxxxxxxxxxxxxx.................................................................................xxxxxxxxxxxxxxxxxxxxxxxxxxx...........................xxxxxxxxxxxxxxxxxxxxxxxxxxx
xxxxxxxxxxxxxxxxxxxxxxxxxxxxxxxxxxxxxxxxxxxxxxxxxxxxxxxxxxxxxxxxxxxxxxxxxxxxxxxxx.................................................................................xxxxxxxxxxxxxxxxxxxxxxxxxxxxxxxxxxxxxxxxxxxxxxxxxxxxxxxxxxxxxxxxxxxxxxxxxxxxxxxxx
x.xx.xx.xx.xx.xx.xx.xx.xx.xx.xx.xx.xx.xx.xx.xx.xx.xx.xx.xx.xx.xx.xx.xx.xx.xx.xx.x.................................................................................x.xx.xx.xx.xx.xx.xx.xx.xx.xx.xx.xx.xx.xx.xx.xx.xx.xx.xx.xx.xx.xx.xx.xx.xx.xx.xx.x
xxxxxxxxxxxxxxxxxxxxxxxxxxxxxxxxxxxxxxxxxxxxxxxxxxxxxxxxxxxxxxxxxxxxxxxxxxxxxxxxx.................................................................................xxxxxxxxxxxxxxxxxxxxxxxxxxxxxxxxxxxxxxxxxxxxxxxxxxxxxxxxxxxxxxxxxxxxxxxxxxxxxxxxx
xxx...xxxxxx...xxxxxx...xxxxxx...xxxxxx...xxxxxx...xxxxxx...xxxxxx...xxxxxx...xxx.................................................................................xxx...xxxxxx...xxxxxx...xxxxxx...xxxxxx...xxxxxx...xxxxxx...xxxxxx...xxxxxx...xxx
x.x...x.xx.x...x.xx.x...x.xx.x...x.xx.x...x.xx.x...x.xx.x...x.xx.x...x.xx.x...x.x.................................................................................x.x...x.xx.x...x.xx.x...x.xx.x...x.xx.x...x.xx.x...x.xx.x...x.xx.x...x.xx.x...x.x
xxx...xxxxxx...xxxxxx...xxxxxx...xxxxxx...xxxxxx...xxxxxx...xxxxxx...xxxxxx...xxx.................................................................................xxx...xxxxxx...xxxxxx...xxxxxx...xxxxxx...xxxxxx...xxxxxx...xxxxxx...xxxxxx...xxx
xxxxxxxxxxxxxxxxxxxxxxxxxxxxxxxxxxxxxxxxxxxxxxxxxxxxxxxxxxxxxxxxxxxxxxxxxxxxxxxxx.................................................................................xxxxxxxxxxxxxxxxxxxxxxxxxxxxxxxxxxxxxxxxxxxxxxxxxxxxxxxxxxxxxxxxxxxxxxxxxxxxxxxxx
x.xx.xx.xx.xx.xx.xx.xx.xx.xx.xx.xx.xx.xx.xx.xx.xx.xx.xx.xx.xx.xx.xx.xx.xx.xx.xx.x.................................................................................x.xx.xx.xx.xx.xx.xx.xx.xx.xx.xx.xx.xx.xx.xx.xx.xx.xx.xx.xx.xx.xx.xx.xx.xx.xx.xx.x
xxxxxxxxxxxxxxxxxxxxxxxxxxxxxxxxxxxxxxxxxxxxxxxxxxxxxxxxxxxxxxxxxxxxxxxxxxxxxxxxx.................................................................................xxxxxxxxxxxxxxxxxxxxxxxxxxxxxxxxxxxxxxxxxxxxxxxxxxxxxxxxxxxxxxxxxxxxxxxxxxxxxxxxx
xxxxxxxxx.........xxxxxxxxxxxxxxxxxx.........xxxxxxxxxxxxxxxxxx.........xxxxxxxxx.................................................................................xxxxxxxxx.........xxxxxxxxxxxxxxxxxx.........xxxxxxxxxxxxxxxxxx.........xxxxxxxxx
x.xx.xx.x.........x.xx.xx.xx.xx.xx.x.........x.xx.xx.xx.xx.xx.x.........x.xx.xx.x.................................................................................x.xx.xx.x.........x.xx.xx.xx.xx.xx.x.........x.xx.xx.xx.xx.xx.x.........x.xx.xx.x
xxxxxxxxx.........xxxxxxxxxxxxxxxxxx.........xxxxxxxxxxxxxxxxxx.........xxxxxxxxx.................................................................................xxxxxxxxx.........xxxxxxxxxxxxxxxxxx.........xxxxxxxxxxxxxxxxxx.........xxxxxxxxx
xxx...xxx.........xxx...xxxxxx...xxx.........xxx...xxxxxx...xxx.........xxx...xxx.................................................................................xxx...xxx.........xxx...xxxxxx...xxx.........xxx...xxxxxx...xxx.........xxx...xxx
x.x...x.x.........x.x...x.xx.x...x.x.........x.x...x.xx.x...x.x.........x.x...x.x.................................................................................x.x...x.x.........x.x...x.xx.x...x.x.........x.x...x.xx.x...x.x.........x.x...x.x
xxx...xxx.........xxx...xxxxxx...xxx.........xxx...xxxxxx...xxx.........xxx...xxx.................................................................................xxx...xxx.........xxx...xxxxxx...xxx.........xxx...xxxxxx...xxx.........xxx...xxx
xxxxxxxxx.........xxxxxxxxxxxxxxxxxx.........xxxxxxxxxxxxxxxxxx.........xxxxxxxxx.................................................................................xxxxxxxxx.........xxxxxxxxxxxxxxxxxx.........xxxxxxxxxxxxxxxxxx.........xxxxxxxxx
x.xx.xx.x.........x.xx.xx.xx.xx.xx.x.........x.xx.xx.xx.xx.xx.x.........x.xx.xx.x.................................................................................x.xx.xx.x.........x.xx.xx.xx.xx.xx.x.........x.xx.xx.xx.xx.xx.x.........x.xx.xx.x
xxxxxxxxx.........xxxxxxxxxxxxxxxxxx.........xxxxxxxxxxxxxxxxxx.........xxxxxxxxx.................................................................................xxxxxxxxx.........xxxxxxxxxxxxxxxxxx.........xxxxxxxxxxxxxxxxxx.........xxxxxxxxx
xxxxxxxxxxxxxxxxxxxxxxxxxxxxxxxxxxxxxxxxxxxxxxxxxxxxxxxxxxxxxxxxxxxxxxxxxxxxxxxxx.................................................................................xxxxxxxxxxxxxxxxxxxxxxxxxxxxxxxxxxxxxxxxxxxxxxxxxxxxxxxxxxxxxxxxxxxxxxxxxxxxxxxxx
x.xx.xx.xx.xx.xx.xx.xx.xx.xx.xx.xx.xx.xx.xx.xx.xx.xx.xx.xx.xx.xx.xx.xx.xx.xx.xx.x.................................................................................x.xx.xx.xx.xx.xx.xx.xx.xx.xx.xx.xx.xx.xx.xx.xx.xx.xx.xx.xx.xx.xx.xx.xx.xx.xx.xx.x
xxxxxxxxxxxxxxxxxxxxxxxxxxxxxxxxxxxxxxxxxxxxxxxxxxxxxxxxxxxxxxxxxxxxxxxxxxxxxxxxx.................................................................................xxxxxxxxxxxxxxxxxxxxxxxxxxxxxxxxxxxxxxxxxxxxxxxxxxxxxxxxxxxxxxxxxxxxxxxxxxxxxxxxx
xxx...xxxxxx...xxxxxx...xxxxxx...xxxxxx...xxxxxx...xxxxxx...xxxxxx...xxxxxx...xxx.................................................................................xxx...xxxxxx...xxxxxx...xxxxxx...xxxxxx...xxxxxx...xxxxxx...xxxxxx...xxxxxx...xxx
x.x...x.xx.x...x.xx.x...x.xx.x...x.xx.x...x.xx.x...x.xx.x...x.xx.x...x.xx.x...x.x.................................................................................x.x...x.xx.x...x.xx.x...x.xx.x...x.xx.x...x.xx.x...x.xx.x...x.xx.x...x.xx.x...x.x
xxx...xxxxxx...xxxxxx...xxxxxx...xxxxxx...xxxxxx...xxxxxx...xxxxxx...xxxxxx...xxx.................................................................................xxx...xxxxxx...xxxxxx...xxxxxx...xxxxxx...xxxxxx...xxxxxx...xxxxxx...xxxxxx...xxx
xxxxxxxxxxxxxxxxxxxxxxxxxxxxxxxxxxxxxxxxxxxxxxxxxxxxxxxxxxxxxxxxxxxxxxxxxxxxxxxxx.................................................................................xxxxxxxxxxxxxxxxxxxxxxxxxxxxxxxxxxxxxxxxxxxxxxxxxxxxxxxxxxxxxxxxxxxxxxxxxxxxxxxxx
x.xx.xx.xx.xx.xx.xx.xx.xx.xx.xx.xx.xx.xx.xx.xx.xx.xx.xx.xx.xx.xx.xx.xx.xx.xx.xx.x.................................................................................x.xx.xx.xx.xx.xx.xx.xx.xx.xx.xx.xx.xx.xx.xx.xx.xx.xx.xx.xx.xx.xx.xx.xx.xx.xx.xx.x
xxxxxxxxxxxxxxxxxxxxxxxxxxxxxxxxxxxxxxxxxxxxxxxxxxxxxxxxxxxxxxxxxxxxxxxxxxxxxxxxx.................................................................................xxxxxxxxxxxxxxxxxxxxxxxxxxxxxxxxxxxxxxxxxxxxxxxxxxxxxxxxxxxxxxxxxxxxxxxxxxxxxxxxx
xxxxxxxxxxxxxxxxxxxxxxxxxxxxxxxxxxxxxxxxxxxxxxxxxxxxxxxxxxxxxxxxxxxxxxxxxxxxxxxxxxxxxxxxxxxxxxxxxxxxxxxxxxxxxxxxxxxxxxxxxxxxxxxxxxxxxxxxxxxxxxxxxxxxxxxxxxxxxxxxxxxxxxxxxxxxxxxxxxxxxxxxxxxxxxxxxxxxxxxxxxxxxxxxxxxxxxxxxxxxxxxxxxxxxxxxxxxxxxxxxxx
x.xx.xx.xx.xx.xx.xx.xx.xx.xx.xx.xx.xx.xx.xx.xx.xx.xx.xx.xx.xx.xx.xx.xx.xx.xx.xx.xx.xx.xx.xx.xx.xx.xx.xx.xx.xx.xx.xx.xx.xx.xx.xx.xx.xx.xx.xx.xx.xx.xx.xx.xx.xx.xx.xx.xx.xx.xx.xx.xx.xx.xx.xx.xx.xx.xx.xx.xx.xx.xx.xx.xx.xx.xx.xx.xx.xx.xx.xx.xx.xx.x
xxxxxxxxxxxxxxxxxxxxxxxxxxxxxxxxxxxxxxxxxxxxxxxxxxxxxxxxxxxxxxxxxxxxxxxxxxxxxxxxxxxxxxxxxxxxxxxxxxxxxxxxxxxxxxxxxxxxxxxxxxxxxxxxxxxxxxxxxxxxxxxxxxxxxxxxxxxxxxxxxxxxxxxxxxxxxxxxxxxxxxxxxxxxxxxxxxxxxxxxxxxxxxxxxxxxxxxxxxxxxxxxxxxxxxxxxxxxxxxxxxx
xxx...xxxxxx...xxxxxx...xxxxxx...xxxxxx...xxxxxx...xxxxxx...xxxxxx...xxxxxx...xxxxxx...xxxxxx...xxxxxx...xxxxxx...xxxxxx...xxxxxx...xxxxxx...xxxxxx...xxxxxx...xxxxxx...xxxxxx...xxxxxx...xxxxxx...xxxxxx...xxxxxx...xxxxxx...xxxxxx...xxxxxx...xxx
x.x...x.xx.x...x.xx.x...x.xx.x...x.xx.x...x.xx.x...x.xx.x...x.xx.x...x.xx.x...x.xx.x...x.xx.x...x.xx.x...x.xx.x...x.xx.x...x.xx.x...x.xx.x...x.xx.x...x.xx.x...x.xx.x...x.xx.x...x.xx.x...x.xx.x...x.xx.x...x.xx.x...x.xx.x...x.xx.x...x.xx.x...x.x
xxx...xxxxxx...xxxxxx...xxxxxx...xxxxxx...xxxxxx...xxxxxx...xxxxxx...xxxxxx...xxxxxx...xxxxxx...xxxxxx...xxxxxx...xxxxxx...xxxxxx...xxxxxx...xxxxxx...xxxxxx...xxxxxx...xxxxxx...xxxxxx...xxxxxx...xxxxxx...xxxxxx...xxxxxx...xxxxxx...xxxxxx...xxx
xxxxxxxxxxxxxxxxxxxxxxxxxxxxxxxxxxxxxxxxxxxxxxxxxxxxxxxxxxxxxxxxxxxxxxxxxxxxxxxxxxxxxxxxxxxxxxxxxxxxxxxxxxxxxxxxxxxxxxxxxxxxxxxxxxxxxxxxxxxxxxxxxxxxxxxxxxxxxxxxxxxxxxxxxxxxxxxxxxxxxxxxxxxxxxxxxxxxxxxxxxxxxxxxxxxxxxxxxxxxxxxxxxxxxxxxxxxxxxxxxxx
x.xx.xx.xx.xx.xx.xx.xx.xx.xx.xx.xx.xx.xx.xx.xx.xx.xx.xx.xx.xx.xx.xx.xx.xx.xx.xx.xx.xx.xx.xx.xx.xx.xx.xx.xx.xx.xx.xx.xx.xx.xx.xx.xx.xx.xx.xx.xx.xx.xx.xx.xx.xx.xx.xx.xx.xx.xx.xx.xx.xx.xx.xx.xx.xx.xx.xx.xx.xx.xx.xx.xx.xx.xx.xx.xx.xx.xx.xx.xx.xx.x
xxxxxxxxxxxxxxxxxxxxxxxxxxxxxxxxxxxxxxxxxxxxxxxxxxxxxxxxxxxxxxxxxxxxxxxxxxxxxxxxxxxxxxxxxxxxxxxxxxxxxxxxxxxxxxxxxxxxxxxxxxxxxxxxxxxxxxxxxxxxxxxxxxxxxxxxxxxxxxxxxxxxxxxxxxxxxxxxxxxxxxxxxxxxxxxxxxxxxxxxxxxxxxxxxxxxxxxxxxxxxxxxxxxxxxxxxxxxxxxxxxx
xxxxxxxxx.........xxxxxxxxxxxxxxxxxx.........xxxxxxxxxxxxxxxxxx.........xxxxxxxxxxxxxxxxxx.........xxxxxxxxxxxxxxxxxx.........xxxxxxxxxxxxxxxxxx.........xxxxxxxxxxxxxxxxxx.........xxxxxxxxxxxxxxxxxx.........xxxxxxxxxxxxxxxxxx.........xxxxxxxxx
x.xx.xx.x.........x.xx.xx.xx.xx.xx.x.........x.xx.xx.xx.xx.xx.x.........x.xx.xx.xx.xx.xx.x.........x.xx.xx.xx.xx.xx.x.........x.xx.xx.xx.xx.xx.x.........x.xx.xx.xx.xx.xx.x.........x.xx.xx.xx.xx.xx.x.........x.xx.xx.xx.xx.xx.x.........x.xx.xx.x
xxxxxxxxx.........xxxxxxxxxxxxxxxxxx.........xxxxxxxxxxxxxxxxxx.........xxxxxxxxxxxxxxxxxx.........xxxxxxxxxxxxxxxxxx.........xxxxxxxxxxxxxxxxxx.........xxxxxxxxxxxxxxxxxx.........xxxxxxxxxxxxxxxxxx.........xxxxxxxxxxxxxxxxxx.........xxxxxxxxx
xxx...xxx.........xxx...xxxxxx...xxx.........xxx...xxxxxx...xxx.........xxx...xxxxxx...xxx.........xxx...xxxxxx...xxx.........xxx...xxxxxx...xxx.........xxx...xxxxxx...xxx.........xxx...xxxxxx...xxx.........xxx...xxxxxx...xxx.........xxx...xxx
x.x...x.x.........x.x...x.xx.x...x.x.........x.x...x.xx.x...x.x.........x.x...x.xx.x...x.x.........x.x...x.xx.x...x.x.........x.x...x.xx.x...x.x.........x.x...x.xx.x...x.x.........x.x...x.xx.x...x.x.........x.x...x.xx.x...x.x.........x.x...x.x
xxx...xxx.........xxx...xxxxxx...xxx.........xxx...xxxxxx...xxx.........xxx...xxxxxx...xxx.........xxx...xxxxxx...xxx.........xxx...xxxxxx...xxx.........xxx...xxxxxx...xxx.........xxx...xxxxxx...xxx.........xxx...xxxxxx...xxx.........xxx...xxx
xxxxxxxxx.........xxxxxxxxxxxxxxxxxx.........xxxxxxxxxxxxxxxxxx.........xxxxxxxxxxxxxxxxxx.........xxxxxxxxxxxxxxxxxx.........xxxxxxxxxxxxxxxxxx.........xxxxxxxxxxxxxxxxxx.........xxxxxxxxxxxxxxxxxx.........xxxxxxxxxxxxxxxxxx.........xxxxxxxxx
x.xx.xx.x.........x.xx.xx.xx.xx.xx.x.........x.xx.xx.xx.xx.xx.x.........x.xx.xx.xx.xx.xx.x.........x.xx.xx.xx.xx.xx.x.........x.xx.xx.xx.xx.xx.x.........x.xx.xx.xx.xx.xx.x.........x.xx.xx.xx.xx.xx.x.........x.xx.xx.xx.xx.xx.x.........x.xx.xx.x
xxxxxxxxx.........xxxxxxxxxxxxxxxxxx.........xxxxxxxxxxxxxxxxxx.........xxxxxxxxxxxxxxxxxx.........xxxxxxxxxxxxxxxxxx.........xxxxxxxxxxxxxxxxxx.........xxxxxxxxxxxxxxxxxx.........xxxxxxxxxxxxxxxxxx.........xxxxxxxxxxxxxxxxxx.........xxxxxxxxx
xxxxxxxxxxxxxxxxxxxxxxxxxxxxxxxxxxxxxxxxxxxxxxxxxxxxxxxxxxxxxxxxxxxxxxxxxxxxxxxxxxxxxxxxxxxxxxxxxxxxxxxxxxxxxxxxxxxxxxxxxxxxxxxxxxxxxxxxxxxxxxxxxxxxxxxxxxxxxxxxxxxxxxxxxxxxxxxxxxxxxxxxxxxxxxxxxxxxxxxxxxxxxxxxxxxxxxxxxxxxxxxxxxxxxxxxxxxxxxxxxxx
x.xx.xx.xx.xx.xx.xx.xx.xx.xx.xx.xx.xx.xx.xx.xx.xx.xx.xx.xx.xx.xx.xx.xx.xx.xx.xx.xx.xx.xx.xx.xx.xx.xx.xx.xx.xx.xx.xx.xx.xx.xx.xx.xx.xx.xx.xx.xx.xx.xx.xx.xx.xx.xx.xx.xx.xx.xx.xx.xx.xx.xx.xx.xx.xx.xx.xx.xx.xx.xx.xx.xx.xx.xx.xx.xx.xx.xx.xx.xx.xx.x
xxxxxxxxxxxxxxxxxxxxxxxxxxxxxxxxxxxxxxxxxxxxxxxxxxxxxxxxxxxxxxxxxxxxxxxxxxxxxxxxxxxxxxxxxxxxxxxxxxxxxxxxxxxxxxxxxxxxxxxxxxxxxxxxxxxxxxxxxxxxxxxxxxxxxxxxxxxxxxxxxxxxxxxxxxxxxxxxxxxxxxxxxxxxxxxxxxxxxxxxxxxxxxxxxxxxxxxxxxxxxxxxxxxxxxxxxxxxxxxxxxx
xxx...xxxxxx...xxxxxx...xxxxxx...xxxxxx...xxxxxx...xxxxxx...xxxxxx...xxxxxx...xxxxxx...xxxxxx...xxxxxx...xxxxxx...xxxxxx...xxxxxx...xxxxxx...xxxxxx...xxxxxx...xxxxxx...xxxxxx...xxxxxx...xxxxxx...xxxxxx...xxxxxx...xxxxxx...xxxxxx...xxxxxx...xxx
x.x...x.xx.x...x.xx.x...x.xx.x...x.xx.x...x.xx.x...x.xx.x...x.xx.x...x.xx.x...x.xx.x...x.xx.x...x.xx.x...x.xx.x...x.xx.x...x.xx.x...x.xx.x...x.xx.x...x.xx.x...x.xx.x...x.xx.x...x.xx.x...x.xx.x...x.xx.x...x.xx.x...x.xx.x...x.xx.x...x.xx.x...x.x
xxx...xxxxxx...xxxxxx...xxxxxx...xxxxxx...xxxxxx...xxxxxx...xxxxxx...xxxxxx...xxxxxx...xxxxxx...xxxxxx...xxxxxx...xxxxxx...xxxxxx...xxxxxx...xxxxxx...xxxxxx...xxxxxx...xxxxxx...xxxxxx...xxxxxx...xxxxxx...xxxxxx...xxxxxx...xxxxxx...xxxxxx...xxx
xxxxxxxxxxxxxxxxxxxxxxxxxxxxxxxxxxxxxxxxxxxxxxxxxxxxxxxxxxxxxxxxxxxxxxxxxxxxxxxxxxxxxxxxxxxxxxxxxxxxxxxxxxxxxxxxxxxxxxxxxxxxxxxxxxxxxxxxxxxxxxxxxxxxxxxxxxxxxxxxxxxxxxxxxxxxxxxxxxxxxxxxxxxxxxxxxxxxxxxxxxxxxxxxxxxxxxxxxxxxxxxxxxxxxxxxxxxxxxxxxxx
x.xx.xx.xx.xx.xx.xx.xx.xx.xx.xx.xx.xx.xx.xx.xx.xx.xx.xx.xx.xx.xx.xx.xx.xx.xx.xx.xx.xx.xx.xx.xx.xx.xx.xx.xx.xx.xx.xx.xx.xx.xx.xx.xx.xx.xx.xx.xx.xx.xx.xx.xx.xx.xx.xx.xx.xx.xx.xx.xx.xx.xx.xx.xx.xx.xx.xx.xx.xx.xx.xx.xx.xx.xx.xx.xx.xx.xx.xx.xx.xx.x
xxxxxxxxxxxxxxxxxxxxxxxxxxxxxxxxxxxxxxxxxxxxxxxxxxxxxxxxxxxxxxxxxxxxxxxxxxxxxxxxxxxxxxxxxxxxxxxxxxxxxxxxxxxxxxxxxxxxxxxxxxxxxxxxxxxxxxxxxxxxxxxxxxxxxxxxxxxxxxxxxxxxxxxxxxxxxxxxxxxxxxxxxxxxxxxxxxxxxxxxxxxxxxxxxxxxxxxxxxxxxxxxxxxxxxxxxxxxxxxxxxx
xxxxxxxxxxxxxxxxxxxxxxxxxxx...........................xxxxxxxxxxxxxxxxxxxxxxxxxxxxxxxxxxxxxxxxxxxxxxxxxxxxxx...........................xxxxxxxxxxxxxxxxxxxxxxxxxxxxxxxxxxxxxxxxxxxxxxxxxxxxxx...........................xxxxxxxxxxxxxxxxxxxxxxxxxxx
x.xx.xx.xx.xx.xx.xx.xx.xx.x...........................x.xx.xx.xx.xx.xx.xx.xx.xx.xx.xx.xx.xx.xx.xx.xx.xx.xx.x...........................x.xx.xx.xx.xx.xx.xx.xx.xx.xx.xx.xx.xx.xx.xx.xx.xx.xx.x...........................x.xx.xx.xx.xx.xx.xx.xx.xx.x
xxxxxxxxxxxxxxxxxxxxxxxxxxx...........................xxxxxxxxxxxxxxxxxxxxxxxxxxxxxxxxxxxxxxxxxxxxxxxxxxxxxx...........................xxxxxxxxxxxxxxxxxxxxxxxxxxxxxxxxxxxxxxxxxxxxxxxxxxxxxx...........................xxxxxxxxxxxxxxxxxxxxxxxxxxx
xxx...xxxxxx...xxxxxx...xxx...........................xxx...xxxxxx...xxxxxx...xxxxxx...xxxxxx...xxxxxx...xxx...........................xxx...xxxxxx...xxxxxx...xxxxxx...xxxxxx...xxxxxx...xxx...........................xxx...xxxxxx...xxxxxx...xxx
x.x...x.xx.x...x.xx.x...x.x...........................x.x...x.xx.x...x.xx.x...x.xx.x...x.xx.x...x.xx.x...x.x...........................x.x...x.xx.x...x.xx.x...x.xx.x...x.xx.x...x.xx.x...x.x...........................x.x...x.xx.x...x.xx.x...x.x
xxx...xxxxxx...xxxxxx...xxx...........................xxx...xxxxxx...xxxxxx...xxxxxx...xxxxxx...xxxxxx...xxx...........................xxx...xxxxxx...xxxxxx...xxxxxx...xxxxxx...xxxxxx...xxx...........................xxx...xxxxxx...xxxxxx...xxx
xxxxxxxxxxxxxxxxxxxxxxxxxxx...........................xxxxxxxxxxxxxxxxxxxxxxxxxxxxxxxxxxxxxxxxxxxxxxxxxxxxxx...........................xxxxxxxxxxxxxxxxxxxxxxxxxxxxxxxxxxxxxxxxxxxxxxxxxxxxxx...........................xxxxxxxxxxxxxxxxxxxxxxxxxxx
x.xx.xx.xx.xx.xx.xx.xx.xx.x...........................x.xx.xx.xx.xx.xx.xx.xx.xx.xx.xx.xx.xx.xx.xx.xx.xx.xx.x...........................x.xx.xx.xx.xx.xx.xx.xx.xx.xx.xx.xx.xx.xx.xx.xx.xx.xx.x...........................x.xx.xx.xx.xx.xx.xx.xx.xx.x
xxxxxxxxxxxxxxxxxxxxxxxxxxx...........................xxxxxxxxxxxxxxxxxxxxxxxxxxxxxxxxxxxxxxxxxxxxxxxxxxxxxx...........................xxxxxxxxxxxxxxxxxxxxxxxxxxxxxxxxxxxxxxxxxxxxxxxxxxxxxx...........................xxxxxxxxxxxxxxxxxxxxxxxxxxx
xxxxxxxxx.........xxxxxxxxx...........................xxxxxxxxx.........xxxxxxxxxxxxxxxxxx.........xxxxxxxxx...........................xxxxxxxxx.........xxxxxxxxxxxxxxxxxx.........xxxxxxxxx...........................xxxxxxxxx.........xxxxxxxxx
x.xx.xx.x.........x.xx.xx.x...........................x.xx.xx.x.........x.xx.xx.xx.xx.xx.x.........x.xx.xx.x...........................x.xx.xx.x.........x.xx.xx.xx.xx.xx.x.........x.xx.xx.x...........................x.xx.xx.x.........x.xx.xx.x
xxxxxxxxx.........xxxxxxxxx...........................xxxxxxxxx.........xxxxxxxxxxxxxxxxxx.........xxxxxxxxx...........................xxxxxxxxx.........xxxxxxxxxxxxxxxxxx.........xxxxxxxxx...........................xxxxxxxxx.........xxxxxxxxx
xxx...xxx.........xxx...xxx...........................xxx...xxx.........xxx...xxxxxx...xxx.........xxx...xxx...........................xxx...xxx.........xxx...xxxxxx...xxx.........xxx...xxx...........................xxx...xxx.........xxx...xxx
x.x...x.x.........x.x...x.x...........................x.x...x.x.........x.x...x.xx.x...x.x.........x.x...x.x...........................x.x...x.x.........x.x...x.xx.x...x.x.........x.x...x.x...........................x.x...x.x.........x.x...x.x
xxx...xxx.........xxx...xxx...........................xxx...xxx.........xxx...xxxxxx...xxx.........xxx...xxx...........................xxx...xxx.........xxx...xxxxxx...xxx.........xxx...xxx...........................xxx...xxx.........xxx...xxx
xxxxxxxxx.........xxxxxxxxx...........................xxxxxxxxx.........xxxxxxxxxxxxxxxxxx.........xxxxxxxxx...........................xxxxxxxxx.........xxxxxxxxxxxxxxxxxx.........xxxxxxxxx...........................xxxxxxxxx.........xxxxxxxxx
x.xx.xx.x.........x.xx.xx.x...........................x.xx.xx.x.........x.xx.xx.xx.xx.xx.x.........x.xx.xx.x...........................x.xx.xx.x.........x.xx.xx.xx.xx.xx.x.........x.xx.xx.x...........................x.xx.xx.x.........x.xx.xx.x
xxxxxxxxx.........xxxxxxxxx...........................xxxxxxxxx.........xxxxxxxxxxxxxxxxxx.........xxxxxxxxx...........................xxxxxxxxx.........xxxxxxxxxxxxxxxxxx.........xxxxxxxxx...........................xxxxxxxxx.........xxxxxxxxx
xxxxxxxxxxxxxxxxxxxxxxxxxxx...........................xxxxxxxxxxxxxxxxxxxxxxxxxxxxxxxxxxxxxxxxxxxxxxxxxxxxxx...........................xxxxxxxxxxxxxxxxxxxxxxxxxxxxxxxxxxxxxxxxxxxxxxxxxxxxxx...........................xxxxxxxxxxxxxxxxxxxxxxxxxxx
x.xx.xx.xx.xx.xx.xx.xx.xx.x...........................x.xx.xx.xx.xx.xx.xx.xx.xx.xx.xx.xx.xx.xx.xx.xx.xx.xx.x...........................x.xx.xx.xx.xx.xx.xx.xx.xx.xx.xx.xx.xx.xx.xx.xx.xx.xx.x...........................x.xx.xx.xx.xx.xx.xx.xx.xx.x
xxxxxxxxxxxxxxxxxxxxxxxxxxx...........................xxxxxxxxxxxxxxxxxxxxxxxxxxxxxxxxxxxxxxxxxxxxxxxxxxxxxx...........................xxxxxxxxxxxxxxxxxxxxxxxxxxxxxxxxxxxxxxxxxxxxxxxxxxxxxx...........................xxxxxxxxxxxxxxxxxxxxxxxxxxx
xxx...xxxxxx...xxxxxx...xxx...........................xxx...xxxxxx...xxxxxx...xxxxxx...xxxxxx...xxxxxx...xxx...........................xxx...xxxxxx...xxxxxx...xxxxxx...xxxxxx...xxxxxx...xxx...........................xxx...xxxxxx...xxxxxx...xxx
x.x...x.xx.x...x.xx.x...x.x...........................x.x...x.xx.x...x.xx.x...x.xx.x...x.xx.x...x.xx.x...x.x...........................x.x...x.xx.x...x.xx.x...x.xx.x...x.xx.x...x.xx.x...x.x...........................x.x...x.xx.x...x.xx.x...x.x
xxx...xxxxxx...xxxxxx...xxx...........................xxx...xxxxxx...xxxxxx...xxxxxx...xxxxxx...xxxxxx...xxx...........................xxx...xxxxxx...xxxxxx...xxxxxx...xxxxxx...xxxxxx...xxx...........................xxx...xxxxxx...xxxxxx...xxx
xxxxxxxxxxxxxxxxxxxxxxxxxxx...........................xxxxxxxxxxxxxxxxxxxxxxxxxxxxxxxxxxxxxxxxxxxxxxxxxxxxxx...........................xxxxxxxxxxxxxxxxxxxxxxxxxxxxxxxxxxxxxxxxxxxxxxxxxxxxxx...........................xxxxxxxxxxxxxxxxxxxxxxxxxxx
x.xx.xx.xx.xx.xx.xx.xx.xx.x...........................x.xx.xx.xx.xx.xx.xx.xx.xx.xx.xx.xx.xx.xx.xx.xx.xx.xx.x...........................x.xx.xx.xx.xx.xx.xx.xx.xx.xx.xx.xx.xx.xx.xx.xx.xx.xx.x...........................x.xx.xx.xx.xx.xx.xx.xx.xx.x
xxxxxxxxxxxxxxxxxxxxxxxxxxx...........................xxxxxxxxxxxxxxxxxxxxxxxxxxxxxxxxxxxxxxxxxxxxxxxxxxxxxx...........................xxxxxxxxxxxxxxxxxxxxxxxxxxxxxxxxxxxxxxxxxxxxxxxxxxxxxx...........................xxxxxxxxxxxxxxxxxxxxxxxxxxx
xxxxxxxxxxxxxxxxxxxxxxxxxxxxxxxxxxxxxxxxxxxxxxxxxxxxxxxxxxxxxxxxxxxxxxxxxxxxxxxxxxxxxxxxxxxxxxxxxxxxxxxxxxxxxxxxxxxxxxxxxxxxxxxxxxxxxxxxxxxxxxxxxxxxxxxxxxxxxxxxxxxxxxxxxxxxxxxxxxxxxxxxxxxxxxxxxxxxxxxxxxxxxxxxxxxxxxxxxxxxxxxxxxxxxxxxxxxxxxxxxxx
x.xx.xx.xx.xx.xx.xx.xx.xx.xx.xx.xx.xx.xx.xx.xx.xx.xx.xx.xx.xx.xx.xx.xx.xx.xx.xx.xx.xx.xx.xx.xx.xx.xx.xx.xx.xx.xx.xx.xx.xx.xx.xx.xx.xx.xx.xx.xx.xx.xx.xx.xx.xx.xx.xx.xx.xx.xx.xx.xx.xx.xx.xx.xx.xx.xx.xx.xx.xx.xx.xx.xx.xx.xx.xx.xx.xx.xx.xx.xx.xx.x
xxxxxxxxxxxxxxxxxxxxxxxxxxxxxxxxxxxxxxxxxxxxxxxxxxxxxxxxxxxxxxxxxxxxxxxxxxxxxxxxxxxxxxxxxxxxxxxxxxxxxxxxxxxxxxxxxxxxxxxxxxxxxxxxxxxxxxxxxxxxxxxxxxxxxxxxxxxxxxxxxxxxxxxxxxxxxxxxxxxxxxxxxxxxxxxxxxxxxxxxxxxxxxxxxxxxxxxxxxxxxxxxxxxxxxxxxxxxxxxxxxx
xxx...xxxxxx...xxxxxx...xxxxxx...xxxxxx...xxxxxx...xxxxxx...xxxxxx...xxxxxx...xxxxxx...xxxxxx...xxxxxx...xxxxxx...xxxxxx...xxxxxx...xxxxxx...xxxxxx...xxxxxx...xxxxxx...xxxxxx...xxxxxx...xxxxxx...xxxxxx...xxxxxx...xxxxxx...xxxxxx...xxxxxx...xxx
x.x...x.xx.x...x.xx.x...x.xx.x...x.xx.x...x.xx.x...x.xx.x...x.xx.x...x.xx.x...x.xx.x...x.xx.x...x.xx.x...x.xx.x...x.xx.x...x.xx.x...x.xx.x...x.xx.x...x.xx.x...x.xx.x...x.xx.x...x.xx.x...x.xx.x...x.xx.x...x.xx.x...x.xx.x...x.xx.x...x.xx.x...x.x
xxx...xxxxxx...xxxxxx...xxxxxx...xxxxxx...xxxxxx...xxxxxx...xxxxxx...xxxxxx...xxxxxx...xxxxxx...xxxxxx...xxxxxx...xxxxxx...xxxxxx...xxxxxx...xxxxxx...xxxxxx...xxxxxx...xxxxxx...xxxxxx...xxxxxx...xxxxxx...xxxxxx...xxxxxx...xxxxxx...xxxxxx...xxx
xxxxxxxxxxxxxxxxxxxxxxxxxxxxxxxxxxxxxxxxxxxxxxxxxxxxxxxxxxxxxxxxxxxxxxxxxxxxxxxxxxxxxxxxxxxxxxxxxxxxxxxxxxxxxxxxxxxxxxxxxxxxxxxxxxxxxxxxxxxxxxxxxxxxxxxxxxxxxxxxxxxxxxxxxxxxxxxxxxxxxxxxxxxxxxxxxxxxxxxxxxxxxxxxxxxxxxxxxxxxxxxxxxxxxxxxxxxxxxxxxxx
x.xx.xx.xx.xx.xx.xx.xx.xx.xx.xx.xx.xx.xx.xx.xx.xx.xx.xx.xx.xx.xx.xx.xx.xx.xx.xx.xx.xx.xx.xx.xx.xx.xx.xx.xx.xx.xx.xx.xx.xx.xx.xx.xx.xx.xx.xx.xx.xx.xx.xx.xx.xx.xx.xx.xx.xx.xx.xx.xx.xx.xx.xx.xx.xx.xx.xx.xx.xx.xx.xx.xx.xx.xx.xx.xx.xx.xx.xx.xx.xx.x
xxxxxxxxxxxxxxxxxxxxxxxxxxxxxxxxxxxxxxxxxxxxxxxxxxxxxxxxxxxxxxxxxxxxxxxxxxxxxxxxxxxxxxxxxxxxxxxxxxxxxxxxxxxxxxxxxxxxxxxxxxxxxxxxxxxxxxxxxxxxxxxxxxxxxxxxxxxxxxxxxxxxxxxxxxxxxxxxxxxxxxxxxxxxxxxxxxxxxxxxxxxxxxxxxxxxxxxxxxxxxxxxxxxxxxxxxxxxxxxxxxx
xxxxxxxxx.........xxxxxxxxxxxxxxxxxx.........xxxxxxxxxxxxxxxxxx.........xxxxxxxxxxxxxxxxxx.........xxxxxxxxxxxxxxxxxx.........xxxxxxxxxxxxxxxxxx.........xxxxxxxxxxxxxxxxxx.........xxxxxxxxxxxxxxxxxx.........xxxxxxxxxxxxxxxxxx.........xxxxxxxxx
x.xx.xx.x.........x.xx.xx.xx.xx.xx.x.........x.xx.xx.xx.xx.xx.x.........x.xx.xx.xx.xx.xx.x.........x.xx.xx.xx.xx.xx.x.........x.xx.xx.xx.xx.xx.x.........x.xx.xx.xx.xx.xx.x.........x.xx.xx.xx.xx.xx.x.........x.xx.xx.xx.xx.xx.x.........x.xx.xx.x
xxxxxxxxx.........xxxxxxxxxxxxxxxxxx.........xxxxxxxxxxxxxxxxxx.........xxxxxxxxxxxxxxxxxx.........xxxxxxxxxxxxxxxxxx.........xxxxxxxxxxxxxxxxxx.........xxxxxxxxxxxxxxxxxx.........xxxxxxxxxxxxxxxxxx.........xxxxxxxxxxxxxxxxxx.........xxxxxxxxx
xxx...xxx.........xxx...xxxxxx...xxx.........xxx...xxxxxx...xxx.........xxx...xxxxxx...xxx.........xxx...xxxxxx...xxx.........xxx...xxxxxx...xxx.........xxx...xxxxxx...xxx.........xxx...xxxxxx...xxx.........xxx...xxxxxx...xxx.........xxx...xxx
x.x...x.x.........x.x...x.xx.x...x.x.........x.x...x.xx.x...x.x.........x.x...x.xx.x...x.x.........x.x...x.xx.x...x.x.........x.x...x.xx.x...x.x.........x.x...x.xx.x...x.x.........x.x...x.xx.x...x.x.........x.x...x.xx.x...x.x.........x.x...x.x
xxx...xxx.........xxx...xxxxxx...xxx.........xxx...xxxxxx...xxx.........xxx...xxxxxx...xxx.........xxx...xxxxxx...xxx.........xxx...xxxxxx...xxx.........xxx...xxxxxx...xxx.........xxx...xxxxxx...xxx.........xxx...xxxxxx...xxx.........xxx...xxx
xxxxxxxxx.........xxxxxxxxxxxxxxxxxx.........xxxxxxxxxxxxxxxxxx.........xxxxxxxxxxxxxxxxxx.........xxxxxxxxxxxxxxxxxx.........xxxxxxxxxxxxxxxxxx.........xxxxxxxxxxxxxxxxxx.........xxxxxxxxxxxxxxxxxx.........xxxxxxxxxxxxxxxxxx.........xxxxxxxxx
x.xx.xx.x.........x.xx.xx.xx.xx.xx.x.........x.xx.xx.xx.xx.xx.x.........x.xx.xx.xx.xx.xx.x.........x.xx.xx.xx.xx.xx.x.........x.xx.xx.xx.xx.xx.x.........x.xx.xx.xx.xx.xx.x.........x.xx.xx.xx.xx.xx.x.........x.xx.xx.xx.xx.xx.x.........x.xx.xx.x
xxxxxxxxx.........xxxxxxxxxxxxxxxxxx.........xxxxxxxxxxxxxxxxxx.........xxxxxxxxxxxxxxxxxx.........xxxxxxxxxxxxxxxxxx.........xxxxxxxxxxxxxxxxxx.........xxxxxxxxxxxxxxxxxx.........xxxxxxxxxxxxxxxxxx.........xxxxxxxxxxxxxxxxxx.........xxxxxxxxx
xxxxxxxxxxxxxxxxxxxxxxxxxxxxxxxxxxxxxxxxxxxxxxxxxxxxxxxxxxxxxxxxxxxxxxxxxxxxxxxxxxxxxxxxxxxxxxxxxxxxxxxxxxxxxxxxxxxxxxxxxxxxxxxxxxxxxxxxxxxxxxxxxxxxxxxxxxxxxxxxxxxxxxxxxxxxxxxxxxxxxxxxxxxxxxxxxxxxxxxxxxxxxxxxxxxxxxxxxxxxxxxxxxxxxxxxxxxxxxxxxxx
x.xx.xx.xx.xx.xx.xx.xx.xx.xx.xx.xx.xx.xx.xx.xx.xx.xx.xx.xx.xx.xx.xx.xx.xx.xx.xx.xx.xx.xx.xx.xx.xx.xx.xx.xx.xx.xx.xx.xx.xx.xx.xx.xx.xx.xx.xx.xx.xx.xx.xx.xx.xx.xx.xx.xx.xx.xx.xx.xx.xx.xx.xx.xx.xx.xx.xx.xx.xx.xx.xx.xx.xx.xx.xx.xx.xx.xx.xx.xx.xx.x
xxxxxxxxxxxxxxxxxxxxxxxxxxxxxxxxxxxxxxxxxxxxxxxxxxxxxxxxxxxxxxxxxxxxxxxxxxxxxxxxxxxxxxxxxxxxxxxxxxxxxxxxxxxxxxxxxxxxxxxxxxxxxxxxxxxxxxxxxxxxxxxxxxxxxxxxxxxxxxxxxxxxxxxxxxxxxxxxxxxxxxxxxxxxxxxxxxxxxxxxxxxxxxxxxxxxxxxxxxxxxxxxxxxxxxxxxxxxxxxxxxx
xxx...xxxxxx...xxxxxx...xxxxxx...xxxxxx...xxxxxx...xxxxxx...xxxxxx...xxxxxx...xxxxxx...xxxxxx...xxxxxx...xxxxxx...xxxxxx...xxxxxx...xxxxxx...xxxxxx...xxxxxx...xxxxxx...xxxxxx...xxxxxx...xxxxxx...xxxxxx...xxxxxx...xxxxxx...xxxxxx...xxxxxx...xxx
x.x...x.xx.x...x.xx.x...x.xx.x...x.xx.x...x.xx.x...x.xx.x...x.xx.x...x.xx.x...x.xx.x...x.xx.x...x.xx.x...x.xx.x...x.xx.x...x.xx.x...x.xx.x...x.xx.x...x.xx.x...x.xx.x...x.xx.x...x.xx.x...x.xx.x...x.xx.x...x.xx.x...x.xx.x...x.xx.x...x.xx.x...x.x
xxx...xxxxxx...xxxxxx...xxxxxx...xxxxxx...xxxxxx...xxxxxx...xxxxxx...xxxxxx...xxxxxx...xxxxxx...xxxxxx...xxxxxx...xxxxxx...xxxxxx...xxxxxx...xxxxxx...xxxxxx...xxxxxx...xxxxxx...xxxxxx...xxxxxx...xxxxxx...xxxxxx...xxxxxx...xxxxxx...xxxxxx...xxx
xxxxxxxxxxxxxxxxxxxxxxxxxxxxxxxxxxxxxxxxxxxxxxxxxxxxxxxxxxxxxxxxxxxxxxxxxxxxxxxxxxxxxxxxxxxxxxxxxxxxxxxxxxxxxxxxxxxxxxxxxxxxxxxxxxxxxxxxxxxxxxxxxxxxxxxxxxxxxxxxxxxxxxxxxxxxxxxxxxxxxxxxxxxxxxxxxxxxxxxxxxxxxxxxxxxxxxxxxxxxxxxxxxxxxxxxxxxxxxxxxxx
x.xx.xx.xx.xx.xx.xx.xx.xx.xx.xx.xx.xx.xx.xx.xx.xx.xx.xx.xx.xx.xx.xx.xx.xx.xx.xx.xx.xx.xx.xx.xx.xx.xx.xx.xx.xx.xx.xx.xx.xx.xx.xx.xx.xx.xx.xx.xx.xx.xx.xx.xx.xx.xx.xx.xx.xx.xx.xx.xx.xx.xx.xx.xx.xx.xx.xx.xx.xx.xx.xx.xx.xx.xx.xx.xx.xx.xx.xx.xx.xx.x
xxxxxxxxxxxxxxxxxxxxxxxxxxxxxxxxxxxxxxxxxxxxxxxxxxxxxxxxxxxxxxxxxxxxxxxxxxxxxxxxxxxxxxxxxxxxxxxxxxxxxxxxxxxxxxxxxxxxxxxxxxxxxxxxxxxxxxxxxxxxxxxxxxxxxxxxxxxxxxxxxxxxxxxxxxxxxxxxxxxxxxxxxxxxxxxxxxxxxxxxxxxxxxxxxxxxxxxxxxxxxxxxxxxxxxxxxxxxxxxxxxx
