172
3 451 293 360
2 217 279
4 292 71 131 107
2 480 333
2 482 346
2 91 399
4 353 355 447 192
2 436 368
2 69 306
3 2 1 366
4 52 340 361 109
4 304 388 433 216
3 228 168 454
3 155 153 442
2 150 196
2 296 420
2 103 190
2 58 369
2 229 300
2 127 416
2 479 342
2 97 489
2 344 423
2 51 74
4 352 354 53 476
2 110 286
2 305 43
2 160 21
2 146 133
2 142 205
3 269 266 267
2 253 469
4 259 391 34 383
2 435 458
2 202 464
2 250 370
2 191 413
3 274 472 108
4 212 37 4 85
2 492 375
2 130 12
2 260 246
2 82 176
2 14 365
2 223 488
3 24 463 152
4 448 172 79 77
2 227 331
2 297 88
2 252 287
2 182 147
2 443 240
4 398 410 270 29
2 161 47
3 332 189 317
4 170 490 39 87
2 157 483
4 73 281 44 63
2 167 321
4 427 284 471 280
2 135 125
3 298 199 257
2 272 93
2 111 486
3 397 262 475
3 38 387 179
3 411 208 236
4 313 106 390 371
3 219 16 324
3 231 50 5
4 113 65 374 145
4 6 181 136 393
4 310 338 177 206
4 234 460 42 207
3 291 299 349
4 221 268 456 335
4 86 178 290 404
3 242 314 378
3 424 350 129
3 473 288 80
4 394 258 359 316
4 386 277 237 3
3 271 405 104
4 499 302 198 303
4 385 139 22 30
3 434 203 185
4 61 163 307 49
3 319 114 100
3 19 467 362
3 478 379 341
4 48 211 377 186
3 419 452 126
4 455 430 238 485
3 356 20 101
3 233 209 195
3 121 382 156
4 249 384 41 487
3 72 116 54
3 174 301 32
4 351 188 117 428
4 438 289 474 144
3 376 275 498
4 201 282 470 187
4 59 320 46 254
3 276 396 230
3 98 323 256
2 248 165
4 132 468 311 115
4 162 429 204 200
3 60 431 159
3 462 395 295
4 112 400 446 218
3 403 225 273
3 432 334 220
3 175 345 328
4 278 180 453 56
4 149 81 336 128
3 363 70 141
4 40 96 329 36
3 494 358 493
4 418 15 372 444
3 450 57 7
2 309 327
2 140 171
3 118 102 421
2 466 312
3 95 76 120
2 28 134
2 417 265
2 226 315
2 243 308
4 401 99 407 325
2 94 68
3 348 158 440
3 244 66 64
3 373 409 347
4 224 294 449 392
3 83 414 26
3 193 497 78
3 18 461 55
2 173 408
3 184 214 495
3 439 210 75
4 247 364 13 339
3 105 166 25
3 422 437 367
3 245 11 164
3 264 92 235
2 222 143
3 239 330 241
2 255 35
4 10 412 477 23
2 9 137
2 343 441
2 84 380
2 194 381
4 169 213 389 45
2 326 67
2 318 197
4 232 491 425 337
4 465 8 90 283
2 426 457
3 285 406 17
3 183 322 481
2 415 402
3 459 0 138
4 484 62 124 215
3 31 261 27
3 119 357 154
2 33 122
4 263 151 251 123
4 496 445 148 89
