1628
4 5371 1282 2765 5205
4 332 9799 5898 4604
3 9035 1751 1009
4 6596 8562 1157 5040
4 150 4054 5947 1609
2 8570 4758
3 6890 2329 2772
4 1406 2185 151 4871
2 7404 7711
4 1231 2112 9271 9048
4 4516 1049 1249 2920
3 1161 1502 8456
2 4440 1177
2 9609 4651
4 3730 2023 4990 4415
3 6425 4818 9003
4 3001 8032 2573 7178
4 3368 9063 9196 3526
3 784 5771 7541
3 3131 4337 9002
4 1336 1433 7920 5808
4 2877 7700 5593 8348
2 8412 3213
3 4801 9446 9094
4 3308 7752 9078 8866
2 3144 1439
3 7632 9920 739
4 7026 7944 8138 1160
3 3747 2422 458
4 2226 7821 3371 6623
2 4952 8117
3 6126 7121 218
3 7501 3664 4613
3 2954 7995 530
4 453 6668 2061 1013
2 2010 8000
3 1904 2531 6090
4 9276 2296 7384 2495
2 999 360
2 1731 2172
2 8725 1063
3 8694 9272 8372
3 7274 348 8584
4 9143 7888 6528 9650
3 6770 819 1131
4 3519 5845 8923 1743
2 2553 302
3 802 2946 6698
4 9453 1593 7382 9684
2 7627 6254
4 7204 970 6300 2516
4 532 1767 8767 1671
3 1806 5276 3407
4 49 4112 4498 4058
2 9862 441
2 7098 8698
4 4187 5776 4706 9602
4 4977 8516 597 9124
4 4089 1684 8293 6296
2 93 3992
2 8114 8144
2 6843 9342
2 6998 5262
2 6290 3382
2 5539 9336
3 7815 1951 651
3 2388 86 2702
2 1166 9686
4 4663 3691 3944 5875
3 8853 4094 990
2 2789 1105
3 9431 5125 3332
3 5578 3929 2318
4 6255 8785 5796 6476
2 6077 8770
2 8508 4252
3 640 5128 1118
3 2911 9230 1656
2 7753 958
4 4038 6220 2007 7003
4 678 7151 4478 3882
4 6466 3972 7230 3558
4 773 6363 7703 8286
2 7985 8592
3 131 7206 7407
2 5350 8877
3 1318 2159 7729
2 5883 5265
3 78 6448 2304
4 9566 1510 8430 9289
2 5210 5643
2 4254 2030
4 2389 9173 3596 1400
4 8851 723 1491 3463
2 5379 1799
3 8941 9029 4558
3 7991 9543 1979
4 7209 7451 8250 6359
4 7777 4774 5061 8487
3 8388 7430 8067
3 7743 5043 2307
3 7177 6973 6253
4 9802 9703 6155 9062
3 5895 16 4217
2 5483 230
2 6901 8142
2 5227 4209
2 8523 9102
3 185 9660 7553
4 120 3196 3379 954
3 1192 4564 7786
2 5257 4556
2 9749 6141
3 867 472 133
2 4048 6859
2 3963 7281
4 3258 9971 9165 7152
3 2326 292 7333
4 6903 3031 7586 3818
4 2752 2935 7796 7923
3 3793 4399 2669
4 709 1523 8047 3306
4 6052 6053 4771 8134
3 9526 1796 4047
3 7614 168 7895
4 3561 3892 7413 1827
4 8683 8453 4786 1874
3 6034 22 8842
4 1322 5729 2652 5540
4 8702 301 1476 5864
4 3092 5683 6752 931
3 6761 3951 5752
4 6514 7219 2836 3828
2 596 435
2 9059 1302
4 7809 1471 1694 9068
3 9036 4877 7859
4 9320 8608 8079 8745
4 9894 2819 7863 132
4 6495 1210 3015 4940
4 1522 6198 5785 1564
2 9833 6391
3 840 343 3903
3 2022 4791 2334
4 1372 9588 9853 1508
2 3696 1667
3 3381 2184 669
4 7509 8876 9978 8682
3 7686 4197 241
4 3135 5744 1524 936
4 594 8465 1136 7551
4 5427 1737 9487 1756
2 574 1226
3 8734 6311 6824
2 3059 3053
2 4032 7636
3 4143 425 8638
3 3927 733 1685
4 5920 6228 7592 737
2 54 3990
2 4899 8045
2 8085 2546
4 1047 6827 8648 1411
2 3476 9380
4 2862 4638 5324 1965
3 186 6701 7580
2 8786 184
3 615 2661 8593
2 468 9972
3 576 9134 5313
2 5906 7942
2 3169 6393
3 2610 9137 8663
4 9490 8363 9755 1140
2 7077 8075
4 2809 2536 2162 5909
4 673 689 270 8930
3 4312 2852 1184
4 1021 6645 4514 4055
2 1897 794
3 1618 6323 848
4 525 7454 1178 6215
2 2961 7523
3 4898 1532 8572
2 3340 4581
4 8040 2106 5131 5170
2 5696 908
3 5146 6398 7434
4 8824 3924 3153 4875
2 9044 9823
3 6180 4144 226
2 6233 6983
3 6353 7461 8202
2 4063 2231
4 9129 5602 4788 2728
2 9742 8491
2 8728 2503
3 2956 3263 1980
3 6494 3442 3313
3 6137 4546 6046
3 7087 8409 728
4 8342 3895 4170 4412
2 5754 8850
3 6005 1330 9820
4 96 9961 142 1948
3 8629 8464 6078
4 8407 1248 8911 8733
4 2481 9552 3830 7201
3 7127 3353 6417
4 5836 1507 7731 4725
3 8179 9085 4095
4 3339 7663 5724 8123
2 2532 8797
2 1809 5612
4 5793 8478 257 4690
2 8635 7864
2 3469 5585
2 311 1749
4 1856 1943 7610 5474
4 1876 6102 6715 5178
2 2098 5504
4 1742 6176 8553 2115
3 9201 3233 502
2 3307 4333
2 7349 5051
4 1952 7534 4636 7733
2 5480 2393
3 6944 2754 8289
2 1517 4699
3 2977 9611 1898
2 1326 8542
2 2676 1534
2 2483 8960
3 2289 7371 3506
3 9534 1172 3424
3 8273 8934 5481
3 4567 4097 5751
2 7588 111
2 4214 2873
3 896 3125 3883
2 192 8311
4 1050 2828 5772 5211
4 6640 6240 766 3505
2 5008 5907
3 6175 9944 9564
2 3394 7479
2 5727 6833
4 978 6003 7966 6446
4 296 5652 9542 8616
4 8997 2718 7359 8614
4 214 8803 9930 8947
3 5157 6922 7742
3 7800 5763 4504
3 5122 9860 287
4 6149 6637 4506 4179
4 2055 6498 5476 1912
4 4671 1339 3760 208
3 9198 4206 4688
2 2405 9148
4 3302 5046 18 7196
4 5149 5665 7725 8721
2 4403 3922
4 6 2160 7008 245
2 2026 3619
4 8210 4215 6648 5732
3 2216 4599 1099
2 6234 3227
4 1568 8849 3214 7079
4 328 3708 8418 2282
4 3553 3029 7785 3839
4 4066 396 2600 464
2 821 6678
2 4211 9617
4 3607 876 4964 4917
4 3002 5446 9514 9806
4 5244 3781 7545 6384
4 791 4727 164 8751
2 2662 224
2 3189 2974
4 6557 7457 849 7249
4 3757 7934 9559 774
2 7261 8334
4 6112 4465 147 8908
3 6352 6450 6197
2 8410 3247
4 7518 17 8578 9741
3 4750 6681 6972
4 4731 4126 6256 3853
4 6537 687 1552 2351
4 7302 6976 7884 28
2 3530 2039
2 1284 662
3 7314 9009 6270
2 1235 4986
4 6196 8119 9128 2598
4 8199 2141 3293 2964
4 9213 5616 2331 5905
4 8509 522 7953 4951
3 6304 6569 3547
2 1305 8507
4 5644 7841 2490 4363
3 325 9083 2929
3 4451 4562 2149
3 5426 1130 8382
4 8929 6444 2000 6157
4 4592 688 3906 6673
2 7667 6407
2 8541 2385
2 2899 319
4 2070 3420 2345 8641
4 4301 5449 5531 2604
3 3806 157 7962
3 5730 2898 4502
3 982 8737 1259
3 2711 4479 5182
4 6526 5035 3877 1347
4 3248 9182 7678 8241
2 2512 1695
3 7906 9223 9333
4 6571 9111 1509 8259
2 7441 1615
2 415 349
2 1969 8164
4 1261 3299 1154 1889
4 8056 3655 797 8722
3 7994 3078 9651
4 839 5653 8320 4874
3 152 5190 602
2 5779 4107
2 6128 3716
3 5041 304 3947
2 7847 274
4 6927 6316 3120 2267
3 8084 4646 5199
2 9011 2427
2 5029 3546
3 5577 4325 5972
2 866 5158
4 8477 767 4607 2939
3 2785 8977 6202
2 4132 6631
3 3822 726 2297
2 2272 7337
3 3817 8021 5400
4 8689 5526 5773 3566
4 6994 6481 3485 333
4 1382 3322 4000 9222
3 2567 2689 1313
4 8835 5239 3050 6110
2 6647 9362
4 3253 902 373 9214
4 6178 3840 3542 8186
2 5859 1374
2 9554 6119
2 901 605
4 7368 1396 4863 2489
4 8115 6012 1636 2095
2 275 7011
3 2668 3147 899
3 5944 3578 1137
2 4577 9415
3 3862 977 7216
4 1988 8601 7313 1830
4 4695 850 2922 6134
3 6942 1220 4456
3 7664 144 1331
4 3904 1423 5886 1287
4 3527 2907 1825 5671
2 7187 9793
3 8268 5391 4882
2 5745 2884
3 3911 8642 7674
2 2110 1350
3 5098 5505 9846
4 7647 7618 2872 4883
4 2861 7710 421 5121
3 3513 23 4914
3 9876 9100 4714
4 3559 6574 4555 9606
3 2621 1639 7236
4 4194 1214 281 9527
4 5609 8375 1711 197
4 5720 9197 9769 735
4 7515 9305 2459 4106
3 2376 4407 1699
2 1307 3205
2 9822 2769
2 4913 7367
4 9256 4150 6129 3337
4 4016 7424 6248 9468
3 3212 7387 34
2 582 6040
2 5747 6682
3 3721 4932 1652
3 2215 1031 5672
3 1590 8950 1807
2 9205 1611
3 568 1167 1084
3 8859 8426 5024
4 8714 9594 8435 4773
2 935 693
3 6960 8160 1843
2 5694 7965
4 995 8501 8548 9871
2 6614 8462
3 9670 7233 2529
4 7386 7778 1199 1090
3 9570 4149 1277
4 5600 3518 1853 2036
4 1923 8750 5013 3973
3 1209 4249 771
4 4524 9390 3375 3885
4 117 5489 9550 2766
4 7981 9359 4946 1037
3 1978 365 7693
2 1654 4372
2 7264 8780
2 3008 5187
3 5966 2344 6897
3 3396 9075 70
4 1787 859 2674 1740
4 3127 7500 3412 2398
4 4131 7834 4167 1418
4 5295 8384 5651 5515
2 1770 182
4 1800 3544 4572 3137
2 2602 3717
2 6411 9218
4 3473 1505 4884 9689
4 3567 3966 8679 5482
4 2870 3443 6989 7316
3 1848 1683 9877
2 8231 6862
4 7613 2165 4649 4522
3 2242 8543 1036
4 9748 3564 2804 1487
4 451 253 9599 178
2 7658 3413
2 6720 8272
4 3618 5375 9751 4320
4 9166 8940 5074 4902
2 8970 863
2 2656 1775
2 9321 5153
2 5377 903
4 8814 7540 8777 5791
3 8447 7633 8276
2 4724 8061
3 5019 1891 9624
3 2268 5825 6520
3 8732 3038 893
3 6963 7694 9538
4 8193 47 7579 7
3 3610 8068 217
2 2858 2706
3 1653 4394 2402
3 7320 8353 4358
4 1393 5017 7759 1429
3 3449 7622 4164
3 708 1538 541
4 8603 2584 3295 9612
2 1873 1725
3 9338 9458 8986
4 4208 6340 7727 4611
4 5156 6171 9856 3632
3 5613 5812 381
4 1939 2401 9848 9868
2 9533 7393
4 2619 9450 7567 5758
4 9382 8442 1361 8967
3 7803 1132 1744
2 3754 659
2 4523 8009
2 9932 3266
4 5579 6205 3508 6336
4 3271 6329 5207 1344
2 8872 3819
3 1669 2019 6560
3 5770 7065 8049
3 9140 2878 2356
3 6844 6576 2953
2 1323 782
3 610 3439 6711
2 4236 3994
2 2298 8556
4 9695 8626 8367 1340
4 6170 7202 4185 1164
2 1917 1804
4 6784 514 7877 3323
2 4632 5699
2 4980 4876
4 2085 5904 8387 7583
2 2324 268
4 1975 1747 9265 4367
3 6740 2751 5387
4 6550 9917 7145 4284
2 5316 8561
4 2592 8346 8132 520
4 1734 2962 7648 3072
4 2461 145 5548 8517
2 280 203
4 4011 5235 5007 6628
2 8857 9773
4 4916 6168 8322 714
3 3584 3838 229
4 4228 362 358 2887
3 4176 7252 8229
2 1818 8875
4 4374 4490 7231 8338
4 174 8650 836 3969
2 4891 8961
2 4705 1308
4 7990 8263 7013 1174
2 5472 7067
3 5181 335 2786
4 4808 8452 9383 1341
4 6410 1430 7475 1571
3 4723 2033 7237
2 8136 3866
4 2601 6719 1529 4943
4 7116 8022 2193 6161
3 7980 2444 7117
2 1987 4950
2 7533 2447
2 9724 3386
2 1196 9819
4 3950 4527 3022 9119
2 5023 6971
2 6654 5067
4 2705 9597 2649 2806
4 3749 2241 3932 3654
3 4969 2335 2859
3 9215 5198 6809
4 9585 6742 4200 9341
3 4355 5741 419
3 9486 8336 9699
2 8224 4175
3 2358 9901 5863
3 7123 6414 8129
3 2835 8310 9200
3 1781 8789 163
2 9421 9931
2 2942 318
4 3112 9986 9235 4406
4 3870 5962 1587 9014
2 5361 4807
2 9638 422
2 4435 6242
4 7356 10 2538 3582
3 6565 7616 6294
3 1371 3698 7036
4 2843 2222 4041 2124
4 9161 8305 2565 9864
3 395 6699 4796
2 7890 9146
2 5983 8244
4 7577 1677 2932 9765
4 2117 8437 604 5363
2 7992 1554
4 1321 2713 8894 7751
3 3097 1928 9073
3 1640 4267 7362
2 3727 7483
2 8395 3044
2 1972 482
3 6263 8766 725
2 795 8494
3 6213 2087 5702
3 3555 4092 3344
4 4335 32 7964 430
2 478 8530
3 633 5663 108
2 2153 886
4 854 1492 8854 1556
2 179 7915
4 59 8004 9483 1729
4 9210 3677 6676 7975
2 5399 1329
4 7118 1224 9849 9580
3 6835 2467 8696
3 9678 4811 2634
2 3523 4911
2 9042 25
2 9357 7550
2 2586 2451
4 9221 6051 4046 1840
2 9861 698
4 1179 359 648 3203
4 53 9721 7361 2697
2 7669 9663
3 2303 3880 2220
2 9977 3794
4 9183 8176 4057 5981
3 9759 558 8411
4 7083 877 177 7330
4 7549 6632 2589 6756
4 9618 7104 2475 6613
2 5885 7832
3 9356 5550 3712
2 5833 509
4 8200 6914 9363 6602
2 1937 781
2 2252 3690
4 5048 5052 6547 1851
4 3484 3083 3096 9713
2 7730 9736
4 5081 7673 7911 8010
4 1203 8063 3024 4837
3 9269 2432 7532
3 7060 6087 3491
3 207 8534 4910
4 3857 924 8524 5574
4 7818 9797 124 4975
4 4565 7296 7095 2368
2 3799 148
2 4732 5508
4 7100 6762 1450 1101
2 7322 9636
3 5817 8965 500
2 6491 2525
2 2382 9999
4 1253 1620 7530 5467
4 7594 2462 8833 7419
2 6434 1918
2 8361 4376
4 4452 711 9326 1584
3 1479 4842 5329
4 4766 6864 4496 7659
3 2731 4255 5586
4 6008 590 6022 2578
4 4405 5570 1081 82
3 9489 68 24
3 1814 4447 473
4 3889 9962 7466 8644
2 9701 7251
3 620 2596 6351
2 1625 2657
2 4822 4860
3 9870 757 9575
4 3573 8898 2912 3540
3 2577 7835 4634
2 1762 7929
3 3226 3012 7984
4 9523 7875 5245 1847
2 9101 7852
4 1409 2437 3809 9988
4 290 1569 3704 5860
4 370 1388 3697 3273
3 5514 6259 1495
4 3037 4617 1681 5197
3 2002 9015 1688
2 1046 2086
4 6577 5948 7624 1589
4 9965 9576 9900 4475
4 2254 7970 1044 439
4 6451 6436 7105 9122
2 2206 4972
4 6794 6243 4708 9361
3 6315 4856 4078
2 9372 7507
3 3209 9329 2470
4 8137 9561 512 8801
2 5167 1732
3 4892 414 6471
3 6920 7666 9680
4 4692 8425 1922 4716
3 1783 8633 8108
2 4427 6026
3 8821 8804 3347
4 2499 3272 371 4657
3 462 4221 3123
2 4734 8955
2 9644 9282
2 5304 4470
3 5719 6275 2685
4 2243 1817 4139 9747
3 393 4982 37
3 8793 2057 7898
3 1194 6356 2016
4 6203 7221 5082 5584
4 7415 5136 6297 7344
4 5547 8198 1197 9350
3 7496 9251 1043
4 6367 7662 1888 9752
4 2221 7057 9121 4439
3 1959 4246 2472
3 378 5952 9156
2 2812 9436
4 2798 9675 4720 5020
3 2781 4605 2730
3 6990 8918 7878
3 6210 346 8097
2 6480 7276
2 8757 1878
4 4717 8579 7363 9507
3 5059 3146 1953
4 9573 4659 947 2891
2 3292 1119
2 1149 3154
3 2237 3902 8472
4 9895 5457 5657 7734
4 8003 4668 7922 8168
4 4925 5219 2628 5214
2 2996 8879
3 6223 221 3141
3 9332 8093 3581
3 9158 3878 8298
2 2715 2934
3 9858 9927 20
3 1563 4598 6805
2 3854 6799
2 2357 406
3 8180 1793 2608
4 9726 2854 2879 4960
2 5327 4425
4 5891 8701 5271 2009
2 9031 256
2 9698 4843
2 1777 5549
2 668 4591
4 4550 7326 8485 3844
3 1606 6766 2264
3 1058 5268 4826
3 7931 7665 6630
4 5544 7861 6738 6856
4 6651 198 3802 9922
4 9286 6289 3330 2006
4 4579 5001 4147 7369
2 8535 2330
2 729 8038
4 7250 642 5823 8915
4 9106 4044 1955 3583
2 7005 6792
4 7740 9843 321 5551
2 1949 1335
3 2746 1536 4488
4 6757 4661 5488 9908
4 2555 2811 56 1833
4 7406 4064 4511 3352
4 9238 1714 916 5902
3 4155 7194 2205
4 9433 8152 4551 5172
3 4136 5658 115
4 5854 7166 2726 9302
2 5014 5778
4 7937 9813 7825 2274
2 1135 7946
2 7606 2771
3 8347 1230 5573
3 8103 9582 9863
2 9775 3984
4 149 8423 2375 8845
2 227 7307
3 3115 6227 1170
4 1440 146 6981 1117
2 9297 2138
4 2544 6534 1094 3475
4 4390 6123 58 7726
2 6185 9189
3 3939 9957 8667
3 3316 5189 3401
2 6923 8034
2 5838 9933
2 6592 6509
2 4923 2645
3 3748 7559 5234
2 5386 7222
2 5260 9457
3 9013 9771 934
3 2227 5398 459
3 2328 6822 57
2 7416 8778
3 9836 4783 444
4 3557 2265 3089 6042
4 1861 8506 1724 3791
4 1930 489 2277 2874
2 8374 4220
3 2281 4709 6620
4 962 887 7543 1004
3 3334 4840 9745
2 4426 3035
3 6563 7490 8903
4 4124 9976 2309 3244
3 9149 3324 6229
4 9734 2278 8239 7318
4 7839 5255 6583 635
4 5849 7499 2127 3511
3 862 1788 6697
2 5281 9548
2 658 5900
4 8810 4907 9987 4495
4 556 5058 1234 7954
3 1032 8806 5161
4 6834 6016 9730 5941
3 3580 2549 9260
4 6146 1483 7088 7814
2 3493 8880
2 8405 4232
4 7385 9263 3672 1934
2 7706 4371
3 4173 7849 554
4 2428 355 6111 9637
3 316 3300 8740
2 81 8220
2 8758 7033
2 6549 1664
4 1056 926 3746 2716
2 8968 4019
3 7315 5471 8618
4 6724 480 9220 1726
4 5518 4259 5366 7319
2 1171 7138
2 4060 6412
3 234 9418 5872
2 4103 7097
4 3997 9325 4307 5553
3 8486 1755 5443
4 2572 4847 1996 3357
2 538 4305
4 3750 9532 2814 8026
4 4557 3674 67 8658
4 9328 5173 8712 960
4 1562 5325 9530 8133
3 5206 9022 7247
2 1283 121
4 7936 2008 847 5918
3 2028 4689 2210
4 1484 85 2535 9746
2 5840 7069
4 9995 6280 2707 2062
2 4323 4224
4 8652 1632 7824 263
3 3783 5422 7460
2 2038 8118
2 1485 7590
3 1250 5628 4747
3 2198 4339 7889
3 9194 9261 2294
2 6428 5533
3 4538 906 5104
3 1961 8028 1279
3 6674 4387 6452
2 4979 173
2 3416 6617
3 7799 1227 2065
2 238 9229
2 4453 8554
3 7418 4398 6746
2 1074 4330
4 8470 9921 3845 7671
2 5382 8924
3 949 3930 3824
4 1015 9667 5191 6870
2 5340 2520
4 6490 6522 8333 2148
3 6952 3894 956
4 3278 6389 6226 7050
3 9047 499 9337
4 9649 8247 2585 6309
4 3028 5622 6938 6638
3 6118 8256 6258
2 8080 4290
4 1146 4322 5494 5945
4 7064 9131 674 1707
2 3023 833
3 4052 9475 4787
2 2280 7071
2 1612 3611
2 6158 8602
3 4662 1649 5897
3 7653 89 7132
3 6828 9754 9181
2 5107 7856
2 209 9571
3 7805 3509 1480
2 194 2500
2 4260 7165
2 5183 8686
4 5522 5418 5794 8215
2 8159 4588
4 5970 4861 1820 4703
2 3810 8109
2 6283 4821
2 3935 7243
2 8309 3327
2 9204 9270
3 6612 3615 9985
3 7761 4314 4880
2 8511 911
2 2556 118
2 4675 2579
4 666 2155 2228 8991
2 1614 7086
3 2105 8166 7608
4 9690 9966 2686 7464
3 9280 6246 4104
4 6984 1570 2400 8434
3 579 511 7395
4 2020 6380 3945 6306
2 7140 9323
3 7960 4298 2837
2 3705 1191
3 6232 4434 1546
2 6456 4996
4 2795 7290 384 4561
3 6096 3812 5848
2 1915 9400
2 8613 5266
3 8886 7298 9406
3 2514 9105 5829
2 409 3385
3 4918 7289 4775
2 5635 9929
4 2457 1100 5815 3516
4 9888 4386 8775 2395
3 6993 865 6332
2 5681 5774
4 8677 188 1821 6656
3 9553 1754 8086
4 3114 5991 9539 8697
4 2407 5341 8258 3769
4 1595 4467 8043 5094
4 9459 7512 6778 5362
4 3648 4090 6381 2080
4 9419 1364 2488 2509
4 6350 6540 9471 385
2 7639 3777
3 7554 2101 5950
4 7683 8606 1723 307
3 1221 8440 4392
2 1045 652
4 3134 7558 9414 6680
3 5200 801 8571
2 6237 6098
3 5106 3482 6244
2 5557 4285
3 3355 6727 5175
4 5916 8861 39 5813
3 4116 4596 6887
4 1895 2060 2985 7715
2 6265 8011
3 3178 3521 3425
2 6499 3466
4 4904 5044 4381 804
3 9838 9524 5168
4 1159 4640 8519 7943
2 1992 2386
4 6935 1353 8639 5101
3 3265 937 6581
3 1678 31 1475
4 6144 7522 593 4361
4 3692 5278 5487 7692
4 7253 2994 9151 5378
3 5345 5140 7134
4 5028 9135 8964 2783
4 5824 7074 6326 4879
2 154 6163
3 3402 2947 1120
4 1181 6076 6811 4992
4 3129 3912 9714 3718
4 2300 4965 5686 6426
3 8815 8864 756
4 2687 1233 7198 8636
3 9225 143 6432
2 7578 1831
3 613 7423 7850
4 4188 8746 8907 7426
4 7823 8376 1116 8673
2 984 3267
4 3940 8116 3155 2259
4 8253 6558 745 4222
2 6195 8546
4 9828 2190 3563 8153
4 8267 4076 5625 7643
2 7584 959
4 8187 9942 5359 2305
3 4030 6852 1452
3 6692 789 7365
2 5783 8500
3 7329 7085 6002
2 987 6675
4 1200 9365 8449 3745
3 6899 6604 5598
2 7022 3268
3 4544 1208 1494
4 6184 835 3808 1526
2 922 5410
3 3893 9008 9770
3 183 740 4578
2 603 7453
2 9910 2583
2 9126 4845
2 5828 972
2 5926 2673
3 457 8206 6121
2 6519 4793
3 1027 7724 6636
3 1138 5511 545
4 4823 8715 5277 1822
3 477 3246 1201
3 347 6814 7544
3 5834 5373 4789
2 1190 7782
2 1415 4978
3 1909 550 9502
3 8277 2136 3099
2 3827 3199
3 4537 3004 9028
3 1892 305 293
3 1867 2554 2987
2 341 5640
3 6818 2169 5066
3 2207 5850 5731
2 921 6334
4 818 3176 7945 2968
3 7899 3017 2466
3 7826 868 4031
4 297 236 5056 3132
2 2035 2378
2 9007 6551
2 1237 5820
2 1180 1679
4 9123 3087 5236 5330
3 2591 8235 6774
3 3543 7018 2632
4 9525 4244 5931 9252
2 2170 3879
4 4137 5835 7148 3686
2 6961 452
4 6932 2125 8204 5559
2 1134 5809
3 7556 769 4726
4 5633 4375 5615 1533
2 3685 156
3 7229 5132 8640
2 7833 4283
2 4893 5693
4 8238 825 9631 404
2 7129 3591
2 7059 6853
4 6208 7310 5380 7346
4 3 3451 2313 1883
4 5896 6703 7037 8711
3 5429 1404 3539
3 5980 5192 2050
2 5010 4770
4 3956 4865 1877 3985
2 2541 200
4 2196 6611 7101 1839
3 6463 9114 7170
3 6430 6600 2046
4 4102 6913 11 9528
3 7096 6629 3807
4 998 3987 7262 8197
3 9423 7163 930
4 4318 9620 8754 7569
3 8438 3590 5676
4 1311 8299 6700 6366
2 3225 7712
3 6093 3312 4482
3 1080 6506 5939
4 6419 717 8839 9691
3 392 4858 9767
2 4691 3454
3 160 3261 2143
3 2417 4279 5621
3 4693 8141 7758
3 2072 3587 675
2 1029 9604
4 5908 2367 3983 9096
2 6308 7075
4 3297 6152 8222 3811
2 1087 2758
3 4549 83 4935
3 8573 8654 2564
2 5957 872
2 2808 4890
3 691 6307 4981
3 793 6544 8900
3 8393 796 13
2 491 258
3 9737 719 6739
2 424 5617
3 6473 9709 1516
2 4262 6539
4 4573 5839 9984 4442
3 1716 2464 8776
4 5733 565 2043 5899
3 4679 9941 9744
3 828 2239 6803
3 1093 5903 7795
3 6405 4948 199
3 8952 1369 6846
3 5951 1869 4595
4 7939 7950 7516 4670
4 9511 634 8172 1073
4 9996 4656 240 313
4 7305 586 2548 201
3 8870 5917 3124
2 5870 6559
4 8431 2802 7862 8811
2 69 2166
3 7959 7400 7273
4 7135 3842 8779 9568
2 8731 5844
3 4419 608 3060
3 2068 7948 9948
2 4009 2709
2 7807 9954
3 2480 7275 2235
4 4600 3496 9784 1359
3 845 5510 5594
4 7010 3121 471 300
2 342 2883
3 7410 7581 953
4 2944 6060 2952 3673
2 741 9717
4 172 4331 1061 750
3 2841 4894 2990
2 9787 4356
3 643 3941 4939
2 9963 1206
3 2442 6225 1778
3 413 2824 9578
4 8671 875 6769 1378
4 1845 3899 251 2486
2 7793 508
2 1789 1275
2 1700 3949
4 8692 6273 4639 3367
2 9632 2311
3 1416 5346 8808
4 6956 9425 264 9626
3 9172 3274 4804
3 7868 6586 9346
2 7091 2563
3 9491 5409 1403
2 6177 8135
3 4833 8539 8177
3 9274 4400 6478
3 4468 5424 9785
4 5209 2323 1085 8036
4 5536 955 9879 6421
2 5527 7882
4 9154 915 3913 171
3 249 9603 7014
3 2950 487 3105
3 5736 356 827
2 621 3058
4 2506 7876 7914 889
3 6264 5164 6726
3 8759 6541 7907
2 1316 9825
3 8756 6669 7634
3 8355 9157 4248
3 3744 6331 4630
4 2134 8752 2024 844
4 3608 2848 5530 7542
2 2900 9411
3 3965 8665 8897
3 5523 3782 2201
3 6959 6245 97
2 4344 7459
3 8502 3006 6409
3 7813 7957 6510
4 3047 8837 4961 992
3 5986 2892 3364
3 5882 9635 3052
2 412 573
3 193 225 4291
2 2664 3803
3 7925 4428 9535
2 3639 5177
4 4074 5873 62 8242
3 9555 8716 7788
2 1993 1111
3 5233 1165 2453
4 9243 780 645 2612
3 1271 1586 6328
3 4340 6291 9855
4 213 6882 3689 8834
3 7672 1841 2179
3 7557 4623 1212
4 8607 5096 9907 2776
3 3280 6492 7078
4 7278 5627 909 8527
4 3914 3724 7220 6015
4 1122 9952 4532 7748
2 4 1188
2 3383 5049
4 4509 683 9866 5083
3 1624 3536 1638
3 8645 279 128
3 5097 6962 6104
4 5756 1908 9038 4958
3 136 2741 8454
3 6664 6373 5253
4 3626 9267 9307 71
4 1601 7603 8609 8653
4 6731 6320 5610 7617
2 5466 5108
2 5430 8001
3 4163 9590 5958
4 6964 4534 5368 4953
2 6516 746
4 898 923 6396 5174
2 3361 7030
3 8493 4518 8771
2 682 1696
4 8932 4043 529 2627
4 7432 7596 3681 9187
3 2722 8321 8064
2 5938 1753
3 6812 2152 4669
3 5442 9830 7197
4 2983 9299 8597 1467
2 7504 6850
4 2723 820 7259 4036
4 7444 8873 6312 6459
2 4633 6635
2 6500 7791
2 7741 8002
3 8089 8822 4069
4 4702 8240 9529 2096
4 6685 407 7238 5998
3 5881 1549 2595
4 3647 3792 443 7208
4 1810 7677 8659 9572
2 8985 831
4 730 8990 7764 9407
4 4351 7629 2308 2340
4 9906 7525 7529 9004
4 5592 4957 336 9795
2 4461 5005
2 9498 5213
4 9443 6477 3579 1228
3 1286 7828 1266
2 6429 1496
4 6582 7489 4161 9946
4 7255 534 6361 2320
4 60 7443 9340 2817
3 4099 372 8252
3 2412 1453 3789
4 7186 7175 562 2694
3 858 1461 3873
3 1627 4855 9313
4 3980 4859 6036 1704
4 3531 2260 6662 5879
4 7524 4093 1717 4469
4 7215 7526 3223 289
4 2089 8044 2732 1994
2 6772 180
4 1129 2484 9852 6365
2 533 6508
2 6371 6420
2 291 2550
4 6849 9776 278 1010
2 7102 7688
2 3860 8406
4 4949 8413 5461 8027
4 2293 8332 2364 446
2 8461 9807
4 1256 2191 6553 3891
4 6616 5492 4867 3593
2 2928 6533
2 3389 1553
3 8994 7502 2498
4 3978 3104 137 6058
4 6377 9072 4627 9192
4 4790 1106 4410 2129
3 968 1504 6479
4 2295 6857 3239 5355
4 9779 5503 7391 7119
4 6531 5389 9896 1512
3 5599 1574 3438
2 2803 9301
3 252 7804 7565
4 3595 8828 611 5240
4 5901 170 45 7480
4 8563 4235 7267 727
2 6279 8282
2 7139 803
3 6301 4489 4628
3 6064 9692 5769
2 8441 7830
3 753 6035 6497
2 8190 1984
4 3170 8736 3257 3869
4 3107 4079 9246 3362
2 2747 9162
4 8081 432 5728 5803
4 3896 7757 676 5713
3 3875 3021 6590
4 6160 6302 7397 7094
4 3694 8264 3428 2167
4 463 2575 7756 4912
2 3636 7093
2 1006 1634
4 5865 4926 540 7375
3 8727 4736 3665
2 3286 6075
3 5064 6513 2435
4 4959 2957 5308 3062
4 9778 103 9629 9092
2 7514 5632
3 3174 40 4694
4 7870 8823 8297 8059
4 2064 44 5416 4644
3 76 3311 4245
3 2173 4088 7510
2 303 7883
4 948 4240 4402 3499
3 9398 5558 7555
2 703 6457
4 706 7595 3106 6147
3 5370 8165 5800
3 1127 8316 2775
4 3480 5250 2566 6721
3 7024 3621 1514
2 9311 7000
4 7308 8163 9968 7439
4 7494 1152 4711 4230
3 5606 4742 1377
3 2120 1519 9413
3 4001 7963 7600
4 6313 2571 2203 2045
3 6744 4653 8212
2 3846 6848
2 8796 7607
3 2799 8978 9768
4 9366 5332 7155 4151
3 7176 2047 5460
4 8632 3075 8938 8035
3 8498 9488 5237
3 2232 8675 2533
2 9296 4830
4 1761 6231 6965 7917
2 7017 61
4 6370 7880 7210 6627
2 7682 8868
3 6529 8987 6095
4 2381 2905 6578 6800
3 417 9859 1110
3 2903 8139 1270
3 8340 9234 2881
2 5993 6937
3 4798 5714 9540
2 2508 4273
3 1971 4678 6484
2 9327 5413
3 3849 616 7190
3 6524 9152 7309
2 7399 9557
2 526 4525
3 2418 9232 2288
4 7851 1763 3309 4480
4 398 4574 8148 6735
3 4841 5323 2333
4 1673 9761 9091 7463
2 8791 4621
4 2749 1946 3167 7699
3 2025 4635 8919
2 6902 1728
3 860 8863 9656
4 1621 2213 8233 2736
4 1062 1205 1381 8325
3 3517 9600 8037
2 6607 2271
3 4777 9659 3761
4 3775 9374 5310 7136
4 7409 2642 6467 5383
3 3431 6130 101
3 9179 5611 7695
2 7574 5100
4 3188 5517 6873 7374
4 6839 1071 8591 8287
3 649 1296 2199
4 8466 1998 8707 3728
2 7068 6545
2 428 2827
4 912 6188 7536 7149
3 3445 6023 6068
4 4650 760 6206 33
4 7770 6649 1718 5954
3 3841 2949 7881
3 2102 3651 6357
4 9732 5919 7445 6842
3 9496 8015 4713
2 312 1705
3 6387 3076 8709
3 9810 2137 6148
4 3715 4473 9354 973
4 9019 3228 4430 2342
2 7172 5979
3 1292 7110 1299
3 7150 2570 4554
3 6517 1958 1935
2 8555 3993
3 1426 1768 2712
2 9314 388
2 2384 8379
4 778 8651 3795 3437
3 4839 6659 7971
4 864 2212 4135 7168
2 7042 1401
3 8981 3773 5077
3 1801 1986 6261
2 6199 1932
2 9150 8344
4 6655 9247 4004 7704
4 6038 4352 8167 1427
3 189 2163 2951
4 3376 3356 2941 3055
4 8625 1701 7972 6777
3 3020 1535 5994
3 2144 7812 7521
4 7108 1385 3678 6567
2 8098 3788
2 7736 7938
4 110 5163 1114 8284
2 6174 4237
4 5357 6404 3629 6823
4 3229 3042 9344 654
2 4966 8473
4 210 4989 5086 206
3 3208 7642 288
3 4994 644 7713
4 9283 7103 55 6050
2 6643 6454
3 1288 7684 4308
3 9711 3235 7471
4 3276 1332 6585 9519
2 2825 9186
3 431 8326 9993
3 3262 7903 2406
2 3620 5073
4 4631 6702 6677 1812
3 3504 8576 2629
3 5254 2240 2390
4 1542 6342 900 8684
2 4369 917
2 9264 8975
2 9070 6841
4 559 2091 628 5513
2 983 195
3 8031 3679 4887
4 1445 7993 4091 9376
3 9065 2074 9613
3 3887 9891 6925
4 4933 8954 4026 6443
4 6782 2558 1713 4141
3 6953 2560 1985
4 8617 4997 8956 8328
4 5441 4491 139 1351
3 9887 1646 5401
2 5148 1133
4 7927 4685 8612 976
4 3145 2672 2343 5566
3 9089 4156 4196
4 8397 1591 9569 4619
2 9239 322
3 3318 6189 8201
3 5959 5631 2164
3 9584 2469 4942
4 834 7696 5856 589
2 9159 1610
3 5397 1488 8996
3 6671 9958 94
4 1866 4474 5721 8889
3 7043 1870 6063
3 6472 7491 7969
4 6483 8101 3905 9546
3 6132 9882 6958
4 8392 4655 6639 2545
4 6713 9935 6915 8401
4 8161 7924 7983 6733
3 9294 4767 3884
2 4664 6085
2 7045 6156
4 1837 6364 5166 3617
4 5649 8468 2999 6193
4 7792 8058 4100 752
3 5804 5718 6917
2 7783 5280
4 5336 5556 6705 1260
2 1880 4987
4 884 1708 9397 4696
4 5496 6133 8537 4559
3 1774 6831 1527
4 8670 7436 4792 8529
4 5047 4704 9429 204
4 7412 7130 1464 6266
3 6851 3281 159
3 9647 9209 4193
3 5666 9086 8196
2 3474 7820
4 3422 9583 3641 2924
2 4810 2410
2 6257 1703
3 9844 4487 2805
2 9914 6031
3 9227 6725 433
4 2727 5006 9 8585
4 5251 3149 9614 1561
4 3942 684 63 4886
3 7902 2750 3787
3 4286 3657 0
2 6187 5279
2 27 3719
4 1357 2123 1383 4134
3 465 1012 919
4 6605 1886 7689 622
2 5977 811
3 3743 9892 2399
4 631 5705 5118 7218
4 65 7978 6580 1001
4 8479 3765 6584 2246
3 5641 2793 7388
2 3756 437
2 9556 8417
3 5026 1650 2527
3 3515 1835 7951
2 1142 7427
3 7631 30 639
3 9679 401 1469
2 7408 4535
2 3635 4098
3 1836 1661 6904
3 5831 5134 1086
2 3784 7228
3 2059 8383 4238
4 636 3142 5090 1096
4 7447 9873 3825 2759
3 8568 1983 9633
4 2353 2245 6010 5710
4 4359 7956 1642 9043
3 2683 8729 6127
3 1899 5171 8525
2 7092 7340
3 2011 361 3186
4 5982 5777 6666 8094
2 5949 8318
2 483 3082
3 5060 405 3085
3 4226 4906 7546
4 7896 7032 9722 6957
3 7697 1276 9716
2 9577 3108
2 5910 6021
3 7019 9367 3541
4 283 5529 2647 4293
3 800 3859 1376
2 7547 5853
3 1849 5212 1865
2 4174 5912
4 5462 2590 8183 2937
3 8398 456 842
3 8773 219 3570
4 403 4983 2456 3126
2 1501 1513
4 6747 1202 3834 1040
3 2234 9655 7048
3 4501 9595 1616
4 8019 7286 9241 4292
3 5534 1868 3798
2 2373 376
2 6222 3534
3 6595 3161 8753
4 9974 656 7153 9464
4 6192 9545 4582 4357
3 383 4508 6796
3 2762 4922 8314
3 7744 9710 516
2 507 8110
4 9275 6985 1936 5155
3 5343 8726 8564
2 2154 9720
4 8931 6028 8150 8874
4 1598 9719 3011 3498
2 2980 5538
3 7357 3926 5208
4 4870 5151 5563 1712
3 8643 467 153
2 6748 3821
2 5356 8784
2 2485 7561
4 461 6252 3457 7819
3 6125 7223 2012
2 2310 4851
4 6017 2337 5832 3991
4 2982 5989 4995 9295
3 3753 4746 7675
3 618 894 3216
4 4814 1819 9456 2081
2 7248 4297
4 9168 1648 1976 9499
4 1765 87 6988 513
4 7212 9605 9426 8865
4 8637 9250 3736 738
4 7425 9549 1023 1668
4 8143 9394 5451 8006
3 3370 1750 2875
4 3136 1422 9016 5869
2 7488 3843
4 8432 7090 9880 7768
4 4637 3656 5042 7961
3 4311 7602 6097
4 4848 5583 5231 2094
2 1622 9521
3 9551 123 8567
4 4521 5085 1735 1884
4 9959 6107 9818 1115
2 2425 7789
2 3917 5294
3 7640 9885 3888
4 8895 7041 6415 846
4 6741 885 4202 9368
2 1824 4571
2 5470 5045
4 4233 4449 8189 5913
4 211 5203 4477 1720
3 4172 2582 4529
3 6693 402 7721
3 3933 1665 4553
3 3411 4328 2671
3 5725 5246 2463
2 6293 7292
4 1963 9718 4857 2927
