1628
4 5357 8148 9906 6404
4 7710 5913 8754 5121
4 3629 8785 6584 6255
4 421 3987 8197 398
4 1737 9487 4386 2094
4 2589 998 1756 5583
4 6735 9612 2395 7529
4 5796 5515 4233 6632
4 6655 7923 8873 3015
4 7704 7444 8437 5905
4 7262 5427 8452 7796
4 2096 8733 8407 6459
4 820 6476 8479 9213
4 1729 9004 2584 8603
4 683 3302 9529 2222
4 6640 4449 8189 6839
4 9354 2489 7569 59
4 4318 5744 4100 1287
4 5231 6312 1248 604
4 9483 4004 5416 8320
4 3904 9765 2545 9383
4 7108 3715 2061 3135
4 3697 973 7792 5211
4 9620 2155 666 8004
4 370 9247 9618 5363
4 2861 4695 1423 4863
4 8585 6639 44 8392
4 1081 6668 4106 2752
4 7168 2687 8854 2117
4 5570 3942 4041 4090
4 7064 3505 4036 674
4 461 7100 3273 7936
4 4147 8287 3295 7549
4 4848 8641 8689 1396
4 2723 5616 1341 8058
4 2331 2345 8775 6823
4 4788 7136 2598 5918
4 1492 5090 1556 1385
4 2935 1677 5886 2968
4 5251 3825 1114 5083
4 110 752 6756 8384
4 8591 5773 6196 948
4 2008 6702 9129 766
4 8240 1524 8911 1561
4 7525 6613 4644 3457
4 4473 3484 864 9894
4 8119 1013 9128 4574
4 3647 5052 1491 7819
4 3626 453 132 5526
4 2459 4670 8777 8814
4 7515 7577 839 2212
4 5001 5592 2843 9959
4 962 7290 8639 7595
4 7939 7368 7950 3656
4 3149 2196 684 3176
4 4874 2728 8612 5042
4 9131 1388 4983 371
4 7101 9267 2246 9256
4 9813 63 3678 2064
4 6240 3607 5651 2548
4 9614 9986 9295 4916
4 4374 8803 82 818
4 7369 7863 1101 5791
4 9019 3420 847 9888
4 7834 4405 2080 6762
4 8837 6677 4631 8636
4 7543 5945 8152 7937
4 1214 1115 876 8284
4 7259 2124 7313 4685
4 1233 2475 9539 384
4 7516 6782 4430 2558
4 2964 4655 7927 7135
4 4194 2070 7198 1707
4 9559 4959 2994 4151
4 854 1164 336 936
4 3228 4964 6381 3765
4 2115 1210 3047 7757
4 4167 2922 8063 2060
4 4961 7945 5653 4886
4 7201 7540 5713 4917
4 1203 281 9568 6550
4 8991 1004 3940 7208
4 3309 5602 1146 1830
4 2228 7961 4702 5046
4 7104 1322 3499 9818
4 5214 4509 3792 2274
4 4957 5989 6252 7409
4 1094 4185 9305 4240
4 4135 5982 3896 636
4 4320 2727 8010 9063
4 8465 7715 4579 7825
4 3463 887 5048 1353
4 1071 976 2932 1671
4 2267 3542 1851 7308
4 3566 3096 6495 5295
4 954 3293 4925 9
4 7359 8608 4940 5310
4 9307 443 1955 6935
4 3451 18 6168 2456
4 8745 5625 9795 1450
4 8242 1050 594 7305
4 9235 5931 2481 8387
4 2819 4131 6170 3042
4 1734 8116 3142 4141
4 7145 2141 5219 1742
4 6107 3114 3795 3437
4 47 7579 850 3376
4 8851 4637 3024 7316
4 9552 7088 3781 8485
4 1812 7202 714 3337
4 1713 9690 1946 9946
4 9965 6957 2686 7
4 5006 4074 1895 3196
4 9525 2759 6129 4657
4 4112 8553 7725 8865
4 6580 6882 5665 9366
4 3272 7896 2499 9527
4 71 4406 4561 4102
4 4475 8250 4619 5209
4 4847 3840 7032 6134
4 2749 7447 7648 7583
4 2045 62 3357 9866
4 9532 8332 49 5383
4 9917 3155 5873 213
4 2736 4058 6178 2572
4 2342 9196 532 3844
4 8626 3170 5494 6842
4 1591 4322 1568 3072
4 723 4076 5777 8644
4 3686 2726 9966 9119
4 8767 8193 6176 4235
4 5163 9365 201 120
4 7326 4808 5729 2340
4 4402 745 2642 2652
4 9106 4638 1433 5919
4 7673 2814 3745 8101
4 2544 9856 2828 586
4 7166 6769 7451 1839
4 7196 7551 3757 8478
4 9572 2085 9576 4390
4 3475 6534 9344 992
4 6547 727 1988 7851
4 2982 8506 7643 774
4 8322 6571 7464 8338
4 7079 3889 1724 4902
4 4139 2628 2862 2870
4 859 4550 5101 8375
4 8397 3593 6537 6602
4 7148 403 3842 1552
4 780 1845 1357 3112
4 5156 2323 6927 1085
4 5652 2795 58 1621
4 4244 8079 1564 9263
4 4150 7920 8997 8267
4 4490 3672 8736 9542
4 8115 5081 7445 6558
4 2300 9302 8233 5904
4 2308 4480 1418 8601
4 1160 1383 6171 9722
4 2619 6038 2293 9514
4 5366 6913 3648 3689
4 9900 9320 7083 9528
4 3869 7922 7391 9151
4 5772 6611 1934 7231
4 7703 2123 3583 4293
4 1711 6147 5686 3083
4 8616 2305 4690 8138
4 778 9275 2941 7944
4 9243 6329 1096 332
4 9873 245 2160 2243
4 3526 5540 9433 4351
4 8094 6359 6777 7267
4 2313 3126 6050 2817
4 4044 333 5096 446
4 1136 1509 171 3106
4 8167 3950 7953 2962
4 6123 2985 565 3618
4 1763 8199 6467 3519
4 1336 5324 5622 2036
4 9374 2282 8367 9289
4 5136 7494 3257 7756
4 7726 4284 4498 373
4 8956 1340 9974 8722
4 4551 7466 1049 6477
4 7385 3253 8286 5600
4 4837 5609 1767 9585
4 3775 7671 2674 463
4 9784 2535 177 5518
4 6567 3899 7814 9732
4 6481 5845 5239 8721
4 5172 7026 6989 2259
4 65 2023 8186 9747
4 8348 2351 8026 1202
4 6985 676 4995 8501
4 2718 7700 7050 3229
4 8701 1359 3002 7212
4 2203 6363 9340 9691
4 321 8047 8346 188
4 4965 6313 8834 7209
4 3708 9649 2920 9271
4 8187 2944 9111 654
4 6616 8253 3632 6426
4 8563 7545 9252 9942
4 7981 8477 2009 4912
4 1817 9778 2213 717
4 522 3913 4951 9751
4 7862 2364 9443 8430
4 3485 8449 1861 902
4 7204 103 3368 9124
4 1372 1228 7978 7330
4 2571 2112 2647 1231
4 3356 4352 9550 3443
4 4582 4137 9123 214
4 709 8811 2905 3877
4 9545 5891 67 4357
4 3167 3089 9154 9713
4 5359 8751 645 263
4 4179 4871 1178 9806
4 7119 257 6956 8947
4 9921 4696 5593 8470
4 5244 1820 1061 7748
4 6300 2536 1701 687
4 328 8849 1936 1001
4 5492 9605 8003 4477
4 9419 915 4134 4259
4 1976 3496 3379 7911
4 6415 7489 8835 4870
4 4884 60 750 8200
4 9283 2575 9363 7613
4 3062 3214 877 9930
4 9546 6483 8163 8659
4 1344 6914 9853 1364
4 6666 9629 1717 3870
4 2957 1998 1522 1427
4 5793 4557 6342 4727
4 5149 7629 8839 8259
4 5330 9511 4222 1975
4 7934 1740 5155 2952
4 264 8677 7057 924
4 1200 1800 8658 8697
4 9265 8509 4711 5970
4 1505 8040 7677 7344
4 1351 9166 296 4516
4 6273 4977 7153 7210
4 2776 3120 8990 6188
4 1510 9962 1883 1747
4 3730 3750 4415 631
4 8431 5720 2245 4161
4 3736 1965 4565 9341
4 1249 7647 7972 3087
4 5250 4649 2937 1056
4 8915 9426 6419 6738
4 791 3473 7699 5808
4 5758 8168 5529 8524
4 8442 2043 3579 5728
4 2509 8579 9397 8036
4 4717 5488 8606 5476
4 8529 706 3655 3830
4 5028 8297 797 2265
4 3673 8056 278 4572
4 7824 8418 55 8548
4 6042 2089 2809 773
4 3271 5909 96 9952
4 4230 7250 1673 7524
4 301 3834 9626 1948
4 8707 5332 3306 8895
4 2802 5991 2095 8487
4 7415 11 8607 6060
4 1684 5236 197 1523
4 884 6316 137 7436
4 767 3223 1636 8702
4 6297 6410 8132 7302
4 9566 6336 5998 3516
4 6742 9776 6377 1508
4 8625 3905 3791 6309
4 6226 4960 6144 5544
4 9797 8866 6192 2162
4 5553 9718 3557 2927
4 407 283 9746 6
4 4367 8750 2600 9078
4 4200 2612 4079 2353
4 7567 8183 6198 4861
4 5074 1810 9121 8923
4 9599 730 6747 9569
4 3028 5610 9968 6058
4 251 5854 2486 9689
4 8671 875 3001 385
4 9719 5849 3367 7130
4 4043 1483 3 9182
4 4617 1912 7443 6028
4 6638 3944 2000 3857
4 8940 1429 3885 912
4 1152 5131 8059 5170
4 1040 1476 2912 8874
4 7253 8172 1853 7103
4 6010 7412 7095 6384
4 6662 9507 6146 1743
4 85 4706 2804 8651
4 432 4532 1996 5962
4 7008 8779 1787 3137
4 9843 6578 9755 9048
4 8683 4527 3022 4883
4 1587 5203 1720 3107
4 3278 4469 4607 6994
4 5733 8929 4307 8614
4 3134 5803 4524 5308
4 5378 6012 4474 3518
4 6320 1378 995 9464
4 7696 1821 5278 7178
4 9779 7522 8964 593
4 6110 1224 9325 28
4 513 634 6498 9908
4 3508 4331 1708 8453
4 7618 7861 451 4867
4 6757 6656 4975 8516
4 7319 3375 4038 7880
4 2585 7603 9359 7536
4 556 1037 4604 6367
4 8204 7439 1923 1140
4 1253 4650 7759 3037
4 2573 3248 5197 4521
4 1073 3544 5902 6389
4 8670 5174 1154 2627
4 5683 3561 7255 9326
4 2939 5785 7870 2798
4 8932 297 4663 1714
4 8692 1261 2488 7678
4 7118 3845 1681 9425
4 4439 1571 6627 5462
4 289 3853 8637 8466
4 520 836 7823 1825
4 9880 7463 5513 2877
4 4292 4668 174 3239
4 3511 9197 9769 760
4 5823 7041 56 846
4 2592 970 1833 8247
4 1726 4725 4946 9014
4 5013 3055 3769 7363
4 5547 9907 5839 236
4 9849 172 3092 2716
4 6231 6220 1234 9168
4 6965 5441 6364 2106
4 6605 9961 1712 5118
4 4126 6583 3677 5835
4 8527 2368 6715 9471
4 2566 10 17 8714
4 9871 7954 145 7215
4 1117 5207 5864 2185
4 6938 5446 1570 5649
4 529 9637 4627 5487
4 5548 688 6856 926
4 5503 1430 923 6396
4 6370 3728 738 1648
4 9350 3050 5271 3895
4 5151 844 5563 2165
4 2125 525 3969 7375
4 7740 9895 7839 9761
4 3978 6582 7778 9250
4 7218 916 6540 8328
4 9092 1963 2221 2295
4 8931 1487 4859 4990
4 1601 2811 9135 7734
4 6752 1827 9450 4093
4 7617 1889 6133 3540
4 2766 1197 7624 8673
4 7003 139 5579 2007
4 2999 9597 9161 8907
4 9695 3308 7318 7296
4 6266 2241 5815 1116
4 3691 4491 208 6052
4 7558 5017 6152 7152
4 9214 3674 5007 628
4 6981 8044 8198 9490
4 2649 8161 4671 4857
4 117 5899 6451 8824
4 3527 9276 6444 4187
4 4089 2484 6680 8305
4 559 5056 7155 5375
4 1632 6149 5875 6102
4 9594 9246 6623 1311
4 8650 5574 3104 2091
4 7499 1010 1765 3480
4 2879 7983 2555 8684
4 8967 8363 1260 1542
4 7692 1015 3997 4600
4 8617 5879 6645 2836
4 87 2590 3029 1620
4 4361 9588 3362 1847
4 3932 7659 8609 1943
4 3704 7151 7752 3746
4 7764 7278 8653 5627
4 3276 6721 1876 5824
4 3828 6215 6703 9984
4 164 9414 464 9580
4 3608 2872 178 206
4 1205 7346 2055 5705
4 6036 6228 3892 2538
4 4997 1856 8176 2783
4 4555 1866 5559 124
4 6155 9650 9852 8263
4 9286 5941 4522 4496
4 2516 1526 359 6443
4 6256 6350 1393 2732
4 597 931 7888 5948
4 6526 1159 8833 5061
4 8652 6685 5898 7413
4 8562 4170 1819 2407
4 8578 8258 3129 7841
4 7238 7149 3808 3258
4 2254 5981 1129 642
4 5856 1877 6984 9238
4 1339 3297 9730 5058
4 1484 2127 4786 6531
4 3132 1122 4731 9390
4 4792 834 2705 9368
4 4904 1874 735 1888
4 8537 5341 6206 7219
4 307 9241 290 1994
4 151 8342 7777 900
4 5380 1718 8333 5671
4 5094 1642 9602 5371
4 9407 53 6577 2400
4 7875 142 6651 9741
4 7105 656 4865 3573
4 6053 1562 8239 7943
4 6193 4611 2874 9165
4 7542 146 8035 2887
4 1464 7610 7512 8434
4 589 1589 8134 7406
4 8081 7683 9864 6205
4 4661 4091 2190 4716
4 9748 7884 9376 1445
4 9675 4692 3924 5178
4 6306 7361 4636 3323
4 4055 2428 7286 1282
4 8597 5710 8032 5794
4 9714 211 8432 6380
4 6296 7518 8293 4592
4 4442 5644 362 9631
4 4774 1822 3617 4887
4 6676 5035 898 2490
4 1598 5517 5020 7733
4 9530 3558 2020 590
4 9922 2697 9499 8241
4 4363 8123 7993 1595
4 5044 7090 5325 3973
4 1837 3945 6557 3654
4 648 2006 4064 5920
4 5235 5556 9799 5461
4 3912 8423 2848 2381
4 4375 6365 4506 9523
4 1406 1440 3839 3567
4 6326 6111 1361 6157
4 2565 2907 2401 4933
4 3802 2309 1704 7475
4 2806 1922 3906 3980
4 3531 7594 4410 1593
4 4771 4656 7384 6988
4 9361 4814 5916 5474
4 2461 4573 4720 2765
4 534 3498 5530 6800
4 540 7037 1332 909
4 6976 358 4559 9016
4 7382 9453 5389 5164
4 1467 7356 4419 7768
4 4773 147 6436 6849
4 4926 6076 5869 1471
4 5418 7966 1422 1512
4 8954 7374 210 7689
4 3422 2467 8019 170
4 4412 3891 9988 4478
4 2320 33 960 198
4 7432 2375 253 4215
4 5336 4381 8823 5860
4 3760 4879 2389 9468
4 9456 6778 689 9183
4 8898 9848 8889 1884
4 7914 5457 7821 4639
4 7386 7509 5085 5489
4 6361 7785 7419 737
4 489 8376 6733 4703
4 1584 8468 6673 7426
4 6857 4495 9561 8648
4 968 5551 3718 5205
4 6490 9879 5086 7249
4 8715 3145 9382 149
4 3412 9072 3244 8150
4 2462 3582 7534 9726
4 3075 6528 8864 2457
4 4011 5633 7818 1021
4 8153 7230 3882 1952
4 8043 7175 2260 2226
4 7530 6340 8425 3811
4 3011 1735 3559 396
4 9043 6016 7592 7876
4 4452 2129 7310 6208
4 2398 9703 6628 5157
4 6784 4026 8845 8325
4 2134 3914 3983 9143
4 1529 1930 8938 2191
4 6731 5901 3692 9220
4 5776 9222 5832 7074
4 4953 7990 835 3153
4 150 8679 6834 8712
4 3428 6466 5865 804
4 6726 7221 3371 9328
4 4066 3352 6942 3339
4 1533 711 9299 5721
4 480 1090 4057 7010
4 3299 3966 6649 9122
4 5255 7116 5615 6705
4 6827 3749 4124 7596
4 6202 9549 4704 9684
4 39 9802 6264 8861
4 5522 8746 6741 6932
4 4467 32 4989 849
4 1886 7956 8238 6870
4 4907 5724 3136 2854
4 9429 8682 2707 6659
4 5531 9996 8519 9987
4 9667 4766 1044 9606
4 9192 7526 9173 240
4 512 1507 45 5751
4 5355 6421 1347 7917
4 3564 2167 622 3188
4 9828 9091 4016 7964
4 8517 6700 7220 4823
4 4875 6446 1761 2024
4 678 2033 5896 5566
4 404 6289 2148 6243
4 4640 6514 4208 3724
4 6724 5908 8276 9752
4 7809 3322 6811 8632
4 9062 1609 2343 6873
4 7731 1100 8264 5954
4 7970 5756 8196 8908
4 1256 313 2278 5451
4 6574 7186 611 9891
4 300 3641 3991 7454
4 4340 9573 8299 1723
4 4054 4465 635 6203
4 9976 6637 4514 9459
4 9221 5467 6553 1382
4 3985 6248 6522 5939
4 1174 1106 0 4708
4 8894 3121 8752 5947
4 3553 6585 5047 4202
4 4335 7984 6015 1908
4 1047 6160 8133 471
4 2277 9978 7424 6903
4 5166 4949 9210 8027
4 2495 9096 2983 5657
4 6681 947 4659 3595
4 7480 6648 3681 7770
4 9971 1179 2198 9583
4 6596 4992 7425 430
4 9868 4511 1199 1157
4 2924 6366 5449 5240
4 3694 9446 1023 7975
4 3203 8711 1411 6022
4 2367 2672 204 5836
4 5040 5362 3818 6719
4 1768 5277 6112 1668
4 955 9896 4790 5536
4 6492 433 5173 514
4 1569 9633 6794 7727
4 541 3226 4456 2506
4 9038 1616 1840 3517
4 3127 6017 8210 2081
4 708 7521 562 2601
4 8143 8222 9721 2702
4 2062 3894 5730 5496
4 8160 6184 2296 1181
4 5813 6351 8696 1535
4 7500 8828 3596 6280
4 3563 355 8413 8139
4 4046 9486 6478 4286
4 825 6246 1409 8810
4 4052 2025 8202 9995
4 7662 8863 8667 9734
4 9068 7555 8006 7013
4 608 3020 3926 9201
4 2875 5872 9699 5584
4 4206 6275 4359 2954
4 1400 7751 9836 8801
3 8137 2337 7633
3 3370 7742 4943
3 1751 3956 2610
3 6915 6864 5763
3 2329 2159 9028
3 6051 5368 131
3 8031 3330 8919
3 8876 4188 2193
3 70 6263 7410
3 4092 4858 530
3 8977 3657 978
3 1012 919 3809
3 2437 9269 3004
3 3972 7877 1259
3 1321 9538 1381
3 4801 9198 5606
3 234 6960 8089
3 4228 9035 3311
3 3235 270 4000
3 9418 1640 8215
3 1279 7397 5208
3 2713 431 5125
3 1959 5082 6097
3 7924 2661 2786
3 6925 1961 889
3 7614 465 6576
3 9187 7729 4399
3 2074 4942 97
3 2741 3939 3031
3 620 2102 2307
3 2762 4742 4504
3 2949 801 4534
3 6713 8401 7995
3 1939 500 1036
3 2604 372 3590
3 6698 9332 5245
3 1755 2120 8447
3 9767 6003 5986
3 1330 2072 6161
3 4387 5191 8454
3 1744 4796 9431
3 7663 439 9855
3 3504 2634 2595
3 168 1750 6824
3 2977 4839 613
3 6890 8180 9920
3 5168 9398 7724
3 1980 2144 6565
3 136 9944 7895
3 2514 2149 2785
3 2694 183 5666
3 7959 8822 2215
3 5482 1796 2772
3 4221 9036 8435
3 1475 3793 9083
3 1043 1538 1778
3 6964 2578 840
3 3509 8568 6818
3 4798 9768 229
3 6959 6352 7800
3 3543 4104 4097
3 6809 4958 68
3 2399 8037 1546
3 86 639 1694
3 24 3344 3651
3 7407 5732 4291
3 6121 467 7666
3 4434 6944 7586
3 848 4777 3052
3 6197 4689 8314
3 6148 4826 6972
3 7674 1318 4783
3 2207 2891 4596
3 673 5850 6471
3 2297 6835 9584
3 885 8097 615
3 37 5994 4595
3 1983 7320 8353
3 8900 7461 9114
3 457 458 4358
3 5198 8093 6302
3 9600 2002 8815
3 2746 756 4787
3 487 9137 9094
3 7357 2632 1649
3 9659 335 7850
3 602 9009 4994
3 6463 2608 7387
3 4238 3021 9595
3 8766 2903 3105
3 1080 2210 9086
3 3679 3141 8426
3 8930 9047 7362
3 3212 7554 1519
3 8336 7206 1009
3 8256 9578 477
3 6450 2059 8383
3 456 2956 6008
3 2596 221 3789
3 6137 6311 6332
3 6353 3347 3280
3 9838 956 8543
3 4736 4031 3875
3 7078 5731 9651
3 8252 9935 1843
3 1371 1536 5066
3 6448 6175 7971
3 9075 7602 7881
3 6127 1688 4877
3 4301 6232 4248
3 8903 4982 7423
3 4400 4339 1453
3 1161 9709 1426
3 2837 3887 2412
3 4688 4502 1678
3 5233 9820 7859
3 7471 6761 1062
3 725 6844 7557
3 6963 2859 9678
3 7170 937 2028
3 31 802 6699
3 9413 2881 9540
3 4537 4856 502
3 9519 8022 4549
3 8571 6357 8859
3 9280 8438 3773
3 2685 2101 8663
3 6328 152 5558
3 739 7094 8576
3 842 402 6725
3 949 2232 6590
3 325 5181 9716
3 5024 9957 9215
3 6887 393 3012
3 9015 9022 13
3 5752 8326 4116
3 1586 2304 740
3 5817 4567 5959
3 5719 7632 7812
3 7457 4488 6473
3 860 8486 7960
3 1220 9274 3555
3 3060 9656 7991
3 4311 2472 3123
3 5401 9887 34
3 8950 6034 7889
3 793 3822 3318
3 6506 1194 6746
3 6229 5676 2388
3 6822 5134 7963
3 2469 9227 9065
3 2953 4554 414
3 5882 4713 4880
3 3930 7951 8201
3 4855 252 4811
3 20 9564 726
3 8952 7197 193
3 953 1979 9993
3 2799 1793 1892
3 3621 3951 9830
3 6952 5631 7132
3 8206 6739 5175
3 1165 7314 8654
3 40 4069 2169
3 2046 6245 4605
3 3841 5146 7697
3 5443 4099 2892
3 511 7395 579
3 9489 78 4635
3 8028 4047 76
3 7994 8629 5212
3 4723 5628 2432
3 57 9475 5897
3 6544 1869 2137
3 2164 6291 5161
3 1502 3396 8965
3 8675 1590 7813
3 6315 1452 1270
3 3547 7236 5863
3 413 2824 9488
3 3355 6095 4750
3 6189 9223 462
3 7828 5672 7565
3 343 4173 392
3 7721 5903 4564
3 4267 4892 9524
3 3146 7024 9294
3 3743 7826 9892
3 7150 1639 651
3 3125 4914 8808
3 4245 293 2683
3 7176 4078 3174
3 9496 649 2950
3 1527 5769 3246
3 9085 9526 5951
3 1514 83 8737
3 1276 499 3698
3 123 6479 9613
3 2669 868 3161
3 1549 7430 1650
3 6225 3665 8643
3 225 5422 6258
3 5106 1201 6563
3 7631 3449 6210
3 4922 7194 6852
3 1504 7713 7036
3 7581 2629 9635
3 6828 365 4255
3 7804 8355 6093
3 7849 4841 9313
3 9337 8456 5834
3 1084 4314 8729
3 459 2929 3263
3 3407 1865 7496
3 719 5122 771
3 4747 554 6693
3 2136 7233 3927
3 3903 1027 4030
3 1516 6046 7694
3 8464 3782 5400
3 3099 2328 7252
3 7743 3332 1416
3 4818 2216 7634
3 3824 8806 3880
3 5237 4898 2143
3 4144 4398 4249
3 9655 7693 6270
3 8498 6922 6569
3 6244 1167 395
3 6452 4969 6104
3 6398 8756 6630
3 5098 2946 1208
3 9394 8440 3515
3 733 8268 6301
3 2751 8821 9251
3 3581 6674 6294
3 4623 6126 7899
3 5523 2227 2947
3 5026 9810 6740
3 5323 4001 6430
3 3334 1898 4489
3 9680 9260 2019
3 1807 6962 9157
3 6612 8388 9985
3 346 9234 9771
3 6387 5612 4544
3 5736 6261 3783
3 2754 6096 1653
3 7803 4279 5190
3 9543 2533 675
3 2712 5505 4578
3 644 1377 8804
3 5895 7622 7957
3 7365 9570 934
3 6600 305 5829
3 2529 3147 1058
3 9261 3411 8573
3 6604 4482 7085
3 5812 1985 7400
3 9692 4767 4164
3 6831 6023 1132
3 5043 8642 8067
3 1469 9172 2022
3 7559 4501 982
3 1032 2047 5199
3 3324 8918 8567
3 3482 5980 4653
3 5128 153 1369
3 8472 4176 1266
3 2220 1978 5442
3 5077 7418 4246
3 2264 3431 1953
3 5831 5171 8166
3 7906 9958 5950
3 1615 186 9941
3 5200 1086 4546
3 858 2402 3615
3 6180 1331 7664
3 207 3186 7695
3 8411 753 2417
3 6005 3364 5881
3 8398 9272 16
3 7744 800 2418
3 7686 4217 8633
3 6118 8229 568
3 3038 9858 9927
3 6125 6748 4906
3 2911 2671 1093
3 1184 1313 4136
3 9846 30 4193
3 9759 9194 1656
3 4630 9013 1221
3 5373 444 8212
3 6958 4932 7014
3 8021 5429 5104
3 558 189 2951
3 896 8129 6002
3 2711 7898 3131
3 5577 906 4804
3 796 6510 8897
3 2442 516 5097
3 4791 5725 7948
3 865 7969 7216
3 8734 9134 6586
3 5586 9885 3941
3 9553 6796 6620
3 1532 1606 4679
3 5641 3902 6130
3 3888 2453 356
3 1904 5511 8298
3 2406 4562 7925
3 5972 5397 9003
3 3115 977 5064
3 9876 757 9870
3 669 8141 6697
3 4598 8347 1781
3 3798 6035 3893
3 1292 5398 101
3 3274 7907 9008
3 7501 1480 6417
3 819 9770 8584
3 9333 9338 9551
3 9458 7490 9149
3 9105 5613 7127
3 7786 8049 2289
3 6497 219 1699
3 3006 2435 249
3 5276 7110 7788
3 199 8593 9590
3 6993 2722 8753
3 5329 2288 2179
3 1788 8842 9205
3 4163 2577 4634
3 5510 7091 784
3 8068 9200 1137
3 7502 6494 8776
3 5370 9491 4553
3 2242 640 3748
3 6774 1031 8716
3 441 6087 5966
3 3425 3580 9555
3 2163 287 4392
3 3506 7273 8996
3 7333 6484 1563
3 1209 6904 6692
3 7761 5059 1986
3 550 218 3424
3 6405 2750 2805
3 1120 7087 7642
3 5771 3917 5514
3 5426 6671 3578
3 5611 1809 9860
3 8941 8934 8525
3 1951 2240 7247
3 6770 3017 9230
3 4693 304 3124
3 2281 9534 7616
3 1286 5346 4662
3 1099 6636 3947
3 9367 8618 9863
3 9346 7309 7556
3 4726 316 4518
3 8316 9844 8372
3 1646 8645 8534
3 2234 2591 288
3 8493 3862 9617
3 8773 3933 2016
3 4325 1665 1848
3 7123 3883 2205
3 2689 8309 8321
3 1227 3216 7962
3 115 5471 3316
3 2318 610 7349
3 2731 185 3747
3 5848 5253 6425
3 6669 3381 6063
3 279 2199 6323
3 6259 7580 361
3 3085 157 6805
3 8727 5702 6517
3 4451 9745 4840
3 3402 1669 6472
3 3806 1110 5714
3 2990 3812 9225
3 473 3513 1618
3 3438 1683 8640
3 8665 1277 143
3 7544 1958 8853
3 6432 226 8978
3 4290 8080 2012
3 6897 7608 1652
3 7980 419 1928
3 7388 1130 4538
3 9100 383 7946
3 6520 7117 7371
3 5621 1170 6524
3 7434 1638 7229
3 6529 6812 4910
3 1118 2358 9611
3 9002 2422 23
3 1841 4646 8740
3 1488 1376 9660
3 8235 1754 2730
3 7121 4088 1461
3 349 5718 5424
3 2173 1479 378
3 5825 7459 9582
3 6766 6356 7868
3 5189 5550 1624
3 4308 8694 1212
3 6307 4882 5804
3 7665 4328 4935
3 7805 6132 6846
3 2152 4468 9862
3 3712 9710 4403
3 930 5917 9140
3 2050 5594 4613
3 4156 1288 6560
3 4197 5387 4447
3 7902 7546 8273
3 4155 1296 8986
3 894 9406 7065
3 1574 8886 6814
3 618 1127 5944
3 6664 7048 7018
3 2582 6727 472
3 3721 7043 4355
3 6373 4479 9901
3 3262 4196 9670
3 3401 3300 2326
3 347 4428 3097
3 6078 2294 4312
3 108 3807 8870
3 1271 381 217
3 2235 7190 7275
3 3521 7289 4487
3 3209 7096 9179
3 2057 4948 5658
3 828 2554 1138
3 576 6920 3911
3 7815 159 3884
3 7878 5409 9423
3 7675 2105 1899
3 2463 6213 2835
3 401 2567 4226
3 9029 8994 7653
3 2334 2564 6253
3 9329 4529 2087
3 1849 8084 8393
3 5800 3233 9603
3 9859 8277 6803
3 7019 827 144
3 4669 5958 4143
3 5019 9711 7600
3 5268 3587 1806
3 2068 5132 2184
3 2841 3744 2011
3 8108 6414 1783
3 7799 3178 6973
3 6744 8179 4172
3 8771 1716 5663
3 2390 5313 899
3 7177 6899 3439
3 1835 6851 9948
3 545 2852 9754
3 3541 4833 7795
3 2898 4298 4407
3 6581 9737 2201
3 8409 1685 4337
3 6595 2793 5578
3 9744 9158 2376
3 4918 9535 2775
3 2531 8382 2527
3 4149 5573 8165
3 5345 1814 7672
3 4211 2444 133
3 2781 3610 1870
3 9209 3878 9785
3 990 5770 5460
3 1836 7329 6711
3 4599 5234 5182
3 8793 2570 8572
3 9156 9647 2480
3 3265 7510 7491
3 8177 2333 8981
3 6513 728 1299
3 2466 3761 4558
3 7163 867 8732
3 8539 8310 9232
3 3929 2239 6068
3 5481 2065 8987
3 425 769 3753
3 7298 3353 7223
3 1935 4789 89
3 4508 1495 2268
3 7903 7134 3491
3 7684 9575 6304
3 5599 6223 6090
3 5140 4746 2621
3 1250 6990 9181
3 6064 9073 1891
3 4981 9882 3076
3 3536 3965 8709
3 1867 1196 643
3 9877 22 2237
3 4986 8759 5952
3 7640 5206 292
3 1801 9679 5534
3 4394 845 893
3 8289 4775 160
3 6331 9152 5391
3 9624 7460 417
3 3570 7532 2303
3 3312 2464 1700
3 3838 3078 5041
3 5741 7553 3539
3 3261 2668 4694
3 1774 3849 8340
3 1627 8502 9502
3 1661 6541 4894
3 862 8638 8789
3 8015 3664 1172
3 5192 4714 691
3 2344 6227 5598
3 163 2560 4628
3 3208 1404 5254
3 3442 2987 3445
3 9089 5060 2563
3 4842 241 3313
3 2549 94 6953
3 8103 9356 789
3 6409 3584 7140
3 1971 9314 7274
3 1131 4709 1235
3 7060 616 6629
3 1192 7237 3281
3 4094 2335 3873
3 4095 4678 7315
3 5246 7931 3817
2 2803 3044
2 7092 194
2 8592 6614
2 7000 4976
2 908 7561
2 8728 3716
2 746 1149
2 4032 1439
2 6592 4972
2 4987 6682
2 8417 2378
2 6141 2873
2 4734 6428
2 7069 1949
2 6720 9436
2 6077 8780
2 4821 3843
2 4344 6772
2 1705 9963
2 3082 3389
2 4132 6617
2 1614 5010
2 3476 2676
2 6533 8000
2 7627 1230
2 348 8784
2 921 2662
2 8344 4376
2 5539 238
2 8535 9264
2 2556 2086
2 3690 2252
2 4461 2812
2 9793 6195
2 538 7075
2 6833 2808
2 5828 4034
2 507 4810
2 7281 4556
2 8395 8523
2 8220 3787
2 25 3413
2 4632 3639
2 360 4009
2 7033 9357
2 5260 4621
2 9162 1654
2 8410 2373
2 4103 3984
2 7102 5838
2 6923 2758
2 8872 8556
2 7864 4369
2 2673 4333
2 2427 9577
2 9282 7835
2 224 972
2 1818 424
2 9999 7408
2 437 2942
2 4209 7453
2 6607 5029
2 6917 2878
2 9411 1878
2 2657 4214
2 2410 5045
2 7017 8374
2 526 682
2 435 9819
2 4019 999
2 8461 9663
2 4273 3784
2 6199 2330
2 8117 621
2 5410 1119
2 7507 4996
2 6163 1177
2 2550 1135
2 1074 7479
2 203 2498
2 8412 8542
2 5340 831
2 5640 9024
2 922 173
2 9372 3199
2 2272 7730
2 3935 8098
2 7514 3628
2 6480 8114
2 5557 4305
2 1969 6222
2 729 376
2 452 4705
2 6279 2451
2 794 5699
2 6983 4822
2 9571 3530
2 2934 2405
2 4450 6516
2 2586 8491
2 605 5279
2 9498 7404
2 8561 5632
2 781 291
2 4063 7682
2 3307 7782
2 8110 2098
2 8405 7264
2 2512 5635
2 1283 5833
2 2483 7669
2 782 1728
2 1534 7307
2 4911 3416
2 1909 9717
2 1553 5361
2 1191 2500
2 5727 4724
2 3696 4588
2 3268 5107
2 2771 9229
2 5343 9604
2 9126 9031
2 2656 7550
2 3756 4
2 2154 8541
2 6411 6631
2 4978 4939
2 8311 2386
2 866 8507
2 935 8086
2 9059 7172
2 415 3727
2 3949 2470
2 8144 9323
2 2520 9146
2 7248 2231
2 6391 9823
2 6545 4232
2 209 7399
2 195 5183
2 582 8554
2 9636 6234
2 7523 7292
2 4675 4633
2 7045 5382
2 7574 8500
2 1915 6393
2 5617 1045
2 5386 1964
2 5949 4950
2 9933 8118
2 6843 6675
2 4577 8985
2 2356 128
2 3859 5979
2 3799 693
2 821 6158
2 6177 1206
2 3534 9686
2 27 9400
2 258 1789
2 2485 7758
2 5549 7852
2 1501 5619
2 7822 658
2 6491 5926
2 5470 6902
2 3266 9720
2 1625 9557
2 7830 6859
2 275 7011
2 6635 901
2 9931 9773
2 7483 2928
2 1188 5210
2 8159 2961
2 8045 412
2 668 7337
2 9102 1111
2 8282 3267
2 1133 8135
2 3993 5014
2 3611 1316
2 6454 2583
2 6678 7427
2 872 7741
2 1046 7938
2 6420 6174
2 4851 7261
2 4440 8961
2 5870 478
2 3286 903
2 3469 1290
2 7441 7636
2 5527 2447
2 5327 9749
2 5747 9007
2 8698 7059
2 2706 4832
2 6937 3466
2 7992 4807
2 698 2206
2 659 1731
2 1494 9327
2 388 3636
2 2974 8109
2 795 3546
2 652 7753
2 8002 409
2 8224 1142
2 5350 8530
2 8880 2602
2 3879 7606
2 3053 5466
2 81 7393
2 5907 4525
2 4591 1226
2 2996 983
2 1679 9011
2 5696 4060
2 6254 6040
2 1329 9342
2 5483 1732
2 6509 1134
2 3493 633
2 379 1308
2 7340 8955
2 6434 4175
2 8011 9698
2 4581 7929
2 9070 5783
2 8406 2508
2 7187 3454
2 5906 2789
2 5885 958
2 2324 3292
2 7736 7276
2 5533 482
2 4770 9321
2 6647 8009
2 7985 7030
2 1992 6334
2 3620 118
2 1753 8508
2 9742 2172
2 9609 8361
2 5262 9632
2 6971 3719
2 5472 2030
2 4845 703
2 8001 5538
2 9736 6799
2 6187 6242
2 7541 9159
2 3777 3854
2 1415 303
2 4323 1897
2 5778 2280
2 4220 574
2 3340 9297
2 3717 4297
2 1749 6119
2 7547 200
2 9148 4330
2 1804 9724
2 9521 1275
2 6290 5227
2 3619 1554
2 5265 3386
2 7488 2827
2 2298 8635
2 5938 886
2 9101 2026
2 230 4262
2 1622 4876
2 2546 1873
2 9910 4372
2 8758 1326
2 1006 9972
2 5754 8850
2 182 9204
2 9533 5957
2 2825 1611
2 8136 2382
2 1868 342
2 6031 2170
2 5694 4891
2 3645 3361
2 2153 154
2 7093 6075
2 405 4254
2 4664 6407
2 148 9775
2 3169 8555
2 7183 8546
2 8034 4048
2 8511 6519
2 5840 3225
2 3922 3385
2 7067 428
2 4285 1762
2 2709 2425
2 4860 2384
2 7367 5809
2 5158 2010
2 6156 508
2 959 8786
2 468 8924
2 8379 8564
2 3059 3821
2 2980 8318
2 6961 7584
2 863 8602
2 7793 69
2 3794 4923
2 5993 422
2 8244 9218
2 9189 1993
2 4691 7129
2 2715 7965
2 6792 6862
2 2311 1799
2 5900 7022
2 5213 3819
2 1284 6085
2 4952 4893
2 180 5853
2 1350 5413
2 2393 984
2 6841 7711
2 5977 7883
2 491 121
2 5399 7578
2 274 9380
2 3474 5379
2 5316 227
2 8038 4758
2 9787 3144
2 917 4793
2 256 54
2 1824 1307
2 4283 1972
2 1513 8075
2 4224 8142
2 8231 6654
2 1335 7667
2 5187 3635
2 2899 9270
2 5779 5281
2 8778 7322
2 6901 2039
2 406 7658
2 9977 7243
2 6539 1775
2 8797 483
2 6457 662
2 2271 1696
2 4966 3383
2 6499 6429
2 9833 6237
2 8960 184
2 8686 9954
2 5266 5148
2 9807 4356
2 5023 8164
2 5067 2357
2 603 7789
2 7847 3247
2 5585 1401
2 6848 7222
2 1302 1166
2 2664 8868
2 5049 5910
2 5745 312
2 5167 2541
2 4438 7688
2 280 6500
2 8085 9296
2 9556 1323
2 2532 7833
2 3803 6293
2 1984 8968
2 2166 2883
2 1695 4252
2 3643 5153
2 3860 5005
2 156 2035
2 5480 5304
2 9825 5257
2 7228 8791
2 3382 1917
2 5377 8879
2 1703 3963
2 1063 7791
2 5883 5844
2 8334 4929
2 4435 8857
2 9186 4732
2 5983 4980
2 7915 811
2 5504 1831
2 7504 5859
2 1305 3327
2 9929 1664
2 9822 7533
2 7086 803
2 4520 3866
2 3754 3994
2 3189 2110
2 3990 3705
2 1777 4236
2 6308 9932
2 8190 6371
2 1612 3023
2 8613 7712
2 9554 7098
2 3810 1880
2 8975 6643
2 741 192
2 986 7588
2 9701 4260
2 1237 3685
2 6021 1517
2 3108 3227
2 7856 7706
2 1087 9914
2 6128 7251
2 5508 8272
2 6551 2310
2 3154 4843
2 9415 7138
2 2385 3156
2 3827 268
2 8770 8726
2 5051 8064
2 9548 3523
2 341 6850
2 9044 3201
2 4830 8462
2 4453 8757
2 3788 1496
2 7890 1190
2 2747 7639
2 2884 7071
2 7097 179
2 2525 1667
2 4425 3008
2 4107 4979
2 8441 9042
2 583 6257
2 5356 4535
2 8725 6998
2 6456 509
2 5008 6412
2 9861 4062
2 1029 4371
2 2038 7590
2 2138 4571
2 111 2503
2 61 9457
2 2900 5073
2 1634 8473
2 9336 2645
2 5294 1485
2 6701 3394
2 596 4523
2 1105 7165
2 5643 8877
2 1374 9311
2 4913 4098
2 3591 5697
2 9644 318
2 319 5430
2 9301 7807
2 6185 6559
2 7820 987
2 1171 7139
2 6283 4427
2 6265 4890
2 573 4899
2 5100 3205
2 2733 8494
2 4174 1725
2 5693 4470
2 1932 1770
2 3058 1918
2 9362 4237
2 1937 7068
2 2579 8970
2 1610 6098
2 3846 7921
2 3213 1403
2 6233 5177
2 7942 6026
2 4651 833
2 8875 7077
2 5342 311
2 1987 8731
2 8061 2769
2 8570 9150
2 6853 7832
2 1180 9421
2 7416 4699
