1628
4 5357 8148 9906 6404
4 7710 5913 8754 5121
4 5583 8785 6584 6255
4 421 3987 9612 398
4 1737 9487 4386 2094
4 2589 998 1756 2395
4 6735 8197 3629 7529
4 5796 5515 4233 6632
4 6655 7923 8873 6459
4 7704 1248 8437 5905
4 7262 2584 8452 7796
4 1524 8733 8407 3015
4 820 6476 8479 9213
4 1729 9004 6823 8603
4 683 3302 9529 2222
4 2331 4449 8189 6839
4 9354 2489 7569 59
4 4318 5744 4100 1287
4 5231 6312 7444 604
4 9483 4004 5416 8320
4 3904 9765 2545 9383
4 7108 5427 2061 3135
4 3697 973 7792 5211
4 9620 2155 666 8004
4 370 9247 9618 5363
4 2861 4695 1423 4863
4 453 6639 44 6668
4 1081 1396 4106 2752
4 7168 2687 8854 2117
4 5570 3942 4041 4090
4 7064 3505 4036 674
4 461 7100 3273 7936
4 4147 8287 3295 7549
4 4848 8641 2475 2345
4 5773 5616 976 8058
4 3715 5526 8775 6640
4 4788 7136 2598 5918
4 1492 5090 1556 1385
4 2935 1677 5886 2968
4 5251 3825 1114 5083
4 110 752 6756 8384
4 8591 2723 6196 948
4 2008 6702 9129 766
4 8240 9131 8911 1561
4 7525 6613 4644 3457
4 4473 3484 864 9894
4 8119 1013 9128 4574
4 3647 5052 1491 7819
4 3626 8585 132 8392
4 2459 4670 8777 8814
4 7515 7577 839 4983
4 5001 5592 2843 9959
4 962 7290 8991 7595
4 7939 7368 7950 3656
4 3149 2196 684 3176
4 4874 2728 8612 5042
4 2096 7208 2212 371
4 7101 9267 2246 9256
4 9813 63 3678 2064
4 6240 2499 5651 2548
4 9614 9986 9295 4916
4 4374 8803 82 818
4 7369 7863 1101 5791
4 9019 3420 847 9888
4 7834 4405 2080 6762
4 8837 6677 4631 3607
4 7543 5945 8152 7937
4 1214 1115 876 8284
4 7259 2124 7313 4685
4 1233 8689 3795 384
4 4579 6782 4430 2558
4 4058 2259 7927 7135
4 4194 2070 7198 1707
4 8116 5101 723 1322
4 854 1164 336 936
4 3228 4964 6381 3765
4 2115 1210 3047 7757
4 4167 2922 8063 2060
4 4961 7896 5653 4886
4 7201 7540 5713 6550
4 4406 281 9568 4917
4 8639 7409 3940 1388
4 3309 5602 1146 1830
4 3499 7961 4702 5046
4 9307 3686 3463 9818
4 5214 4509 3792 2274
4 4957 5989 1004 8636
4 1094 4185 9305 4240
4 4135 5982 3896 636
4 9063 2727 8010 3437
4 8465 6252 7516 7825
4 2228 887 2964 1353
4 1071 1341 2932 1671
4 2267 7079 1851 7308
4 3566 3096 1203 5295
4 5625 3293 4925 7202
4 7359 3775 4940 4561
4 7104 443 1955 6935
4 3451 18 6168 2456
4 8745 954 9795 1450
4 6558 1050 594 7305
4 6957 5931 9527 8387
4 2819 4131 6170 3042
4 1734 9263 3142 4141
4 3072 2141 5219 1742
4 6107 3114 9539 4320
4 47 7579 850 7715
4 8851 4637 3024 7316
4 9552 7088 7231 4655
4 1812 9 714 532
4 1713 9690 7583 9946
4 8186 5310 2686 7
4 5006 4074 1895 3196
4 9525 2759 6129 4657
4 4112 8553 7725 8865
4 2962 6882 5048 4912
4 3272 7945 5772 2481
4 71 6913 9235 4102
4 4475 8250 4619 5209
4 4847 9965 7032 8375
4 7083 7447 7648 1946
4 2045 62 3357 9866
4 9532 8332 49 5383
4 9917 1934 859 213
4 2736 7196 6178 992
4 2342 9196 3337 3844
4 8626 3170 5494 6842
4 1591 4322 1568 6495
4 676 4076 5777 8644
4 5163 2726 9966 9119
4 8767 8193 6176 4235
4 6611 5904 201 120
4 7326 4808 5729 2340
4 4402 522 2642 2652
4 9106 4638 1433 5919
4 7673 4902 3745 8101
4 2544 2749 2828 586
4 3155 8485 7451 3781
4 4995 7551 3757 8478
4 9572 2085 9576 4390
4 3475 6534 9344 3840
4 6547 727 1988 7851
4 2982 8506 7643 774
4 8322 6571 7464 8338
4 3519 3889 1724 2814
4 4139 2628 2862 2870
4 8608 4550 328 6134
4 8397 3593 6537 6602
4 7148 403 3842 9433
4 780 1845 1357 3112
4 5156 2323 6927 1085
4 5652 2795 58 1621
4 4244 8079 3376 9559
4 4150 7920 8997 8267
4 4490 3672 8736 9542
4 8115 5081 7445 9151
4 2300 4959 8233 9856
4 2308 4480 1418 8601
4 1160 1383 6171 9722
4 2944 6038 3542 8187
4 5366 7145 3648 3689
4 9900 9320 5873 9528
4 3869 7922 9265 8242
4 8259 8849 7166 1839
4 7703 2123 3583 4293
4 1711 6147 5686 3083
4 8616 2305 4690 8138
4 778 9275 2941 7944
4 9243 6329 4837 8036
4 9873 245 2160 2243
4 3526 5540 1552 4351
4 8094 6359 6777 7267
4 2313 3126 6050 2817
4 4044 333 5096 446
4 1136 1509 171 3106
4 8167 3950 7953 6580
4 6123 2985 565 3618
4 1763 8199 6467 2293
4 1336 5324 5622 2036
4 9374 2282 8367 9289
4 5136 7494 3257 7756
4 7726 4284 4498 373
4 687 1340 9974 7522
4 4551 7466 1049 6477
4 7385 3253 8286 5600
4 924 5609 1767 9283
4 5909 9365 2674 463
4 9784 2535 177 593
4 6567 3899 7814 9732
4 6481 1889 9569 8721
4 5172 7026 6989 5854
4 65 8563 2572 9747
4 8348 2351 8026 1202
4 6985 2994 4151 8501
4 2718 7700 7050 3229
4 8701 1359 3002 7212
4 2203 6363 9340 9691
4 321 8047 8346 188
4 4965 6313 8834 7209
4 3708 9649 2920 9271
4 9514 2619 9550 654
4 1096 8253 3632 6426
4 2023 7545 9252 9942
4 6582 8477 2009 9366
4 1817 9778 2213 717
4 745 3913 4951 9751
4 7862 2364 9443 8430
4 3485 8449 1861 902
4 5845 103 3368 9124
4 1372 1228 7978 7330
4 2571 2112 2647 1231
4 3356 4352 9111 3443
4 4582 4137 9123 214
4 709 8811 2905 3877
4 9545 5891 67 4357
4 3167 3089 9154 9713
4 5359 8751 645 263
4 4179 4871 1178 9806
4 7119 257 5793 8947
4 9921 4696 5593 8470
4 7629 1820 1061 9853
4 6300 2536 1701 8956
4 9302 7671 1936 1001
4 5492 9605 8003 4477
4 7981 9546 4134 4259
4 1976 3496 3379 7911
4 6415 7489 8835 4870
4 4884 60 750 8200
4 9585 3062 9363 7613
4 1510 3214 877 9930
4 9629 3308 8163 278
4 1344 6914 9718 1364
4 6666 915 1717 3870
4 2957 1998 1522 1427
4 6956 4557 6342 5733
4 5149 5244 8839 5665
4 5330 9511 4222 1975
4 7934 1740 5155 2952
4 264 8677 7057 9952
4 1200 1800 8658 8697
4 7391 8509 4711 5970
4 1505 8040 7677 7344
4 1351 9166 296 4516
4 6273 4977 7153 7210
4 2776 3120 8990 6188
4 2575 9962 1883 1747
4 3730 3750 4415 631
4 8431 5720 2245 4161
4 3736 1965 5758 9341
4 1249 7647 7972 3087
4 5250 4649 2937 1056
4 8915 9426 6419 6738
4 791 3473 7699 5808
4 9419 8168 5529 8524
4 8442 2043 3579 5728
4 2509 8579 9397 332
4 4717 5488 8606 5476
4 8529 706 3655 3830
4 5028 8297 797 2265
4 5518 8056 8659 4572
4 7824 8418 55 8548
4 6042 2089 2809 773
4 1787 1564 96 6616
4 4230 7250 1673 7524
4 301 3834 9626 1948
4 8707 5332 3306 8895
4 2802 5991 2095 8487
4 7415 11 8607 6060
4 1684 5236 197 1523
4 884 6316 137 7436
4 767 3223 1636 8702
4 6297 6410 8132 7302
4 9566 6336 5998 3516
4 6742 9776 6377 1508
4 8625 3905 3791 6309
4 6226 4960 6144 5544
4 9797 8866 6192 2162
4 5553 7748 3673 3107
4 407 283 9746 6
4 4367 8750 2600 3973
4 4200 2612 4079 2353
4 7567 8183 6198 4861
4 5074 1810 9121 8923
4 9599 730 6747 5239
4 5378 5610 9968 6058
4 251 6769 2486 9689
4 8671 875 3001 385
4 9719 5849 3367 7130
4 4043 1483 3 4727
4 4617 9078 7443 6028
4 6638 3944 2000 3857
4 8940 1429 3885 912
4 9471 5131 8059 5170
4 1040 1476 2912 6205
4 7253 8172 1853 7103
4 6010 7412 7095 6384
4 6662 9507 6146 7118
4 85 4706 6483 8651
4 432 4532 1996 5962
4 7008 8779 8670 3137
4 1912 6578 9755 9048
4 8683 4527 3022 4883
4 1587 5203 1720 2927
4 3278 4469 4607 6994
4 836 8929 4307 8614
4 3134 5803 4524 5308
4 3028 6012 4474 3518
4 6320 1378 995 9464
4 7696 1821 5278 7178
4 9779 3728 8964 4565
4 6110 1224 9325 1542
4 513 634 6498 9908
4 3508 4331 1708 8453
4 7618 7861 8722 4867
4 6757 7346 4975 8516
4 7319 3375 4038 7880
4 2585 7603 9359 7536
4 7296 1037 6370 6367
4 8204 7439 1923 1140
4 1253 4650 7759 3037
4 8932 3248 5197 4521
4 1073 3544 5902 6389
4 3271 5174 1154 2627
4 5683 3561 1117 9326
4 2939 5785 7870 2798
4 2836 297 6583 1714
4 1152 1261 2488 7678
4 1743 3691 1681 9425
4 4439 1571 6627 5462
4 289 3853 8637 8466
4 520 8874 7823 1825
4 9880 7463 1116 2877
4 4292 4668 174 17
4 3511 9197 9769 760
4 5823 7041 56 846
4 2592 970 1833 8247
4 6656 6577 4946 9014
4 2573 3055 3769 7363
4 5547 9907 5839 236
4 9849 172 4786 2716
4 6231 6220 1234 9168
4 6965 5441 1361 2106
4 6605 9961 1712 5118
4 4126 4731 3677 5835
4 8527 2368 6715 1484
4 2566 10 9843 8714
4 9871 7954 145 7215
4 7255 5207 5864 2185
4 6938 5446 1570 5649
4 529 7238 4627 4663
4 5548 688 6856 926
4 5503 1430 923 6396
4 4604 1122 738 1648
4 9350 3050 5271 3895
4 5151 844 5563 2165
4 451 525 3969 6526
4 7740 9895 7839 9761
4 3978 3746 7778 9250
4 7218 916 6540 8328
4 9092 1963 2221 2295
4 8931 1487 4859 4990
4 1601 8833 9135 164
4 6752 1827 9450 4093
4 7617 7204 6133 3540
4 2766 1197 7624 8673
4 7003 139 5579 2007
4 6364 9597 9161 8907
4 9695 7149 7318 8692
4 6266 8239 2381 8293
4 5013 4491 8081 6052
4 7558 5017 6152 7152
4 9214 3674 5007 628
4 6981 8044 8198 9490
4 2649 8161 5627 4857
4 117 5899 6451 8824
4 3845 2804 9182 3557
4 4089 2484 6680 8305
4 559 5056 7155 5375
4 1632 6149 5875 6102
4 9594 9246 6623 1526
4 8650 5574 3104 2091
4 7499 1010 1765 3480
4 2879 7983 2555 8684
4 1589 8363 2127 28
4 7692 1015 3997 4600
4 8617 5879 6645 556
4 87 2590 3029 1620
4 4361 9588 3362 1847
4 3932 5020 8609 1943
4 3323 7151 7752 3239
4 7764 7278 8653 4671
4 3276 6721 1876 5824
4 3828 6215 6703 9984
4 3892 9414 464 9580
4 3608 2872 178 206
4 7475 597 2055 5705
4 6036 2811 1464 2538
4 4997 1856 8176 2783
4 4555 1866 5559 124
4 6155 9650 9852 8263
4 9286 5941 4522 4496
4 2516 1311 3891 6443
4 6256 6350 1393 2732
4 5487 931 7888 5948
4 7375 1159 2697 5061
4 8652 6685 5898 7413
4 5815 4170 1819 2407
4 8578 8258 3129 7841
4 4187 9276 3808 9390
4 2254 5981 1129 642
4 5856 1877 6984 9238
4 1339 3297 9730 5058
4 3527 1260 3092 6531
4 3132 2999 3258 7659
4 4792 834 2705 9368
4 4904 1874 735 1888
4 8537 5341 6206 7219
4 307 208 290 1994
4 151 8342 7777 900
4 909 1718 622 5671
4 5094 1642 9602 5371
4 9407 53 4725 2490
4 7875 142 6651 9741
4 7105 656 4865 3573
4 6053 1562 1726 7943
4 6193 4611 9799 9165
4 7542 146 8035 2887
4 7734 7610 7512 8434
4 589 8967 8134 7406
4 9241 7683 9864 6444
4 4661 4091 2190 4716
4 9748 7884 9376 1445
4 9675 4692 3924 5178
4 6306 7361 4636 6585
4 4055 2428 7286 1282
4 5380 5710 8032 5794
4 9714 211 8432 540
4 6296 7518 2241 4592
4 4442 5644 362 9631
4 4774 1822 3617 4887
4 6676 5035 898 2400
4 6628 5517 9637 7733
4 9530 3558 2020 590
4 9922 6849 9499 1704
4 4363 8123 7993 1595
4 5044 7090 5325 5513
4 1837 3945 6557 3654
4 648 8864 4064 5920
4 5235 5556 7877 5461
4 3912 8423 7074 2006
4 4375 6365 4506 9523
4 1406 1440 3839 3567
4 6326 6111 2125 6157
4 2565 8160 3694 4933
4 3802 2309 8241 1205
4 2806 1922 3906 3980
4 3531 7594 4410 1593
4 4771 4656 1023 6988
4 6733 4814 5916 5474
4 2461 4573 4720 2765
4 534 3498 5530 6800
4 6380 7037 1332 6076
4 6976 358 4559 8333
4 7382 9453 5389 5164
4 1467 7356 1533 7768
4 4773 147 6436 6228
4 4926 8597 5869 1471
4 5418 7966 1422 1512
4 6289 7374 210 6741
4 3422 1723 8019 170
4 4412 3553 9988 4478
4 2320 33 960 198
4 7432 2375 253 6514
4 5336 4381 8938 5860
4 3760 4879 2389 9468
4 9456 6778 689 9183
4 404 9848 9382 1884
4 7914 5457 7821 4639
4 7386 2907 9879 5489
4 6361 7785 7419 737
4 489 8376 9361 4703
4 1584 8468 6673 7426
4 6857 4495 9561 8648
4 968 5551 3718 5205
4 6490 7454 5086 7249
4 8715 3145 8889 149
4 1598 9684 3188 8150
4 2462 3582 7534 9726
4 3075 6528 359 889
4 4011 5633 7818 1021
4 8153 7230 3882 1952
4 8043 7175 2260 2226
4 7530 6340 8425 9072
4 2401 1735 3559 396
4 3244 6016 7592 7876
4 4452 2129 7310 6208
4 2398 9703 5085 5157
4 6784 4026 8845 8325
4 4989 3914 3983 9143
4 1529 1930 8823 2191
4 6731 5901 3692 2848
4 5776 9222 5832 4419
4 4953 7990 835 3153
4 150 8679 6834 8712
4 8954 6466 5865 804
4 6726 7221 3371 9328
4 4066 3352 9971 3339
4 3428 711 9299 5721
4 480 1090 4057 7010
4 3299 3966 6649 9122
4 5255 7116 5615 6705
4 6827 3749 4124 7596
4 6202 9549 4704 4823
4 39 9802 6264 8861
4 5522 8746 4202 6932
4 4467 32 2134 7689
4 1886 7956 8238 947
4 4907 5724 3136 2854
4 9429 8682 3203 6659
4 5531 9996 8519 9987
4 9667 4766 3704 9606
4 9192 7526 9173 1044
4 512 1507 45 5277
4 5355 6421 1347 7917
4 3564 2167 9016 9043
4 9828 9091 4016 7964
4 2874 6700 7220 3811
4 4875 6446 5047 2024
4 678 2924 5896 5566
4 8898 9062 2148 6243
4 4640 3011 4208 3724
4 6724 5908 8276 9752
4 7809 3322 6811 8632
4 9220 1609 2343 6873
4 7731 1100 8264 5954
4 7970 5756 8196 8908
4 1256 313 2278 5451
4 6574 7186 611 9891
4 300 3641 3991 9868
4 4340 9573 8299 2467
4 4054 4465 635 6203
4 9976 6637 4514 9459
4 5584 5467 6553 1382
4 3985 6248 6522 5939
4 1174 1106 0 4708
4 8894 3121 8752 5947
4 8562 2672 1761 8517
4 4335 7984 6015 1908
4 1047 6160 8133 471
4 2277 9978 7424 6903
4 5166 4949 9210 8027
4 2495 9096 2983 5657
4 6681 6870 4659 3595
4 7480 6648 3681 7770
4 6942 1179 1157 9583
4 6596 4992 7425 430
4 849 4511 1199 2337
4 5763 6366 5449 5240
4 4215 9446 7384 8801
4 1569 8711 1411 6022
4 2367 3412 204 5836
4 5040 5362 3818 6719
4 1768 8828 6112 1668
4 955 9896 4790 5536
4 2198 433 5173 514
4 9221 9633 6794 7727
4 541 3226 4456 2506
4 9038 1616 1840 3517
4 3127 6017 8210 2081
4 708 7521 562 2601
4 8143 8222 9721 2702
4 2062 3894 5730 5496
4 7509 6184 2296 1181
4 5813 6351 8696 1535
4 7500 9836 3596 6280
4 3563 355 8413 8139
4 4046 9486 6478 4286
4 825 6246 1409 8810
4 4052 2025 8202 9995
4 7662 8863 8667 9734
4 9068 7555 8006 7013
4 608 3020 3926 2457
4 2875 5872 9699 2707
4 4206 6275 4359 2954
4 1400 7751 3004 7975
3 8137 6492 7633
3 3370 7742 4943
3 1751 3956 4400
3 3105 6864 2033
3 2329 2159 9028
3 6051 5368 131
3 8031 3330 8919
3 8876 4188 2193
3 70 6263 7410
3 4092 4858 530
3 8977 3657 978
3 1012 919 3809
3 2437 9269 5751
3 3972 240 1750
3 1321 9716 1381
3 4801 9198 5606
3 234 6960 8089
3 4228 9035 3311
3 3235 270 4000
3 9418 1640 8215
3 1279 7397 6097
3 5082 431 9768
3 1959 2713 5208
3 7924 2661 2786
3 9656 2578 6761
3 7614 465 6576
3 9187 7729 4399
3 2307 6008 97
3 9519 3939 3031
3 620 6964 9584
3 2762 4742 4798
3 6972 801 4534
3 6713 8401 7995
3 1939 500 1036
3 2604 372 3590
3 6698 9332 5245
3 9600 2120 8447
3 9767 6003 5986
3 8398 2072 6161
3 4387 5191 8454
3 1744 4796 9431
3 7663 439 9855
3 9047 1519 2595
3 1062 1259 6824
3 2977 6835 613
3 6890 8180 9920
3 5168 9398 7724
3 1980 1165 6565
3 136 9944 7895
3 2514 2149 2785
3 2694 183 5666
3 7959 8822 2215
3 5482 1796 2772
3 885 9036 8435
3 1475 9413 9083
3 4942 3280 4635
3 2102 7471 78
3 6612 6137 8821
3 8252 2074 229
3 6959 6352 7800
3 1318 4104 4097
3 6148 4958 68
3 2399 8037 1546
3 86 5752 8336
3 24 3344 3651
3 7407 5732 4291
3 6121 6452 325
3 4434 6944 7586
3 848 4777 3052
3 6197 4689 8314
3 6809 7554 2949
3 7674 2881 4783
3 2207 2891 4596
3 673 5850 5200
3 2297 4839 1538
3 4221 462 8568
3 37 5994 4595
3 1983 7320 8353
3 8900 7461 152
3 457 458 4358
3 5198 8093 6302
3 2950 1452 8815
3 2746 756 4787
3 487 9137 9094
3 7357 2632 1649
3 5897 335 7850
3 602 9009 4994
3 6463 2608 7387
3 4238 3021 9595
3 8766 2903 6915
3 6311 2210 9086
3 2144 3822 8426
3 8930 9538 7362
3 3212 9564 9215
3 4116 7206 1009
3 8256 9578 477
3 6450 2059 8383
3 456 2956 1043
3 2596 221 3789
3 615 2741 6332
3 6353 3347 9659
3 9838 956 8543
3 4736 4031 3875
3 7078 5731 9651
3 4504 9935 1843
3 1371 1536 5066
3 6448 6175 2469
3 9075 7602 7881
3 6127 1688 4877
3 4301 6232 4248
3 8903 4982 7423
3 40 4339 1453
3 1161 9709 1426
3 2837 3887 2412
3 4688 4502 1678
3 5233 9820 7859
3 1961 9201 168
3 725 6844 7557
3 6963 2859 9678
3 7170 937 2028
3 31 802 6699
3 3793 1778 9540
3 5106 7906 502
3 4030 8022 4549
3 8571 6357 8859
3 6229 8438 7694
3 2685 2101 8663
3 6328 9114 5558
3 739 7094 8576
3 842 402 6725
3 9333 1590 7813
3 7666 5181 3504
3 5024 4488 7036
3 6887 393 3012
3 9015 9157 7176
3 639 8326 1694
3 6544 2304 740
3 5817 4567 6471
3 5128 7632 7812
3 7457 5834 6473
3 1755 8486 7960
3 1220 1167 3555
3 7395 6925 7991
3 6674 9223 5190
3 5422 9887 34
3 8950 6034 7889
3 793 3141 9260
3 6506 3841 6746
3 8643 5676 1080
3 343 8952 7826
3 7971 9227 9957
3 4099 4554 6952
3 5882 2232 4880
3 4069 5959 2019
3 4855 252 4811
3 20 4826 726
3 3261 9394 6315
3 953 1979 9993
3 7631 2472 5346
3 2242 3951 9830
3 8097 3515 7132
3 8629 57 858
3 554 1194 8235
3 8028 7713 5881
3 13 5829 4078
3 2669 5146 5631
3 5443 2953 2169
3 7697 1330 579
3 6225 6818 840
3 2610 4047 76
3 305 7994 5212
3 4723 5628 5950
3 7581 9475 5125
3 1586 1869 860
3 2164 153 5161
3 1502 3396 8965
3 4298 6922 4451
3 193 2002 5059
3 3233 3698 1369
3 346 6291 4537
3 7963 6095 4750
3 6189 2929 414
3 3621 6479 6294
3 5863 4173 392
3 4267 3060 6104
3 7496 7490 7252
3 3761 9551 9294
3 6563 6210 9892
3 9280 4155 2358
3 8289 675 5895
3 4245 293 2683
3 9337 9680 6740
3 2432 3099 1416
3 1527 467 3246
3 3743 3123 3146
3 1514 83 8737
3 1276 7532 1807
3 4662 5672 1286
3 1953 2898 9489
3 1549 7430 1650
3 949 3824 4279
3 8456 9065 6258
3 9524 1201 640
3 2799 3449 5719
3 4922 3509 6852
3 499 8177 9543
3 7951 2629 7197
3 4969 1084 7024
3 7804 9985 1504
3 413 6002 9313
3 5026 2531 9526
3 5387 8212 2527
3 459 8897 3263
3 365 4314 9085
3 3482 868 3806
3 4747 3679 8440
3 7418 9771 5442
3 3161 2668 2388
3 649 3318 3773
3 8498 1516 3665
3 1031 7315 8986
3 7743 6270 3431
3 2328 7018 23
3 2533 8206 4767
3 5237 1793 8201
3 7236 4398 4249
3 8675 1250 1618
3 2264 4653 6846
3 4856 982 1532
3 3838 9149 4001
3 4605 5175 9496
3 6590 2235 8382
3 7653 6803 1118
3 6629 8309 378
3 8727 4328 3174
3 3581 1032 9810
3 4246 6510 9692
3 8729 7121 4841
3 4679 2591 395
3 3930 6494 8642
3 2143 6245 6323
3 6630 9858 5373
3 8229 1986 1270
3 1296 4095 8179
3 7559 7150 3543
3 5268 5966 5041
3 8640 1132 6669
3 1891 4623 2671
3 7803 7314 7565
3 4311 4713 16
3 7686 123 9948
3 644 1377 8804
3 3903 2303 6671
3 5769 2136 1266
3 6822 568 9105
3 2529 2751 9251
3 5199 7622 30
3 4501 444 4578
3 2237 5398 8108
3 6774 3332 4164
3 6035 4562 2911
3 6744 4775 8067
3 8534 2563 7019
3 2422 4898 4176
3 9134 5401 8978
3 9022 3513 2234
3 4144 9002 6046
3 9274 2824 2137
3 4172 1110 2205
3 3407 9655 8981
3 1027 6604 4892
3 2390 906 6126
3 7828 2047 5980
3 185 8806 5077
3 7761 4136 6953
3 5944 9711 2466
3 5831 3664 2046
3 7085 5400 1271
3 4312 7600 4914
3 6739 3615 1480
3 6005 3364 2892
3 1606 5276 9234
3 3316 6993 1814
3 8808 9073 4613
3 9272 6600 7190
3 8393 6693 7665
3 7237 94 6766
3 3587 7849 6430
3 8084 6304 8793
3 1058 5043 4325
3 4558 225 7805
3 6851 1892 5460
3 6828 3873 4546
3 4544 1495 9882
3 7048 5714 6664
3 6472 3933 1288
3 6398 3902 576
3 7721 3265 7693
3 6090 7868 5812
3 6244 4694 511
3 7127 7491 9003
3 2549 3570 4840
3 2227 7502 2947
3 316 5370 7640
3 7903 8773 6307
3 9575 8068 618
3 9611 3355 3880
3 9927 7899 6990
3 7616 6223 6711
3 9754 5903 9008
3 3878 3097 3402
3 7110 4833 8572
3 9613 9230 1754
3 2987 2418 9200
3 4935 3274 8756
3 1638 3078 5972
3 3281 2582 2564
3 4818 6812 292
3 9029 7501 8716
3 1170 6301 6748
3 9406 4508 7140
3 2011 3536 7091
3 8918 2442 6130
3 8298 6409 1093
3 7273 558 2105
3 6524 8355 6899
3 4804 893 2216
3 2835 8789 186
3 7931 2406 7388
3 1488 8996 2068
3 1639 8593 6697
3 550 6581 3578
3 8994 6132 3929
3 1563 226 3208
3 3178 2239 9885
3 4468 4693 2577
3 7123 3547 2464
3 7957 3324 4482
3 9624 160 5770
3 7298 3580 2179
3 4894 6425 3927
3 304 5725 7642
3 2240 4447 9958
3 8340 8472 516
3 1574 1958 7962
3 159 6414 1086
3 1928 7544 348
3 4628 3491 990
3 7948 9152 8633
3 5246 4981 3610
3 4932 5134 5140
3 2184 5409 3353
3 349 4906 383
3 3941 291 9770
3 6958 8776 8618
3 7163 241 8732
3 9901 7233 6517
3 6727 2852 5702
3 845 5345 643
3 3817 8015 7980
3 3883 1835 2570
3 7799 5183 5741
3 3812 3917 189
3 3213 3216 9590
3 3085 9535 1130
3 4678 5952 2453
3 5523 2326 356
3 1208 6261 3807
3 5800 3439 899
3 5848 6213 5663
3 2722 9710 6513
3 115 896 3747
3 5429 9870 3186
3 6920 3748 2220
3 5534 6796 4149
3 2199 2750 8525
3 4094 279 7902
3 3334 3038 5736
3 2775 9759 1870
3 9617 1661 1277
3 2689 6620 1403
3 6569 1313 9859
3 2402 5641 9488
3 7400 1806 9844
3 1951 6973 5323
3 9670 2376 4910
3 8934 2417 8411
3 1935 8464 1646
3 1781 8987 2781
3 2712 4394 473
3 5917 2333 8388
3 7925 6831 7672
3 7546 4290 784
3 9172 2805 5510
3 217 8638 669
3 545 5505 3783
3 2294 1683 5064
3 6356 3300 381
3 7275 8277 6118
3 6904 8064 9647
3 3125 2634 1849
3 219 5621 6770
3 5097 5234 1978
3 6331 691 867
3 4196 6595 7898
3 1624 1120 4197
3 1479 2163 4634
3 4088 3506 7634
3 101 9635 3911
3 9089 2621 1836
3 5060 2152 9555
3 1685 4337 2463
3 288 2050 2318
3 9261 9194 2268
3 4143 7289 3312
3 8539 827 199
3 3744 9603 6387
3 5577 6096 9338
3 8372 7329 1137
3 9100 287 8694
3 9181 1212 6093
3 4538 3262 6180
3 4403 3442 8268
3 4714 633 819
3 1971 472 2344
3 7788 3411 5511
3 4842 9346 5771
3 6560 1627 5391
3 3521 5122 9860
3 1461 1404 2730
3 7459 9423 8564
3 651 1192 2946
3 6417 3424 1665
3 3884 3965 2554
3 5397 1867 2444
3 4882 7795 3541
3 2288 769 7556
3 2567 7229 6253
3 3721 108 610
3 3381 5613 3131
3 6541 719 757
3 6259 4669 5329
3 9491 128 9367
3 6432 4428 9553
3 8316 4553 4255
3 8759 3584 2754
3 9570 2480 4789
3 5599 6497 894
3 133 7247 1865
3 9534 2841 1127
3 3888 3445 4193
3 9502 7309 401
3 5424 2173 6805
3 7815 6078 6023
3 7014 1699 7177
3 7194 1848 5471
3 1180 1809 3860
3 9209 4479 425
3 1985 8409 5612
3 5098 8567 4407
3 862 800 4939
3 3401 733 6636
3 5189 1184 4646
3 144 1700 249
3 1899 163 9179
3 5598 1656 6520
3 4489 419 8573
3 3124 9660 1469
3 5313 7460 6064
3 4630 4564 8654
3 5253 1783 5586
3 7907 7434 1099
3 8753 5951 3147
3 3849 3782 7441
3 4355 7664 8584
3 7608 8941 8021
3 6405 9158 9356
3 3753 9314 3712
3 203 5254 6068
3 930 1841 2470
3 616 22 3209
3 1615 6125 2012
3 771 6227 89
3 9458 9013 2334
3 863 1331 8141
3 3539 7684 4746
3 3798 753 2560
3 9744 9225 1221
3 7365 8645 5658
3 3006 8853 2022
3 1172 7349 7096
3 5192 9140 1138
3 2201 1801 1299
3 9846 4791 5611
3 4726 977 5550
3 728 8165 6897
3 2065 2951 7371
3 3076 4487 8842
3 1292 9679 218
3 8049 8734 4217
3 8870 8310 143
3 2281 3893 7675
3 9876 5958 7553
3 5019 1669 1774
3 5481 3425 1209
3 2087 8129 4918
3 4948 9862 7087
3 4986 8103 9232
3 3115 7969 7043
3 6529 2289 7065
3 3313 9156 6484
3 1898 796 2335
3 9205 3017 3438
3 1653 7695 7786
3 5132 5426 6063
3 6962 4308 2793
3 6087 934 7580
3 7878 7274 5573
3 5718 5514 9582
3 8166 4529 8709
3 9329 7744 4226
3 3947 7134 5104
3 6586 9863 2990
3 5182 2451 347
3 7510 7216 865
3 5206 4518 1494
3 8273 828 1376
3 1652 5804 6814
3 5171 7223 9877
3 7117 4392 2435
3 4599 4156 417
3 8665 2711 9941
3 5578 4598 2586
3 5594 4163 1227
3 789 8740 8502
3 8886 207 6373
3 9745 2057 157
3 1904 2731 2016
3 1716 3862 9785
2 866 9042
2 319 3690
2 8220 7187
2 8086 6141
2 9823 9159
2 7068 7172
2 2508 9644
2 959 6031
2 9686 1307
2 412 1728
2 7833 6643
2 9929 7514
2 958 8461
2 5260 6237
2 7261 342
2 5266 409
2 8136 5745
2 1439 908
2 9819 5327
2 4571 6199
2 7574 5480
2 1401 8530
2 7550 5023
2 2747 9533
2 4305 4913
2 9833 6119
2 3784 8698
2 8955 7322
2 7820 6075
2 4972 7832
2 1105 5844
2 6290 4009
2 9327 9301
2 7367 1753
2 1732 6456
2 5279 7789
2 2410 1305
2 4876 729
2 7183 911
2 3994 9007
2 4996 7045
2 1290 5100
2 7393 4890
2 9011 7856
2 8045 7453
2 9773 5379
2 8961 8500
2 1275 3705
2 6491 7712
2 1134 4048
2 7017 7005
2 452 3810
2 6682 4705
2 7069 8462
2 5910 8975
2 8001 2280
2 9749 6917
2 7864 9632
2 1705 3154
2 1111 5643
2 9101 5281
2 6848 3754
2 8602 9701
2 4793 256
2 6420 811
2 5382 5406
2 6614 8592
2 2512 1789
2 4556 7139
2 7985 6862
2 61 2583
2 9323 8406
2 8118 1878
2 6519 9548
2 3620 7479
2 698 999
2 1873 4209
2 3922 8410
2 6678 4633
2 3854 1283
2 5833 5779
2 3266 3696
2 6026 8757
2 6371 2447
2 7753 872
2 7507 9636
2 1308 2709
2 4821 6592
2 69 406
2 4371 2324
2 1824 2673
2 7929 5167
2 8868 5483
2 6391 8554
2 7890 538
2 7730 4732
2 2771 8190
2 8420 1777
2 4621 8379
2 7561 3227
2 3803 482
2 8546 1237
2 192 5885
2 2485 209
2 1918 9963
2 180 9411
2 7033 8778
2 8523 3474
2 3819 5783
2 7248 8731
2 4224 4675
2 5983 7992
2 5356 1501
2 3292 5413
2 1142 5410
2 9793 468
2 3088 1932
2 3984 3628
2 5870 7588
2 1226 3619
2 7251 2789
2 7504 8318
2 9775 7243
2 4822 6185
2 603 4440
2 6843 917
2 3963 7883
2 5158 7627
2 5265 8110
2 6859 5640
2 3044 2884
2 5774 1191
2 5906 8728
2 4893 987
2 268 6647
2 803 7138
2 5619 2858
2 6971 424
2 4285 1135
2 3787 9742
2 3394 901
2 2231 3082
2 6516 8555
2 2030 5073
2 7276 1634
2 4323 507
2 6901 2541
2 6539 6923
2 9024 5472
2 4980 9972
2 9557 6635
2 3756 1987
2 573 428
2 3268 9415
2 9556 376
2 2825 227
2 8417 4950
2 6429 7071
2 6077 5825
2 280 9362
2 156 8850
2 3382 2110
2 831 1993
2 1177 9521
2 200 5107
2 3361 7736
2 2385 2928
2 5699 7706
2 483 1206
2 405 6480
2 1119 2384
2 5778 8159
2 5045 4709
2 8491 415
2 6833 5014
2 4470 6841
2 4758 7758
2 509 2942
2 25 1149
2 4019 5682
2 5632 7523
2 6853 3469
2 3777 7938
2 3059 1695
2 3201 275
2 983 8361
2 3493 8244
2 4581 7102
2 7741 7337
2 111 1831
2 9822 9102
2 7711 2525
2 596 8395
2 6234 8556
2 8405 2500
2 3523 5342
2 821 1045
2 7416 2803
2 9218 8875
2 1196 9807
2 182 8061
2 3990 195
2 4333 8758
2 303 6187
2 2272 2038
2 6040 1554
2 7541 3639
2 311 4372
2 7791 9717
2 6158 508
2 2579 7636
2 9931 6499
2 9724 693
2 8770 7097
2 1350 8857
2 9400 5697
2 781 7129
2 3949 388
2 3385 4254
2 6692 1818
2 2553 5926
2 5957 8784
2 3866 6983
2 6654 1625
2 4577 1725
2 9044 4952
2 4860 9059
2 3591 8114
2 3267 5262
2 6098 3719
2 2010 1937
2 4356 7847
2 9436 2503
2 1880 4523
2 1622 6411
2 1770 8511
2 4699 3053
2 1696 9229
2 9498 2427
2 8441 9204
2 7547 1335
2 2298 7077
2 6407 2520
2 9638 9336
2 478 2252
2 2405 1868
2 2311 2934
2 4966 8561
2 7921 5693
2 2498 4330
2 4535 2769
2 4098 9825
2 1917 6457
2 9954 984
2 5340 5005
2 5051 3386
2 6308 8224
2 8144 3189
2 9126 1654
2 379 8117
2 224 6792
2 5617 7165
2 7915 7340
2 8075 1496
2 4107 7682
2 4283 9270
2 9146 9150
2 4237 782
2 972 54
2 5508 6254
2 5361 8872
2 4376 1749
2 4435 4651
2 7059 8493
2 7965 2373
2 1788 6701
2 3466 1517
2 8877 3935
2 7669 7307
2 7228 2657
2 3716 5993
2 5343 8726
2 1969 6500
2 437 8374
2 3843 5386
2 903 81
2 6533 2330
2 2827 1087
2 2645 1964
2 5010 2733
2 6961 7281
2 922 8164
2 658 6195
2 4 4369
2 9604 1046
2 3199 9977
2 4810 1972
2 5557 886
2 2546 2758
2 1006 5635
2 2035 4632
2 3611 4987
2 2662 6799
2 9932 7830
2 4923 6551
2 5377 9421
2 5747 3169
2 8231 9910
2 7404 4845
2 7658 2170
2 668 4175
2 2206 7060
2 3827 1775
2 8494 1302
2 2098 5210
2 7584 2356
2 3454 8541
2 3879 605
2 6720 3389
2 3534 7098
2 1131 1553
2 2996 4591
2 2039 1611
2 2715 3286
2 3859 8080
2 4520 8334
2 5538 9162
2 179 2812
2 5430 9321
2 8880 7590
2 4979 5177
2 3008 8960
2 230 7688
2 4214 7399
2 6617 3413
2 3846 6293
2 9720 4034
2 5809 921
2 7011 2026
2 194 8412
2 1513 8797
2 8791 4664
2 5585 8635
2 4062 7822
2 8725 4425
2 3383 2664
2 274 5399
2 5187 6434
2 4132 6163
2 935 9264
2 7292 7067
2 6937 8924
2 6265 4453
2 3727 4807
2 9554 9457
2 1166 8507
2 8009 4734
2 9914 7022
2 3327 9609
2 4427 9070
2 4232 8321
2 3225 3717
2 4691 6772
2 6509 5900
2 173 5294
2 6257 5820
2 7092 5533
2 2172 2602
2 2425 4032
2 7408 6428
2 5350 1610
2 3416 659
2 1323 5694
2 7222 6559
2 8135 1984
2 682 4891
2 8970 9342
2 238 8272
2 4236 9171
2 8686 8038
2 8786 2532
2 9031 1762
2 3247 4588
2 2556 9999
2 361 5977
2 441 7667
2 1235 6545
2 6242 184
2 2676 312
2 9698 7606
2 1171 1897
2 4060 6021
2 1133 1284
2 6177 3307
2 7075 1074
2 8535 9372
2 8002 8570
2 4260 2980
2 5907 3993
2 6393 3156
2 4851 9357
2 2483 5470
2 4262 8347
2 4297 7086
2 5213 5949
2 5840 8613
2 6454 7093
2 6675 5883
2 4770 6850
2 1374 4063
2 4344 621
2 6607 6902
2 9297 3530
2 2431 1190
2 5727 2706
2 582 9571
2 7946 703
2 1614 1329
2 8311 1485
2 9577 6998
2 4103 3636
2 5008 833
2 4525 4438
2 7793 2393
2 4899 8085
2 9311 118
2 1949 9189
2 8142 8879
2 794 2878
2 1534 9186
2 2382 258
2 3685 2086
2 5838 3645
2 2974 5938
2 4461 1029
2 7483 7782
2 1804 4843
2 2873 3058
2 652 6233
2 1909 435
2 1188 8985
2 7835 3799
2 341 3788
2 7333 2386
2 5696 8473
2 5148 318
2 1147 5257
2 741 3476
2 9933 4252
2 1679 8282
2 6334 5227
2 2271 8968
2 1326 8109
2 5067 121
2 3205 4273
2 7000 9148
2 2154 7852
2 5304 422
2 5979 795
2 1799 1731
2 526 9282
2 1316 2153
2 2166 2883
2 4174 8542
2 6222 1703
2 6128 5504
2 7427 5108
2 8344 8098
2 574 27
2 9736 4911
2 1230 9737
2 3108 1992
2 360 6174
2 2550 9663
2 7578 5754
2 9861 7807
2 9787 6279
2 9296 491
2 148 3794
2 2378 3821
2 3635 3144
2 4830 2656
2 8034 1664
2 2961 7882
2 5853 8771
2 662 4211
2 8780 4978
2 6412 1667
2 986 7639
2 7030 6085
2 2138 5828
2 6156 8011
2 8000 2357
2 1063 1415
2 4220 5316
2 2808 5549
2 1612 8508
2 2310 7488
2 6283 3023
2 9380 7533
2 746 2900
2 7264 7942
2 4724 5859
2 5539 2899
