1628
4 5357 8148 9906 6404
4 7710 5913 8754 5121
4 3629 8785 6584 6255
4 421 3987 8197 398
4 1737 9487 4386 2094
4 2589 998 1756 5583
4 6735 9612 2395 7529
4 5796 5515 4233 6632
4 6655 7923 8873 3015
4 7704 7444 8437 5905
4 7262 5427 8452 7796
4 2096 8733 8407 6459
4 820 6476 8479 9213
4 1729 9004 2584 8603
4 683 3302 9529 2222
4 2331 4449 8189 6839
4 9354 2489 7569 59
4 4318 5744 4100 1287
4 5231 6312 1248 604
4 9483 4004 5416 8320
4 3904 9765 2545 9383
4 7108 3715 2061 3135
4 3697 973 7792 5211
4 9620 2155 666 8004
4 370 9247 9618 5363
4 2861 4695 1423 4863
4 8585 6639 44 8392
4 1081 6668 4106 2752
4 7168 2687 8854 2117
4 5570 3942 4041 4090
4 7064 3505 4036 674
4 461 7100 3273 7936
4 4147 8287 3295 7549
4 4848 8641 8689 1396
4 2723 5616 1341 8058
4 6823 2345 8775 6640
4 4788 7136 2598 5918
4 1492 5090 1556 1385
4 2935 1677 5886 2968
4 5251 3825 1114 5083
4 110 752 6756 8384
4 8591 5773 6196 948
4 2008 6702 9129 766
4 8240 1524 8911 1561
4 7525 6613 4644 3457
4 4473 3484 864 9894
4 8119 1013 9128 4574
4 3647 5052 1491 7208
4 3626 453 132 5526
4 2459 4670 8777 8814
4 7515 7577 839 4983
4 5001 5592 2843 9959
4 962 7290 8991 7595
4 7939 7368 7950 3656
4 3149 2196 684 3176
4 4874 2728 8612 5042
4 9131 1388 2212 371
4 7101 9267 2246 9256
4 9813 63 3678 2064
4 6240 3607 5651 2548
4 9614 9986 9295 4916
4 4374 8803 82 818
4 7369 7863 1101 5791
4 9019 3420 847 9888
4 7834 4405 2080 6762
4 8837 6677 4631 8636
4 7543 5945 8152 7937
4 1214 1115 876 8284
4 7259 2124 7313 4685
4 1233 2475 3795 384
4 7516 6782 4430 2558
4 4058 8485 7927 7135
4 4194 2070 7198 1707
4 9559 4959 2994 1322
4 854 1164 336 936
4 3228 4964 6381 3765
4 2115 1210 3047 7757
4 4167 2922 8063 2060
4 4961 7945 5653 4886
4 7201 7540 5713 4917
4 1203 281 9568 6550
4 8639 6252 3940 7819
4 3309 5602 1146 1830
4 3463 7961 4702 5046
4 7104 3686 3499 9818
4 5214 4509 3792 2274
4 4957 5989 1004 7409
4 1094 4185 9305 4240
4 4135 5982 3896 636
4 9063 2727 8010 3437
4 8465 3376 4579 7825
4 2228 887 2964 1353
4 1071 976 2932 1671
4 2267 3542 1851 7308
4 3566 3096 6495 5295
4 954 3293 4925 7202
4 7359 8608 4940 9235
4 9307 443 1955 6935
4 3451 18 6168 2456
4 8745 5625 9795 1450
4 6558 1050 594 7305
4 5310 5931 2481 8387
4 2819 4131 6170 3042
4 1734 9263 3142 4141
4 7145 2141 5219 1742
4 6107 3114 9539 4320
4 47 7579 850 7715
4 8851 4637 3024 7316
4 9552 7088 3781 4655
4 1812 9 714 532
4 1713 9690 1946 9946
4 9965 6957 2686 7
4 5006 4074 1895 3196
4 9525 2759 6129 4657
4 4112 8553 7725 8865
4 6580 6882 5665 4912
4 3272 7896 2499 9527
4 71 4406 4561 4102
4 4475 8250 4619 5209
4 4847 2572 7032 6134
4 2749 7447 7648 7583
4 2045 62 3357 9866
4 9532 8332 49 5383
4 9917 3155 5873 213
4 2736 5048 6178 992
4 2342 9196 3337 3844
4 8626 3170 5494 6842
4 1591 4322 1568 3072
4 723 4076 5777 8644
4 7196 2726 9966 9119
4 8767 8193 6176 4235
4 8849 9365 201 120
4 7326 4808 5729 2340
4 4402 745 2642 2652
4 9106 4638 1433 5919
4 7673 2814 3745 8101
4 2544 9856 2828 586
4 7166 6769 7451 1839
4 4995 7551 3757 8478
4 9572 2085 9576 4390
4 3475 6534 9344 3840
4 6547 727 1988 7851
4 2982 8506 7643 774
4 8322 6571 7464 8338
4 7079 3889 1724 4902
4 4139 2628 2862 2870
4 859 4550 5101 8375
4 8397 3593 6537 6602
4 7148 403 3842 1552
4 780 1845 1357 3112
4 5156 2323 6927 1085
4 5652 2795 58 1621
4 4244 8079 5163 8116
4 4150 7920 8997 8267
4 4490 3672 8736 9542
4 8115 5081 7445 8242
4 2300 9302 8233 5904
4 2308 4480 1418 8601
4 1160 1383 6171 9722
4 2619 6038 2293 9514
4 5366 6913 3648 3689
4 9900 9320 7083 9528
4 3869 7922 7391 9151
4 5772 6611 1934 7231
4 7703 2123 3583 4293
4 1711 6147 5686 3083
4 8616 2305 4690 8138
4 778 9275 2941 7944
4 9243 6329 1096 332
4 9873 245 2160 2243
4 3526 5540 9433 4351
4 8094 6359 6777 7267
4 2313 3126 6050 2817
4 4044 333 5096 446
4 1136 1509 171 3106
4 8167 3950 7953 2962
4 6123 2985 565 3618
4 1763 8199 6467 3519
4 1336 5324 5622 2036
4 9374 2282 8367 9289
4 5136 7494 3257 7756
4 7726 4284 4498 373
4 8956 1340 9974 8722
4 4551 7466 1049 6477
4 7385 3253 8286 5600
4 4837 5609 1767 9283
4 1564 7671 2674 463
4 9784 2535 177 5518
4 6567 3899 7814 9732
4 6481 5845 5239 8721
4 5172 7026 6989 2259
4 65 2023 8186 9747
4 8348 2351 8026 1202
4 6985 676 4151 8501
4 2718 7700 7050 3229
4 8701 1359 3002 7212
4 2203 6363 9340 9691
4 321 8047 8346 188
4 4965 6313 8834 7209
4 3708 9649 2920 9271
4 8187 2944 9111 654
4 6616 8253 3632 6426
4 8563 7545 9252 9942
4 7981 8477 2009 9366
4 1817 9778 2213 717
4 522 3913 4951 9751
4 7862 2364 9443 8430
4 3485 8449 1861 902
4 7204 103 3368 9124
4 1372 1228 7978 7330
4 2571 2112 2647 1231
4 3356 4352 9550 3443
4 4582 4137 9123 214
4 709 8811 2905 3877
4 9545 5891 67 4357
4 3167 3089 9154 9713
4 5359 8751 645 263
4 4179 4871 1178 9806
4 7119 257 6956 8947
4 9921 4696 5593 8470
4 5244 1820 1061 9853
4 6300 2536 1701 687
4 328 3775 1936 1001
4 5492 9605 8003 4477
4 5758 9546 4134 4259
4 1976 3496 3379 7911
4 6415 7489 8835 4870
4 4884 60 750 8200
4 9585 3062 9363 7613
4 1510 3214 877 9930
4 9629 6483 8163 278
4 1344 6914 9718 1364
4 6666 915 1717 3870
4 2957 1998 1522 1427
4 5793 4557 6342 4727
4 5149 7629 8839 8259
4 5330 9511 4222 1975
4 7934 1740 5155 2952
4 264 8677 7057 924
4 1200 1800 8658 8697
4 9265 8509 4711 5970
4 1505 8040 7677 7344
4 1351 9166 296 4516
4 9871 4977 7153 7210
4 5375 3120 8990 6188
4 2575 9962 1883 1747
4 3730 3750 4415 631
4 8431 5720 2245 4161
4 3736 1965 4565 9341
4 1249 7647 7972 3087
4 5250 4649 2937 1056
4 8915 9426 6419 6738
4 791 3473 7699 5808
4 1073 8168 5529 8524
4 8442 2043 3579 5728
4 2509 8579 9397 8036
4 4717 5488 8606 5476
4 8529 706 3655 3830
4 5028 8297 797 2265
4 3557 8056 8659 4572
4 7824 8418 55 8548
4 6042 2089 2809 773
4 3271 5909 96 9952
4 4230 7250 1673 7524
4 301 3834 9626 1948
4 8707 5332 3306 8895
4 2802 5991 2095 8487
4 7415 11 8607 6060
4 1684 5236 197 1523
4 884 6316 137 7436
4 767 3223 1636 8702
4 6297 6410 8132 7302
4 9566 6336 5998 3516
4 6742 9776 6377 1508
4 8625 3905 3791 6309
4 6226 4960 6144 5544
4 9797 8866 6192 2162
4 5553 7748 3673 2927
4 407 283 9746 6
4 4367 8750 2600 9078
4 4200 2612 4079 2353
4 7567 8183 6198 4861
4 5074 1810 9121 8923
4 9599 730 6747 9569
4 3028 5610 9968 6058
4 251 5854 2486 9689
4 8671 875 3001 385
4 9719 5849 3367 7130
4 4043 1483 3 9182
4 4617 1912 7443 6028
4 6638 3944 2000 3857
4 8940 1429 3885 912
4 9471 5131 8059 5170
4 1040 1476 2912 8874
4 7253 8172 1853 7103
4 6010 7412 7095 6384
4 6662 9507 6146 1743
4 85 4706 2804 8651
4 432 4532 1996 5962
4 7008 8779 1787 3137
4 9843 6578 9755 9048
4 8683 4527 3022 4883
4 1587 5203 1720 3107
4 3278 4469 4607 6994
4 5733 8929 4307 8614
4 3134 5803 4524 5308
4 5378 6012 4474 3518
4 6320 1378 995 9464
4 7696 1821 5278 7178
4 9779 7522 8964 593
4 6110 1224 9325 28
4 513 634 6498 9908
4 3508 4331 1708 8453
4 7618 7861 451 4867
4 6757 6656 4975 8516
4 7319 3375 4038 7880
4 2585 7603 9359 7536
4 8692 1037 6370 6367
4 8204 7439 1923 1140
4 1253 4650 7759 3037
4 2573 3248 5197 4521
4 9419 3544 5902 6389
4 8670 5174 1154 2627
4 5683 3561 7255 9326
4 2939 5785 7870 2798
4 556 297 4187 1714
4 1152 1261 2488 7678
4 7118 3845 1681 9425
4 4439 1571 6627 5462
4 289 3853 8637 8466
4 520 836 7823 1825
4 9880 7463 1116 2877
4 4292 4668 174 6582
4 3511 9197 9769 760
4 5823 7041 56 846
4 2592 970 1833 8247
4 1726 6577 4946 9014
4 8932 3055 3769 7363
4 5547 9907 5839 236
4 9849 172 3092 2716
4 6231 6220 1234 9168
4 6965 5441 3728 2106
4 6605 9961 1712 5118
4 4126 6583 3677 5835
4 8527 2368 6715 5013
4 2566 10 17 8714
4 6273 7954 145 7215
4 1117 5207 5864 2185
4 6938 5446 1570 5649
4 529 9637 4627 5487
4 5548 688 6856 926
4 5503 1430 923 6396
4 4604 1122 738 1648
4 9350 3050 5271 3895
4 5151 844 5563 2165
4 2125 525 3969 7375
4 7740 9895 7839 9761
4 3978 3746 7778 9250
4 7218 916 6540 8328
4 9092 1963 2221 2295
4 8931 1487 4859 4990
4 1601 2811 9135 164
4 6752 1827 9450 4093
4 7617 1889 6133 3540
4 2766 1197 7624 8673
4 7003 139 5579 2007
4 6364 9597 9161 8907
4 9695 3308 7318 7296
4 6266 2241 5815 8293
4 3691 4491 208 6052
4 7558 5017 6152 7152
4 9214 3674 5007 628
4 6981 8044 8198 9490
4 2649 8161 4671 4857
4 117 5899 6451 8824
4 3527 9276 6444 4663
4 4089 2484 6680 8305
4 559 5056 7155 2776
4 1632 6149 5875 6102
4 9594 9246 6623 1526
4 8650 5574 3104 2091
4 7499 1010 1765 3480
4 2879 7983 2555 8684
4 8967 8363 1260 1542
4 7692 1015 3997 4600
4 8617 5879 6645 2836
4 87 2590 3029 1620
4 4361 9588 3362 1847
4 3932 9390 8609 1943
4 3704 7151 7752 3239
4 7764 7278 8653 5627
4 3276 6721 1876 5824
4 3828 6215 6703 9984
4 1464 9414 464 9580
4 3608 2872 178 206
4 1205 7346 2055 5705
4 6036 2697 3892 2538
4 4997 1856 8176 2783
4 4555 1866 5559 124
4 6155 9650 9852 8263
4 9286 5941 4522 4496
4 2516 1311 359 6443
4 6256 6350 1393 2732
4 597 931 7888 5948
4 6526 1159 8833 5061
4 8652 6685 5898 7413
4 2381 4170 1819 2407
4 8578 8258 3129 7841
4 7238 7149 3808 3258
4 2254 5981 1129 642
4 5856 1877 6984 9238
4 1339 3297 9730 5058
4 1484 2127 4786 6531
4 3132 2999 4731 7659
4 4792 834 2705 9368
4 4904 1874 735 1888
4 8537 5341 6206 7219
4 307 8081 290 1994
4 151 8342 7777 900
4 5380 1718 8333 5671
4 5094 1642 9602 5371
4 9407 53 4725 2400
4 7875 142 6651 9741
4 7105 656 4865 3573
4 6053 1562 8239 7943
4 6193 4611 2874 9165
4 7542 146 8035 2887
4 7734 7610 7512 8434
4 589 1589 8134 7406
4 9241 7683 9864 6205
4 4661 4091 2190 4716
4 9748 7884 9376 1445
4 9675 4692 3924 5178
4 6306 7361 4636 3323
4 4055 2428 7286 1282
4 8597 5710 8032 5794
4 9714 211 8432 6380
4 6296 7518 5513 4592
4 4442 5644 362 9631
4 4774 1822 3617 4887
4 6676 5035 898 2490
4 9879 5517 5020 7733
4 9530 3558 2020 590
4 9922 6849 9499 1704
4 4363 8123 7993 1595
4 5044 7090 5325 3973
4 1837 3945 6557 3654
4 648 2006 4064 5920
4 5235 5556 9799 5461
4 3912 8423 2848 8562
4 4375 6365 4506 9523
4 1406 1440 3839 3567
4 6326 6111 1361 6157
4 2565 2907 2401 4933
4 3802 2309 8241 7475
4 2806 1922 3906 3980
4 3531 7594 4410 1593
4 4771 4656 1023 6988
4 9361 4814 5916 5474
4 2461 4573 4720 2765
4 534 3498 5530 6800
4 540 7037 1332 909
4 6976 358 4559 9016
4 7382 9453 5389 5164
4 1467 7356 1533 7768
4 4773 147 6436 6228
4 4926 6076 5869 1471
4 5418 7966 1422 1512
4 8954 7374 210 7689
4 3422 2467 8019 170
4 4412 3891 9988 4478
4 2320 33 960 198
4 7432 2375 253 6514
4 5336 4381 8823 5860
4 3760 4879 2389 9468
4 9456 6778 689 9183
4 8898 9848 8889 1884
4 7914 5457 7821 4639
4 7386 7509 5085 5489
4 6361 7785 7419 737
4 489 8376 6733 4703
4 1584 8468 6673 7426
4 6857 4495 9561 8648
4 968 5551 3718 5205
4 6490 2672 5086 7249
4 8715 3145 9382 149
4 1598 9072 3244 8150
4 2462 3582 7534 9726
4 3075 6528 8864 2457
4 4011 5633 7818 1021
4 8153 7230 3882 1952
4 8043 7175 2260 2226
4 7530 6340 8425 3811
4 3694 1735 3559 396
4 9043 6016 7592 7876
4 4452 2129 7310 6208
4 2398 9703 6628 5157
4 6784 4026 8845 8325
4 2134 3914 3983 9143
4 1529 1930 8938 2191
4 6731 5901 3692 9220
4 5776 9222 5832 7074
4 4953 7990 835 3153
4 150 8679 6834 8712
4 3428 6466 5865 804
4 6726 7221 3371 9328
4 4066 3352 6942 3339
4 4419 711 9299 5721
4 480 1090 4057 7010
4 3299 3966 6649 6870
4 5255 7116 5615 6705
4 6827 3749 4124 7596
4 6202 9549 4704 9684
4 39 9802 6264 8861
4 5522 8746 6741 6932
4 4467 32 4989 849
4 1886 7956 9734 947
4 4907 5724 3136 2854
4 9429 8682 1569 6659
4 5531 9996 8519 9987
4 9667 4766 1044 9606
4 9192 7526 9173 240
4 512 1507 45 5751
4 5355 6421 1347 7917
4 3564 2167 622 3188
4 9828 9091 4016 7964
4 8517 6700 7220 4823
4 4875 6446 1761 2024
4 678 5763 5896 5566
4 404 6289 2148 6243
4 4640 3011 4208 3724
4 6724 5908 8276 9752
4 7809 3322 6811 8632
4 9062 1609 2343 6873
4 7731 1100 8264 5954
4 7970 5756 8196 8908
4 1256 313 2278 5451
4 6574 7186 611 9891
4 300 3641 3991 7454
4 4340 9573 8299 1723
4 4054 4465 635 6203
4 9976 6637 4514 9459
4 5584 5467 6553 1382
4 3985 6248 6522 5939
4 1174 1106 0 4708
4 8894 3121 8752 5947
4 3553 6585 5047 4202
4 4335 7984 6015 1908
4 1047 6160 8133 471
4 2277 9978 7424 6903
4 5166 4949 9210 8027
4 2495 9096 2983 5657
4 6681 9122 4659 3595
4 7480 6648 3681 7770
4 9971 1179 2198 9583
4 6596 4992 7425 430
4 9868 4511 1199 1157
4 2924 6366 5449 5240
4 4215 9446 7384 7975
4 3203 8711 1411 6022
4 2367 3412 204 5836
4 5040 5362 3818 6719
4 1768 5277 6112 1668
4 955 9896 4790 5536
4 6492 433 5173 514
4 9221 9633 6794 7727
4 541 3226 4456 2506
4 9038 1616 1840 3517
4 3127 6017 8210 2081
4 708 7521 562 2601
4 8143 8222 9721 2702
4 2062 3894 5730 5496
4 355 6184 2296 1181
4 5813 6351 8696 1535
4 7500 8828 3596 6280
4 3563 8160 8413 8139
4 4046 9486 6478 4286
4 825 6246 1409 8810
4 4052 2025 8202 9995
4 7662 8863 8667 8238
4 9068 7555 8006 7013
4 608 3020 3926 889
4 2875 5872 9699 2707
4 4206 6275 4359 2954
4 1400 7751 9836 8801
3 8137 2337 7633
3 3370 7742 4943
3 1751 3956 4400
3 3105 6864 2033
3 2329 2159 9028
3 6051 5368 131
3 8031 3330 8919
3 234 4188 2193
3 70 6263 7410
3 4092 4858 530
3 8977 3657 978
3 1012 919 3809
3 2437 9269 3004
3 3972 7877 1259
3 1321 9538 1381
3 4801 9198 5606
3 8876 6960 8089
3 4228 9035 3311
3 3235 270 4000
3 9418 1640 8215
3 1279 7397 5208
3 9768 431 5897
3 1959 5082 6097
3 7924 2661 2786
3 168 7471 6761
3 7614 465 6576
3 9187 7729 4399
3 2074 4942 97
3 9519 3939 3031
3 620 2102 2307
3 2762 4742 4798
3 2949 801 4534
3 6713 8401 7995
3 1939 500 1036
3 2604 372 3590
3 6698 9332 5245
3 1755 2120 8447
3 9767 6003 5986
3 1330 2072 6161
3 4387 5191 8454
3 1744 4796 9431
3 7663 439 9855
3 6175 9215 2595
3 1062 1750 6824
3 2977 4839 613
3 6890 8180 9920
3 5168 9398 7724
3 1980 1165 6565
3 136 9944 7895
3 2514 2149 24
3 2694 183 5666
3 7959 8822 2215
3 5482 1796 2772
3 4221 9036 8435
3 1475 3793 9083
3 1043 1538 1778
3 6964 2578 840
3 3509 615 6818
3 8252 2713 229
3 6197 6352 7800
3 3543 4104 4097
3 6148 4958 68
3 2399 8037 1546
3 86 639 1694
3 2785 3344 3651
3 7407 5732 4291
3 6121 467 7666
3 4434 221 7586
3 848 4777 3052
3 6959 4689 8314
3 6809 7554 6972
3 7674 1318 4783
3 2207 2891 4596
3 673 5850 6471
3 2297 6835 9584
3 885 462 8568
3 37 5994 4595
3 1983 7320 8353
3 8900 7461 9114
3 457 458 4358
3 5198 8093 6302
3 9600 1452 8815
3 2746 756 4787
3 487 9137 9094
3 7357 2632 1649
3 9659 335 7850
3 602 9009 4994
3 6463 2608 7387
3 4238 3021 9595
3 8766 2903 6915
3 6311 2210 9086
3 2144 3822 8426
3 8930 9047 7362
3 3212 4826 1519
3 8336 7206 1009
3 8256 9578 477
3 6450 2059 8383
3 456 2956 6008
3 2596 6944 3789
3 6137 2741 6332
3 6353 3347 3280
3 9838 956 8543
3 4736 4031 3875
3 7078 5731 9651
3 4504 9935 1843
3 1371 1536 5066
3 6448 3504 2469
3 9075 7602 7881
3 6127 1688 4877
3 4301 6232 4248
3 8903 4982 7423
3 40 4339 1453
3 1161 9709 1426
3 2837 3887 2412
3 4688 4502 1678
3 5233 9820 7859
3 1961 9201 9656
3 725 6844 7557
3 6963 2859 9678
3 7170 937 2028
3 31 802 6699
3 9413 2881 9540
3 4537 4856 502
3 1080 8022 4549
3 8571 6357 8859
3 6229 8438 3773
3 2685 2101 8663
3 7430 152 5558
3 739 7094 8576
3 842 402 6725
3 3903 1286 7813
3 325 5181 9716
3 5024 9957 2634
3 6887 393 3012
3 9015 7559 7176
3 5752 8326 4116
3 1586 2304 6328
3 5817 4567 5959
3 5719 7632 7812
3 7457 4488 6473
3 860 8486 7960
3 1220 1167 3555
3 3060 6925 7991
3 6674 9223 5190
3 4922 9887 34
3 8950 6034 7889
3 793 3141 3318
3 343 7314 6746
3 3841 5676 4030
3 6452 8952 2402
3 7971 9227 9065
3 4099 4554 8097
3 5882 3123 4880
3 3930 9280 8201
3 4855 252 4811
3 20 9564 726
3 4935 8665 193
3 953 1979 9993
3 2799 2472 3174
3 2242 3951 9830
3 6952 3515 7132
3 2442 1653 473
3 554 1194 8235
3 8028 4069 2169
3 13 5829 4078
3 2669 5146 5631
3 5443 2953 2892
3 1118 8398 579
3 6225 78 4635
3 2610 4047 76
3 305 7994 5212
3 4723 5628 5950
3 7581 9475 5125
3 6544 1869 2137
3 2164 6291 5161
3 1502 3396 8965
3 4298 6922 4451
3 6315 2002 1270
3 3233 6828 6506
3 346 2824 9524
3 7963 6095 4750
3 6189 2929 414
3 3621 5672 7565
3 5863 4173 392
3 4267 6494 23
3 7496 57 7252
3 3761 4679 9294
3 3743 5128 9892
3 5200 4155 2358
3 8212 675 8808
3 4245 293 2683
3 9337 8498 6740
3 2432 649 1416
3 1527 4314 3246
3 640 2232 3146
3 1514 83 8737
3 1276 4969 1807
3 6604 6479 1590
3 1953 2898 3161
3 1549 740 1650
3 9489 7713 4279
3 8456 5834 6258
3 5106 1201 6563
3 7631 3449 6210
3 5422 8642 6852
3 499 3665 7036
3 7951 2629 9635
3 7532 1084 5346
3 7804 3125 6093
3 413 4841 9313
3 9680 2531 9251
3 1891 219 2527
3 459 511 3263
3 2911 4804 9085
3 4489 6432 5736
3 4747 3679 8440
3 2951 8886 2621
3 949 2668 2388
3 568 6046 7694
3 8229 1516 8177
3 1031 7315 1504
3 7743 1618 1369
3 8166 6560 828
3 2533 8206 4767
3 5237 1793 6294
3 7236 4398 4249
3 8675 8593 6270
3 2264 4653 9260
3 6244 9274 395
3 3838 2328 6104
3 2466 6851 2046
3 6899 2235 5400
3 4713 6693 7697
3 6805 9367 8740
3 8727 8821 4328
3 3581 1032 9526
3 4623 6510 9692
3 977 1184 5611
3 5026 1027 3147
3 4447 3883 3099
3 2335 9105 143
3 6600 2570 7931
3 3698 9394 4144
3 9655 1058 3884
3 5043 7150 3615
3 8539 6078 199
3 9948 8981 225
3 5387 516 2671
3 7803 8643 982
3 5895 7653 16
3 5831 858 7197
3 644 1377 8804
3 1656 7622 8382
3 6227 7693 5104
3 6822 4001 6245
3 2529 2751 6664
3 9134 4246 9261
3 4501 444 7395
3 6990 9181 8756
3 7418 3332 4164
3 9230 6993 8340
3 9771 5401 8067
3 2344 4932 9008
3 2422 4898 4176
3 4311 2047 5199
3 8716 8918 8567
3 5059 9002 7906
3 7826 153 2950
3 8806 1110 2946
3 5951 6727 6630
3 5276 4840 4892
3 3747 3431 4407
3 7828 6612 5980
3 1951 2303 6323
3 5426 7117 6096
3 5944 4662 4605
3 3806 6223 7868
3 6581 1292 472
3 425 1209 2326
3 2240 7805 7400
3 6005 3364 5881
3 7085 2105 9234
3 4746 2775 3353
3 9885 1495 7223
3 9272 2136 7957
3 7634 1986 5097
3 2453 7907 5578
3 7024 7849 6430
3 5598 9844 4193
3 7665 5702 1661
3 7365 7580 7289
3 7721 6831 616
3 8734 7600 5812
3 827 2237 8393
3 7048 1898 7018
3 643 7096 9882
3 6398 3262 2205
3 5577 186 3186
3 6090 3316 1132
3 9624 6766 8897
3 868 7194 6472
3 5064 545 4918
3 4842 6973 2418
3 1271 1480 9333
3 5122 7758 8645
3 5804 7216 6023
3 8729 1606 3880
3 5641 3902 6130
3 8994 9338 2464
3 8103 8732 101
3 2406 5098 4546
3 1836 3097 5140
3 3424 1615 2227
3 3209 2470 378
3 419 3274 7899
3 4948 7544 1700
3 5234 2549 7815
3 7309 9575 2463
3 1120 4981 9744
3 5183 4355 9205
3 3541 4599 5514
3 3547 94 9551
3 9458 7490 8629
3 249 7925 2750
3 185 3664 8640
3 5132 1716 3578
3 6590 7237 1288
3 2239 1403 9862
3 4312 9073 6414
3 2376 5460 3411
3 1639 8129 9679
3 1461 6711 9860
3 4791 1479 1469
3 3744 2841 6417
3 9603 9770 6636
3 108 2199 7788
3 7123 6803 6002
3 6669 3261 3748
3 7460 5769 4914
3 7675 5594 7091
3 3539 6409 4634
3 9570 6253 2184
3 8978 5175 9958
3 3312 4833 610
3 1949 128 789
3 5323 3482 1806
3 1494 9232 8776
3 4394 6595 5903
3 4529 4172 1935
3 3878 3817 3965
3 4538 9029 9100
3 8709 5771 5770
3 6405 7233 7110
3 1227 4894 1870
3 9491 691 3017
3 9670 4487 7229
3 1669 160 279
3 133 3782 9927
3 5848 9553 5534
3 3873 2417 3381
3 4337 1331 1685
3 6064 22 7786
3 163 9329 3753
3 9209 1809 4906
3 1841 6529 292
3 9534 3862 6331
3 5966 2564 3536
3 7903 2216 7510
3 5800 7273 899
3 9999 5599 1652
3 2057 347 6897
3 115 9543 6744
3 7459 8564 6814
3 1865 6739 2220
3 9423 5718 6261
3 8298 9870 189
3 2050 2087 8015
3 2152 784 4646
3 3584 6301 5182
3 348 7177 304
3 3947 618 6068
3 6569 1250 3824
3 2019 8355 5714
3 2011 5192 2567
3 6962 3513 1892
3 89 7491 6373
3 1313 906 1172
3 9152 733 6497
3 3334 8534 5345
3 8068 5511 1131
3 9858 4578 6126
3 8941 7298 4553
3 5254 6213 2173
3 2435 5429 4143
3 2586 7502 6629
3 5268 4156 5613
3 930 7556 3085
3 5917 1699 9194
3 9611 3506 123
3 7247 9022 7761
3 7946 1904 2334
3 9901 9158 651
3 30 4482 1978
3 669 2852 6586
3 2390 2289 5442
3 1899 8064 6125
3 6457 2333 1130
3 6524 9711 9810
3 9555 5424 6425
3 8789 757 7640
3 5612 6541 4628
3 7608 1627 9502
3 8165 4818 3570
3 6520 1221 9003
3 2179 7274 7065
3 2281 8502 287
3 4196 1683 1774
3 5041 6697 5621
3 4630 2730 2712
3 7349 800 9785
3 9613 1296 8986
3 5370 4255 3888
3 7434 1971 4428
3 3442 4325 5523
3 6356 5373 1093
3 3712 7795 8273
3 9647 2550 6958
3 5952 8316 9863
3 8572 845 1835
3 753 7684 4910
3 1277 3929 9582
3 1192 1781 5471
3 4678 4094 3216
3 558 6132 217
3 2987 9710 7546
3 7014 8633 1646
3 5725 4598 7163
3 9406 2689 2835
3 8309 3812 8321
3 4558 7190 9496
3 1212 4308 159
3 4392 3208 4544
3 867 3124 7371
3 5313 6087 3313
3 1867 7980 5586
3 3402 1137 7275
3 3178 3807 5550
3 9590 8771 7695
3 3911 1754 6304
3 2163 8310 8842
3 5189 417 9157
3 550 1985 3438
3 7672 4088 2711
3 7501 1376 2781
3 9013 2294 4613
3 7329 1848 8372
3 7060 3927 1170
3 862 8525 7333
3 3798 8934 8694
3 8289 8179 4562
3 7898 5391 990
3 4149 4290 9172
3 288 6796 4508
3 1127 576 4217
3 4226 2805 1099
3 8773 8987 1266
3 3355 7043 9488
3 349 7902 4714
3 9225 5148 4403
3 365 4564 8753
3 7969 8584 2554
3 5206 7878 3076
3 8654 8996 1532
3 1665 218 893
3 771 401 8084
3 9140 3941 1849
3 3849 1928 2068
3 7121 3115 6812
3 896 8464 1783
3 7616 2560 8793
3 8472 3131 5134
3 3933 8638 5510
3 2318 5329 6259
3 4775 9149 8277
3 7642 9954 226
3 5397 5077 5505
3 2444 1624 8021
3 5060 728 4468
3 4669 3721 207
3 6035 8409 5481
3 719 1208 9660
3 5246 9754 9356
3 6517 6513 3491
3 769 3401 3038
3 3265 3783 4095
3 4882 5663 3006
3 3610 1958 5825
3 9941 1404 3324
3 7686 2722 4136
3 8618 4197 9985
3 1638 8411 8108
3 2947 6387 2065
3 3425 6770 5658
3 5019 2234 3445
3 6920 381 3281
3 9759 3439 1488
3 7019 8853 2480
3 4986 7087 9346
3 2022 7962 865
3 9877 2268 3587
3 4693 241 2754
3 2143 6774 2582
3 356 8388 7388
3 8759 2990 6671
3 9859 3078 6063
3 1814 2563 144
3 9745 6846 4694
3 5253 819 3521
3 6953 2016 8573
3 6904 9876 2012
3 9089 1563 6620
3 6307 157 9200
3 9617 3580 1299
3 5171 9846 894
3 7134 7948 2288
3 7553 5972 9156
3 7744 7664 8141
3 934 4163 1230
3 5398 1138 2731
3 7127 6118 2591
3 316 4479 2793
3 1574 6180 6748
3 8049 796 8268
3 5741 9179 693
3 6484 4518 633
3 1801 3213 9535
3 2201 4789 5958
3 3407 3300 1086
3 8870 3893 6456
2 6163 5859
2 8541 9914
2 1917 452
2 5809 2172
2 7102 27
2 659 3307
2 9554 3523
2 482 5573
2 2771 468
2 5158 2153
2 227 7741
2 8075 6643
2 230 1045
2 4807 1634
2 4966 4262
2 5910 4297
2 6334 1439
2 6983 7736
2 8500 4344
2 703 8877
2 7712 6308
2 507 6128
2 4899 1984
2 1134 9007
2 2385 8507
2 8379 2384
2 6371 1818
2 4211 7807
2 2324 415
2 1105 5343
2 154 7847
2 4440 1612
2 8061 5327
2 3292 5340
2 9819 1918
2 9571 4305
2 3636 8570
2 6841 2664
2 3466 478
2 7636 5747
2 1667 9297
2 4237 4209
2 7832 2030
2 9533 7068
2 1415 424
2 3386 7789
2 9521 8344
2 2405 5779
2 1625 4427
2 9604 7248
2 9186 274
2 509 1799
2 7045 4923
2 2310 7261
2 3922 6407
2 1932 409
2 8880 538
2 8530 3591
2 987 5014
2 4283 6040
2 605 7793
2 4978 3023
2 1753 7985
2 2789 3385
2 5533 7929
2 2996 1226
2 866 8224
2 6199 9436
2 7022 3225
2 1191 7011
2 4372 5361
2 1171 4734
2 573 3628
2 1302 1496
2 2271 7561
2 179 6412
2 8395 7092
2 9229 1703
2 4830 9720
2 7890 6923
2 7069 6862
2 972 1915
2 8960 4632
2 658 8780
2 3620 6454
2 8511 7138
2 275 3361
2 3777 7172
2 3474 6971
2 9717 1732
2 8406 6279
2 9932 7669
2 4376 6850
2 5304 2900
2 1111 5177
2 3803 4060
2 7507 3787
2 9146 3611
2 268 3389
2 1695 984
2 7533 3340
2 4273 8523
2 5227 4232
2 2026 7097
2 7578 8728
2 2812 4987
2 303 9411
2 1554 1329
2 3059 8797
2 1497 4009
2 8961 6021
2 6391 8405
2 69 7033
2 6675 2386
2 682 8968
2 8491 4220
2 9270 3383
2 4591 2676
2 2583 8857
2 7183 6429
2 437 6156
2 5279 7915
2 1133 7753
2 6631 6792
2 6539 2602
2 200 8114
2 4724 3935
2 8098 6195
2 1534 7706
2 9059 9825
2 7833 3416
2 2662 2039
2 4675 1235
2 9807 2166
2 5005 7393
2 8985 8542
2 3205 3469
2 1275 6607
2 9044 2961
2 1897 5316
2 9372 3639
2 6031 7852
2 2873 3821
2 2298 999
2 2485 6551
2 8009 7059
2 3846 224
2 9342 5067
2 1972 5870
2 4520 111
2 8493 5833
2 6545 7682
2 5828 5900
2 5906 5912
2 3819 8135
2 833 8770
2 5694 8144
2 7187 2512
2 2311 318
2 361 7965
2 3227 6254
2 5844 7938
2 7416 4810
2 9609 4224
2 238 4453
2 6283 9421
2 9400 9150
2 1284 6242
2 5480 3994
2 2520 1142
2 4890 6499
2 2656 3156
2 173 7588
2 5727 6075
2 1868 9323
2 7514 9861
2 5643 5382
2 6692 2942
2 4252 7042
2 3534 2769
2 9101 2272
2 6026 2206
2 3201 6290
2 2803 8791
2 6843 4461
2 5430 148
2 1046 8686
2 3949 4260
2 9557 935
2 5697 8190
2 3993 1937
2 9102 8347
2 9701 3756
2 4980 8778
2 2657 2110
2 1063 9159
2 8441 2280
2 3717 911
2 5100 2758
2 8461 1705
2 7667 8086
2 5010 1206
2 7820 9362
2 621 9327
2 2154 7504
2 54 1190
2 5853 9301
2 1180 312
2 6234 194
2 6917 2427
2 2382 4323
2 811 5696
2 5585 8231
2 435 2393
2 6174 2541
2 5413 4369
2 8508 7921
2 383 1993
2 6257 9264
2 6961 7367
2 1323 8412
2 8726 2709
2 7711 2170
2 6559 7574
2 2525 5257
2 5281 4285
2 4062 5820
2 9380 2645
2 8117 7488
2 1501 1969
2 9556 1316
2 8786 3144
2 3854 5907
2 258 376
2 6222 5682
2 2928 921
2 7830 2884
2 3643 311
2 5410 1135
2 3476 2827
2 2035 3082
2 9823 9577
2 1335 9636
2 1789 4893
2 831 5210
2 5778 8546
2 3810 1880
2 1087 4174
2 3199 2483
2 5260 4843
2 6141 8361
2 8142 652
2 8555 7523
2 3879 4821
2 483 8417
2 630 3645
2 6516 9933
2 5957 6682
2 5262 901
2 9977 6701
2 8872 9314
2 5640 4525
2 118 1611
2 6654 4691
2 908 4254
2 2086 121
2 9736 3794
2 2373 8554
2 4621 3394
2 3247 8038
2 4913 3788
2 1654 3727
2 5619 5693
2 4535 821
2 4651 2715
2 7322 5883
2 5617 3827
2 1878 7129
2 5045 182
2 156 9833
2 5051 8613
2 5783 4793
2 574 917
2 5356 1326
2 9749 3866
2 9148 3108
2 5399 5470
2 3382 7281
2 4699 5153
2 81 7822
2 1992 1188
2 6901 491
2 6772 8757
2 9336 4132
2 3719 341
2 1804 7098
2 6393 4588
2 4236 2808
2 280 983
2 195 6937
2 25 4214
2 2556 795
2 2673 1307
2 2010 3154
2 7942 582
2 5557 7399
2 7276 9787
2 6799 9775
2 7606 8164
2 5107 9822
2 3266 7093
2 8561 3690
2 958 8975
2 1149 1824
2 7483 508
2 1725 5049
2 4726 441
2 6265 2451
2 9548 729
2 6500 4939
2 6617 5938
2 1770 1728
2 7340 7799
2 4333 7408
2 3784 3327
2 9357 8118
2 2231 7658
2 5073 7550
2 9070 1873
2 1731 903
2 7541 1553
2 4175 6491
2 5406 8011
2 8002 9931
2 5409 2747
2 8034 8000
2 9963 2974
2 4851 428
2 7882 7000
2 5029 1401
2 4 9632
2 6077 2579
2 9498 782
2 7337 3413
2 6119 8535
2 4972 1196
2 3275 1374
2 1775 4950
2 1290 8758
2 7584 922
2 781 8311
2 603 8136
2 2378 7627
2 596 4470
2 1006 7864
2 6533 3169
2 3058 5977
2 2447 3685
2 5635 6833
2 9457 4556
2 388 405
2 2330 3267
2 7251 5379
2 2138 2098
2 1679 9742
2 342 8473
2 1664 4976
2 6592 4571
2 1305 5979
2 256 1831
2 9737 8879
2 5699 794
2 5386 6098
2 5266 2503
2 406 7086
2 2878 4107
2 4770 803
2 3754 5538
2 1777 5472
2 8556 7730
2 4098 1485
2 61 2532
2 6678 8955
2 8109 180
2 8334 422
2 2038 6185
2 3963 5350
2 7782 5549
2 9311 3635
2 4063 412
2 6085 9282
2 5213 7453
2 1283 5265
2 9031 6187
2 3530 9686
2 6428 2500
2 1119 7228
2 7547 9773
2 5838 9164
2 8731 2498
2 872 9724
2 4048 6480
2 4952 4822
2 4438 7139
2 8970 9011
2 8045 6293
2 5983 526
2 5483 4732
2 6237 746
2 2546 9204
2 2825 8725
2 3696 8494
2 7479 7140
2 9024 2706
2 4996 8875
2 6859 6720
2 5993 6420
2 6635 7243
2 9793 203
2 4523 3984
2 5377 5949
2 1074 3044
2 886 1614
2 7292 2934
2 9910 1622
2 2883 6519
2 7441 4979
2 2357 7222
2 8374 4860
2 2899 2425
2 3716 6177
2 8462 9698
2 6647 7165
2 668 5504
2 7077 1749
2 3619 8001
2 1909 4371
2 9415 4019
2 2410 9321
2 6902 7856
2 8602 9162
2 3546 2431
2 2980 9126
2 4911 4891
2 7883 5754
2 291 6411
2 8784 3008
2 6233 9644
2 5187 6848
2 4032 3286
2 7075 7017
2 1177 7030
2 1166 5294
2 4664 7427
2 5023 8635
2 4577 9638
2 698 3454
2 3799 9218
2 741 4356
2 7835 4633
2 8924 184
2 8244 5008
2 2577 5745
2 4425 4330
2 8159 3053
2 959 3189
2 3990 7005
2 1237 3843
2 1987 6434
2 8110 8868
2 7791 3917
2 209 4758
2 3493 1762
2 7992 8282
2 4845 8272
2 7639 863
2 9663 4103
2 4581 7688
2 2356 5885
2 1610 1696
2 7404 5632
2 8698 4705
2 319 8850
2 1517 2252
2 5840 8318
2 1788 7307
2 8080 4709
2 7264 3859
2 662 3860
2 7590 8220
2 6158 8410
2 1513 1308
2 9296 3268
2 1350 3705
2 9972 9189
2 9042 8592
2 5508 5167
2 6998 5926
2 2858 7071
2 4876 8085
2 1029 2508
2 6853 4435
2 192 6509
2 7067 6614
