1628
4 5357 8148 9906 6404
4 7710 5913 8754 5121
4 3629 8785 6584 6255
4 421 3987 8197 398
4 1737 9487 4386 2094
4 2589 998 1756 5583
4 6735 9612 2395 7529
4 5796 5515 4233 6632
4 6655 7923 8873 3015
4 7704 7444 8437 5905
4 7262 5427 8452 7796
4 2096 8733 8407 6459
4 820 6476 8479 9213
4 1729 9004 2584 8603
4 683 3302 9529 2222
4 6640 4449 8189 6839
4 9354 2489 7569 59
4 4318 5744 4100 1287
4 5231 6312 1248 604
4 9483 4004 5416 8320
4 3904 9765 2545 9383
4 7108 3715 2061 3135
4 3697 973 7792 5211
4 9620 2155 666 8004
4 370 9247 9618 5363
4 2861 4695 1423 4863
4 8585 6639 44 8392
4 1081 6668 4106 2752
4 7168 2687 8854 2117
4 5570 3942 4041 4090
4 7064 3505 4036 674
4 461 7100 3273 7936
4 4147 8287 3295 7549
4 4848 8641 8689 1396
4 2723 5616 1341 8058
4 2331 2345 8775 6823
4 4788 7136 2598 5918
4 1492 5090 1556 1385
4 2935 1677 5886 2968
4 5251 3825 1114 5083
4 110 752 6756 8384
4 8591 5773 6196 948
4 2008 6702 9129 766
4 8240 1524 8911 1561
4 7525 6613 4644 3457
4 4473 3484 864 9894
4 8119 1013 9128 4574
4 3647 5052 1491 7819
4 3626 453 132 5526
4 2459 4670 8777 8814
4 7515 7577 839 2212
4 5001 5592 2843 9959
4 962 7290 8639 7595
4 7939 7368 7950 3656
4 3149 2196 684 3176
4 4874 2728 8612 5042
4 9131 1388 4983 371
4 7101 9267 2246 9256
4 9813 63 3678 2064
4 6240 3607 5651 2548
4 9614 9986 9295 4916
4 4374 8803 82 818
4 7369 7863 1101 5791
4 9019 3420 847 9888
4 7834 4405 2080 6762
4 8837 6677 4631 8636
4 7543 5945 8152 7937
4 1214 1115 876 8284
4 7259 2124 7313 4685
4 1233 2475 9539 384
4 7516 6782 4430 2558
4 2964 4655 7927 7135
4 4194 2070 7198 1707
4 9559 4959 2994 4151
4 854 1164 336 936
4 3228 4964 6381 3765
4 2115 1210 3047 7757
4 4167 2922 8063 2060
4 4961 7945 5653 4886
4 7201 7540 5713 4917
4 1203 281 9568 6550
4 8991 1004 3940 7208
4 3309 5602 1146 1830
4 2228 7961 4702 5046
4 7104 1322 3499 9818
4 5214 4509 3792 2274
4 4957 5989 6252 7409
4 4406 4185 9305 4240
4 4135 5982 3896 636
4 4320 2727 8010 9063
4 8465 7715 4579 7825
4 3463 887 5048 1353
4 1071 976 2932 1671
4 2267 3542 1851 7308
4 3566 3096 6495 5295
4 954 3293 4925 9
4 7359 8608 4940 5310
4 9307 443 1955 6935
4 3451 18 6168 2456
4 8745 5625 9795 1450
4 8242 1050 594 7305
4 9235 5931 2481 8387
4 2819 4131 6170 3042
4 1734 8116 3142 4141
4 7145 2141 5219 1742
4 6107 3114 3795 3437
4 47 7579 850 3376
4 8851 4637 3024 7316
4 9552 7088 3781 8485
4 1812 7202 714 3337
4 1713 9690 1946 9946
4 9965 6957 2686 7
4 5006 4074 1895 3196
4 9525 2759 6129 4657
4 4112 8553 7725 8865
4 6580 6882 5665 9366
4 3272 7896 2499 9527
4 71 992 4561 4102
4 4475 8250 4619 5209
4 4847 1094 7032 6134
4 2749 7447 7648 7583
4 2045 62 3357 9866
4 9532 8332 49 5383
4 9917 3155 5873 213
4 2736 4058 6178 2572
4 2342 9196 532 3844
4 8626 3170 5494 6842
4 1591 4322 1568 3072
4 723 4076 5777 8644
4 3686 2726 9966 9119
4 8767 8193 6176 4235
4 5163 9365 201 120
4 7326 4808 5729 2340
4 4402 745 2642 2652
4 9106 4638 1433 5919
4 7673 2814 3745 8101
4 2544 9856 2828 586
4 7166 6769 7451 1839
4 7196 7551 3757 8478
4 9572 2085 9576 4390
4 3475 6534 9344 3840
4 6547 727 1988 7851
4 2982 8506 7643 774
4 8322 6571 7464 8338
4 7079 3889 1724 4902
4 4139 2628 2862 2870
4 859 4550 5101 8375
4 8397 3593 6537 6602
4 7148 403 3842 1552
4 780 1845 1357 3112
4 5156 2323 6927 1085
4 5652 2795 58 1621
4 4244 8079 1564 9263
4 4150 7920 8997 8267
4 4490 3672 8736 9542
4 8115 5081 7445 6558
4 2300 9302 8233 5904
4 2308 4480 1418 8601
4 1160 1383 6171 9722
4 2619 6038 2293 9514
4 5366 6913 3648 3689
4 9900 9320 7083 9528
4 3869 7922 7391 9151
4 5772 6611 1934 7231
4 7703 2123 3583 4293
4 1711 6147 5686 3083
4 8616 2305 4690 8138
4 778 9275 2941 7944
4 9243 6329 1096 332
4 9873 245 2160 2243
4 3526 5540 9433 4351
4 8094 6359 6777 7267
4 2313 3126 6050 2817
4 4044 333 5096 446
4 1136 1509 171 3106
4 8167 3950 7953 2962
4 6123 2985 565 3618
4 1763 8199 6467 3519
4 1336 5324 5622 2036
4 9374 2282 8367 9289
4 5136 7494 3257 7756
4 7726 4284 4498 373
4 8956 1340 9974 8722
4 4551 7466 1049 6477
4 7385 3253 8286 5600
4 4837 5609 1767 9585
4 3775 7671 2674 463
4 9784 2535 177 5518
4 6567 3899 7814 9732
4 6481 5845 5239 8721
4 5172 7026 6989 2259
4 65 2023 8186 9747
4 8348 2351 8026 1202
4 6985 676 4995 8501
4 2718 7700 7050 3229
4 8701 1359 3002 7212
4 2203 6363 9340 9691
4 321 8047 8346 188
4 4965 6313 8834 7209
4 3708 9649 2920 9271
4 8187 2944 9111 654
4 6616 8253 3632 6426
4 8563 7545 9252 9942
4 7981 8477 2009 4912
4 1817 9778 2213 717
4 522 3913 4951 9751
4 7862 2364 9443 8430
4 3485 8449 1861 902
4 7204 103 3368 9124
4 1372 1228 7978 7330
4 2571 2112 2647 1231
4 3356 4352 9550 3443
4 4582 4137 9123 214
4 709 8811 2905 3877
4 9545 5891 67 4357
4 3167 3089 9154 9713
4 5359 8751 645 263
4 4179 4871 1178 9806
4 7119 257 6956 8947
4 9921 4696 5593 8470
4 5244 1820 1061 7748
4 6300 2536 1701 687
4 328 8849 1936 1001
4 5492 9605 8003 4477
4 9419 915 4134 4259
4 1976 3496 3379 7911
4 6415 7489 8835 4870
4 4884 60 750 8200
4 9283 2575 9363 7613
4 3062 3214 877 9930
4 9546 6483 8163 8659
4 1344 6914 5728 1364
4 6666 9629 1717 3870
4 2957 1998 1522 1427
4 5793 4557 6342 4727
4 5149 7629 8839 8259
4 5330 9511 4222 1975
4 7934 1740 5155 2952
4 264 8677 7057 924
4 1200 1800 8658 8697
4 9265 8509 4711 5970
4 1505 8040 7677 7344
4 1351 9166 296 4516
4 9871 4977 7153 7210
4 5375 3120 8990 6188
4 1510 9962 1883 1747
4 3730 3750 4415 631
4 8431 5720 2245 4161
4 3736 1965 4565 9341
4 1249 7647 7972 3087
4 5250 4649 2937 1056
4 8915 9426 6419 6738
4 791 3473 7699 5808
4 1261 8168 5529 8524
4 8442 2043 3579 6994
4 2509 8579 9397 8036
4 4717 5488 8606 5476
4 8529 706 3655 3830
4 5028 8297 797 2265
4 3673 8056 3362 4572
4 7824 8418 55 8548
4 6042 2089 2809 773
4 3271 5909 96 9952
4 4230 7250 1673 7524
4 301 3834 9626 1948
4 8707 5332 3306 8895
4 2802 5991 2095 8487
4 7415 11 8607 6060
4 1684 5236 197 1523
4 884 6316 137 7436
4 767 3223 1636 8702
4 6297 6410 8132 7302
4 9566 6336 5998 3516
4 6742 9776 6377 1508
4 8625 3905 3791 6309
4 6226 4960 6144 5544
4 9797 8866 6192 2162
4 5553 9718 3557 2927
4 407 283 9746 6
4 4367 8750 2600 9078
4 4200 2612 6370 2353
4 7567 8183 6198 4861
4 5074 1810 9121 8923
4 9599 730 6747 9569
4 3028 5610 9968 6058
4 251 5854 2486 9689
4 8671 875 3001 385
4 9719 5849 3367 7130
4 4043 1483 3 9182
4 4617 1912 7443 6028
4 6638 3944 2000 3857
4 8940 1429 3885 912
4 1152 5131 8059 5170
4 1040 1476 2912 8874
4 7253 8172 1853 7103
4 6010 7412 7095 6384
4 6662 9507 6146 1743
4 85 4706 2804 8651
4 432 4532 1996 5962
4 7008 8779 1787 3137
4 9843 6578 9755 9048
4 8683 4527 3022 4883
4 1587 5203 1720 3107
4 3278 4469 4607 9853
4 5733 8929 4307 8614
4 3134 5803 4524 5308
4 5378 6012 4474 3518
4 6320 1378 995 9464
4 7696 1821 5278 7178
4 9779 7522 8964 593
4 6110 1224 9325 28
4 513 634 6498 9908
4 3508 4331 1708 8453
4 7618 7861 451 4867
4 6757 6656 4975 8516
4 7319 3375 4038 7880
4 2585 7603 9359 7536
4 556 1037 4604 6367
4 8204 7439 1923 1140
4 1253 4650 7759 3037
4 2573 3248 5197 4521
4 1073 3544 5902 6389
4 8670 5174 1154 2627
4 5683 3561 7255 9326
4 2939 5785 7870 2798
4 8932 297 4663 1714
4 8692 278 2488 7678
4 7118 3845 1681 9425
4 4439 1571 6627 5462
4 289 3853 8637 8466
4 520 836 7823 1825
4 9880 7463 5513 2877
4 4292 4668 174 3239
4 3511 9197 9769 760
4 5823 7041 56 846
4 2592 970 1833 8247
4 1726 6577 4946 9014
4 5013 3055 3769 7363
4 5547 9907 5839 236
4 9849 172 3092 2716
4 6231 4055 1234 9168
4 6965 5441 6364 2106
4 6605 9961 1712 5118
4 4126 6583 3677 5835
4 8527 2368 6715 9471
4 2566 10 17 8714
4 6273 7954 6849 844
4 1117 5207 5864 2185
4 6938 5446 1570 5649
4 529 9637 4627 5487
4 5548 688 6856 926
4 5503 1430 923 6396
4 4079 3728 5758 1648
4 9350 3050 5271 3895
4 5151 7215 5563 2165
4 2125 525 3969 7375
4 7740 9895 7839 9761
4 3978 6582 7778 9250
4 7218 916 6540 8328
4 9092 1963 2221 2295
4 8931 1487 4859 4990
4 1601 2811 9135 164
4 6752 1827 9450 4093
4 7617 1889 6133 3540
4 2766 1197 7624 8673
4 7003 139 5579 2007
4 2999 9597 9161 6220
4 9695 3308 7318 7296
4 6266 8293 5815 1116
4 3691 4491 208 6052
4 7558 5017 6152 7152
4 9214 3674 5007 628
4 6981 8044 8198 9490
4 2649 8161 4671 4857
4 117 5899 6451 8824
4 3527 9276 6444 4187
4 4089 2484 6680 8305
4 559 5056 7155 2776
4 1632 6149 5875 6102
4 9594 9246 6623 1311
4 8650 5574 3104 2091
4 7499 1010 1765 3480
4 2879 7983 2555 8684
4 8967 8363 1260 1542
4 7692 1015 3997 4600
4 8617 5879 6645 2836
4 87 2590 3029 1620
4 4361 9588 738 1847
4 3932 9390 8609 1943
4 3704 7151 7752 3746
4 7764 7278 8653 5627
4 3276 6721 1876 5824
4 3828 6215 6703 9984
4 7734 1205 464 9580
4 3608 2872 178 206
4 9414 7346 2055 5705
4 6036 6228 3892 2538
4 4997 1856 8176 2783
4 4555 1866 5559 124
4 6155 9650 9852 8263
4 9286 5941 4522 4496
4 2516 1526 359 6443
4 6256 6350 1393 2732
4 597 931 7888 5948
4 6526 1159 8833 5061
4 8652 6685 5898 7413
4 8562 2241 1819 2407
4 8578 8258 3129 7841
4 7238 7149 3808 3258
4 2254 5981 1129 642
4 5856 1877 6984 9238
4 1339 3297 9730 5058
4 1484 2127 4786 6531
4 3132 1122 4731 7659
4 4792 834 2705 9368
4 4904 1874 735 1888
4 8537 5341 6206 7219
4 307 9241 290 1994
4 151 8342 7777 900
4 5380 1718 8333 5671
4 5094 1642 9602 5371
4 9407 53 4725 2400
4 7875 142 6651 9741
4 7105 656 4865 3573
4 6053 1562 8239 7943
4 6193 4611 2874 9165
4 7542 146 8035 2887
4 1464 7610 7512 8434
4 589 1589 8134 7406
4 8081 7683 9864 6205
4 4661 4091 2190 4716
4 9748 7884 9376 1445
4 9675 4692 3924 5178
4 6306 7361 4636 3323
4 145 2428 7286 1282
4 8597 5710 8032 5794
4 9714 211 8432 6380
4 6296 7518 4170 4592
4 4442 5644 362 9631
4 4774 1822 3617 4887
4 6676 5035 898 2490
4 1598 5517 5020 7733
4 9530 3558 2020 590
4 9922 2697 9499 8241
4 4363 8123 7993 1595
4 5044 7090 5325 3973
4 1837 3945 6557 3654
4 648 2006 4064 5920
4 5235 5556 9799 5461
4 3912 8423 2848 2381
4 4375 6365 4506 9523
4 1406 1440 3839 3567
4 6326 6111 1361 6157
4 2565 2907 2401 4933
4 3802 2309 1704 7475
4 2806 1922 3906 3980
4 3531 7594 4410 1593
4 4771 4656 7384 6988
4 9361 4814 5916 5474
4 2461 4573 4720 2765
4 534 3498 5530 6800
4 540 7037 1332 909
4 6976 358 4559 9016
4 7382 9453 5389 5164
4 1467 7356 4419 7768
4 4773 147 6436 8907
4 4926 6076 5869 1471
4 5418 7966 1422 1512
4 8954 7374 210 7689
4 3422 2467 8019 170
4 4412 3891 9988 4478
4 2320 33 960 198
4 7432 2375 253 4215
4 5336 4381 8823 5860
4 3760 4879 2389 9468
4 9456 6778 689 9183
4 8898 9848 8889 1884
4 7914 5457 7821 4639
4 7386 7509 5085 5489
4 6361 7785 7419 737
4 489 8376 6733 4703
4 1584 8468 6673 7426
4 6857 4495 9561 8648
4 968 5551 3718 5205
4 6490 9879 5086 7249
4 8715 3145 9382 149
4 3412 9072 3244 8150
4 2462 3582 7534 9726
4 3075 6528 889 2457
4 4011 5633 7818 1021
4 8153 7230 3882 1952
4 8043 7175 2260 2226
4 7530 6340 8425 3811
4 3011 1735 3559 396
4 9043 6016 7592 7876
4 4452 2129 7310 6208
4 2398 9703 6628 5157
4 6784 4026 8845 8325
4 2134 3914 3983 9143
4 1529 1930 8938 2191
4 6731 5901 3692 9220
4 5776 9222 5832 7074
4 4953 7990 835 3153
4 150 8679 6834 8712
4 3428 6466 5865 804
4 6726 7221 3371 9328
4 4066 3352 6942 3339
4 1533 711 9299 5721
4 480 1090 4057 7010
4 3299 3966 6649 9122
4 5255 7116 5615 6705
4 6827 3749 4124 7596
4 6202 9549 4704 9684
4 39 9802 6264 8861
4 5522 8746 6741 6932
4 4467 32 4989 849
4 1886 7956 8238 3563
4 4907 5724 3136 2854
4 9429 8682 2707 6659
4 5531 9996 8519 9987
4 9667 4766 1044 9606
4 9192 7526 9173 240
4 512 1507 45 5751
4 5355 6421 1347 7917
4 3564 2167 622 3188
4 9828 9091 4016 7964
4 8517 6700 7220 4823
4 4875 6446 1761 2024
4 678 2033 5896 5566
4 404 6289 2148 6243
4 4640 6514 4208 3724
4 6724 5908 8276 9752
4 7809 3322 6811 8632
4 9062 1609 2343 6873
4 7731 1100 8264 5954
4 7970 5756 8196 8908
4 1256 313 2278 5451
4 6574 7186 611 9891
4 300 3641 3991 7454
4 4340 9573 8299 1723
4 4054 4465 635 6203
4 9976 6637 4514 9459
4 9221 5467 6553 1382
4 3985 6248 6522 5939
4 1174 1106 0 4708
4 8894 3121 8752 5947
4 3553 6585 5047 4202
4 4335 7984 6015 1908
4 1047 6160 8133 471
4 2277 9978 7424 6903
4 5166 4949 9210 8027
4 2495 9096 2983 5657
4 6681 947 4659 3595
4 7480 6648 3681 7770
4 9971 1179 2198 9583
4 6596 4992 7425 430
4 2025 4511 1199 1157
4 2924 6366 5449 5240
4 3694 9446 1023 7975
4 3203 8711 1411 6022
4 2367 9868 204 5836
4 5040 5362 3818 6719
4 1768 5277 6112 1668
4 955 9896 4790 5536
4 6492 433 5173 514
4 1569 9633 6794 7727
4 541 3226 4456 2506
4 9038 1616 1840 3517
4 3127 6017 8210 2081
4 708 7521 562 2601
4 8143 8222 9721 2702
4 2062 3894 5730 5496
4 8160 6184 2296 1181
4 5813 6351 8696 1535
4 7500 8828 3596 6280
4 6870 355 8413 8864
4 4046 9486 6478 4286
4 825 6246 1409 8810
4 4052 2672 8202 9995
4 7662 8863 8667 9734
4 9068 2337 8006 7013
4 608 3020 3926 9201
4 2875 5872 9699 5584
4 4206 6275 4359 2954
4 1400 7751 9836 8801
3 8137 7555 7633
3 3370 7742 4943
3 1751 3956 2610
3 6915 6864 5763
3 2329 2159 9028
3 6051 5368 131
3 8031 3330 8919
3 234 4188 2193
3 70 6263 7410
3 4092 4858 530
3 8977 3657 978
3 1012 919 3809
3 2437 9269 3004
3 3972 7877 1259
3 1321 9538 1381
3 4801 9198 5606
3 8876 6960 8089
3 4228 9035 3311
3 3235 270 4000
3 9418 1640 8215
3 1279 7397 5208
3 2713 431 5125
3 1959 5082 1961
3 7924 2661 2786
3 6925 2578 8139
3 7614 6963 6576
3 9187 7729 4399
3 2074 4942 97
3 2741 3939 3031
3 620 6964 2307
3 2762 4742 4504
3 2949 801 4534
3 6713 8401 7995
3 1939 500 1036
3 2604 372 3590
3 6698 9332 5245
3 1755 2120 8447
3 9767 6003 5986
3 1330 2072 6161
3 4387 5191 8454
3 1744 4796 9431
3 7663 439 9855
3 3504 2634 2595
3 168 1750 7586
3 2977 4839 613
3 6890 8180 9920
3 5168 9398 7724
3 1980 2144 6565
3 136 9944 7895
3 2514 2149 24
3 2694 183 840
3 7959 8822 2215
3 5482 1796 2772
3 4221 9036 8435
3 1475 3793 9083
3 1043 1538 1778
3 2102 6097 5666
3 9526 8568 9709
3 4798 9768 229
3 6197 6352 7800
3 3543 4104 4097
3 2059 4958 1080
3 8383 1062 1546
3 86 639 1694
3 2785 3344 3651
3 7407 5732 4291
3 6121 467 7666
3 4434 221 1161
3 848 4777 3052
3 6959 4689 8314
3 6148 4826 7565
3 7674 1318 4783
3 2207 2891 4596
3 9015 6952 9086
3 2297 6835 9584
3 885 2892 7078
3 37 5994 4595
3 1983 7320 8353
3 8900 7461 9114
3 457 458 4358
3 2399 8093 6302
3 9600 2002 8815
3 2746 756 4787
3 487 9137 9094
3 7357 2632 1649
3 3280 335 7850
3 602 9009 4994
3 6463 2608 7387
3 4238 3021 9595
3 8766 2903 3105
3 4635 2210 7094
3 3679 3141 8426
3 8930 9047 7362
3 3212 7554 1519
3 8336 7206 1009
3 8256 9578 477
3 6450 6809 5198
3 456 2956 6008
3 2596 6944 3789
3 6137 6311 6332
3 7991 3347 9659
3 9838 956 8543
3 4736 4031 3875
3 615 5731 9651
3 8252 9935 1843
3 1371 1536 5066
3 6448 6175 2469
3 9075 7602 7881
3 6127 1688 4877
3 4301 6232 4248
3 8903 4982 7423
3 4400 4339 1453
3 6824 5882 1426
3 2837 3887 2412
3 4688 4502 1678
3 5233 9820 7859
3 7471 6761 8037
3 725 6844 7557
3 465 2859 673
3 7170 502 2028
3 31 802 6699
3 9413 2881 9540
3 3824 4298 6130
3 9519 8022 4549
3 8571 6357 8859
3 9280 8438 3773
3 2685 2101 8663
3 6328 152 5558
3 739 6471 7581
3 8206 402 6725
3 949 1270 6590
3 325 5181 9716
3 5024 9957 9215
3 6887 393 3012
3 9678 4935 13
3 5752 8326 4116
3 6544 2304 740
3 5817 4567 5959
3 5719 7632 7812
3 7457 4488 6473
3 860 8486 7960
3 1220 9274 1527
3 3060 9656 6353
3 4311 2472 4713
3 5401 9887 2164
3 8950 6034 7889
3 793 3822 3318
3 6506 1194 6746
3 2388 5676 9157
3 8472 5641 4775
3 7971 9227 9065
3 2953 4554 414
3 4279 3123 4880
3 5200 4164 9022
3 4855 252 4811
3 6972 9564 726
3 4482 6852 293
3 953 1979 9993
3 2799 4328 1892
3 3621 4914 4750
3 5850 5631 7132
3 5146 6739 5175
3 1165 3396 8654
3 40 4069 2169
3 8593 6245 7675
3 3841 7176 7697
3 5443 4099 8097
3 511 7395 579
3 9489 78 3903
3 8028 4047 76
3 7994 8629 5212
3 4723 5628 2432
3 2668 6229 7721
3 1586 1869 2137
3 3513 6291 5161
3 1502 4546 8965
3 8675 4501 2669
3 1032 5863 6630
3 3233 7236 8978
3 413 2824 1807
3 3951 6095 9830
3 6189 9223 462
3 7963 3761 20
3 343 4173 392
3 6090 3491 5134
3 3146 2328 9524
3 7653 7024 7314
3 3743 5128 8576
3 2068 6078 899
3 7925 5122 123
3 4245 193 2683
3 842 4078 5834
3 6225 649 2950
3 1549 5950 3246
3 9085 5769 2402
3 346 83 8737
3 1276 5199 3698
3 1286 6479 1590
3 7813 7559 3161
3 2143 7430 1650
3 9496 675 8643
3 34 5422 6258
3 5106 7694 9635
3 7496 2019 6210
3 7194 4922 7622
3 6600 9294 1118
3 6315 2629 6563
3 5276 5426 5442
3 7804 8355 6093
3 6524 9149 5980
3 9337 2929 3174
3 1084 1031 2946
3 459 1865 6669
3 3262 5613 4325
3 6432 4948 6586
3 2582 4562 7828
3 3782 3849 4694
3 3930 305 2232
3 568 6046 8756
3 6331 1172 2289
3 3099 7490 7252
3 5043 6962 9458
3 1951 9754 906
3 1646 8987 9008
3 4856 1793 1369
3 3125 4398 4249
3 6064 30 5397
3 5829 6922 2671
3 1452 644 395
3 3555 5897 3509
3 9314 8321 2689
3 3929 8310 2022
3 9394 8440 3515
3 2750 1665 2990
3 8456 8821 3911
3 3581 858 6294
3 4623 8382 4537
3 3353 8268 8534
3 5026 9810 2264
3 4767 7600 9230
3 2012 6457 6387
3 3431 9260 7532
3 4447 225 4747
3 3332 7127 9985
3 7951 9234 1250
3 1774 2417 9771
3 4578 7693 9073
3 9711 101 3281
3 7803 6818 5190
3 365 2533 3665
3 2712 2268 5800
3 1504 1377 8804
3 5895 9488 7957
3 8129 8716 1618
3 1167 5237 8498
3 5586 3147 1867
3 5718 249 241
3 3817 6398 3439
3 5599 7878 1376
3 2220 1754 1296
3 2047 3402 5460
3 796 6604 8067
3 4544 9582 1801
3 1110 3263 3615
3 9846 8525 2754
3 8289 2216 8021
3 9333 1532 4653
3 4969 153 6452
3 9692 4176 4840
3 9551 9611 7868
3 5077 473 1514
3 6104 2303 1953
3 1928 4746 4906
3 7906 9958 7826
3 1849 896 6560
3 7510 6697 9105
3 6674 5951 982
3 8694 7117 6831
3 2016 9613 2444
3 3521 7298 7216
3 6005 4030 5881
3 8398 9272 16
3 7962 3580 1904
3 3539 5944 5400
3 6118 8229 1516
3 669 7048 5268
3 7091 651 1277
3 4538 6917 8870
3 3355 1653 5064
3 8464 8732 7616
3 3753 9356 8564
3 6513 8409 9367
3 5373 9181 8212
3 819 4669 9617
3 1899 3584 7931
3 3216 4479 6301
3 1027 7686 6472
3 218 8273 7980
3 8734 8179 9948
3 2105 7634 7743
3 3838 3261 9680
3 1209 217 771
3 3131 6023 4308
3 9710 3721 5577
3 3862 4986 3893
3 9859 9152 1978
3 9892 8727 6846
3 4197 3902 937
3 2173 728 1652
3 3927 862 288
3 2453 417 8994
3 7229 186 8015
3 4529 7491 8166
3 5741 618 2577
3 7969 4628 9200
3 2011 8789 9759
3 2835 6629 1971
3 7400 9927 8981
3 7502 5812 558
3 7544 6425 1615
3 2326 5429 401
3 2531 6430 6693
3 6612 2793 4841
3 4646 128 2951
3 5424 6620 4693
3 6405 1716 6132
3 7553 6253 643
3 2451 2586 1909
3 1809 5966 5345
3 2199 6636 3884
3 7140 4932 7948
3 5725 8793 2730
3 7121 2621 5323
3 9089 1848 2722
3 757 348 3541
3 3587 6973 5505
3 3124 828 22
3 2242 640 3748
3 6087 9502 2418
3 7315 6851 6993
3 7501 7043 8886
3 863 4149 5409
3 5387 7849 1288
3 2152 9941 2201
3 8633 5972 990
3 1201 5059 1986
3 7795 1130 7695
3 7903 5510 867
3 6990 4789 7788
3 6529 7805 7665
3 769 5771 9232
3 5398 7642 5313
3 1479 1495 133
3 6569 2240 7247
3 3324 7289 7110
3 9954 2463 7333
3 143 3965 6096
3 7631 5346 4662
3 9660 3610 7640
3 4226 5060 6904
3 4403 733 9491
3 4518 5514 316
3 5182 827 9862
3 9338 5098 6270
3 1086 8388 5770
3 4714 7177 1127
3 6223 6711 8235
3 9543 1416 8729
3 7085 5132 9785
3 5206 7163 3812
3 1661 9100 7835
3 4246 9002 6510
3 1656 8068 9209
3 9590 7556 4553
3 7946 1292 3006
3 6304 4172 2466
3 2529 7237 6323
3 1131 2711 356
3 6414 6595 4312
3 5736 9877 4489
3 4451 5097 3364
3 9670 516 5621
3 3806 8806 5714
3 2560 9158 9647
3 8709 2563 9205
3 7190 2591 8753
3 9179 4508 4726
3 4981 7672 3115
3 7018 3449 2205
3 3078 7329 5041
3 1958 157 5825
3 9679 8638 2406
3 4428 2852 3334
3 7365 8584 1985
3 3445 2237 8108
3 9225 8309 6227
3 7388 4894 4918
3 8853 4196 4094
3 7036 2358 68
3 576 4605 23
3 9863 7096 2344
3 1783 934 4337
3 4892 6744 1212
3 4211 6748 8759
3 6180 8640 2334
3 5804 4193 3312
3 894 3917 1120
3 6766 5019 5903
3 6953 4088 6213
3 6307 2376 2281
3 6770 4882 3941
3 219 160 1331
3 691 5254 6068
3 8842 8740 6541
3 4842 893 6517
3 4163 5391 8539
3 7223 7065 5611
3 7898 6063 5246
3 6002 8340 7761
3 4898 5831 8572
3 4155 115 8986
3 3313 9172 378
3 7434 2464 8941
3 3038 8897 5253
3 6664 1898 2751
3 7418 6727 5672
3 5848 4487 4598
3 9860 4290 6259
3 2335 4678 9844
3 3547 5189 2235
3 2057 5370 2227
3 4156 6899 472
3 3424 8084 9261
3 6814 9876 8645
3 6581 2046 3664
3 9134 1192 2065
3 6484 9029 4468
3 6796 8103 8141
3 2435 1494 6897
3 7713 6920 4001
3 3933 5104 4144
3 2554 1781 1683
3 381 2987 6774
3 3425 3300 9885
3 6828 444 1891
3 784 9575 4634
3 8776 9140 2288
3 1699 8573 9745
3 1480 1184 6356
3 7664 9555 203
3 9475 57 8201
3 3807 9423 6958
3 5329 2805 9553
3 292 6125 2841
3 3506 1835 7150
3 6671 3578 9744
3 545 977 2184
3 2050 2564 6812
3 5471 5594 8372
3 3947 7684 1627
3 4407 845 1132
3 6497 8771 7744
3 3316 7815 1806
3 2442 3407 4804
3 7459 163 9406
3 9570 9882 5573
3 2898 8952 499
3 8502 4910 4613
3 5192 5511 1403
3 9534 3097 1461
3 144 3438 1138
3 4833 9603 8411
3 3482 554 2527
3 226 5917 108
3 5578 5663 2480
3 2567 1563 3536
3 1836 3888 5140
3 3017 3442 207
3 865 1639 550
3 5171 8665 6373
3 5481 9156 3744
3 3186 930 4394
3 6035 2911 7786
3 3747 1313 8918
3 1271 2333 9858
3 4392 8298 9770
3 3265 868 8393
3 3209 3712 1700
3 1488 6261 4355
3 3798 1227 1574
3 7274 7546 5952
3 1638 6409 1093
3 7014 1469 3411
3 349 425 4143
3 5612 5658 7902
3 5550 4791 7019
3 1299 8618 287
3 9535 2549 5598
3 2234 159 9655
3 7273 3570 2570
3 9003 1814 6520
3 4095 3274 4217
3 6244 8642 9251
3 1221 3381 7899
3 4314 4267 1606
3 6803 7460 2294
3 3401 2731 2087
3 3178 1624 4599
3 383 719 189
3 7275 3878 4558
3 9329 2239 2163
3 9624 7197 6126
3 8177 8773 6494
3 8049 753 610
3 1058 8567 8808
3 279 2179 1841
3 8277 4679 6740
3 7799 5534 8316
3 2318 7309 1208
3 419 6417 9901
3 3873 1404 2136
3 1235 9870 1099
3 7134 7907 7123
3 3880 6822 185
3 7087 800 6805
3 2947 616 2781
3 1935 7371 8934
3 5958 304 1870
3 199 1170 4136
3 3883 94 2422
3 89 3783 4255
3 5702 7233 2775
3 3076 4564 7608
3 3085 5523 1266
3 789 2390 7349
3 9013 5234 3208
3 4630 9194 8165
3 4939 4818 1137
3 8996 1669 9313
2 1897 5696
2 5265 6491
2 1554 507
2 7441 7791
2 3008 1029
2 9270 1087
2 1770 9932
2 8770 258
2 1818 2883
2 3225 111
2 7322 7578
2 6971 4577
2 8334 5549
2 9411 7985
2 2324 7820
2 921 412
2 6077 7606
2 2280 4450
2 291 8726
2 1142 866
2 3846 7183
2 6509 9148
2 7340 2878
2 2382 347
2 2961 1753
2 8135 1485
2 4633 8491
2 5280 5406
2 9457 7367
2 2138 8318
2 6631 526
2 2030 2503
2 4758 1283
2 3059 4260
2 1762 4556
2 5949 5778
2 405 2808
2 4252 9914
2 7541 1135
2 2974 182
2 7030 8975
2 5979 1191
2 573 275
2 2550 5379
2 2384 7251
2 8344 5279
2 441 5844
2 4209 8508
2 3963 3635
2 5747 4893
2 6434 3690
2 9557 9604
2 8011 2827
2 3994 2709
2 2153 1134
2 7507 5343
2 5183 1180
2 6391 3645
2 4175 3530
2 3727 2405
2 5262 6454
2 8877 4571
2 7688 8109
2 6156 7682
2 2425 6411
2 2873 4323
2 7832 6614
2 6559 781
2 8555 6545
2 9999 9737
2 3821 4369
2 6961 4103
2 1188 7479
2 7092 4980
2 3716 7523
2 6233 8961
2 483 9218
2 7890 2662
2 4675 7938
2 4520 698
2 886 5260
2 8494 5266
2 7758 9787
2 3784 318
2 3546 1789
2 5727 2512
2 9636 9822
2 7416 7393
2 5957 7807
2 7228 1749
2 1728 4699
2 8731 794
2 6026 3993
2 1046 9793
2 7921 379
2 7833 9498
2 1705 4356
2 8850 4032
2 5350 7882
2 8784 1553
2 4224 7561
2 9548 5538
2 4588 7504
2 3361 4807
2 2758 3992
2 9204 4098
2 6334 7222
2 3088 8220
2 7730 7000
2 8462 2508
2 6428 8968
2 6678 9686
2 9380 5327
2 154 6420
2 311 6675
2 2485 3169
2 1611 5694
2 5508 6901
2 9717 6617
2 6937 5699
2 2525 3754
2 1725 5619
2 2098 6720
2 9609 2532
2 7404 8061
2 3292 2386
2 9336 1777
2 415 509
2 6021 1625
2 3156 6833
2 5377 7138
2 4237 5008
2 7139 9963
2 8064 268
2 7550 7658
2 7264 9362
2 9861 7590
2 6265 5632
2 4851 1824
2 4427 5010
2 999 4019
2 1664 6163
2 6407 7711
2 8541 428
2 917 811
2 121 9521
2 4891 3466
2 7276 4063
2 7783 9720
2 7915 6085
2 7883 5014
2 8554 3803
2 9701 8686
2 6701 388
2 3082 3266
2 4060 1915
2 1880 6260
2 7514 9977
2 8924 342
2 2231 8142
2 5413 4254
2 1685 3787
2 1350 3990
2 8862 1290
2 6853 8546
2 4822 6902
2 7102 1316
2 9297 3416
2 7741 7281
2 4664 6499
2 6185 2252
2 6290 538
2 4860 5617
2 3286 6119
2 8086 8080
2 9775 5483
2 6500 2657
2 482 173
2 7067 4581
2 7789 376
2 1501 4913
2 2039 2996
2 2166 4461
2 2825 8570
2 2812 5073
2 4333 9011
2 4062 2602
2 6792 9357
2 3205 7830
2 3454 4297
2 7399 9342
2 7852 6187
2 652 7992
2 69 1918
2 8361 3154
2 1105 8507
2 7129 987
2 3201 4285
2 6242 3227
2 984 8224
2 4232 6480
2 7069 3199
2 8868 6692
2 4453 2676
2 8857 5870
2 7639 3469
2 5340 2330
2 4425 9931
2 5833 9533
2 4911 3023
2 2310 5210
2 2385 5067
2 361 603
2 901 435
2 4793 6257
2 9933 6429
2 4371 9436
2 3843 8395
2 4621 2086
2 2942 821
2 3922 3247
2 1969 5316
2 5472 8038
2 8231 6177
2 8374 9415
2 8791 4978
2 8347 1335
2 2378 4376
2 2656 1696
2 2583 437
2 3719 180
2 8159 25
2 8985 1917
2 5885 741
2 1439 5304
2 54 583
2 9321 27
2 6654 3810
2 596 9742
2 5907 6533
2 9632 2803
2 6141 6293
2 8542 682
2 452 1703
2 3620 6519
2 1695 6799
2 6862 2899
2 9972 5585
2 4821 1149
2 9556 8758
2 6592 8757
2 3860 9346
2 9644 6098
2 5213 7011
2 8272 1006
2 2556 491
2 1284 9773
2 6841 184
2 872 5883
2 4283 8110
2 7033 8406
2 7547 4523
2 8780 7667
2 9323 8410
2 6195 6998
2 4845 8535
2 3108 1878
2 6128 9102
2 360 3628
2 4048 959
2 2038 4987
2 1177 3383
2 9159 1513
2 8561 5051
2 2010 6859
2 4305 5828
2 4923 9007
2 2026 3523
2 5697 3696
2 3756 8282
2 280 8880
2 8136 8114
2 81 8728
2 5838 6772
2 9101 6643
2 3268 746
2 5399 118
2 9807 908
2 4876 5466
2 1206 3058
2 4996 2789
2 5906 9164
2 4770 4890
2 4952 4214
2 7822 4174
2 3389 478
2 1196 8379
2 4810 1302
2 4709 3827
2 230 7248
2 7097 8473
2 8002 1045
2 319 5635
2 1788 2206
2 9823 1987
2 3189 8613
2 6222 833
2 4899 5023
2 8164 5643
2 7753 4107
2 7337 8244
2 6158 6843
2 4705 6393
2 7005 8098
2 5993 8872
2 9186 922
2 9150 238
2 5533 8001
2 4344 8311
2 195 8075
2 6412 1074
2 1964 7488
2 668 5430
2 8879 5227
2 6682 5361
2 986 1275
2 7307 3636
2 958 8955
2 574 3144
2 3639 5745
2 9910 8493
2 3819 3854
2 8635 1517
2 4972 3984
2 1622 911
2 9421 1831
2 2498 2769
2 1972 2271
2 6850 582
2 4262 9059
2 1401 9024
2 7077 6199
2 341 5342
2 7782 1873
2 9070 1804
2 2393 7483
2 179 4734
2 1937 1634
2 424 2541
2 5504 8556
2 9724 209
2 1679 2470
2 7172 5005
2 8118 1237
2 7042 5257
2 7059 3213
2 2410 3799
2 4651 2520
2 7533 7187
2 1063 3777
2 7098 803
2 3413 1307
2 7243 1496
2 7045 194
2 2934 2170
2 605 9749
2 8523 2715
2 3794 8144
2 2035 4632
2 9698 5859
2 8412 2356
2 227 1992
2 5640 6237
2 9146 9400
2 782 6174
2 3611 4009
2 2357 3879
2 6923 4372
2 7022 2884
2 6983 7060
2 621 6308
2 6031 4591
2 4236 5386
2 5938 4691
2 8085 1171
2 6607 5820
2 5783 7636
2 8970 1732
2 409 303
2 7584 5108
2 1731 8009
2 9554 7574
2 5779 9819
2 3307 7408
2 5281 7093
2 5853 5045
2 831 156
2 8725 7427
2 274 9229
2 4440 7292
2 5693 4132
2 9736 5900
2 3394 312
2 4470 8045
2 1415 8500
2 1667 5153
2 1775 6040
2 4273 2747
2 5187 7965
2 533 7261
2 1323 61
2 9044 883
2 9311 5158
2 9571 8117
2 8592 4034
2 5557 5177
2 3859 4220
2 1654 7856
2 658 2172
2 3717 8034
2 8405 659
2 5410 4950
2 935 2311
2 1984 8797
2 3386 7580
2 3619 9296
2 1308 2900
2 8778 693
2 6848 8000
2 1799 1610
2 729 633
2 224 4732
2 9264 7712
2 9189 1166
2 2928 5100
2 903 2154
2 5382 5910
2 3476 4724
2 5480 2546
2 3267 9372
2 2373 4979
2 7793 2427
2 6635 6279
2 6516 2579
2 6283 468
2 3866 9327
2 8698 9825
2 5809 9042
2 192 1119
2 8786 7847
2 4 1226
2 8461 1329
2 3685 9301
2 4535 983
2 6551 9577
2 4330 148
2 2110 6371
2 256 4843
2 3474 7086
2 5983 3591
2 7706 1534
2 1868 1111
2 2645 2272
2 6647 5840
2 3493 8190
2 7942 2298
2 3788 2673
2 5977 8875
2 6456 1612
2 3044 3534
2 972 3705
2 2483 1326
2 795 4830
2 1305 1993
2 4435 7165
2 6234 2500
2 7068 3935
2 9282 5167
2 8441 8602
2 9031 662
2 5926 5148
2 508 5470
2 7075 6539
2 2980 1614
2 1932 3053
2 8530 7453
2 7736 7017
2 5294 2771
2 422 406
2 4525 3382
2 1230 7669
2 9663 3949
2 703 7864
2 4966 9126
2 2664 1190
2 1949 8417
2 6075 5107
2 3327 5754
2 200 7588
2 3385 1133
2 2447 7627
2 7929 7071
2 8960 5356
2 6254 9162
