1628
4 5357 8148 9906 6404
4 7710 5913 8754 5121
4 3629 8785 6584 6255
4 421 3987 8197 398
4 1737 9487 4386 2094
4 2589 998 1756 5583
4 6735 9612 2395 7529
4 5796 5515 4233 6632
4 6655 7923 8873 3015
4 7704 7444 8437 5905
4 7262 5427 8452 7796
4 2096 8733 8407 6459
4 820 6476 8479 9213
4 1729 9004 2584 8603
4 683 3302 9529 2222
4 6640 4449 8189 6839
4 9354 2489 7569 59
4 4318 5744 4100 1287
4 5231 6312 1248 604
4 9483 4004 5416 8320
4 3904 9765 2545 9383
4 7108 3715 2061 3135
4 3697 973 7792 5211
4 9620 2155 666 8004
4 370 9247 9618 5363
4 2861 4695 1423 4863
4 8585 6639 44 8392
4 1081 6668 4106 2752
4 7168 2687 8854 2117
4 5570 3942 4041 4090
4 7064 3505 4036 674
4 461 7100 3273 7936
4 4147 8287 3295 7549
4 4848 8641 8689 1396
4 2723 5616 1341 8058
4 2331 2345 8775 6823
4 4788 7136 2598 5918
4 1492 5090 1556 1385
4 2935 1677 5886 2968
4 5251 3825 1114 5083
4 110 752 6756 8384
4 8591 5773 6196 948
4 2008 6702 9129 766
4 8240 1524 8911 1561
4 7525 6613 4644 3457
4 4473 3484 864 9894
4 8119 1013 9128 4574
4 3647 5052 1491 7819
4 3626 453 132 5526
4 2459 4670 8777 8814
4 7515 7577 839 2212
4 5001 5592 2843 9959
4 962 7290 8639 7595
4 7939 7368 7950 3656
4 3149 2196 684 3176
4 4874 2728 8612 5042
4 9131 1388 4983 371
4 7101 9267 2246 9256
4 9813 63 3678 2064
4 6240 3607 5651 2548
4 9614 9986 9295 4916
4 4374 8803 82 818
4 7369 7863 1101 5791
4 9019 3420 847 9888
4 7834 4405 2080 6762
4 8837 6677 4631 8636
4 7543 5945 8152 7937
4 1214 1115 876 8284
4 7259 2124 7313 4685
4 1233 2475 9539 384
4 7516 6782 4430 2558
4 2964 4655 7927 7135
4 4194 2070 7198 1707
4 9559 4959 2994 4151
4 854 1164 336 936
4 3228 4964 6381 3765
4 2115 1210 3047 7757
4 4167 2922 8063 2060
4 4961 7945 5653 4886
4 7201 7540 5713 4917
4 1203 281 9568 6550
4 8991 1004 3940 7208
4 3309 5602 1146 1830
4 2228 7961 4702 5046
4 7104 1322 3499 9818
4 5214 4509 3792 2274
4 4957 5989 6252 7409
4 4406 4185 9305 4240
4 4135 5982 3896 636
4 4320 2727 8010 9063
4 8465 7715 4579 7825
4 3463 887 5048 1353
4 1071 976 2932 1671
4 2267 3542 1851 7308
4 3566 3096 6495 5295
4 954 3293 4925 9
4 7359 8608 4940 5310
4 9307 443 1955 6935
4 3451 18 6168 2456
4 8745 5625 9795 1450
4 8242 1050 594 7305
4 9235 5931 2481 8387
4 2819 4131 6170 3042
4 1734 8116 3142 4141
4 7145 2141 5219 1742
4 6107 3114 3795 3437
4 47 7579 850 3376
4 8851 4637 3024 7316
4 9552 7088 3781 8485
4 1812 7202 714 3337
4 1713 9690 1946 9946
4 9965 6957 2686 7
4 5006 4074 1895 3196
4 9525 2759 6129 4657
4 4112 8553 7725 8865
4 6580 6882 5665 9366
4 3272 7896 2499 9527
4 71 992 4561 4102
4 4475 8250 4619 5209
4 4847 1094 7032 6134
4 2749 7447 7648 7583
4 2045 62 3357 9866
4 9532 8332 49 5383
4 9917 3155 5873 213
4 2736 4058 6178 2572
4 2342 9196 532 3844
4 8626 3170 5494 6842
4 1591 4322 1568 3072
4 723 4076 5777 8644
4 3686 2726 9966 9119
4 8767 8193 6176 4235
4 5163 9365 201 120
4 7326 4808 5729 2340
4 4402 745 2642 2652
4 9106 4638 1433 5919
4 7673 2814 3745 8101
4 2544 9856 2828 586
4 7166 6769 7451 1839
4 7196 7551 3757 8478
4 9572 2085 9576 4390
4 3475 6534 9344 3840
4 6547 727 1988 7851
4 2982 8506 7643 774
4 8322 6571 7464 8338
4 7079 3889 1724 4902
4 4139 2628 2862 2870
4 859 4550 5101 8375
4 8397 3593 6537 6602
4 7148 403 3842 1552
4 780 1845 1357 3112
4 5156 2323 6927 1085
4 5652 2795 58 1621
4 4244 8079 1564 9263
4 4150 7920 8997 8267
4 4490 3672 8736 9542
4 8115 5081 7445 6558
4 2300 9302 8233 5904
4 2308 4480 1418 8601
4 1160 1383 6171 9722
4 2619 6038 2293 9514
4 5366 6913 3648 3689
4 9900 9320 7083 9528
4 3869 7922 7391 9151
4 5772 6611 1934 7231
4 7703 2123 3583 4293
4 1711 6147 5686 3083
4 8616 2305 4690 8138
4 778 9275 2941 7944
4 9243 6329 1096 332
4 9873 245 2160 2243
4 3526 5540 9433 4351
4 8094 6359 6777 7267
4 2313 3126 6050 2817
4 4044 333 5096 446
4 1136 1509 171 3106
4 8167 3950 7953 2962
4 6123 2985 565 3618
4 1763 8199 6467 3519
4 1336 5324 5622 2036
4 9374 2282 8367 9289
4 5136 7494 3257 7756
4 7726 4284 4498 373
4 8956 1340 9974 8722
4 4551 7466 1049 6477
4 7385 3253 8286 5600
4 4837 5609 1767 9585
4 3775 7671 2674 463
4 9784 2535 177 5518
4 6567 3899 7814 9732
4 6481 5845 5239 8721
4 5172 7026 6989 2259
4 65 2023 8186 9747
4 8348 2351 8026 1202
4 6985 676 4995 8501
4 2718 7700 7050 3229
4 8701 1359 3002 7212
4 2203 6363 9340 9691
4 321 8047 8346 188
4 4965 6313 8834 7209
4 3708 9649 2920 9271
4 8187 2944 9111 654
4 6616 8253 3632 6426
4 8563 7545 9252 9942
4 7981 8477 2009 4912
4 1817 9778 2213 717
4 522 3913 4951 9751
4 7862 2364 9443 8430
4 3485 8449 1861 902
4 7204 103 3368 9124
4 1372 1228 7978 7330
4 2571 2112 2647 1231
4 3356 4352 9550 3443
4 4582 4137 9123 214
4 709 8811 2905 3877
4 9545 5891 67 4357
4 3167 3089 9154 9713
4 5359 8751 645 263
4 4179 4871 1178 9806
4 7119 257 6956 8947
4 9921 4696 5593 8470
4 5244 1820 1061 7748
4 6300 2536 1701 687
4 328 8849 1936 1001
4 5492 9605 8003 4477
4 9419 915 4134 4259
4 1976 3496 3379 7911
4 6415 7489 8835 4870
4 4884 60 750 8200
4 9283 2575 9363 7613
4 3062 3214 877 9930
4 9546 6483 8163 8659
4 1344 6914 5728 1364
4 6666 9629 1717 3870
4 2957 1998 1522 1427
4 5793 4557 6342 4727
4 5149 7629 8839 8259
4 5330 9511 4222 1975
4 7934 1740 5155 2952
4 264 8677 7057 924
4 1200 1800 8658 8697
4 9265 8509 4711 5970
4 1505 8040 7677 7344
4 1351 9166 296 4516
4 9871 4977 7153 7210
4 2776 3120 8990 6188
4 1510 9962 1883 1747
4 3730 3750 4415 631
4 8431 5720 2245 4161
4 3736 1965 4565 9341
4 1249 7647 7972 3087
4 5250 4649 2937 1056
4 8915 9426 6419 6738
4 791 3473 7699 5808
4 1261 8168 5529 8524
4 8442 2043 3579 6994
4 2509 8579 9397 8036
4 4717 5488 8606 5476
4 8529 706 3655 3830
4 5028 8297 797 2265
4 3673 8056 3362 4572
4 7824 8418 55 8548
4 6042 2089 2809 773
4 3271 5909 96 9952
4 4230 7250 1673 7524
4 301 3834 9626 1948
4 8707 5332 3306 8895
4 2802 5991 2095 8487
4 7415 11 8607 6060
4 1684 5236 197 1523
4 884 6316 137 7436
4 767 3223 1636 8702
4 6297 6410 8132 7302
4 9566 6336 5998 3516
4 6742 9776 6377 1508
4 8625 3905 3791 6309
4 6226 4960 6144 5544
4 9797 8866 6192 2162
4 5553 9718 3557 2927
4 407 283 9746 6
4 4367 8750 2600 9078
4 4200 2612 3853 2353
4 7567 8183 6198 4861
4 5074 1810 9121 8923
4 9599 730 6747 9569
4 3028 5610 9968 6058
4 251 5854 2486 9689
4 8671 875 3001 385
4 9719 5849 3367 7130
4 4043 1483 3 9182
4 4617 1912 7443 6028
4 6638 3944 2000 3857
4 8940 1429 3885 912
4 1152 5131 8059 5170
4 1040 1476 2912 8874
4 7253 8172 1853 7103
4 6010 7412 7095 6384
4 6662 9507 6146 1743
4 85 4706 2804 8651
4 432 4532 1996 5962
4 7008 8779 1787 3137
4 9843 6578 9755 9048
4 8683 4527 3022 4883
4 1587 5203 1720 3107
4 3278 4469 4607 9853
4 5733 8929 4307 8614
4 3134 5803 4524 5308
4 5378 6012 4474 3518
4 6320 1378 995 9464
4 7696 1821 5278 7178
4 9779 7522 8964 593
4 6110 1224 9325 28
4 513 634 6498 9908
4 3508 4331 1708 8453
4 7618 7861 451 4867
4 6757 6656 4975 8516
4 7319 3375 4038 7880
4 2585 7603 9359 7536
4 556 1037 4604 6367
4 8204 7439 1923 1140
4 1253 4650 7759 3037
4 2573 3248 5197 4521
4 1073 3544 5902 6389
4 8670 5174 1154 2627
4 5683 3561 7255 9326
4 2939 5785 7870 2798
4 8932 297 4663 1714
4 8692 278 2488 7678
4 7118 3845 1681 9425
4 4439 1571 6627 5462
4 289 6370 8637 8466
4 520 836 7823 1825
4 9880 7463 5513 2877
4 4292 4668 174 3239
4 3511 9197 9769 760
4 5823 7041 56 846
4 2592 970 1833 8247
4 1726 4725 4946 9014
4 5013 3055 3769 7363
4 5547 9907 5839 236
4 9849 172 3092 2716
4 6231 4055 1234 9168
4 6965 5441 6364 2106
4 6605 9961 1712 5118
4 4126 6583 3677 5835
4 8527 2368 6715 9471
4 2566 10 17 8714
4 6273 7954 6849 844
4 1117 9390 5864 2185
4 6938 5446 1570 5649
4 529 9637 4627 5487
4 5548 688 6856 926
4 5503 1430 923 6396
4 4079 3728 5758 1648
4 9350 3050 5271 3895
4 5151 7215 5563 2165
4 2125 525 3969 7375
4 7740 9895 7839 9761
4 3978 6582 7778 9250
4 7218 916 6540 8328
4 9092 1963 2221 2295
4 8931 1487 4859 4990
4 1601 2811 9135 164
4 6752 1827 9450 4093
4 7617 1889 6133 3540
4 2766 1197 7624 8673
4 7003 139 5579 2007
4 2999 9597 9161 6220
4 9695 3308 7318 7296
4 6266 8293 5815 1116
4 3691 4491 208 6052
4 7558 5017 6152 7152
4 9214 3674 5007 628
4 6981 8044 8198 9490
4 2649 8161 4671 4857
4 117 5899 6451 8824
4 3527 9276 6444 4187
4 4089 2484 6680 8305
4 559 5056 7155 5375
4 1632 6149 5875 6102
4 9594 9246 6623 1311
4 8650 5574 3104 2091
4 7499 1010 1765 3480
4 2879 7983 2555 8684
4 8967 198 1260 1542
4 7692 1015 3997 4600
4 8617 5879 6645 2836
4 87 2590 3029 1620
4 4361 9588 738 1847
4 3932 2428 8609 1943
4 3704 7151 7752 3746
4 7764 7278 8653 5627
4 3276 6721 1876 5824
4 3828 6215 6703 9984
4 7734 1205 464 9580
4 3608 2872 178 206
4 9414 7346 2055 5705
4 6036 6228 3892 2538
4 4997 1856 8176 2783
4 4555 1866 5559 124
4 6155 9650 9852 8263
4 9286 5941 4522 4496
4 2516 1526 359 6443
4 6256 6350 1393 2732
4 597 931 7888 5948
4 6526 1159 8833 5061
4 8652 6685 5898 7413
4 8562 2241 1819 2407
4 8578 8258 3129 7841
4 7238 7149 3808 3258
4 2254 5981 1129 642
4 5856 1877 6984 9238
4 1339 3297 9730 5058
4 1484 2127 4786 6531
4 3132 1122 4731 7659
4 4792 834 2705 9368
4 4904 1874 735 1888
4 8537 5341 6206 7219
4 307 9241 290 1994
4 151 8342 7777 900
4 5380 1718 8333 5671
4 5094 1642 9602 5371
4 9407 53 6577 2400
4 7875 142 6651 9741
4 7105 656 4865 3573
4 6053 1562 8239 7943
4 6193 4611 2874 9165
4 7542 146 8035 2887
4 1464 7610 7512 8434
4 589 1589 8134 7406
4 8081 7683 9864 6205
4 4661 4091 2190 4716
4 9748 7884 9376 1445
4 9675 4692 3924 5178
4 6306 7361 4636 3323
4 145 5207 8363 1282
4 8597 5710 8032 5794
4 9714 211 8432 6380
4 6296 7518 4170 4592
4 4442 5644 362 9631
4 4774 1822 3617 4887
4 6676 5035 898 2490
4 1598 5517 5020 7733
4 9530 3558 2020 590
4 9922 2697 9499 8241
4 4363 8123 7993 1595
4 5044 7090 5325 3973
4 1837 3945 6557 3654
4 648 2006 4064 5920
4 5235 5556 9799 5461
4 3912 8423 2848 2381
4 4375 6365 4506 9523
4 1406 1440 3839 3567
4 6326 6111 1361 6157
4 2565 2907 2401 4933
4 3802 2309 1704 7475
4 2806 1922 3906 3980
4 3531 7594 4410 1593
4 4771 4656 7384 6988
4 9361 4814 5916 5474
4 2461 4573 4720 2765
4 534 3498 5530 6800
4 540 7037 1332 909
4 6976 358 4559 9016
4 7382 9453 5389 5164
4 1467 7356 1533 7768
4 4773 147 6436 8907
4 4926 6076 5869 1471
4 5418 7966 1422 1512
4 8954 7374 210 7689
4 3422 2467 8019 170
4 4412 3891 9988 4478
4 2320 33 960 8027
4 7432 2375 253 4215
4 5336 4381 8823 5860
4 3760 4879 2389 9468
4 9456 6778 689 9183
4 8898 9848 8889 1884
4 7914 5457 7821 4639
4 7386 7509 5085 5489
4 6361 7785 7419 737
4 489 8376 6733 4703
4 1584 8468 6673 7426
4 6857 4495 9561 8648
4 968 5551 3718 5205
4 6490 9879 5086 7249
4 8715 3145 9382 149
4 3412 9072 3244 8150
4 2462 3582 7534 9726
4 3075 6528 889 2457
4 4011 5633 7818 1021
4 8153 7230 3882 1952
4 8043 7175 2260 2226
4 7530 6340 8425 3811
4 3011 1735 3559 396
4 9043 6016 7592 7876
4 4452 2129 7310 6208
4 2398 9703 6628 5157
4 6784 4026 8845 8325
4 2134 3914 3983 9143
4 1529 1930 8938 2191
4 6731 5901 3692 9220
4 5776 9222 5832 7074
4 4953 7990 835 3153
4 150 8679 6834 8712
4 3428 6466 5865 804
4 6726 7221 3371 9328
4 4066 3352 6942 3339
4 7286 711 9299 5721
4 480 1090 4057 7010
4 3299 3966 6649 9122
4 5255 7116 5615 6705
4 6827 3749 4124 7596
4 6202 9549 4704 9684
4 39 9802 6264 8861
4 5522 8746 6741 6932
4 4467 32 4989 849
4 1886 7956 8238 3563
4 4907 5724 3136 2854
4 9429 8682 2707 6659
4 5531 9996 8519 9987
4 9667 4766 1044 9606
4 9192 7526 9173 240
4 512 1507 45 5751
4 5355 6421 1347 7917
4 3564 2167 622 3188
4 9828 9091 4016 7964
4 8517 6700 7220 4823
4 4875 6446 1761 2024
4 678 2033 5896 5566
4 404 6289 2148 6243
4 4640 6514 4208 3724
4 6724 5908 8276 9752
4 7809 3322 6811 8632
4 9062 1609 2343 6873
4 7731 1100 8264 5954
4 7970 5756 8196 8908
4 1256 313 2278 5451
4 6574 7186 611 9891
4 300 3641 3991 7454
4 4340 9573 8299 1723
4 4054 4465 635 6203
4 9976 6637 4514 9459
4 9221 5467 6553 1382
4 3985 6248 6522 5939
4 1174 1106 0 4708
4 8894 3121 8752 5947
4 3553 6585 5047 4202
4 4335 7984 6015 1908
4 1047 6160 8133 471
4 2277 9978 7424 6903
4 5166 4949 9210 4052
4 2495 9096 2983 5657
4 6681 947 4659 3595
4 7480 6648 3681 7770
4 9971 1179 2198 9583
4 6596 4992 7425 430
4 2025 4511 1199 1157
4 2924 6366 5449 5240
4 3694 9446 1023 7975
4 3203 8711 1411 6022
4 2367 9868 204 5836
4 5040 5362 3818 6719
4 1768 5277 6112 1668
4 955 9896 4790 5536
4 6492 433 5173 514
4 1569 9633 6794 7727
4 541 3226 4456 2506
4 9038 1616 1840 3517
4 3127 6017 8210 2081
4 708 7521 562 2601
4 8143 8222 9721 2702
4 2062 3894 5730 5496
4 8160 6184 2296 1181
4 5813 6351 8696 1535
4 7500 8828 3596 6280
4 6870 355 8413 8864
4 4046 9486 6478 4286
4 825 6246 1409 8810
4 4419 2672 8202 9995
4 7662 8863 8667 9734
4 9068 2337 8006 7013
4 608 3020 3926 9201
4 2875 5872 9699 5584
4 4206 6275 4359 2954
4 1400 7751 9836 8801
3 8137 7555 7633
3 3370 7742 4943
3 1751 3956 2610
3 6915 6864 5763
3 2329 2159 9028
3 6051 5368 131
3 8031 3330 8919
3 8876 4188 2193
3 70 6263 7410
3 4092 4858 530
3 8977 3657 978
3 1012 919 3809
3 2437 9269 3004
3 3972 7877 1259
3 1321 9538 1381
3 4801 9198 5606
3 234 6960 8089
3 4228 9035 3311
3 3235 270 4000
3 9418 1640 8215
3 1279 7397 5208
3 2713 431 5125
3 1959 5082 1961
3 7924 2661 2786
3 6925 2578 8139
3 7614 6963 6576
3 9187 7729 4399
3 2074 4942 97
3 2741 3939 3031
3 620 6964 2307
3 2762 4742 4504
3 2949 801 4534
3 6713 8401 7995
3 1939 500 1036
3 2604 372 3590
3 6698 9332 5245
3 1755 2120 8447
3 9767 6003 5986
3 1330 2072 6161
3 4387 5191 8454
3 1744 4796 9431
3 7663 439 9855
3 3504 4549 2595
3 168 1750 7586
3 2977 4839 5863
3 6890 8180 9920
3 5168 9398 8438
3 1980 2144 9887
3 136 9944 7895
3 2514 2149 2785
3 2694 183 840
3 7959 8822 2215
3 5482 1796 2772
3 4221 9036 8435
3 1475 3793 9083
3 1043 1538 1778
3 2102 6097 5666
3 9526 8568 9709
3 4798 9768 229
3 6959 6352 7800
3 3543 4104 4097
3 2059 4958 1080
3 8383 1062 1546
3 86 639 1694
3 24 3344 3651
3 7407 5732 4291
3 6121 467 6005
3 4434 6944 1161
3 848 4777 3052
3 6197 4689 8314
3 6148 4826 252
3 7674 1318 4783
3 2207 2891 4596
3 9015 6952 9086
3 2297 6835 9584
3 885 2892 8576
3 37 5994 6565
3 1983 7320 8353
3 8900 7461 152
3 457 458 4358
3 5198 8093 6302
3 9600 2002 8815
3 2746 756 4787
3 487 9137 9094
3 7357 2632 1649
3 3280 335 7850
3 602 9009 4994
3 6463 2608 7387
3 4238 3021 9595
3 8766 2903 3105
3 4635 2210 7094
3 3679 3141 8426
3 8930 9047 7362
3 3212 7554 1519
3 8336 7206 1009
3 8256 9578 477
3 2028 6809 2399
3 456 2956 6008
3 2596 221 3789
3 6137 6311 6332
3 7991 3347 9659
3 9838 956 8543
3 4736 4031 3875
3 615 5731 9651
3 8252 9935 1843
3 1371 1536 5066
3 3364 6175 6887
3 9075 7602 7881
3 6127 1688 4877
3 4301 6232 4248
3 8903 4982 7423
3 4400 4339 1453
3 6824 5882 1426
3 2837 3887 2412
3 4688 4502 1678
3 673 9820 7859
3 7471 6761 5233
3 725 6844 7557
3 6699 2859 8037
3 7170 502 6450
3 31 7724 465
3 9413 2881 9540
3 9647 8525 7349
3 9519 8022 6315
3 4451 6357 8859
3 9830 802 9711
3 2685 2101 8663
3 6328 9114 5558
3 739 6471 6563
3 842 402 6725
3 949 1270 444
3 325 5181 9716
3 5024 9957 9215
3 2469 393 3012
3 9678 4935 13
3 5752 8326 4116
3 6544 8593 3748
3 5817 4567 5959
3 5719 7632 7812
3 7457 4488 6473
3 860 8486 7960
3 3449 9274 1527
3 3060 9656 6353
3 8340 6962 23
3 1194 8643 1276
3 8950 7194 7889
3 793 3822 3318
3 6506 5401 6746
3 2388 5676 9157
3 8393 2591 4546
3 7971 9227 9065
3 2953 4554 414
3 4279 3123 7036
3 7761 3396 9022
3 4855 4811 7565
3 6972 9564 726
3 8456 6852 293
3 953 1979 9993
3 2047 3838 9333
3 3621 4914 4750
3 5850 3174 7132
3 6398 6739 4328
3 1639 7123 1978
3 40 4069 2169
3 6993 7693 1461
3 3841 7176 7631
3 5443 9489 8097
3 511 7395 579
3 4099 78 462
3 8028 4047 76
3 7994 8629 5212
3 4723 5628 2432
3 2668 4653 5641
3 1586 2304 2137
3 5631 4298 2898
3 1502 2402 2712
3 8212 2527 2669
3 6630 3773 6270
3 6674 9635 5951
3 2240 1869 8398
3 3951 6095 7236
3 6189 9223 3903
3 5422 4595 34
3 343 4173 392
3 4094 5972 5104
3 3146 7490 9524
3 5881 7024 7314
3 3743 5128 7078
3 417 6078 8268
3 5182 5958 8941
3 4245 193 2683
3 8206 4078 640
3 7532 649 2950
3 16 5950 3246
3 8952 5769 6452
3 346 83 8737
3 2220 2205 7190
3 1618 6479 8729
3 1514 6118 3161
3 1369 740 1650
3 9496 675 9771
3 858 8567 1027
3 1504 7694 9280
3 3147 7957 1416
3 5161 4922 1201
3 7828 1296 2799
3 2634 3698 7581
3 1532 1986 5097
3 7804 8355 3332
3 6524 9149 3439
3 9272 4605 9611
3 1606 6229 1167
3 459 3263 6669
3 8067 3665 1806
3 3917 1809 719
3 1118 3806 2911
3 3578 1985 4746
3 2533 305 2232
3 568 6046 8756
3 8108 3888 5140
3 3125 2824 1084
3 5043 2472 4246
3 6417 2563 1814
3 5397 7117 6373
3 4856 1793 2143
3 8235 1848 1899
3 7275 1774 1665
3 5200 6922 2671
3 5346 644 395
3 3555 5897 3509
3 1086 9859 6414
3 108 5510 6529
3 9394 1590 4679
3 9617 3753 9535
3 5175 6104 1953
3 3178 893 2068
3 30 7150 1951
3 185 6744 8640
3 6693 9810 2929
3 2464 5577 217
3 2136 9927 4394
3 413 9260 6225
3 1212 6090 4747
3 6093 4694 3849
3 7813 1288 9543
3 1235 1277 545
3 5812 8759 3965
3 8918 2164 3615
3 7803 6818 5190
3 7018 94 5672
3 4407 4818 9003
3 5106 1377 8804
3 6727 6472 8572
3 8709 8842 8534
3 6291 5237 4969
3 9948 5613 101
3 3610 133 3862
3 9337 3099 9294
3 8806 1221 8996
3 6294 9624 4767
3 3300 1783 2781
3 4713 3324 7491
3 2480 9356 8716
3 1110 6828 2946
3 558 8382 7686
3 5199 5895 9073
3 7237 5059 4314
3 8498 153 6766
3 2019 4176 9488
3 9551 8179 8388
3 4804 2629 1452
3 7868 2303 8372
3 4487 1192 5770
3 7906 9958 7826
3 5189 3281 4193
3 8229 2422 1286
3 6697 4775 982
3 4578 2334 4088
3 356 1652 9209
3 863 4986 4518
3 7666 1031 7653
3 6261 2442 9338
3 7134 6259 1624
3 896 6245 9013
3 6612 3930 1516
3 143 7418 6304
3 8564 189 2163
3 7758 5804 4508
3 2560 643 610
3 4553 2087 894
3 796 2582 225
3 2344 3744 8141
3 6953 2065 2750
3 4613 2057 5398
3 5400 6604 7085
3 8740 8273 1376
3 3883 6517 7289
3 1137 3824 3761
3 2947 8129 5980
3 3209 1700 2201
3 3880 3911 1669
3 8694 7664 3313
3 2731 5064 3893
3 4910 6636 4217
3 7459 9575 7163
3 3539 7907 3491
3 9892 5829 1892
3 9313 3902 937
3 9590 6456 7799
3 5800 8753 279
3 7014 8789 3817
3 3536 930 7980
3 3873 7672 3442
3 3541 7441 4906
3 9860 4634 8987
3 827 2289 5848
3 8994 618 3274
3 6425 157 8638
3 9329 163 7388
3 6671 6851 8277
3 5578 5523 784
3 2531 4501 5026
3 1313 576 4249
3 865 934 9846
3 1841 6796 2376
3 3584 4630 8068
3 4164 5276 7309
3 2577 7096 8502
3 4482 6126 2328
3 1479 1469 348
3 3411 89 6096
3 3078 6430 8177
3 1488 8934 6035
3 7946 2179 2152
3 8793 7665 550
3 5254 199 862
3 7788 1683 5019
3 2242 5834 1220
3 3438 2281 1615
3 3664 3355 472
3 9152 7274 2022
3 4833 8316 6432
3 5387 8675 9234
3 1120 4939 9555
3 7400 728 8310
3 3038 365 2466
3 9423 4149 3712
3 9491 6227 6125
3 3265 6831 159
3 6087 3927 9744
3 218 2227 2841
3 7434 7744 8539
3 9181 2751 5442
3 5077 7951 7247
3 8633 1170 6899
3 7815 1480 6356
3 5426 5621 2730
3 7697 5146 8440
3 3424 1172 3521
3 4598 9205 6387
3 3812 8309 2012
3 1127 977 7675
3 1836 1093 4538
3 419 5234 5268
3 3941 8776 2288
3 9863 5903 6701
3 4678 7721 6990
3 868 6210 7273
3 5370 8298 7925
3 867 5917 7091
3 2835 1404 4163
3 9458 7315 6510
3 691 2318 7229
3 3124 8853 1958
3 2390 5718 1130
3 5534 3186 349
3 7048 6846 2294
3 7233 4628 6063
3 8771 6629 3115
3 8166 1653 7177
3 8571 1549 6448
3 4932 990 473
3 2529 3233 5714
3 8618 6307 8886
3 1781 6958 9008
3 1058 2264 4662
3 7684 3262 3947
3 6904 5429 9870
3 1165 6034 613
3 6711 4325 3933
3 4143 5611 9710
3 8049 7931 2444
3 1271 5134 4918
3 8773 9877 4564
3 7849 906 5944
3 771 7553 3131
3 5825 7962 7298
3 5246 7898 7127
3 4880 2358 68
3 4311 3547 7899
3 6812 6253 2564
3 4789 2011 5771
3 401 9679 1292
3 7969 2199 4529
3 5550 6581 8472
3 4136 9603 5373
3 5702 3431 2333
3 4144 7963 123
3 4599 219 4156
3 769 651 9232
3 9882 6973 1495
3 2722 3312 757
3 4290 5573 9323
3 8021 5041 4255
3 7333 1935 9156
3 4337 2435 6814
3 4392 5424 9785
3 7460 1656 6586
3 3587 2754 8727
3 6244 7622 1250
3 4155 6664 8986
3 6180 7087 3807
3 2184 5952 292
3 9534 2406 9230
3 115 1898 4562
3 2711 7329 8734
3 7634 899 845
3 733 9406 8870
3 6301 5741 6484
3 4840 160 8289
3 6692 7903 7795
3 2990 5122 3425
3 4489 2453 7371
3 1788 6331 2326
3 2987 2046 2554
3 789 616 4791
3 6620 6513 6409
3 2567 8084 5594
3 5345 7608 5511
3 20 6920 4001
3 1299 7110 3381
3 7600 4312 4558
3 2470 378 207
3 9770 7501 9502
3 8978 8654 1891
3 1699 8411 8665
3 5663 8732 3401
3 1661 5481 3353
3 316 5966 1638
3 828 6560 4892
3 9475 7713 8201
3 5471 7121 9134
3 8573 3783 9029
3 1867 9085 3506
3 6600 1835 7743
3 1801 8015 304
3 9179 249 9100
3 3085 381 3445
3 3097 6130 3878
3 2951 6405 6064
3 383 3580 9140
3 5736 6897 3798
3 3316 3407 2235
3 6569 3261 7559
3 2239 4468 4646
3 2417 3017 7140
3 7430 9985 499
3 6770 7948 9346
3 3208 7043 7546
3 9655 2234 8965
3 7805 5098 5831
3 1132 3570 9002
3 8808 3747 1865
3 6748 6323 7544
3 1563 4544 4693
3 8165 2173 2050
3 6223 2335 9105
3 9819 144 2016
3 1870 9089 4226
3 8645 6497 1716
3 6595 9941 5586
3 6803 2237 4172
3 3515 4898 8642
3 5612 1685 5183
3 9692 4841 9858
3 3782 3721 9261
3 1209 4196 5206
3 7786 4714 1208
3 3334 9759 4894
3 288 287 819
3 8584 9582 9876
3 2793 6520 9367
3 6774 3884 2216
3 7640 1331 4355
3 8464 5505 7902
3 5192 9670 1928
3 7065 9660 5514
3 7556 6213 6541
3 3076 5725 4428
3 1754 5323 2570
3 3402 7616 5171
3 2463 7510 1227
3 4197 9680 9251
3 6132 6002 9844
3 4030 4267 7252
3 9745 425 2268
3 5253 6805 8409
3 4709 9862 1403
3 5460 1266 669
3 4398 8897 3482
3 7642 186 9158
3 4623 7197 6590
3 1627 9194 4308
3 7365 5658 7019
3 1807 7496 4095
3 1574 1184 128
3 554 57 6740
3 9225 4882 5132
3 9172 1971 3216
3 516 2105 2852
3 800 2418 4842
3 241 2805 9200
3 2549 4537 9613
3 3513 6822 1032
3 5409 9570 8321
3 6068 2775 1849
3 7502 3929 7695
3 7878 1188 2621
3 7216 7223 6023
3 9754 1138 4479
3 347 2689 1904
3 5060 5313 4669
3 5599 753 5391
3 4447 6258 8981
3 4948 5598 22
3 1646 9901 4981
3 5329 3006 1099
3 9553 226 9314
3 3581 8821 6494
2 8850 3266
2 3963 7138
2 1696 7000
2 8613 8726
2 5697 4520
2 3199 908
2 7682 7017
2 9737 8379
2 7938 5747
2 8542 921
2 2153 9189
2 2883 6614
2 3990 2980
2 4060 6391
2 2378 5265
2 8002 1206
2 8960 4978
2 8001 7523
2 4950 6242
2 4209 5227
2 533 8511
2 9270 2733
2 5361 1622
2 2899 2900
2 1307 5640
2 3787 6158
2 9736 388
2 922 203
2 5533 8924
2 2010 5900
2 6407 5005
2 3307 1703
2 8975 7086
2 4923 8045
2 1237 6021
2 6923 7045
2 6971 8473
2 5049 2758
2 4330 1046
2 8968 8778
2 8491 1180
2 4821 7261
2 1190 3754
2 6279 2789
2 741 8282
2 2330 6428
2 4899 8220
2 9498 5778
2 4062 1612
2 468 9793
2 9380 1804
2 1554 9724
2 6457 4220
2 4591 3156
2 703 2974
2 1993 8114
2 1401 1275
2 5413 6500
2 7753 4273
2 2373 693
2 958 6254
2 4691 9421
2 3756 1133
2 8311 5783
2 658 2385
2 5828 9571
2 7504 4174
2 9007 5260
2 3879 8136
2 6040 3685
2 3788 2138
2 5754 9264
2 8554 1762
2 5472 4830
2 311 6234
2 9825 3777
2 4019 7584
2 3546 3696
2 2508 4726
2 291 3636
2 4 195
2 983 4356
2 6635 8142
2 8441 9311
2 6485 3843
2 8857 6480
2 6185 1972
2 3394 1045
2 9914 4252
2 4724 274
2 4214 7479
2 7281 7228
2 1305 4305
2 7098 7069
2 9400 5838
2 6077 2252
2 478 3922
2 4843 4980
2 7921 4571
2 3821 4103
2 1937 7068
2 5910 1749
2 7711 9321
2 1732 9999
2 1964 6850
2 2942 2673
2 2280 7822
2 7337 5870
2 1818 9775
2 3023 4632
2 184 2525
2 1679 8064
2 6559 3189
2 6853 4911
2 5617 6265
2 4890 148
2 8985 1119
2 1610 4237
2 3854 4009
2 4734 5993
2 5008 8347
2 2038 603
2 1166 8880
2 8493 1029
2 9963 1415
2 8535 5833
2 4453 4893
2 3846 803
2 935 7965
2 6551 3799
2 682 7890
2 9327 1775
2 9436 5045
2 6720 4369
2 6163 1191
2 3386 7292
2 5430 4461
2 6902 238
2 6085 4810
2 9910 5885
2 8530 7667
2 8961 2427
2 406 8592
2 5229 7102
2 1728 5014
2 3144 312
2 3292 173
2 8334 5549
2 5480 3469
2 256 8507
2 3082 6516
2 9159 1316
2 7243 8523
2 7835 2384
2 5539 3534
2 2586 4107
2 2546 6682
2 4297 5340
2 782 3008
2 5844 4876
2 9636 662
2 7658 4758
2 5100 6393
2 1770 1496
2 4651 9609
2 5010 3383
2 7005 3619
2 729 9521
2 5957 2771
2 7033 8080
2 987 376
2 5281 8061
2 5585 3059
2 2311 633
2 4577 668
2 9297 1873
2 8770 9372
2 3340 6519
2 8877 8635
2 6678 8135
2 7367 118
2 3860 8728
2 7093 3717
2 482 4032
2 8780 7404
2 5557 7059
2 1553 5177
2 6141 3385
2 9556 3247
2 5745 5643
2 9742 7807
2 5266 8272
2 8500 6937
2 4556 7030
2 4633 866
2 5051 7264
2 3044 209
2 7736 3716
2 3466 7483
2 5158 1614
2 4699 9031
2 7590 9686
2 7183 7067
2 8109 9186
2 2532 6371
2 2676 5840
2 746 5693
2 652 2172
2 7307 5327
2 7574 911
2 5696 6841
2 7547 9557
2 4260 8011
2 7541 8784
2 7992 8395
2 7142 4034
2 8000 4793
2 5949 8098
2 7453 659
2 811 2550
2 903 2825
2 8110 8190
2 69 1302
2 9042 412
2 4211 1705
2 230 192
2 435 3727
2 9411 6549
2 8757 275
2 182 9024
2 3267 4851
2 1824 3154
2 8144 200
2 424 7852
2 341 2769
2 5859 9150
2 2747 2884
2 9342 2541
2 8086 1917
2 7340 2110
2 8725 2166
2 9933 9044
2 5883 7507
2 1534 1105
2 319 5938
2 1513 5023
2 2808 9823
2 9101 9644
2 4440 2498
2 8698 1831
2 1006 9146
2 5379 9533
2 3382 6848
2 7832 9632
2 5406 986
2 8405 3225
2 4376 3690
2 9977 4048
2 318 6075
2 9070 9807
2 4621 4860
2 5399 2086
2 7172 4175
2 5907 7011
2 4254 6901
2 27 5682
2 6654 3201
2 8009 5979
2 3993 3628
2 179 5350
2 3645 7222
2 1789 1667
2 2583 6199
2 7791 1695
2 8875 2500
2 8412 2356
2 5210 121
2 4344 8117
2 3464 452
2 4283 3413
2 621 405
2 2425 7942
2 6156 4232
2 8758 1611
2 409 3389
2 7022 9931
2 1984 9663
2 8410 2483
2 9861 5167
2 8462 1283
2 9218 2393
2 6257 582
2 9296 3719
2 5257 7042
2 7578 794
2 7915 872
2 3784 5699
2 6617 2272
2 8868 795
2 972 6334
2 4333 5635
2 574 2556
2 4972 7060
2 8038 508
2 1439 3327
2 3866 2996
2 8556 9773
2 5343 9011
2 3474 6434
2 8494 901
2 8970 9717
2 1878 3523
2 8555 6237
2 3819 7706
2 8791 6539
2 509 7322
2 3053 4891
2 6647 5527
2 7864 5342
2 7793 6174
2 7427 2405
2 1987 81
2 3949 1196
2 437 9282
2 831 5508
2 9164 6290
2 224 483
2 1634 6222
2 9749 7533
2 9059 7985
2 2812 4285
2 6862 156
2 1329 4371
2 7514 2485
2 4588 1654
2 9604 9162
2 1074 984
2 2645 1731
2 4770 507
2 6859 1326
2 54 4427
2 1230 2324
2 7248 9362
2 1992 8686
2 1725 2154
2 821 7636
2 6429 6119
2 61 1501
2 428 4913
2 9148 7075
2 9301 9415
2 3493 3794
2 5067 538
2 8231 1753
2 8085 7847
2 361 5779
2 3992 5466
2 7393 2035
2 8318 7561
2 2803 2827
2 8797 9720
2 6412 4470
2 2382 7627
2 8159 2039
2 6675 111
2 2206 1918
2 415 9102
2 1932 9972
2 7092 7639
2 3058 194
2 6293 1111
2 2431 6792
2 6283 2662
2 3984 1485
2 5304 4845
2 2928 5906
2 7782 4525
2 8461 8374
2 6772 6026
2 5977 8164
2 4952 3227
2 4535 2386
2 698 4262
2 9457 2447
2 6799 4098
2 4822 5148
2 7588 8406
2 4732 2715
2 7883 7712
2 7408 1969
2 8103 8872
2 1290 5107
2 1177 6098
2 959 1350
2 1131 3859
2 5410 6917
2 2451 1909
2 9885 3213
2 1625 573
2 1134 3994
2 2503 9932
2 6128 1063
2 6420 6533
2 4063 3169
2 6643 303
2 1226 833
2 3591 25
2 4425 9701
2 7488 9698
2 1868 7730
2 9577 8561
2 7129 5187
2 5377 5504
2 5029 3108
2 2026 7071
2 1880 8541
2 9204 8508
2 8034 9357
2 5294 1284
2 7929 6454
2 7276 2170
2 886 8361
2 999 5382
2 9787 9126
2 5632 4236
2 4581 7833
2 9548 3620
2 2873 7251
2 2030 342
2 5809 6607
2 6833 2357
2 1897 3639
2 5853 2310
2 2512 7741
2 2709 5538
2 3705 4323
2 3530 5470
2 6491 2858
2 5279 6187
2 258 8955
2 2231 1777
2 7097 6177
2 2520 917
2 3416 1335
2 4705 3361
2 3476 7856
2 3827 4224
2 2657 3268
2 6983 9954
2 6411 6195
2 7077 2098
2 1135 1323
2 9336 1308
2 1664 4438
2 4987 6998
2 8344 1915
2 8570 2271
2 3205 422
2 4403 4664
2 5983 8731
2 3803 6509
2 4675 2579
2 4372 1799
2 7580 1494
2 441 6233
2 280 2298
2 3635 8244
2 7830 379
2 7550 6031
2 4523 8417
2 7688 5073
2 7416 5926
2 227 6843
2 7139 7789
2 8224 2878
2 4966 6499
2 8879 268
2 7669 7187
2 8075 7820
2 2961 6631
2 3935 7606
2 5262 5386
2 5213 1517
2 3611 3286
2 7399 5356
2 1949 491
2 4807 5316
2 5727 7165
2 1171 8602
2 9229 4435
2 6545 605
2 6961 781
2 2410 1142
2 180 2664
2 9554 1149
2 9822 5483
2 2934 6308
2 4996 5694
2 3810 2656
2 526 9638
2 3454 6592
2 8118 596
2 8786 4979
2 1087 2602
