Case #1: 1
1 1 1
Case #2: 4
1 1 1
1 1 2
1 2 3
1 2 1
Case #3: 2
1 1 1
1 1 2
Case #4: 2
1 1 1
1 2 2
Case #5: 4
1 1 1
1 1 2
1 2 1
1 2 2
Case #6: 18
1 1 1
1 1 2
1 1 3
1 2 1
1 2 2
1 2 3
1 3 1
1 3 2
1 3 3
2 1 2
2 1 3
2 1 1
2 2 2
2 2 3
2 2 1
2 3 2
2 3 3
2 3 1
Case #7: 18
1 1 1
1 1 2
1 2 3
1 2 1
1 3 2
1 3 3
2 1 2
2 1 3
2 2 1
2 2 2
2 3 3
2 3 1
3 1 3
3 1 1
3 2 2
3 2 3
3 3 1
3 3 2
Case #8: 12
1 1 1
1 1 2
1 1 3
1 2 1
1 2 2
1 2 3
2 1 2
2 1 3
2 1 1
2 2 2
2 2 3
2 2 1
Case #9: 18
1 1 1
1 1 2
1 1 3
1 2 1
1 2 2
1 2 3
1 3 1
1 3 2
1 3 3
2 1 2
2 1 3
2 1 1
2 2 2
2 2 3
2 2 1
2 3 2
2 3 3
2 3 1
Case #10: 4
1 1 1
1 1 2
1 2 1
1 2 2
Case #11: 18
1 1 1
1 1 2
1 1 3
1 2 1
1 2 2
1 2 3
1 3 1
1 3 2
1 3 3
2 1 2
2 1 3
2 1 1
2 2 2
2 2 3
2 2 1
2 3 2
2 3 3
2 3 1
Case #12: 4
1 1 1
1 1 2
1 2 1
1 2 2
Case #13: 8
1 1 1
1 1 2
1 2 3
1 2 1
2 1 2
2 1 3
2 2 1
2 2 2
Case #14: 3
1 1 1
1 1 2
1 1 3
Case #15: 1
1 1 1
Case #16: 27
1 1 1
1 1 2
1 1 3
1 2 1
1 2 2
1 2 3
1 3 1
1 3 2
1 3 3
2 1 2
2 1 3
2 1 1
2 2 2
2 2 3
2 2 1
2 3 2
2 3 3
2 3 1
3 1 3
3 1 1
3 1 2
3 2 3
3 2 1
3 2 2
3 3 3
3 3 1
3 3 2
Case #17: 2
1 1 1
1 1 2
Case #18: 9
1 1 1
1 1 2
1 1 3
1 2 1
1 2 2
1 2 3
1 3 1
1 3 2
1 3 3
Case #19: 6
1 1 1
1 1 2
1 1 3
1 2 1
1 2 2
1 2 3
Case #20: 1
1 1 1
Case #21: 18
1 1 1
1 1 2
1 1 3
1 2 1
1 2 2
1 2 3
1 3 1
1 3 2
1 3 3
2 1 2
2 1 3
2 1 1
2 2 2
2 2 3
2 2 1
2 3 2
2 3 3
2 3 1
Case #22: 27
1 1 1
1 1 2
1 1 3
1 2 1
1 2 2
1 2 3
1 3 1
1 3 2
1 3 3
2 1 2
2 1 3
2 1 1
2 2 2
2 2 3
2 2 1
2 3 2
2 3 3
2 3 1
3 1 3
3 1 1
3 1 2
3 2 3
3 2 1
3 2 2
3 3 3
3 3 1
3 3 2
Case #23: 2
1 1 1
1 1 2
Case #24: 4
1 1 1
1 1 2
1 2 1
1 2 2
Case #25: 1
1 1 1
Case #26: 8
1 1 1
1 1 2
1 2 1
1 2 2
2 1 2
2 1 1
2 2 2
2 2 1
Case #27: 4
1 1 1
1 1 2
1 2 1
1 2 2
Case #28: 4
1 1 1
1 2 2
2 1 2
2 2 3
Case #29: 27
1 1 1
1 1 2
1 1 3
1 2 1
1 2 2
1 2 3
1 3 1
1 3 2
1 3 3
2 1 2
2 1 3
2 1 1
2 2 2
2 2 3
2 2 1
2 3 2
2 3 3
2 3 1
3 1 3
3 1 1
3 1 2
3 2 3
3 2 1
3 2 2
3 3 3
3 3 1
3 3 2
Case #30: 3
1 1 1
1 1 2
1 1 3
Case #31: 6
1 1 1
1 2 2
1 3 3
2 1 2
2 2 3
2 3 1
Case #32: 12
1 1 1
1 1 2
1 1 3
1 2 1
1 2 2
1 2 3
2 1 2
2 1 3
2 1 1
2 2 2
2 2 3
2 2 1
Case #33: 9
1 1 1
1 1 2
1 1 3
1 2 1
1 2 2
1 2 3
1 3 1
1 3 2
1 3 3
Case #34: 8
1 1 1
1 1 2
1 2 1
1 2 2
2 1 2
2 1 1
2 2 2
2 2 1
Case #35: 9
1 1 1
1 1 2
1 1 3
1 2 1
1 2 2
1 2 3
1 3 1
1 3 2
1 3 3
Case #36: 8
1 1 1
1 1 2
1 2 1
1 2 2
2 1 2
2 1 1
2 2 2
2 2 1
Case #37: 9
1 1 1
1 1 2
1 1 3
1 2 1
1 2 2
1 2 3
1 3 1
1 3 2
1 3 3
Case #38: 9
1 1 1
1 1 2
1 1 3
1 2 1
1 2 2
1 2 3
1 3 1
1 3 2
1 3 3
Case #39: 2
1 1 1
1 1 2
Case #40: 9
1 1 1
1 2 2
1 3 3
2 1 2
2 2 3
2 3 1
3 1 3
3 2 1
3 3 2
Case #41: 2
1 1 1
1 1 2
Case #42: 12
1 1 1
1 1 2
1 2 3
1 2 1
1 3 2
1 3 3
2 1 2
2 1 3
2 2 1
2 2 2
2 3 3
2 3 1
Case #43: 4
1 1 1
1 1 2
1 2 1
1 2 2
Case #44: 1
1 1 1
Case #45: 8
1 1 1
1 1 2
1 2 1
1 2 2
2 1 2
2 1 1
2 2 2
2 2 1
Case #46: 1
1 1 1
Case #47: 3
1 1 1
1 1 2
1 1 3
Case #48: 2
1 1 1
1 1 2
Case #49: 4
1 1 1
1 1 2
1 2 1
1 2 2
Case #50: 6
1 1 1
1 1 2
1 1 3
1 2 1
1 2 2
1 2 3
Case #51: 12
1 1 1
1 1 2
1 1 3
1 2 1
1 2 2
1 2 3
2 1 2
2 1 3
2 1 1
2 2 2
2 2 3
2 2 1
Case #52: 3
1 1 1
1 1 2
1 1 3
Case #53: 27
1 1 1
1 1 2
1 1 3
1 2 1
1 2 2
1 2 3
1 3 1
1 3 2
1 3 3
2 1 2
2 1 3
2 1 1
2 2 2
2 2 3
2 2 1
2 3 2
2 3 3
2 3 1
3 1 3
3 1 1
3 1 2
3 2 3
3 2 1
3 2 2
3 3 3
3 3 1
3 3 2
Case #54: 12
1 1 1
1 1 2
1 1 3
1 2 1
1 2 2
1 2 3
2 1 2
2 1 3
2 1 1
2 2 2
2 2 3
2 2 1
Case #55: 6
1 1 1
1 1 2
1 2 3
1 2 1
1 3 2
1 3 3
Case #56: 9
1 1 1
1 1 2
1 1 3
1 2 1
1 2 2
1 2 3
1 3 1
1 3 2
1 3 3
Case #57: 12
1 1 1
1 1 2
1 1 3
1 2 1
1 2 2
1 2 3
2 1 2
2 1 3
2 1 1
2 2 2
2 2 3
2 2 1
Case #58: 3
1 1 1
1 2 2
1 3 3
Case #59: 6
1 1 1
1 1 2
1 1 3
1 2 1
1 2 2
1 2 3
Case #60: 27
1 1 1
1 1 2
1 1 3
1 2 1
1 2 2
1 2 3
1 3 1
1 3 2
1 3 3
2 1 2
2 1 3
2 1 1
2 2 2
2 2 3
2 2 1
2 3 2
2 3 3
2 3 1
3 1 3
3 1 1
3 1 2
3 2 3
3 2 1
3 2 2
3 3 3
3 3 1
3 3 2
Case #61: 4
1 1 1
1 1 2
1 2 1
1 2 2
Case #62: 2
1 1 1
1 1 2
Case #63: 4
1 1 1
1 1 2
1 2 1
1 2 2
Case #64: 1
1 1 1
Case #65: 18
1 1 1
1 1 2
1 1 3
1 2 1
1 2 2
1 2 3
1 3 1
1 3 2
1 3 3
2 1 2
2 1 3
2 1 1
2 2 2
2 2 3
2 2 1
2 3 2
2 3 3
2 3 1
Case #66: 3
1 1 1
1 1 2
1 1 3
Case #67: 1
1 1 1
Case #68: 4
1 1 1
1 2 2
2 1 2
2 2 1
Case #69: 8
1 1 1
1 1 2
1 2 1
1 2 2
2 1 2
2 1 1
2 2 2
2 2 1
Case #70: 8
1 1 1
1 1 2
1 2 1
1 2 2
2 1 2
2 1 1
2 2 2
2 2 1
Case #71: 1
1 1 1
Case #72: 6
1 1 1
1 1 2
1 1 3
1 2 1
1 2 2
1 2 3
Case #73: 1
1 1 1
Case #74: 12
1 1 1
1 1 2
1 1 3
1 2 1
1 2 2
1 2 3
2 1 2
2 1 3
2 1 1
2 2 2
2 2 3
2 2 1
Case #75: 27
1 1 1
1 1 2
1 1 3
1 2 1
1 2 2
1 2 3
1 3 1
1 3 2
1 3 3
2 1 2
2 1 3
2 1 1
2 2 2
2 2 3
2 2 1
2 3 2
2 3 3
2 3 1
3 1 3
3 1 1
3 1 2
3 2 3
3 2 1
3 2 2
3 3 3
3 3 1
3 3 2
Case #76: 18
1 1 1
1 1 2
1 1 3
1 2 1
1 2 2
1 2 3
1 3 1
1 3 2
1 3 3
2 1 2
2 1 3
2 1 1
2 2 2
2 2 3
2 2 1
2 3 2
2 3 3
2 3 1
Case #77: 6
1 1 1
1 1 2
1 1 3
1 2 1
1 2 2
1 2 3
Case #78: 27
1 1 1
1 1 2
1 1 3
1 2 1
1 2 2
1 2 3
1 3 1
1 3 2
1 3 3
2 1 2
2 1 3
2 1 1
2 2 2
2 2 3
2 2 1
2 3 2
2 3 3
2 3 1
3 1 3
3 1 1
3 1 2
3 2 3
3 2 1
3 2 2
3 3 3
3 3 1
3 3 2
Case #79: 27
1 1 1
1 1 2
1 1 3
1 2 1
1 2 2
1 2 3
1 3 1
1 3 2
1 3 3
2 1 2
2 1 3
2 1 1
2 2 2
2 2 3
2 2 1
2 3 2
2 3 3
2 3 1
3 1 3
3 1 1
3 1 2
3 2 3
3 2 1
3 2 2
3 3 3
3 3 1
3 3 2
Case #80: 2
1 1 1
1 2 2
Case #81: 12
1 1 1
1 1 2
1 1 3
1 2 1
1 2 2
1 2 3
2 1 2
2 1 3
2 1 1
2 2 2
2 2 3
2 2 1
Case #82: 6
1 1 1
1 1 2
1 1 3
1 2 1
1 2 2
1 2 3
Case #83: 9
1 1 1
1 1 2
1 1 3
1 2 1
1 2 2
1 2 3
1 3 1
1 3 2
1 3 3
Case #84: 6
1 1 1
1 1 2
1 1 3
1 2 1
1 2 2
1 2 3
Case #85: 9
1 1 1
1 1 2
1 1 3
1 2 1
1 2 2
1 2 3
1 3 1
1 3 2
1 3 3
Case #86: 3
1 1 1
1 1 2
1 1 3
Case #87: 1
1 1 1
Case #88: 18
1 1 1
1 1 2
1 1 3
1 2 1
1 2 2
1 2 3
1 3 1
1 3 2
1 3 3
2 1 2
2 1 3
2 1 1
2 2 2
2 2 3
2 2 1
2 3 2
2 3 3
2 3 1
Case #89: 1
1 1 1
Case #90: 8
1 1 1
1 1 2
1 2 1
1 2 2
2 1 2
2 1 1
2 2 2
2 2 1
Case #91: 2
1 1 1
1 1 2
Case #92: 8
1 1 1
1 1 2
1 2 1
1 2 2
2 1 2
2 1 1
2 2 2
2 2 1
Case #93: 3
1 1 1
1 1 2
1 1 3
Case #94: 2
1 1 1
1 1 2
Case #95: 3
1 1 1
1 1 2
1 1 3
Case #96: 6
1 1 1
1 1 2
1 1 3
1 2 1
1 2 2
1 2 3
Case #97: 12
1 1 1
1 1 2
1 1 3
1 2 1
1 2 2
1 2 3
2 1 2
2 1 3
2 1 1
2 2 2
2 2 3
2 2 1
Case #98: 2
1 1 1
1 1 2
Case #99: 18
1 1 1
1 1 2
1 1 3
1 2 1
1 2 2
1 2 3
1 3 1
1 3 2
1 3 3
2 1 2
2 1 3
2 1 1
2 2 2
2 2 3
2 2 1
2 3 2
2 3 3
2 3 1
Case #100: 8
1 1 1
1 1 2
1 2 1
1 2 2
2 1 2
2 1 1
2 2 2
2 2 1
