Case #1: 931707689 601702223
Case #2: 885842866 220639770
Case #3: 1 1
Case #4: 696316964 550429273
Case #5: 319838403 319838403
Case #6: 788649722 763674423
Case #7: 70047606 591137401
Case #8: 116188991 469122262
Case #9: 1 1
Case #10: 858463859 925866024
Case #11: 997814136 441095159
Case #12: 940446741 464107227
Case #13: 679221065 901403157
Case #14: 128185490 648087915
Case #15: 918270667 185042843
Case #16: 407453334 785126250
Case #17: 9814502 808219050
Case #18: 678762874 810834988
Case #19: 612020853 406955973
Case #20: 56103256 467176030
