idx[5501] = 1
idx[5502] = 2
idx[5503] = 3
idx[5504] = 4
idx[5505] = 5
idx[5506] = 6
idx[5507] = 7
idx[5508] = 8
idx[5509] = 9
idx[5511] = 10
idx[5512] = 11
idx[5513] = 12
idx[5514] = 13
idx[5515] = 14
idx[5516] = 15
idx[5517] = 16
idx[5518] = 17
idx[5519] = 18
idx[5521] = 19
idx[5522] = 20
idx[5523] = 21
idx[5524] = 22
idx[5525] = 23
idx[5526] = 24
idx[5527] = 25
idx[5528] = 26
idx[5529] = 27
idx[5531] = 28
idx[5532] = 29
idx[5533] = 30
idx[5534] = 31
idx[5535] = 32
idx[5536] = 33
idx[5537] = 34
idx[5538] = 35
idx[5539] = 36
idx[5541] = 37
idx[5542] = 38
idx[5543] = 39
idx[5544] = 40
idx[5545] = 41
idx[5546] = 42
idx[5547] = 43
idx[5548] = 44
idx[5549] = 45
idx[5551] = 46
idx[5552] = 47
idx[5553] = 48
idx[5554] = 49
idx[5555] = 50
idx[5556] = 51
idx[5557] = 52
idx[5558] = 53
idx[5559] = 54
idx[5561] = 55
idx[5562] = 56
idx[5563] = 57
idx[5564] = 58
idx[5565] = 59
idx[5566] = 60
idx[5567] = 61
idx[5568] = 62
idx[5569] = 63
idx[5571] = 64
idx[5572] = 65
idx[5573] = 66
idx[5574] = 67
idx[5575] = 68
idx[5576] = 69
idx[5577] = 70
idx[5578] = 71
idx[5579] = 72
idx[5581] = 73
idx[5582] = 74
idx[5583] = 75
idx[5584] = 76
idx[5585] = 77
idx[5586] = 78
idx[5587] = 79
idx[5588] = 80
idx[5589] = 81
idx[5591] = 82
idx[5592] = 83
idx[5593] = 84
idx[5594] = 85
idx[5595] = 86
idx[5596] = 87
idx[5597] = 88
idx[5598] = 89
idx[5599] = 90
idx[5601] = 91
idx[5602] = 92
idx[5603] = 93
idx[5604] = 94
idx[5605] = 95
idx[5606] = 96
idx[5607] = 97
idx[5608] = 98
idx[5609] = 99
idx[5611] = 100
idx[5612] = 101
idx[5613] = 102
idx[5614] = 103
idx[5615] = 104
idx[5616] = 105
idx[5617] = 106
idx[5618] = 107
idx[5619] = 108
idx[5621] = 109
idx[5622] = 110
idx[5623] = 111
idx[5624] = 112
idx[5625] = 113
idx[5626] = 114
idx[5627] = 115
idx[5628] = 116
idx[5629] = 117
idx[5631] = 118
idx[5632] = 119
idx[5633] = 120
idx[5634] = 121
idx[5635] = 122
idx[5636] = 123
idx[5637] = 124
idx[5638] = 125
idx[5639] = 126
idx[5641] = 127
idx[5642] = 128
idx[5643] = 129
idx[5644] = 130
idx[5645] = 131
idx[5646] = 132
idx[5647] = 133
idx[5648] = 134
idx[5649] = 135
idx[5651] = 136
idx[5652] = 137
idx[5653] = 138
idx[5654] = 139
idx[5655] = 140
idx[5656] = 141
idx[5657] = 142
idx[5658] = 143
idx[5659] = 144
idx[5661] = 145
idx[5662] = 146
idx[5663] = 147
idx[5664] = 148
idx[5665] = 149
idx[5666] = 150
idx[5667] = 151
idx[5668] = 152
idx[5669] = 153
idx[5671] = 154
idx[5672] = 155
idx[5673] = 156
idx[5674] = 157
idx[5675] = 158
idx[5676] = 159
idx[5677] = 160
idx[5678] = 161
idx[5679] = 162
idx[5681] = 163
idx[5682] = 164
idx[5683] = 165
idx[5684] = 166
idx[5685] = 167
idx[5686] = 168
idx[5687] = 169
idx[5688] = 170
idx[5689] = 171
idx[5691] = 172
idx[5692] = 173
idx[5693] = 174
idx[5694] = 175
idx[5695] = 176
idx[5696] = 177
idx[5697] = 178
idx[5698] = 179
idx[5699] = 180
idx[5701] = 181
idx[5702] = 182
idx[5703] = 183
idx[5704] = 184
idx[5705] = 185
idx[5706] = 186
idx[5707] = 187
idx[5708] = 188
idx[5709] = 189
idx[5711] = 190
idx[5712] = 191
idx[5713] = 192
idx[5714] = 193
idx[5715] = 194
idx[5716] = 195
idx[5717] = 196
idx[5718] = 197
idx[5719] = 198
idx[5721] = 199
idx[5722] = 200
idx[5723] = 201
idx[5724] = 202
idx[5725] = 203
idx[5726] = 204
idx[5727] = 205
idx[5728] = 206
idx[5729] = 207
idx[5731] = 208
idx[5732] = 209
idx[5733] = 210
idx[5734] = 211
idx[5735] = 212
idx[5736] = 213
idx[5737] = 214
idx[5738] = 215
idx[5739] = 216
idx[5741] = 217
idx[5742] = 218
idx[5743] = 219
idx[5744] = 220
idx[5745] = 221
idx[5746] = 222
idx[5747] = 223
idx[5748] = 224
idx[5749] = 225
idx[5751] = 226
idx[5752] = 227
idx[5753] = 228
idx[5754] = 229
idx[5755] = 230
idx[5756] = 231
idx[5757] = 232
idx[5758] = 233
idx[5759] = 234
idx[5761] = 235
idx[5762] = 236
idx[5763] = 237
idx[5764] = 238
idx[5765] = 239
idx[5766] = 240
idx[5767] = 241
idx[5768] = 242
idx[5769] = 243
idx[5771] = 244
idx[5772] = 245
idx[5773] = 246
idx[5774] = 247
idx[5775] = 248
idx[5776] = 249
idx[5777] = 250
idx[5778] = 251
idx[5779] = 252
idx[5781] = 253
idx[5782] = 254
idx[5783] = 255
idx[5784] = 256
idx[5785] = 257
idx[5786] = 258
idx[5787] = 259
idx[5788] = 260
idx[5789] = 261
idx[5791] = 262
idx[5792] = 263
idx[5793] = 264
idx[5794] = 265
idx[5795] = 266
idx[5796] = 267
idx[5797] = 268
idx[5798] = 269
idx[5799] = 270
idx[5801] = 271
idx[5802] = 272
idx[5803] = 273
idx[5804] = 274
idx[5805] = 275
idx[5806] = 276
idx[5807] = 277
idx[5808] = 278
idx[5809] = 279
idx[5811] = 280
idx[5812] = 281
idx[5813] = 282
idx[5814] = 283
idx[5815] = 284
idx[5816] = 285
idx[5817] = 286
idx[5818] = 287
idx[5819] = 288
idx[5821] = 289
idx[5822] = 290
idx[5823] = 291
idx[5824] = 292
idx[5825] = 293
idx[5826] = 294
idx[5827] = 295
idx[5828] = 296
idx[5829] = 297
idx[5831] = 298
idx[5832] = 299
idx[5833] = 300
idx[5834] = 301
idx[5835] = 302
idx[5836] = 303
idx[5837] = 304
idx[5838] = 305
idx[5839] = 306
idx[5841] = 307
idx[5842] = 308
idx[5843] = 309
idx[5844] = 310
idx[5845] = 311
idx[5846] = 312
idx[5847] = 313
idx[5848] = 314
idx[5849] = 315
idx[5851] = 316
idx[5852] = 317
idx[5853] = 318
idx[5854] = 319
idx[5855] = 320
idx[5856] = 321
idx[5857] = 322
idx[5858] = 323
idx[5859] = 324
idx[5861] = 325
idx[5862] = 326
idx[5863] = 327
idx[5864] = 328
idx[5865] = 329
idx[5866] = 330
idx[5867] = 331
idx[5868] = 332
idx[5869] = 333
idx[5871] = 334
idx[5872] = 335
idx[5873] = 336
idx[5874] = 337
idx[5875] = 338
idx[5876] = 339
idx[5877] = 340
idx[5878] = 341
idx[5879] = 342
idx[5881] = 343
idx[5882] = 344
idx[5883] = 345
idx[5884] = 346
idx[5885] = 347
idx[5886] = 348
idx[5887] = 349
idx[5888] = 350
idx[5889] = 351
idx[5891] = 352
idx[5892] = 353
idx[5893] = 354
idx[5894] = 355
idx[5895] = 356
idx[5896] = 357
idx[5897] = 358
idx[5898] = 359
idx[5899] = 360
idx[5901] = 361
idx[5902] = 362
idx[5903] = 363
idx[5904] = 364
idx[5905] = 365
idx[5906] = 366
idx[5907] = 367
idx[5908] = 368
idx[5909] = 369
idx[5911] = 370
idx[5912] = 371
idx[5913] = 372
idx[5914] = 373
idx[5915] = 374
idx[5916] = 375
idx[5917] = 376
idx[5918] = 377
idx[5919] = 378
idx[5921] = 379
idx[5922] = 380
idx[5923] = 381
idx[5924] = 382
idx[5925] = 383
idx[5926] = 384
idx[5927] = 385
idx[5928] = 386
idx[5929] = 387
idx[5931] = 388
idx[5932] = 389
idx[5933] = 390
idx[5934] = 391
idx[5935] = 392
idx[5936] = 393
idx[5937] = 394
idx[5938] = 395
idx[5939] = 396
idx[5941] = 397
idx[5942] = 398
idx[5943] = 399
idx[5944] = 400
idx[5945] = 401
idx[5946] = 402
idx[5947] = 403
idx[5948] = 404
idx[5949] = 405
idx[5951] = 406
idx[5952] = 407
idx[5953] = 408
idx[5954] = 409
idx[5955] = 410
idx[5956] = 411
idx[5957] = 412
idx[5958] = 413
idx[5959] = 414
idx[5961] = 415
idx[5962] = 416
idx[5963] = 417
idx[5964] = 418
idx[5965] = 419
idx[5966] = 420
idx[5967] = 421
idx[5968] = 422
idx[5969] = 423
idx[5971] = 424
idx[5972] = 425
idx[5973] = 426
idx[5974] = 427
idx[5975] = 428
idx[5976] = 429
idx[5977] = 430
idx[5978] = 431
idx[5979] = 432
idx[5981] = 433
idx[5982] = 434
idx[5983] = 435
idx[5984] = 436
idx[5985] = 437
idx[5986] = 438
idx[5987] = 439
idx[5988] = 440
idx[5989] = 441
idx[5991] = 442
idx[5992] = 443
idx[5993] = 444
idx[5994] = 445
idx[5995] = 446
idx[5996] = 447
idx[5997] = 448
idx[5998] = 449
idx[5999] = 450
idx[6001] = 451
idx[6002] = 452
idx[6003] = 453
idx[6004] = 454
idx[6005] = 455
idx[6006] = 456
idx[6007] = 457
idx[6008] = 458
idx[6009] = 459
idx[6011] = 460
idx[6012] = 461
idx[6013] = 462
idx[6014] = 463
idx[6015] = 464
idx[6016] = 465
idx[6017] = 466
idx[6018] = 467
idx[6019] = 468
idx[6021] = 469
idx[6022] = 470
idx[6023] = 471
idx[6024] = 472
idx[6025] = 473
idx[6026] = 474
idx[6027] = 475
idx[6028] = 476
idx[6029] = 477
idx[6031] = 478
idx[6032] = 479
idx[6033] = 480
idx[6034] = 481
idx[6035] = 482
idx[6036] = 483
idx[6037] = 484
idx[6038] = 485
idx[6039] = 486
idx[6041] = 487
idx[6042] = 488
idx[6043] = 489
idx[6044] = 490
idx[6045] = 491
idx[6046] = 492
idx[6047] = 493
idx[6048] = 494
idx[6049] = 495
idx[6051] = 496
idx[6052] = 497
idx[6053] = 498
idx[6054] = 499
idx[6055] = 500
idx[6056] = 501
idx[6057] = 502
idx[6058] = 503
idx[6059] = 504
idx[6061] = 505
idx[6062] = 506
idx[6063] = 507
idx[6064] = 508
idx[6065] = 509
idx[6066] = 510
idx[6067] = 511
idx[6068] = 512
idx[6069] = 513
idx[6071] = 514
idx[6072] = 515
idx[6073] = 516
idx[6074] = 517
idx[6075] = 518
idx[6076] = 519
idx[6077] = 520
idx[6078] = 521
idx[6079] = 522
idx[6081] = 523
idx[6082] = 524
idx[6083] = 525
idx[6084] = 526
idx[6085] = 527
idx[6086] = 528
idx[6087] = 529
idx[6088] = 530
idx[6089] = 531
idx[6091] = 532
idx[6092] = 533
idx[6093] = 534
idx[6094] = 535
idx[6095] = 536
idx[6096] = 537
idx[6097] = 538
idx[6098] = 539
idx[6099] = 540
idx[6101] = 541
idx[6102] = 542
idx[6103] = 543
idx[6104] = 544
idx[6105] = 545
idx[6106] = 546
idx[6107] = 547
idx[6108] = 548
idx[6109] = 549
idx[6111] = 550
idx[6112] = 551
idx[6113] = 552
idx[6114] = 553
idx[6115] = 554
idx[6116] = 555
idx[6117] = 556
idx[6118] = 557
idx[6119] = 558
idx[6121] = 559
idx[6122] = 560
idx[6123] = 561
idx[6124] = 562
idx[6125] = 563
idx[6126] = 564
idx[6127] = 565
idx[6128] = 566
idx[6129] = 567
idx[6131] = 568
idx[6132] = 569
idx[6133] = 570
idx[6134] = 571
idx[6135] = 572
idx[6136] = 573
idx[6137] = 574
idx[6138] = 575
idx[6139] = 576
idx[6141] = 577
idx[6142] = 578
idx[6143] = 579
idx[6144] = 580
idx[6145] = 581
idx[6146] = 582
idx[6147] = 583
idx[6148] = 584
idx[6149] = 585
idx[6151] = 586
idx[6152] = 587
idx[6153] = 588
idx[6154] = 589
idx[6155] = 590
idx[6156] = 591
idx[6157] = 592
idx[6158] = 593
idx[6159] = 594
idx[6161] = 595
idx[6162] = 596
idx[6163] = 597
idx[6164] = 598
idx[6165] = 599
idx[6166] = 600
idx[6167] = 601
idx[6168] = 602
idx[6169] = 603
idx[6171] = 604
idx[6172] = 605
idx[6173] = 606
idx[6174] = 607
idx[6175] = 608
idx[6176] = 609
idx[6177] = 610
idx[6178] = 611
idx[6179] = 612
idx[6181] = 613
idx[6182] = 614
idx[6183] = 615
idx[6184] = 616
idx[6185] = 617
idx[6186] = 618
idx[6187] = 619
idx[6188] = 620
idx[6189] = 621
idx[6191] = 622
idx[6192] = 623
idx[6193] = 624
idx[6194] = 625
idx[6195] = 626
idx[6196] = 627
idx[6197] = 628
idx[6198] = 629
idx[6199] = 630
idx[6201] = 631
idx[6202] = 632
idx[6203] = 633
idx[6204] = 634
idx[6205] = 635
idx[6206] = 636
idx[6207] = 637
idx[6208] = 638
idx[6209] = 639
idx[6211] = 640
idx[6212] = 641
idx[6213] = 642
idx[6214] = 643
idx[6215] = 644
idx[6216] = 645
idx[6217] = 646
idx[6218] = 647
idx[6219] = 648
idx[6221] = 649
idx[6222] = 650
idx[6223] = 651
idx[6224] = 652
idx[6225] = 653
idx[6226] = 654
idx[6227] = 655
idx[6228] = 656
idx[6229] = 657
idx[6231] = 658
idx[6232] = 659
idx[6233] = 660
idx[6234] = 661
idx[6235] = 662
idx[6236] = 663
idx[6237] = 664
idx[6238] = 665
idx[6239] = 666
idx[6241] = 667
idx[6242] = 668
idx[6243] = 669
idx[6244] = 670
idx[6245] = 671
idx[6246] = 672
idx[6247] = 673
idx[6248] = 674
idx[6249] = 675
idx[6251] = 676
idx[6252] = 677
idx[6253] = 678
idx[6254] = 679
idx[6255] = 680
idx[6256] = 681
idx[6257] = 682
idx[6258] = 683
idx[6259] = 684
idx[6261] = 685
idx[6262] = 686
idx[6263] = 687
idx[6264] = 688
idx[6265] = 689
idx[6266] = 690
idx[6267] = 691
idx[6268] = 692
idx[6269] = 693
idx[6271] = 694
idx[6272] = 695
idx[6273] = 696
idx[6274] = 697
idx[6275] = 698
idx[6276] = 699
idx[6277] = 700
idx[6278] = 701
idx[6279] = 702
idx[6281] = 703
idx[6282] = 704
idx[6283] = 705
idx[6284] = 706
idx[6285] = 707
idx[6286] = 708
idx[6287] = 709
idx[6288] = 710
idx[6289] = 711
idx[6291] = 712
idx[6292] = 713
idx[6293] = 714
idx[6294] = 715
idx[6295] = 716
idx[6296] = 717
idx[6297] = 718
idx[6298] = 719
idx[6299] = 720
idx[6301] = 721
idx[6302] = 722
idx[6303] = 723
idx[6304] = 724
idx[6305] = 725
idx[6306] = 726
idx[6307] = 727
idx[6308] = 728
idx[6309] = 729
idx[6311] = 730
idx[6312] = 731
idx[6313] = 732
idx[6314] = 733
idx[6315] = 734
idx[6316] = 735
idx[6317] = 736
idx[6318] = 737
idx[6319] = 738
idx[6321] = 739
idx[6322] = 740
idx[6323] = 741
idx[6324] = 742
idx[6325] = 743
idx[6326] = 744
idx[6327] = 745
idx[6328] = 746
idx[6329] = 747
idx[6331] = 748
idx[6332] = 749
idx[6333] = 750
idx[6334] = 751
idx[6335] = 752
idx[6336] = 753
idx[6337] = 754
idx[6338] = 755
idx[6339] = 756
idx[6341] = 757
idx[6342] = 758
idx[6343] = 759
idx[6344] = 760
idx[6345] = 761
idx[6346] = 762
idx[6347] = 763
idx[6348] = 764
idx[6349] = 765
idx[6351] = 766
idx[6352] = 767
idx[6353] = 768
idx[6354] = 769
idx[6355] = 770
idx[6356] = 771
idx[6357] = 772
idx[6358] = 773
idx[6359] = 774
idx[6361] = 775
idx[6362] = 776
idx[6363] = 777
idx[6364] = 778
idx[6365] = 779
idx[6366] = 780
idx[6367] = 781
idx[6368] = 782
idx[6369] = 783
idx[6371] = 784
idx[6372] = 785
idx[6373] = 786
idx[6374] = 787
idx[6375] = 788
idx[6376] = 789
idx[6377] = 790
idx[6378] = 791
idx[6379] = 792
idx[6381] = 793
idx[6382] = 794
idx[6383] = 795
idx[6384] = 796
idx[6385] = 797
idx[6386] = 798
idx[6387] = 799
idx[6388] = 800
idx[6389] = 801
idx[6391] = 802
idx[6392] = 803
idx[6393] = 804
idx[6394] = 805
idx[6395] = 806
idx[6396] = 807
idx[6397] = 808
idx[6398] = 809
idx[6399] = 810
idx[6401] = 811
idx[6402] = 812
idx[6403] = 813
idx[6404] = 814
idx[6405] = 815
idx[6406] = 816
idx[6407] = 817
idx[6408] = 818
idx[6409] = 819
idx[6411] = 820
idx[6412] = 821
idx[6413] = 822
idx[6414] = 823
idx[6415] = 824
idx[6416] = 825
idx[6417] = 826
idx[6418] = 827
idx[6419] = 828
idx[6421] = 829
idx[6422] = 830
idx[6423] = 831
idx[6424] = 832
idx[6425] = 833
idx[6426] = 834
idx[6427] = 835
idx[6428] = 836
idx[6429] = 837
idx[6431] = 838
idx[6432] = 839
idx[6433] = 840
idx[6434] = 841
idx[6435] = 842
idx[6436] = 843
idx[6437] = 844
idx[6438] = 845
idx[6439] = 846
idx[6441] = 847
idx[6442] = 848
idx[6443] = 849
idx[6444] = 850
idx[6445] = 851
idx[6446] = 852
idx[6447] = 853
idx[6448] = 854
idx[6449] = 855
idx[6451] = 856
idx[6452] = 857
idx[6453] = 858
idx[6454] = 859
idx[6455] = 860
idx[6456] = 861
idx[6457] = 862
idx[6458] = 863
idx[6459] = 864
idx[6461] = 865
idx[6462] = 866
idx[6463] = 867
idx[6464] = 868
idx[6465] = 869
idx[6466] = 870
idx[6467] = 871
idx[6468] = 872
idx[6469] = 873
idx[6471] = 874
idx[6472] = 875
idx[6473] = 876
idx[6474] = 877
idx[6475] = 878
idx[6476] = 879
idx[6477] = 880
idx[6478] = 881
idx[6479] = 882
idx[6481] = 883
idx[6482] = 884
idx[6483] = 885
idx[6484] = 886
idx[6485] = 887
idx[6486] = 888
idx[6487] = 889
idx[6488] = 890
idx[6489] = 891
idx[6491] = 892
idx[6492] = 893
idx[6493] = 894
idx[6494] = 895
idx[6495] = 896
idx[6496] = 897
idx[6497] = 898
idx[6498] = 899
idx[6499] = 900
idx[6501] = 901
idx[6502] = 902
idx[6503] = 903
idx[6504] = 904
idx[6505] = 905
idx[6506] = 906
idx[6507] = 907
idx[6508] = 908
idx[6509] = 909
idx[6511] = 910
idx[6512] = 911
idx[6513] = 912
idx[6514] = 913
idx[6515] = 914
idx[6516] = 915
idx[6517] = 916
idx[6518] = 917
idx[6519] = 918
idx[6521] = 919
idx[6522] = 920
idx[6523] = 921
idx[6524] = 922
idx[6525] = 923
idx[6526] = 924
idx[6527] = 925
idx[6528] = 926
idx[6529] = 927
idx[6531] = 928
idx[6532] = 929
idx[6533] = 930
idx[6534] = 931
idx[6535] = 932
idx[6536] = 933
idx[6537] = 934
idx[6538] = 935
idx[6539] = 936
idx[6541] = 937
idx[6542] = 938
idx[6543] = 939
idx[6544] = 940
idx[6545] = 941
idx[6546] = 942
idx[6547] = 943
idx[6548] = 944
idx[6549] = 945
idx[6551] = 946
idx[6552] = 947
idx[6553] = 948
idx[6554] = 949
idx[6555] = 950
idx[6556] = 951
idx[6557] = 952
idx[6558] = 953
idx[6559] = 954
idx[6561] = 955
idx[6562] = 956
idx[6563] = 957
idx[6564] = 958
idx[6565] = 959
idx[6566] = 960
idx[6567] = 961
idx[6568] = 962
idx[6569] = 963
idx[6571] = 964
idx[6572] = 965
idx[6573] = 966
idx[6574] = 967
idx[6575] = 968
idx[6576] = 969
idx[6577] = 970
idx[6578] = 971
idx[6579] = 972
idx[6581] = 973
idx[6582] = 974
idx[6583] = 975
idx[6584] = 976
idx[6585] = 977
idx[6586] = 978
idx[6587] = 979
idx[6588] = 980
idx[6589] = 981
idx[6591] = 982
idx[6592] = 983
idx[6593] = 984
idx[6594] = 985
idx[6595] = 986
idx[6596] = 987
idx[6597] = 988
idx[6598] = 989
idx[6599] = 990
idx[6601] = 991
idx[6602] = 992
idx[6603] = 993
idx[6604] = 994
idx[6605] = 995
idx[6606] = 996
idx[6607] = 997
idx[6608] = 998
idx[6609] = 999
idx[6611] = 1000
idx[6612] = 1001
idx[6613] = 1002
idx[6614] = 1003
idx[6615] = 1004
idx[6616] = 1005
idx[6617] = 1006
idx[6618] = 1007
idx[6619] = 1008
idx[6621] = 1009
idx[6622] = 1010
idx[6623] = 1011
idx[6624] = 1012
idx[6625] = 1013
idx[6626] = 1014
idx[6627] = 1015
idx[6628] = 1016
idx[6629] = 1017
idx[6631] = 1018
idx[6632] = 1019
idx[6633] = 1020
idx[6634] = 1021
idx[6635] = 1022
idx[6636] = 1023
idx[6637] = 1024
idx[6638] = 1025
idx[6639] = 1026
idx[6641] = 1027
idx[6642] = 1028
idx[6643] = 1029
idx[6644] = 1030
idx[6645] = 1031
idx[6646] = 1032
idx[6647] = 1033
idx[6648] = 1034
idx[6649] = 1035
idx[6651] = 1036
idx[6652] = 1037
idx[6653] = 1038
idx[6654] = 1039
idx[6655] = 1040
idx[6656] = 1041
idx[6657] = 1042
idx[6658] = 1043
idx[6659] = 1044
idx[6661] = 1045
idx[6662] = 1046
idx[6663] = 1047
idx[6664] = 1048
idx[6665] = 1049
idx[6666] = 1050
idx[6667] = 1051
idx[6668] = 1052
idx[6669] = 1053
idx[6671] = 1054
idx[6672] = 1055
idx[6673] = 1056
idx[6674] = 1057
idx[6675] = 1058
idx[6676] = 1059
idx[6677] = 1060
idx[6678] = 1061
idx[6679] = 1062
idx[6681] = 1063
idx[6682] = 1064
idx[6683] = 1065
idx[6684] = 1066
idx[6685] = 1067
idx[6686] = 1068
idx[6687] = 1069
idx[6688] = 1070
idx[6689] = 1071
idx[6691] = 1072
idx[6692] = 1073
idx[6693] = 1074
idx[6694] = 1075
idx[6695] = 1076
idx[6696] = 1077
idx[6697] = 1078
idx[6698] = 1079
idx[6699] = 1080
idx[6701] = 1081
idx[6702] = 1082
idx[6703] = 1083
idx[6704] = 1084
idx[6705] = 1085
idx[6706] = 1086
idx[6707] = 1087
idx[6708] = 1088
idx[6709] = 1089
idx[6711] = 1090
idx[6712] = 1091
idx[6713] = 1092
idx[6714] = 1093
idx[6715] = 1094
idx[6716] = 1095
idx[6717] = 1096
idx[6718] = 1097
idx[6719] = 1098
idx[6721] = 1099
idx[6722] = 1100
idx[6723] = 1101
idx[6724] = 1102
idx[6725] = 1103
idx[6726] = 1104
idx[6727] = 1105
idx[6728] = 1106
idx[6729] = 1107
idx[6731] = 1108
idx[6732] = 1109
idx[6733] = 1110
idx[6734] = 1111
idx[6735] = 1112
idx[6736] = 1113
idx[6737] = 1114
idx[6738] = 1115
idx[6739] = 1116
idx[6741] = 1117
idx[6742] = 1118
idx[6743] = 1119
idx[6744] = 1120
idx[6745] = 1121
idx[6746] = 1122
idx[6747] = 1123
idx[6748] = 1124
idx[6749] = 1125
idx[6751] = 1126
idx[6752] = 1127
idx[6753] = 1128
idx[6754] = 1129
idx[6755] = 1130
idx[6756] = 1131
idx[6757] = 1132
idx[6758] = 1133
idx[6759] = 1134
idx[6761] = 1135
idx[6762] = 1136
idx[6763] = 1137
idx[6764] = 1138
idx[6765] = 1139
idx[6766] = 1140
idx[6767] = 1141
idx[6768] = 1142
idx[6769] = 1143
idx[6771] = 1144
idx[6772] = 1145
idx[6773] = 1146
idx[6774] = 1147
idx[6775] = 1148
idx[6776] = 1149
idx[6777] = 1150
idx[6778] = 1151
idx[6779] = 1152
idx[6781] = 1153
idx[6782] = 1154
idx[6783] = 1155
idx[6784] = 1156
idx[6785] = 1157
idx[6786] = 1158
idx[6787] = 1159
idx[6788] = 1160
idx[6789] = 1161
idx[6791] = 1162
idx[6792] = 1163
idx[6793] = 1164
idx[6794] = 1165
idx[6795] = 1166
idx[6796] = 1167
idx[6797] = 1168
idx[6798] = 1169
idx[6799] = 1170
idx[6801] = 1171
idx[6802] = 1172
idx[6803] = 1173
idx[6804] = 1174
idx[6805] = 1175
idx[6806] = 1176
idx[6807] = 1177
idx[6808] = 1178
idx[6809] = 1179
idx[6811] = 1180
idx[6812] = 1181
idx[6813] = 1182
idx[6814] = 1183
idx[6815] = 1184
idx[6816] = 1185
idx[6817] = 1186
idx[6818] = 1187
idx[6819] = 1188
idx[6821] = 1189
idx[6822] = 1190
idx[6823] = 1191
idx[6824] = 1192
idx[6825] = 1193
idx[6826] = 1194
idx[6827] = 1195
idx[6828] = 1196
idx[6829] = 1197
idx[6831] = 1198
idx[6832] = 1199
idx[6833] = 1200
idx[6834] = 1201
idx[6835] = 1202
idx[6836] = 1203
idx[6837] = 1204
idx[6838] = 1205
idx[6839] = 1206
idx[6841] = 1207
idx[6842] = 1208
idx[6843] = 1209
idx[6844] = 1210
idx[6845] = 1211
idx[6846] = 1212
idx[6847] = 1213
idx[6848] = 1214
idx[6849] = 1215
idx[6851] = 1216
idx[6852] = 1217
idx[6853] = 1218
idx[6854] = 1219
idx[6855] = 1220
idx[6856] = 1221
idx[6857] = 1222
idx[6858] = 1223
idx[6859] = 1224
idx[6861] = 1225
idx[6862] = 1226
idx[6863] = 1227
idx[6864] = 1228
idx[6865] = 1229
idx[6866] = 1230
idx[6867] = 1231
idx[6868] = 1232
idx[6869] = 1233
idx[6871] = 1234
idx[6872] = 1235
idx[6873] = 1236
idx[6874] = 1237
idx[6875] = 1238
idx[6876] = 1239
idx[6877] = 1240
idx[6878] = 1241
idx[6879] = 1242
idx[6881] = 1243
idx[6882] = 1244
idx[6883] = 1245
idx[6884] = 1246
idx[6885] = 1247
idx[6886] = 1248
idx[6887] = 1249
idx[6888] = 1250
idx[6889] = 1251
idx[6891] = 1252
idx[6892] = 1253
idx[6893] = 1254
idx[6894] = 1255
idx[6895] = 1256
idx[6896] = 1257
idx[6897] = 1258
idx[6898] = 1259
idx[6899] = 1260
idx[6901] = 1261
idx[6902] = 1262
idx[6903] = 1263
idx[6904] = 1264
idx[6905] = 1265
idx[6906] = 1266
idx[6907] = 1267
idx[6908] = 1268
idx[6909] = 1269
idx[6911] = 1270
idx[6912] = 1271
idx[6913] = 1272
idx[6914] = 1273
idx[6915] = 1274
idx[6916] = 1275
idx[6917] = 1276
idx[6918] = 1277
idx[6919] = 1278
idx[6921] = 1279
idx[6922] = 1280
idx[6923] = 1281
idx[6924] = 1282
idx[6925] = 1283
idx[6926] = 1284
idx[6927] = 1285
idx[6928] = 1286
idx[6929] = 1287
idx[6931] = 1288
idx[6932] = 1289
idx[6933] = 1290
idx[6934] = 1291
idx[6935] = 1292
idx[6936] = 1293
idx[6937] = 1294
idx[6938] = 1295
idx[6939] = 1296
idx[6941] = 1297
idx[6942] = 1298
idx[6943] = 1299
idx[6944] = 1300
idx[6945] = 1301
idx[6946] = 1302
idx[6947] = 1303
idx[6948] = 1304
idx[6949] = 1305
idx[6951] = 1306
idx[6952] = 1307
idx[6953] = 1308
idx[6954] = 1309
idx[6955] = 1310
idx[6956] = 1311
idx[6957] = 1312
idx[6958] = 1313
idx[6959] = 1314
idx[6961] = 1315
idx[6962] = 1316
idx[6963] = 1317
idx[6964] = 1318
idx[6965] = 1319
idx[6966] = 1320
idx[6967] = 1321
idx[6968] = 1322
idx[6969] = 1323
idx[6971] = 1324
idx[6972] = 1325
idx[6973] = 1326
idx[6974] = 1327
idx[6975] = 1328
idx[6976] = 1329
idx[6977] = 1330
idx[6978] = 1331
idx[6979] = 1332
idx[6981] = 1333
idx[6982] = 1334
idx[6983] = 1335
idx[6984] = 1336
idx[6985] = 1337
idx[6986] = 1338
idx[6987] = 1339
idx[6988] = 1340
idx[6989] = 1341
idx[6991] = 1342
idx[6992] = 1343
idx[6993] = 1344
idx[6994] = 1345
idx[6995] = 1346
idx[6996] = 1347
idx[6997] = 1348
idx[6998] = 1349
idx[6999] = 1350
idx[7001] = 1351
idx[7002] = 1352
idx[7003] = 1353
idx[7004] = 1354
idx[7005] = 1355
idx[7006] = 1356
idx[7007] = 1357
idx[7008] = 1358
idx[7009] = 1359
idx[7011] = 1360
idx[7012] = 1361
idx[7013] = 1362
idx[7014] = 1363
idx[7015] = 1364
idx[7016] = 1365
idx[7017] = 1366
idx[7018] = 1367
idx[7019] = 1368
idx[7021] = 1369
idx[7022] = 1370
idx[7023] = 1371
idx[7024] = 1372
idx[7025] = 1373
idx[7026] = 1374
idx[7027] = 1375
idx[7028] = 1376
idx[7029] = 1377
idx[7031] = 1378
idx[7032] = 1379
idx[7033] = 1380
idx[7034] = 1381
idx[7035] = 1382
idx[7036] = 1383
idx[7037] = 1384
idx[7038] = 1385
idx[7039] = 1386
idx[7041] = 1387
idx[7042] = 1388
idx[7043] = 1389
idx[7044] = 1390
idx[7045] = 1391
idx[7046] = 1392
idx[7047] = 1393
idx[7048] = 1394
idx[7049] = 1395
idx[7051] = 1396
idx[7052] = 1397
idx[7053] = 1398
idx[7054] = 1399
idx[7055] = 1400
idx[7056] = 1401
idx[7057] = 1402
idx[7058] = 1403
idx[7059] = 1404
idx[7061] = 1405
idx[7062] = 1406
idx[7063] = 1407
idx[7064] = 1408
idx[7065] = 1409
idx[7066] = 1410
idx[7067] = 1411
idx[7068] = 1412
idx[7069] = 1413
idx[7071] = 1414
idx[7072] = 1415
idx[7073] = 1416
idx[7074] = 1417
idx[7075] = 1418
idx[7076] = 1419
idx[7077] = 1420
idx[7078] = 1421
idx[7079] = 1422
idx[7081] = 1423
idx[7082] = 1424
idx[7083] = 1425
idx[7084] = 1426
idx[7085] = 1427
idx[7086] = 1428
idx[7087] = 1429
idx[7088] = 1430
idx[7089] = 1431
idx[7091] = 1432
idx[7092] = 1433
idx[7093] = 1434
idx[7094] = 1435
idx[7095] = 1436
idx[7096] = 1437
idx[7097] = 1438
idx[7098] = 1439
idx[7099] = 1440
idx[7101] = 1441
idx[7102] = 1442
idx[7103] = 1443
idx[7104] = 1444
idx[7105] = 1445
idx[7106] = 1446
idx[7107] = 1447
idx[7108] = 1448
idx[7109] = 1449
idx[7111] = 1450
idx[7112] = 1451
idx[7113] = 1452
idx[7114] = 1453
idx[7115] = 1454
idx[7116] = 1455
idx[7117] = 1456
idx[7118] = 1457
idx[7119] = 1458
idx[7121] = 1459
idx[7122] = 1460
idx[7123] = 1461
idx[7124] = 1462
idx[7125] = 1463
idx[7126] = 1464
idx[7127] = 1465
idx[7128] = 1466
idx[7129] = 1467
idx[7131] = 1468
idx[7132] = 1469
idx[7133] = 1470
idx[7134] = 1471
idx[7135] = 1472
idx[7136] = 1473
idx[7137] = 1474
idx[7138] = 1475
idx[7139] = 1476
idx[7141] = 1477
idx[7142] = 1478
idx[7143] = 1479
idx[7144] = 1480
idx[7145] = 1481
idx[7146] = 1482
idx[7147] = 1483
idx[7148] = 1484
idx[7149] = 1485
idx[7151] = 1486
idx[7152] = 1487
idx[7153] = 1488
idx[7154] = 1489
idx[7155] = 1490
idx[7156] = 1491
idx[7157] = 1492
idx[7158] = 1493
idx[7159] = 1494
idx[7161] = 1495
idx[7162] = 1496
idx[7163] = 1497
idx[7164] = 1498
idx[7165] = 1499
idx[7166] = 1500
idx[7167] = 1501
idx[7168] = 1502
idx[7169] = 1503
idx[7171] = 1504
idx[7172] = 1505
idx[7173] = 1506
idx[7174] = 1507
idx[7175] = 1508
idx[7176] = 1509
idx[7177] = 1510
idx[7178] = 1511
idx[7179] = 1512
idx[7181] = 1513
idx[7182] = 1514
idx[7183] = 1515
idx[7184] = 1516
idx[7185] = 1517
idx[7186] = 1518
idx[7187] = 1519
idx[7188] = 1520
idx[7189] = 1521
idx[7191] = 1522
idx[7192] = 1523
idx[7193] = 1524
idx[7194] = 1525
idx[7195] = 1526
idx[7196] = 1527
idx[7197] = 1528
idx[7198] = 1529
idx[7199] = 1530
idx[7201] = 1531
idx[7202] = 1532
idx[7203] = 1533
idx[7204] = 1534
idx[7205] = 1535
idx[7206] = 1536
idx[7207] = 1537
idx[7208] = 1538
idx[7209] = 1539
idx[7211] = 1540
idx[7212] = 1541
idx[7213] = 1542
idx[7214] = 1543
idx[7215] = 1544
idx[7216] = 1545
idx[7217] = 1546
idx[7218] = 1547
idx[7219] = 1548
idx[7221] = 1549
idx[7222] = 1550
idx[7223] = 1551
idx[7224] = 1552
idx[7225] = 1553
idx[7226] = 1554
idx[7227] = 1555
idx[7228] = 1556
idx[7229] = 1557
idx[7231] = 1558
idx[7232] = 1559
idx[7233] = 1560
idx[7234] = 1561
idx[7235] = 1562
idx[7236] = 1563
idx[7237] = 1564
idx[7238] = 1565
idx[7239] = 1566
idx[7241] = 1567
idx[7242] = 1568
idx[7243] = 1569
idx[7244] = 1570
idx[7245] = 1571
idx[7246] = 1572
idx[7247] = 1573
idx[7248] = 1574
idx[7249] = 1575
idx[7251] = 1576
idx[7252] = 1577
idx[7253] = 1578
idx[7254] = 1579
idx[7255] = 1580
idx[7256] = 1581
idx[7257] = 1582
idx[7258] = 1583
idx[7259] = 1584
idx[7261] = 1585
idx[7262] = 1586
idx[7263] = 1587
idx[7264] = 1588
idx[7265] = 1589
idx[7266] = 1590
idx[7267] = 1591
idx[7268] = 1592
idx[7269] = 1593
idx[7271] = 1594
idx[7272] = 1595
idx[7273] = 1596
idx[7274] = 1597
idx[7275] = 1598
idx[7276] = 1599
idx[7277] = 1600
idx[7278] = 1601
idx[7279] = 1602
idx[7281] = 1603
idx[7282] = 1604
idx[7283] = 1605
idx[7284] = 1606
idx[7285] = 1607
idx[7286] = 1608
idx[7287] = 1609
idx[7288] = 1610
idx[7289] = 1611
idx[7291] = 1612
idx[7292] = 1613
idx[7293] = 1614
idx[7294] = 1615
idx[7295] = 1616
idx[7296] = 1617
idx[7297] = 1618
idx[7298] = 1619
idx[7299] = 1620
idx[7301] = 1621
idx[7302] = 1622
idx[7303] = 1623
idx[7304] = 1624
idx[7305] = 1625
idx[7306] = 1626
idx[7307] = 1627
idx[7308] = 1628
idx[7309] = 1629
idx[7311] = 1630
idx[7312] = 1631
idx[7313] = 1632
idx[7314] = 1633
idx[7315] = 1634
idx[7316] = 1635
idx[7317] = 1636
idx[7318] = 1637
idx[7319] = 1638
idx[7321] = 1639
idx[7322] = 1640
idx[7323] = 1641
idx[7324] = 1642
idx[7325] = 1643
idx[7326] = 1644
idx[7327] = 1645
idx[7328] = 1646
idx[7329] = 1647
idx[7331] = 1648
idx[7332] = 1649
idx[7333] = 1650
idx[7334] = 1651
idx[7335] = 1652
idx[7336] = 1653
idx[7337] = 1654
idx[7338] = 1655
idx[7339] = 1656
idx[7341] = 1657
idx[7342] = 1658
idx[7343] = 1659
idx[7344] = 1660
idx[7345] = 1661
idx[7346] = 1662
idx[7347] = 1663
idx[7348] = 1664
idx[7349] = 1665
idx[7351] = 1666
idx[7352] = 1667
idx[7353] = 1668
idx[7354] = 1669
idx[7355] = 1670
idx[7356] = 1671
idx[7357] = 1672
idx[7358] = 1673
idx[7359] = 1674
idx[7361] = 1675
idx[7362] = 1676
idx[7363] = 1677
idx[7364] = 1678
idx[7365] = 1679
idx[7366] = 1680
idx[7367] = 1681
idx[7368] = 1682
idx[7369] = 1683
idx[7371] = 1684
idx[7372] = 1685
idx[7373] = 1686
idx[7374] = 1687
idx[7375] = 1688
idx[7376] = 1689
idx[7377] = 1690
idx[7378] = 1691
idx[7379] = 1692
idx[7381] = 1693
idx[7382] = 1694
idx[7383] = 1695
idx[7384] = 1696
idx[7385] = 1697
idx[7386] = 1698
idx[7387] = 1699
idx[7388] = 1700
idx[7389] = 1701
idx[7391] = 1702
idx[7392] = 1703
idx[7393] = 1704
idx[7394] = 1705
idx[7395] = 1706
idx[7396] = 1707
idx[7397] = 1708
idx[7398] = 1709
idx[7399] = 1710
idx[7401] = 1711
idx[7402] = 1712
idx[7403] = 1713
idx[7404] = 1714
idx[7405] = 1715
idx[7406] = 1716
idx[7407] = 1717
idx[7408] = 1718
idx[7409] = 1719
idx[7411] = 1720
idx[7412] = 1721
idx[7413] = 1722
idx[7414] = 1723
idx[7415] = 1724
idx[7416] = 1725
idx[7417] = 1726
idx[7418] = 1727
idx[7419] = 1728
idx[7421] = 1729
idx[7422] = 1730
idx[7423] = 1731
idx[7424] = 1732
idx[7425] = 1733
idx[7426] = 1734
idx[7427] = 1735
idx[7428] = 1736
idx[7429] = 1737
idx[7431] = 1738
idx[7432] = 1739
idx[7433] = 1740
idx[7434] = 1741
idx[7435] = 1742
idx[7436] = 1743
idx[7437] = 1744
idx[7438] = 1745
idx[7439] = 1746
idx[7441] = 1747
idx[7442] = 1748
idx[7443] = 1749
idx[7444] = 1750
idx[7445] = 1751
idx[7446] = 1752
idx[7447] = 1753
idx[7448] = 1754
idx[7449] = 1755
idx[7451] = 1756
idx[7452] = 1757
idx[7453] = 1758
idx[7454] = 1759
idx[7455] = 1760
idx[7456] = 1761
idx[7457] = 1762
idx[7458] = 1763
idx[7459] = 1764
idx[7461] = 1765
idx[7462] = 1766
idx[7463] = 1767
idx[7464] = 1768
idx[7465] = 1769
idx[7466] = 1770
idx[7467] = 1771
idx[7468] = 1772
idx[7469] = 1773
idx[7471] = 1774
idx[7472] = 1775
idx[7473] = 1776
idx[7474] = 1777
idx[7475] = 1778
idx[7476] = 1779
idx[7477] = 1780
idx[7478] = 1781
idx[7479] = 1782
idx[7481] = 1783
idx[7482] = 1784
idx[7483] = 1785
idx[7484] = 1786
idx[7485] = 1787
idx[7486] = 1788
idx[7487] = 1789
idx[7488] = 1790
idx[7489] = 1791
idx[7491] = 1792
idx[7492] = 1793
idx[7493] = 1794
idx[7494] = 1795
idx[7495] = 1796
idx[7496] = 1797
idx[7497] = 1798
idx[7498] = 1799
idx[7499] = 1800
idx[7501] = 1801
idx[7502] = 1802
idx[7503] = 1803
idx[7504] = 1804
idx[7505] = 1805
idx[7506] = 1806
idx[7507] = 1807
idx[7508] = 1808
idx[7509] = 1809
idx[7511] = 1810
idx[7512] = 1811
idx[7513] = 1812
idx[7514] = 1813
idx[7515] = 1814
idx[7516] = 1815
idx[7517] = 1816
idx[7518] = 1817
idx[7519] = 1818
idx[7521] = 1819
idx[7522] = 1820
idx[7523] = 1821
idx[7524] = 1822
idx[7525] = 1823
idx[7526] = 1824
idx[7527] = 1825
idx[7528] = 1826
idx[7529] = 1827
idx[7531] = 1828
idx[7532] = 1829
idx[7533] = 1830
idx[7534] = 1831
idx[7535] = 1832
idx[7536] = 1833
idx[7537] = 1834
idx[7538] = 1835
idx[7539] = 1836
idx[7541] = 1837
idx[7542] = 1838
idx[7543] = 1839
idx[7544] = 1840
idx[7545] = 1841
idx[7546] = 1842
idx[7547] = 1843
idx[7548] = 1844
idx[7549] = 1845
idx[7551] = 1846
idx[7552] = 1847
idx[7553] = 1848
idx[7554] = 1849
idx[7555] = 1850
idx[7556] = 1851
idx[7557] = 1852
idx[7558] = 1853
idx[7559] = 1854
idx[7561] = 1855
idx[7562] = 1856
idx[7563] = 1857
idx[7564] = 1858
idx[7565] = 1859
idx[7566] = 1860
idx[7567] = 1861
idx[7568] = 1862
idx[7569] = 1863
idx[7571] = 1864
idx[7572] = 1865
idx[7573] = 1866
idx[7574] = 1867
idx[7575] = 1868
idx[7576] = 1869
idx[7577] = 1870
idx[7578] = 1871
idx[7579] = 1872
idx[7581] = 1873
idx[7582] = 1874
idx[7583] = 1875
idx[7584] = 1876
idx[7585] = 1877
idx[7586] = 1878
idx[7587] = 1879
idx[7588] = 1880
idx[7589] = 1881
idx[7591] = 1882
idx[7592] = 1883
idx[7593] = 1884
idx[7594] = 1885
idx[7595] = 1886
idx[7596] = 1887
idx[7597] = 1888
idx[7598] = 1889
idx[7599] = 1890
idx[7601] = 1891
idx[7602] = 1892
idx[7603] = 1893
idx[7604] = 1894
idx[7605] = 1895
idx[7606] = 1896
idx[7607] = 1897
idx[7608] = 1898
idx[7609] = 1899
idx[7611] = 1900
idx[7612] = 1901
idx[7613] = 1902
idx[7614] = 1903
idx[7615] = 1904
idx[7616] = 1905
idx[7617] = 1906
idx[7618] = 1907
idx[7619] = 1908
idx[7621] = 1909
idx[7622] = 1910
idx[7623] = 1911
idx[7624] = 1912
idx[7625] = 1913
idx[7626] = 1914
idx[7627] = 1915
idx[7628] = 1916
idx[7629] = 1917
idx[7631] = 1918
idx[7632] = 1919
idx[7633] = 1920
idx[7634] = 1921
idx[7635] = 1922
idx[7636] = 1923
idx[7637] = 1924
idx[7638] = 1925
idx[7639] = 1926
idx[7641] = 1927
idx[7642] = 1928
idx[7643] = 1929
idx[7644] = 1930
idx[7645] = 1931
idx[7646] = 1932
idx[7647] = 1933
idx[7648] = 1934
idx[7649] = 1935
idx[7651] = 1936
idx[7652] = 1937
idx[7653] = 1938
idx[7654] = 1939
idx[7655] = 1940
idx[7656] = 1941
idx[7657] = 1942
idx[7658] = 1943
idx[7659] = 1944
idx[7661] = 1945
idx[7662] = 1946
idx[7663] = 1947
idx[7664] = 1948
idx[7665] = 1949
idx[7666] = 1950
idx[7667] = 1951
idx[7668] = 1952
idx[7669] = 1953
idx[7671] = 1954
idx[7672] = 1955
idx[7673] = 1956
idx[7674] = 1957
idx[7675] = 1958
idx[7676] = 1959
idx[7677] = 1960
idx[7678] = 1961
idx[7679] = 1962
idx[7681] = 1963
idx[7682] = 1964
idx[7683] = 1965
idx[7684] = 1966
idx[7685] = 1967
idx[7686] = 1968
idx[7687] = 1969
idx[7688] = 1970
idx[7689] = 1971
idx[7691] = 1972
idx[7692] = 1973
idx[7693] = 1974
idx[7694] = 1975
idx[7695] = 1976
idx[7696] = 1977
idx[7697] = 1978
idx[7698] = 1979
idx[7699] = 1980
idx[7701] = 1981
idx[7702] = 1982
idx[7703] = 1983
idx[7704] = 1984
idx[7705] = 1985
idx[7706] = 1986
idx[7707] = 1987
idx[7708] = 1988
idx[7709] = 1989
idx[7711] = 1990
idx[7712] = 1991
idx[7713] = 1992
idx[7714] = 1993
idx[7715] = 1994
idx[7716] = 1995
idx[7717] = 1996
idx[7718] = 1997
idx[7719] = 1998
idx[7721] = 1999
idx[7722] = 2000
idx[7723] = 2001
idx[7724] = 2002
idx[7725] = 2003
idx[7726] = 2004
idx[7727] = 2005
idx[7728] = 2006
idx[7729] = 2007
idx[7731] = 2008
idx[7732] = 2009
idx[7733] = 2010
idx[7734] = 2011
idx[7735] = 2012
idx[7736] = 2013
idx[7737] = 2014
idx[7738] = 2015
idx[7739] = 2016
idx[7741] = 2017
idx[7742] = 2018
idx[7743] = 2019
idx[7744] = 2020
idx[7745] = 2021
idx[7746] = 2022
idx[7747] = 2023
idx[7748] = 2024
idx[7749] = 2025
idx[7751] = 2026
idx[7752] = 2027
idx[7753] = 2028
idx[7754] = 2029
idx[7755] = 2030
idx[7756] = 2031
idx[7757] = 2032
idx[7758] = 2033
idx[7759] = 2034
idx[7761] = 2035
idx[7762] = 2036
idx[7763] = 2037
idx[7764] = 2038
idx[7765] = 2039
idx[7766] = 2040
idx[7767] = 2041
idx[7768] = 2042
idx[7769] = 2043
idx[7771] = 2044
idx[7772] = 2045
idx[7773] = 2046
idx[7774] = 2047
idx[7775] = 2048
idx[7776] = 2049
idx[7777] = 2050
idx[7778] = 2051
idx[7779] = 2052
idx[7781] = 2053
idx[7782] = 2054
idx[7783] = 2055
idx[7784] = 2056
idx[7785] = 2057
idx[7786] = 2058
idx[7787] = 2059
idx[7788] = 2060
idx[7789] = 2061
idx[7791] = 2062
idx[7792] = 2063
idx[7793] = 2064
idx[7794] = 2065
idx[7795] = 2066
idx[7796] = 2067
idx[7797] = 2068
idx[7798] = 2069
idx[7799] = 2070
idx[7801] = 2071
idx[7802] = 2072
idx[7803] = 2073
idx[7804] = 2074
idx[7805] = 2075
idx[7806] = 2076
idx[7807] = 2077
idx[7808] = 2078
idx[7809] = 2079
idx[7811] = 2080
idx[7812] = 2081
idx[7813] = 2082
idx[7814] = 2083
idx[7815] = 2084
idx[7816] = 2085
idx[7817] = 2086
idx[7818] = 2087
idx[7819] = 2088
idx[7821] = 2089
idx[7822] = 2090
idx[7823] = 2091
idx[7824] = 2092
idx[7825] = 2093
idx[7826] = 2094
idx[7827] = 2095
idx[7828] = 2096
idx[7829] = 2097
idx[7831] = 2098
idx[7832] = 2099
idx[7833] = 2100
idx[7834] = 2101
idx[7835] = 2102
idx[7836] = 2103
idx[7837] = 2104
idx[7838] = 2105
idx[7839] = 2106
idx[7841] = 2107
idx[7842] = 2108
idx[7843] = 2109
idx[7844] = 2110
idx[7845] = 2111
idx[7846] = 2112
idx[7847] = 2113
idx[7848] = 2114
idx[7849] = 2115
idx[7851] = 2116
idx[7852] = 2117
idx[7853] = 2118
idx[7854] = 2119
idx[7855] = 2120
idx[7856] = 2121
idx[7857] = 2122
idx[7858] = 2123
idx[7859] = 2124
idx[7861] = 2125
idx[7862] = 2126
idx[7863] = 2127
idx[7864] = 2128
idx[7865] = 2129
idx[7866] = 2130
idx[7867] = 2131
idx[7868] = 2132
idx[7869] = 2133
idx[7871] = 2134
idx[7872] = 2135
idx[7873] = 2136
idx[7874] = 2137
idx[7875] = 2138
idx[7876] = 2139
idx[7877] = 2140
idx[7878] = 2141
idx[7879] = 2142
idx[7881] = 2143
idx[7882] = 2144
idx[7883] = 2145
idx[7884] = 2146
idx[7885] = 2147
idx[7886] = 2148
idx[7887] = 2149
idx[7888] = 2150
idx[7889] = 2151
idx[7891] = 2152
idx[7892] = 2153
idx[7893] = 2154
idx[7894] = 2155
idx[7895] = 2156
idx[7896] = 2157
idx[7897] = 2158
idx[7898] = 2159
idx[7899] = 2160
idx[7901] = 2161
idx[7902] = 2162
idx[7903] = 2163
idx[7904] = 2164
idx[7905] = 2165
idx[7906] = 2166
idx[7907] = 2167
idx[7908] = 2168
idx[7909] = 2169
idx[7911] = 2170
idx[7912] = 2171
idx[7913] = 2172
idx[7914] = 2173
idx[7915] = 2174
idx[7916] = 2175
idx[7917] = 2176
idx[7918] = 2177
idx[7919] = 2178
idx[7921] = 2179
idx[7922] = 2180
idx[7923] = 2181
idx[7924] = 2182
idx[7925] = 2183
idx[7926] = 2184
idx[7927] = 2185
idx[7928] = 2186
idx[7929] = 2187
idx[7931] = 2188
idx[7932] = 2189
idx[7933] = 2190
idx[7934] = 2191
idx[7935] = 2192
idx[7936] = 2193
idx[7937] = 2194
idx[7938] = 2195
idx[7939] = 2196
idx[7941] = 2197
idx[7942] = 2198
idx[7943] = 2199
idx[7944] = 2200
idx[7945] = 2201
idx[7946] = 2202
idx[7947] = 2203
idx[7948] = 2204
idx[7949] = 2205
idx[7951] = 2206
idx[7952] = 2207
idx[7953] = 2208
idx[7954] = 2209
idx[7955] = 2210
idx[7956] = 2211
idx[7957] = 2212
idx[7958] = 2213
idx[7959] = 2214
idx[7961] = 2215
idx[7962] = 2216
idx[7963] = 2217
idx[7964] = 2218
idx[7965] = 2219
idx[7966] = 2220
idx[7967] = 2221
idx[7968] = 2222
idx[7969] = 2223
idx[7971] = 2224
idx[7972] = 2225
idx[7973] = 2226
idx[7974] = 2227
idx[7975] = 2228
idx[7976] = 2229
idx[7977] = 2230
idx[7978] = 2231
idx[7979] = 2232
idx[7981] = 2233
idx[7982] = 2234
idx[7983] = 2235
idx[7984] = 2236
idx[7985] = 2237
idx[7986] = 2238
idx[7987] = 2239
idx[7988] = 2240
idx[7989] = 2241
idx[7991] = 2242
idx[7992] = 2243
idx[7993] = 2244
idx[7994] = 2245
idx[7995] = 2246
idx[7996] = 2247
idx[7997] = 2248
idx[7998] = 2249
idx[7999] = 2250
idx[8001] = 2251
idx[8002] = 2252
idx[8003] = 2253
idx[8004] = 2254
idx[8005] = 2255
idx[8006] = 2256
idx[8007] = 2257
idx[8008] = 2258
idx[8009] = 2259
idx[8011] = 2260
idx[8012] = 2261
idx[8013] = 2262
idx[8014] = 2263
idx[8015] = 2264
idx[8016] = 2265
idx[8017] = 2266
idx[8018] = 2267
idx[8019] = 2268
idx[8021] = 2269
idx[8022] = 2270
idx[8023] = 2271
idx[8024] = 2272
idx[8025] = 2273
idx[8026] = 2274
idx[8027] = 2275
idx[8028] = 2276
idx[8029] = 2277
idx[8031] = 2278
idx[8032] = 2279
idx[8033] = 2280
idx[8034] = 2281
idx[8035] = 2282
idx[8036] = 2283
idx[8037] = 2284
idx[8038] = 2285
idx[8039] = 2286
idx[8041] = 2287
idx[8042] = 2288
idx[8043] = 2289
idx[8044] = 2290
idx[8045] = 2291
idx[8046] = 2292
idx[8047] = 2293
idx[8048] = 2294
idx[8049] = 2295
idx[8051] = 2296
idx[8052] = 2297
idx[8053] = 2298
idx[8054] = 2299
idx[8055] = 2300
idx[8056] = 2301
idx[8057] = 2302
idx[8058] = 2303
idx[8059] = 2304
idx[8061] = 2305
idx[8062] = 2306
idx[8063] = 2307
idx[8064] = 2308
idx[8065] = 2309
idx[8066] = 2310
idx[8067] = 2311
idx[8068] = 2312
idx[8069] = 2313
idx[8071] = 2314
idx[8072] = 2315
idx[8073] = 2316
idx[8074] = 2317
idx[8075] = 2318
idx[8076] = 2319
idx[8077] = 2320
idx[8078] = 2321
idx[8079] = 2322
idx[8081] = 2323
idx[8082] = 2324
idx[8083] = 2325
idx[8084] = 2326
idx[8085] = 2327
idx[8086] = 2328
idx[8087] = 2329
idx[8088] = 2330
idx[8089] = 2331
idx[8091] = 2332
idx[8092] = 2333
idx[8093] = 2334
idx[8094] = 2335
idx[8095] = 2336
idx[8096] = 2337
idx[8097] = 2338
idx[8098] = 2339
idx[8099] = 2340
idx[8101] = 2341
idx[8102] = 2342
idx[8103] = 2343
idx[8104] = 2344
idx[8105] = 2345
idx[8106] = 2346
idx[8107] = 2347
idx[8108] = 2348
idx[8109] = 2349
idx[8111] = 2350
idx[8112] = 2351
idx[8113] = 2352
idx[8114] = 2353
idx[8115] = 2354
idx[8116] = 2355
idx[8117] = 2356
idx[8118] = 2357
idx[8119] = 2358
idx[8121] = 2359
idx[8122] = 2360
idx[8123] = 2361
idx[8124] = 2362
idx[8125] = 2363
idx[8126] = 2364
idx[8127] = 2365
idx[8128] = 2366
idx[8129] = 2367
idx[8131] = 2368
idx[8132] = 2369
idx[8133] = 2370
idx[8134] = 2371
idx[8135] = 2372
idx[8136] = 2373
idx[8137] = 2374
idx[8138] = 2375
idx[8139] = 2376
idx[8141] = 2377
idx[8142] = 2378
idx[8143] = 2379
idx[8144] = 2380
idx[8145] = 2381
idx[8146] = 2382
idx[8147] = 2383
idx[8148] = 2384
idx[8149] = 2385
idx[8151] = 2386
idx[8152] = 2387
idx[8153] = 2388
idx[8154] = 2389
idx[8155] = 2390
idx[8156] = 2391
idx[8157] = 2392
idx[8158] = 2393
idx[8159] = 2394
idx[8161] = 2395
idx[8162] = 2396
idx[8163] = 2397
idx[8164] = 2398
idx[8165] = 2399
idx[8166] = 2400
idx[8167] = 2401
idx[8168] = 2402
idx[8169] = 2403
idx[8171] = 2404
idx[8172] = 2405
idx[8173] = 2406
idx[8174] = 2407
idx[8175] = 2408
idx[8176] = 2409
idx[8177] = 2410
idx[8178] = 2411
idx[8179] = 2412
idx[8181] = 2413
idx[8182] = 2414
idx[8183] = 2415
idx[8184] = 2416
idx[8185] = 2417
idx[8186] = 2418
idx[8187] = 2419
idx[8188] = 2420
idx[8189] = 2421
idx[8191] = 2422
idx[8192] = 2423
idx[8193] = 2424
idx[8194] = 2425
idx[8195] = 2426
idx[8196] = 2427
idx[8197] = 2428
idx[8198] = 2429
idx[8199] = 2430
idx[8201] = 2431
idx[8202] = 2432
idx[8203] = 2433
idx[8204] = 2434
idx[8205] = 2435
idx[8206] = 2436
idx[8207] = 2437
idx[8208] = 2438
idx[8209] = 2439
idx[8211] = 2440
idx[8212] = 2441
idx[8213] = 2442
idx[8214] = 2443
idx[8215] = 2444
idx[8216] = 2445
idx[8217] = 2446
idx[8218] = 2447
idx[8219] = 2448
idx[8221] = 2449
idx[8222] = 2450
idx[8223] = 2451
idx[8224] = 2452
idx[8225] = 2453
idx[8226] = 2454
idx[8227] = 2455
idx[8228] = 2456
idx[8229] = 2457
idx[8231] = 2458
idx[8232] = 2459
idx[8233] = 2460
idx[8234] = 2461
idx[8235] = 2462
idx[8236] = 2463
idx[8237] = 2464
idx[8238] = 2465
idx[8239] = 2466
idx[8241] = 2467
idx[8242] = 2468
idx[8243] = 2469
idx[8244] = 2470
idx[8245] = 2471
idx[8246] = 2472
idx[8247] = 2473
idx[8248] = 2474
idx[8249] = 2475
idx[8251] = 2476
idx[8252] = 2477
idx[8253] = 2478
idx[8254] = 2479
idx[8255] = 2480
idx[8256] = 2481
idx[8257] = 2482
idx[8258] = 2483
idx[8259] = 2484
idx[8261] = 2485
idx[8262] = 2486
idx[8263] = 2487
idx[8264] = 2488
idx[8265] = 2489
idx[8266] = 2490
idx[8267] = 2491
idx[8268] = 2492
idx[8269] = 2493
idx[8271] = 2494
idx[8272] = 2495
idx[8273] = 2496
idx[8274] = 2497
idx[8275] = 2498
idx[8276] = 2499
idx[8277] = 2500
idx[8278] = 2501
idx[8279] = 2502
idx[8281] = 2503
idx[8282] = 2504
idx[8283] = 2505
idx[8284] = 2506
idx[8285] = 2507
idx[8286] = 2508
idx[8287] = 2509
idx[8288] = 2510
idx[8289] = 2511
idx[8291] = 2512
idx[8292] = 2513
idx[8293] = 2514
idx[8294] = 2515
idx[8295] = 2516
idx[8296] = 2517
idx[8297] = 2518
idx[8298] = 2519
idx[8299] = 2520
idx[8301] = 2521
idx[8302] = 2522
idx[8303] = 2523
idx[8304] = 2524
idx[8305] = 2525
idx[8306] = 2526
idx[8307] = 2527
idx[8308] = 2528
idx[8309] = 2529
idx[8311] = 2530
idx[8312] = 2531
idx[8313] = 2532
idx[8314] = 2533
idx[8315] = 2534
idx[8316] = 2535
idx[8317] = 2536
idx[8318] = 2537
idx[8319] = 2538
idx[8321] = 2539
idx[8322] = 2540
idx[8323] = 2541
idx[8324] = 2542
idx[8325] = 2543
idx[8326] = 2544
idx[8327] = 2545
idx[8328] = 2546
idx[8329] = 2547
idx[8331] = 2548
idx[8332] = 2549
idx[8333] = 2550
idx[8334] = 2551
idx[8335] = 2552
idx[8336] = 2553
idx[8337] = 2554
idx[8338] = 2555
idx[8339] = 2556
idx[8341] = 2557
idx[8342] = 2558
idx[8343] = 2559
idx[8344] = 2560
idx[8345] = 2561
idx[8346] = 2562
idx[8347] = 2563
idx[8348] = 2564
idx[8349] = 2565
idx[8351] = 2566
idx[8352] = 2567
idx[8353] = 2568
idx[8354] = 2569
idx[8355] = 2570
idx[8356] = 2571
idx[8357] = 2572
idx[8358] = 2573
idx[8359] = 2574
idx[8361] = 2575
idx[8362] = 2576
idx[8363] = 2577
idx[8364] = 2578
idx[8365] = 2579
idx[8366] = 2580
idx[8367] = 2581
idx[8368] = 2582
idx[8369] = 2583
idx[8371] = 2584
idx[8372] = 2585
idx[8373] = 2586
idx[8374] = 2587
idx[8375] = 2588
idx[8376] = 2589
idx[8377] = 2590
idx[8378] = 2591
idx[8379] = 2592
idx[8381] = 2593
idx[8382] = 2594
idx[8383] = 2595
idx[8384] = 2596
idx[8385] = 2597
idx[8386] = 2598
idx[8387] = 2599
idx[8388] = 2600
idx[8389] = 2601
idx[8391] = 2602
idx[8392] = 2603
idx[8393] = 2604
idx[8394] = 2605
idx[8395] = 2606
idx[8396] = 2607
idx[8397] = 2608
idx[8398] = 2609
idx[8399] = 2610
idx[8401] = 2611
idx[8402] = 2612
idx[8403] = 2613
idx[8404] = 2614
idx[8405] = 2615
idx[8406] = 2616
idx[8407] = 2617
idx[8408] = 2618
idx[8409] = 2619
idx[8411] = 2620
idx[8412] = 2621
idx[8413] = 2622
idx[8414] = 2623
idx[8415] = 2624
idx[8416] = 2625
idx[8417] = 2626
idx[8418] = 2627
idx[8419] = 2628
idx[8421] = 2629
idx[8422] = 2630
idx[8423] = 2631
idx[8424] = 2632
idx[8425] = 2633
idx[8426] = 2634
idx[8427] = 2635
idx[8428] = 2636
idx[8429] = 2637
idx[8431] = 2638
idx[8432] = 2639
idx[8433] = 2640
idx[8434] = 2641
idx[8435] = 2642
idx[8436] = 2643
idx[8437] = 2644
idx[8438] = 2645
idx[8439] = 2646
idx[8441] = 2647
idx[8442] = 2648
idx[8443] = 2649
idx[8444] = 2650
idx[8445] = 2651
idx[8446] = 2652
idx[8447] = 2653
idx[8448] = 2654
idx[8449] = 2655
idx[8451] = 2656
idx[8452] = 2657
idx[8453] = 2658
idx[8454] = 2659
idx[8455] = 2660
idx[8456] = 2661
idx[8457] = 2662
idx[8458] = 2663
idx[8459] = 2664
idx[8461] = 2665
idx[8462] = 2666
idx[8463] = 2667
idx[8464] = 2668
idx[8465] = 2669
idx[8466] = 2670
idx[8467] = 2671
idx[8468] = 2672
idx[8469] = 2673
idx[8471] = 2674
idx[8472] = 2675
idx[8473] = 2676
idx[8474] = 2677
idx[8475] = 2678
idx[8476] = 2679
idx[8477] = 2680
idx[8478] = 2681
idx[8479] = 2682
idx[8481] = 2683
idx[8482] = 2684
idx[8483] = 2685
idx[8484] = 2686
idx[8485] = 2687
idx[8486] = 2688
idx[8487] = 2689
idx[8488] = 2690
idx[8489] = 2691
idx[8491] = 2692
idx[8492] = 2693
idx[8493] = 2694
idx[8494] = 2695
idx[8495] = 2696
idx[8496] = 2697
idx[8497] = 2698
idx[8498] = 2699
idx[8499] = 2700
idx[8501] = 2701
idx[8502] = 2702
idx[8503] = 2703
idx[8504] = 2704
idx[8505] = 2705
idx[8506] = 2706
idx[8507] = 2707
idx[8508] = 2708
idx[8509] = 2709
idx[8511] = 2710
idx[8512] = 2711
idx[8513] = 2712
idx[8514] = 2713
idx[8515] = 2714
idx[8516] = 2715
idx[8517] = 2716
idx[8518] = 2717
idx[8519] = 2718
idx[8521] = 2719
idx[8522] = 2720
idx[8523] = 2721
idx[8524] = 2722
idx[8525] = 2723
idx[8526] = 2724
idx[8527] = 2725
idx[8528] = 2726
idx[8529] = 2727
idx[8531] = 2728
idx[8532] = 2729
idx[8533] = 2730
idx[8534] = 2731
idx[8535] = 2732
idx[8536] = 2733
idx[8537] = 2734
idx[8538] = 2735
idx[8539] = 2736
idx[8541] = 2737
idx[8542] = 2738
idx[8543] = 2739
idx[8544] = 2740
idx[8545] = 2741
idx[8546] = 2742
idx[8547] = 2743
idx[8548] = 2744
idx[8549] = 2745
idx[8551] = 2746
idx[8552] = 2747
idx[8553] = 2748
idx[8554] = 2749
idx[8555] = 2750
idx[8556] = 2751
idx[8557] = 2752
idx[8558] = 2753
idx[8559] = 2754
idx[8561] = 2755
idx[8562] = 2756
idx[8563] = 2757
idx[8564] = 2758
idx[8565] = 2759
idx[8566] = 2760
idx[8567] = 2761
idx[8568] = 2762
idx[8569] = 2763
idx[8571] = 2764
idx[8572] = 2765
idx[8573] = 2766
idx[8574] = 2767
idx[8575] = 2768
idx[8576] = 2769
idx[8577] = 2770
idx[8578] = 2771
idx[8579] = 2772
idx[8581] = 2773
idx[8582] = 2774
idx[8583] = 2775
idx[8584] = 2776
idx[8585] = 2777
idx[8586] = 2778
idx[8587] = 2779
idx[8588] = 2780
idx[8589] = 2781
idx[8591] = 2782
idx[8592] = 2783
idx[8593] = 2784
idx[8594] = 2785
idx[8595] = 2786
idx[8596] = 2787
idx[8597] = 2788
idx[8598] = 2789
idx[8599] = 2790
idx[8601] = 2791
idx[8602] = 2792
idx[8603] = 2793
idx[8604] = 2794
idx[8605] = 2795
idx[8606] = 2796
idx[8607] = 2797
idx[8608] = 2798
idx[8609] = 2799
idx[8611] = 2800
idx[8612] = 2801
idx[8613] = 2802
idx[8614] = 2803
idx[8615] = 2804
idx[8616] = 2805
idx[8617] = 2806
idx[8618] = 2807
idx[8619] = 2808
idx[8621] = 2809
idx[8622] = 2810
idx[8623] = 2811
idx[8624] = 2812
idx[8625] = 2813
idx[8626] = 2814
idx[8627] = 2815
idx[8628] = 2816
idx[8629] = 2817
idx[8631] = 2818
idx[8632] = 2819
idx[8633] = 2820
idx[8634] = 2821
idx[8635] = 2822
idx[8636] = 2823
idx[8637] = 2824
idx[8638] = 2825
idx[8639] = 2826
idx[8641] = 2827
idx[8642] = 2828
idx[8643] = 2829
idx[8644] = 2830
idx[8645] = 2831
idx[8646] = 2832
idx[8647] = 2833
idx[8648] = 2834
idx[8649] = 2835
idx[8651] = 2836
idx[8652] = 2837
idx[8653] = 2838
idx[8654] = 2839
idx[8655] = 2840
idx[8656] = 2841
idx[8657] = 2842
idx[8658] = 2843
idx[8659] = 2844
idx[8661] = 2845
idx[8662] = 2846
idx[8663] = 2847
idx[8664] = 2848
idx[8665] = 2849
idx[8666] = 2850
idx[8667] = 2851
idx[8668] = 2852
idx[8669] = 2853
idx[8671] = 2854
idx[8672] = 2855
idx[8673] = 2856
idx[8674] = 2857
idx[8675] = 2858
idx[8676] = 2859
idx[8677] = 2860
idx[8678] = 2861
idx[8679] = 2862
idx[8681] = 2863
idx[8682] = 2864
idx[8683] = 2865
idx[8684] = 2866
idx[8685] = 2867
idx[8686] = 2868
idx[8687] = 2869
idx[8688] = 2870
idx[8689] = 2871
idx[8691] = 2872
idx[8692] = 2873
idx[8693] = 2874
idx[8694] = 2875
idx[8695] = 2876
idx[8696] = 2877
idx[8697] = 2878
idx[8698] = 2879
idx[8699] = 2880
idx[8701] = 2881
idx[8702] = 2882
idx[8703] = 2883
idx[8704] = 2884
idx[8705] = 2885
idx[8706] = 2886
idx[8707] = 2887
idx[8708] = 2888
idx[8709] = 2889
idx[8711] = 2890
idx[8712] = 2891
idx[8713] = 2892
idx[8714] = 2893
idx[8715] = 2894
idx[8716] = 2895
idx[8717] = 2896
idx[8718] = 2897
idx[8719] = 2898
idx[8721] = 2899
idx[8722] = 2900
idx[8723] = 2901
idx[8724] = 2902
idx[8725] = 2903
idx[8726] = 2904
idx[8727] = 2905
idx[8728] = 2906
idx[8729] = 2907
idx[8731] = 2908
idx[8732] = 2909
idx[8733] = 2910
idx[8734] = 2911
idx[8735] = 2912
idx[8736] = 2913
idx[8737] = 2914
idx[8738] = 2915
idx[8739] = 2916
idx[8741] = 2917
idx[8742] = 2918
idx[8743] = 2919
idx[8744] = 2920
idx[8745] = 2921
idx[8746] = 2922
idx[8747] = 2923
idx[8748] = 2924
idx[8749] = 2925
idx[8751] = 2926
idx[8752] = 2927
idx[8753] = 2928
idx[8754] = 2929
idx[8755] = 2930
idx[8756] = 2931
idx[8757] = 2932
idx[8758] = 2933
idx[8759] = 2934
idx[8761] = 2935
idx[8762] = 2936
idx[8763] = 2937
idx[8764] = 2938
idx[8765] = 2939
idx[8766] = 2940
idx[8767] = 2941
idx[8768] = 2942
idx[8769] = 2943
idx[8771] = 2944
idx[8772] = 2945
idx[8773] = 2946
idx[8774] = 2947
idx[8775] = 2948
idx[8776] = 2949
idx[8777] = 2950
idx[8778] = 2951
idx[8779] = 2952
idx[8781] = 2953
idx[8782] = 2954
idx[8783] = 2955
idx[8784] = 2956
idx[8785] = 2957
idx[8786] = 2958
idx[8787] = 2959
idx[8788] = 2960
idx[8789] = 2961
idx[8791] = 2962
idx[8792] = 2963
idx[8793] = 2964
idx[8794] = 2965
idx[8795] = 2966
idx[8796] = 2967
idx[8797] = 2968
idx[8798] = 2969
idx[8799] = 2970
idx[8801] = 2971
idx[8802] = 2972
idx[8803] = 2973
idx[8804] = 2974
idx[8805] = 2975
idx[8806] = 2976
idx[8807] = 2977
idx[8808] = 2978
idx[8809] = 2979
idx[8811] = 2980
idx[8812] = 2981
idx[8813] = 2982
idx[8814] = 2983
idx[8815] = 2984
idx[8816] = 2985
idx[8817] = 2986
idx[8818] = 2987
idx[8819] = 2988
idx[8821] = 2989
idx[8822] = 2990
idx[8823] = 2991
idx[8824] = 2992
idx[8825] = 2993
idx[8826] = 2994
idx[8827] = 2995
idx[8828] = 2996
idx[8829] = 2997
idx[8831] = 2998
idx[8832] = 2999
idx[8833] = 3000
idx[8834] = 3001
idx[8835] = 3002
idx[8836] = 3003
idx[8837] = 3004
idx[8838] = 3005
idx[8839] = 3006
idx[8841] = 3007
idx[8842] = 3008
idx[8843] = 3009
idx[8844] = 3010
idx[8845] = 3011
idx[8846] = 3012
idx[8847] = 3013
idx[8848] = 3014
idx[8849] = 3015
idx[8851] = 3016
idx[8852] = 3017
idx[8853] = 3018
idx[8854] = 3019
idx[8855] = 3020
idx[8856] = 3021
idx[8857] = 3022
idx[8858] = 3023
idx[8859] = 3024
idx[8861] = 3025
idx[8862] = 3026
idx[8863] = 3027
idx[8864] = 3028
idx[8865] = 3029
idx[8866] = 3030
idx[8867] = 3031
idx[8868] = 3032
idx[8869] = 3033
idx[8871] = 3034
idx[8872] = 3035
idx[8873] = 3036
idx[8874] = 3037
idx[8875] = 3038
idx[8876] = 3039
idx[8877] = 3040
idx[8878] = 3041
idx[8879] = 3042
idx[8881] = 3043
idx[8882] = 3044
idx[8883] = 3045
idx[8884] = 3046
idx[8885] = 3047
idx[8886] = 3048
idx[8887] = 3049
idx[8888] = 3050
idx[8889] = 3051
idx[8891] = 3052
idx[8892] = 3053
idx[8893] = 3054
idx[8894] = 3055
idx[8895] = 3056
idx[8896] = 3057
idx[8897] = 3058
idx[8898] = 3059
idx[8899] = 3060
idx[8901] = 3061
idx[8902] = 3062
idx[8903] = 3063
idx[8904] = 3064
idx[8905] = 3065
idx[8906] = 3066
idx[8907] = 3067
idx[8908] = 3068
idx[8909] = 3069
idx[8911] = 3070
idx[8912] = 3071
idx[8913] = 3072
idx[8914] = 3073
idx[8915] = 3074
idx[8916] = 3075
idx[8917] = 3076
idx[8918] = 3077
idx[8919] = 3078
idx[8921] = 3079
idx[8922] = 3080
idx[8923] = 3081
idx[8924] = 3082
idx[8925] = 3083
idx[8926] = 3084
idx[8927] = 3085
idx[8928] = 3086
idx[8929] = 3087
idx[8931] = 3088
idx[8932] = 3089
idx[8933] = 3090
idx[8934] = 3091
idx[8935] = 3092
idx[8936] = 3093
idx[8937] = 3094
idx[8938] = 3095
idx[8939] = 3096
idx[8941] = 3097
idx[8942] = 3098
idx[8943] = 3099
idx[8944] = 3100
idx[8945] = 3101
idx[8946] = 3102
idx[8947] = 3103
idx[8948] = 3104
idx[8949] = 3105
idx[8951] = 3106
idx[8952] = 3107
idx[8953] = 3108
idx[8954] = 3109
idx[8955] = 3110
idx[8956] = 3111
idx[8957] = 3112
idx[8958] = 3113
idx[8959] = 3114
idx[8961] = 3115
idx[8962] = 3116
idx[8963] = 3117
idx[8964] = 3118
idx[8965] = 3119
idx[8966] = 3120
idx[8967] = 3121
idx[8968] = 3122
idx[8969] = 3123
idx[8971] = 3124
idx[8972] = 3125
idx[8973] = 3126
idx[8974] = 3127
idx[8975] = 3128
idx[8976] = 3129
idx[8977] = 3130
idx[8978] = 3131
idx[8979] = 3132
idx[8981] = 3133
idx[8982] = 3134
idx[8983] = 3135
idx[8984] = 3136
idx[8985] = 3137
idx[8986] = 3138
idx[8987] = 3139
idx[8988] = 3140
idx[8989] = 3141
idx[8991] = 3142
idx[8992] = 3143
idx[8993] = 3144
idx[8994] = 3145
idx[8995] = 3146
idx[8996] = 3147
idx[8997] = 3148
idx[8998] = 3149
idx[8999] = 3150
idx[9001] = 3151
idx[9002] = 3152
idx[9003] = 3153
idx[9004] = 3154
idx[9005] = 3155
idx[9006] = 3156
idx[9007] = 3157
idx[9008] = 3158
idx[9009] = 3159
idx[9011] = 3160
idx[9012] = 3161
idx[9013] = 3162
idx[9014] = 3163
idx[9015] = 3164
idx[9016] = 3165
idx[9017] = 3166
idx[9018] = 3167
idx[9019] = 3168
idx[9021] = 3169
idx[9022] = 3170
idx[9023] = 3171
idx[9024] = 3172
idx[9025] = 3173
idx[9026] = 3174
idx[9027] = 3175
idx[9028] = 3176
idx[9029] = 3177
idx[9031] = 3178
idx[9032] = 3179
idx[9033] = 3180
idx[9034] = 3181
idx[9035] = 3182
idx[9036] = 3183
idx[9037] = 3184
idx[9038] = 3185
idx[9039] = 3186
idx[9041] = 3187
idx[9042] = 3188
idx[9043] = 3189
idx[9044] = 3190
idx[9045] = 3191
idx[9046] = 3192
idx[9047] = 3193
idx[9048] = 3194
idx[9049] = 3195
idx[9051] = 3196
idx[9052] = 3197
idx[9053] = 3198
idx[9054] = 3199
idx[9055] = 3200
idx[9056] = 3201
idx[9057] = 3202
idx[9058] = 3203
idx[9059] = 3204
idx[9061] = 3205
idx[9062] = 3206
idx[9063] = 3207
idx[9064] = 3208
idx[9065] = 3209
idx[9066] = 3210
idx[9067] = 3211
idx[9068] = 3212
idx[9069] = 3213
idx[9071] = 3214
idx[9072] = 3215
idx[9073] = 3216
idx[9074] = 3217
idx[9075] = 3218
idx[9076] = 3219
idx[9077] = 3220
idx[9078] = 3221
idx[9079] = 3222
idx[9081] = 3223
idx[9082] = 3224
idx[9083] = 3225
idx[9084] = 3226
idx[9085] = 3227
idx[9086] = 3228
idx[9087] = 3229
idx[9088] = 3230
idx[9089] = 3231
idx[9091] = 3232
idx[9092] = 3233
idx[9093] = 3234
idx[9094] = 3235
idx[9095] = 3236
idx[9096] = 3237
idx[9097] = 3238
idx[9098] = 3239
idx[9099] = 3240
idx[9101] = 3241
idx[9102] = 3242
idx[9103] = 3243
idx[9104] = 3244
idx[9105] = 3245
idx[9106] = 3246
idx[9107] = 3247
idx[9108] = 3248
idx[9109] = 3249
idx[9111] = 3250
idx[9112] = 3251
idx[9113] = 3252
idx[9114] = 3253
idx[9115] = 3254
idx[9116] = 3255
idx[9117] = 3256
idx[9118] = 3257
idx[9119] = 3258
idx[9121] = 3259
idx[9122] = 3260
idx[9123] = 3261
idx[9124] = 3262
idx[9125] = 3263
idx[9126] = 3264
idx[9127] = 3265
idx[9128] = 3266
idx[9129] = 3267
idx[9131] = 3268
idx[9132] = 3269
idx[9133] = 3270
idx[9134] = 3271
idx[9135] = 3272
idx[9136] = 3273
idx[9137] = 3274
idx[9138] = 3275
idx[9139] = 3276
idx[9141] = 3277
idx[9142] = 3278
idx[9143] = 3279
idx[9144] = 3280
idx[9145] = 3281
idx[9146] = 3282
idx[9147] = 3283
idx[9148] = 3284
idx[9149] = 3285
idx[9151] = 3286
idx[9152] = 3287
idx[9153] = 3288
idx[9154] = 3289
idx[9155] = 3290
idx[9156] = 3291
idx[9157] = 3292
idx[9158] = 3293
idx[9159] = 3294
idx[9161] = 3295
idx[9162] = 3296
idx[9163] = 3297
idx[9164] = 3298
idx[9165] = 3299
idx[9166] = 3300
idx[9167] = 3301
idx[9168] = 3302
idx[9169] = 3303
idx[9171] = 3304
idx[9172] = 3305
idx[9173] = 3306
idx[9174] = 3307
idx[9175] = 3308
idx[9176] = 3309
idx[9177] = 3310
idx[9178] = 3311
idx[9179] = 3312
idx[9181] = 3313
idx[9182] = 3314
idx[9183] = 3315
idx[9184] = 3316
idx[9185] = 3317
idx[9186] = 3318
idx[9187] = 3319
idx[9188] = 3320
idx[9189] = 3321
idx[9191] = 3322
idx[9192] = 3323
idx[9193] = 3324
idx[9194] = 3325
idx[9195] = 3326
idx[9196] = 3327
idx[9197] = 3328
idx[9198] = 3329
idx[9199] = 3330
idx[9201] = 3331
idx[9202] = 3332
idx[9203] = 3333
idx[9204] = 3334
idx[9205] = 3335
idx[9206] = 3336
idx[9207] = 3337
idx[9208] = 3338
idx[9209] = 3339
idx[9211] = 3340
idx[9212] = 3341
idx[9213] = 3342
idx[9214] = 3343
idx[9215] = 3344
idx[9216] = 3345
idx[9217] = 3346
idx[9218] = 3347
idx[9219] = 3348
idx[9221] = 3349
idx[9222] = 3350
idx[9223] = 3351
idx[9224] = 3352
idx[9225] = 3353
idx[9226] = 3354
idx[9227] = 3355
idx[9228] = 3356
idx[9229] = 3357
idx[9231] = 3358
idx[9232] = 3359
idx[9233] = 3360
idx[9234] = 3361
idx[9235] = 3362
idx[9236] = 3363
idx[9237] = 3364
idx[9238] = 3365
idx[9239] = 3366
idx[9241] = 3367
idx[9242] = 3368
idx[9243] = 3369
idx[9244] = 3370
idx[9245] = 3371
idx[9246] = 3372
idx[9247] = 3373
idx[9248] = 3374
idx[9249] = 3375
idx[9251] = 3376
idx[9252] = 3377
idx[9253] = 3378
idx[9254] = 3379
idx[9255] = 3380
idx[9256] = 3381
idx[9257] = 3382
idx[9258] = 3383
idx[9259] = 3384
idx[9261] = 3385
idx[9262] = 3386
idx[9263] = 3387
idx[9264] = 3388
idx[9265] = 3389
idx[9266] = 3390
idx[9267] = 3391
idx[9268] = 3392
idx[9269] = 3393
idx[9271] = 3394
idx[9272] = 3395
idx[9273] = 3396
idx[9274] = 3397
idx[9275] = 3398
idx[9276] = 3399
idx[9277] = 3400
idx[9278] = 3401
idx[9279] = 3402
idx[9281] = 3403
idx[9282] = 3404
idx[9283] = 3405
idx[9284] = 3406
idx[9285] = 3407
idx[9286] = 3408
idx[9287] = 3409
idx[9288] = 3410
idx[9289] = 3411
idx[9291] = 3412
idx[9292] = 3413
idx[9293] = 3414
idx[9294] = 3415
idx[9295] = 3416
idx[9296] = 3417
idx[9297] = 3418
idx[9298] = 3419
idx[9299] = 3420
idx[9301] = 3421
idx[9302] = 3422
idx[9303] = 3423
idx[9304] = 3424
idx[9305] = 3425
idx[9306] = 3426
idx[9307] = 3427
idx[9308] = 3428
idx[9309] = 3429
idx[9311] = 3430
idx[9312] = 3431
idx[9313] = 3432
idx[9314] = 3433
idx[9315] = 3434
idx[9316] = 3435
idx[9317] = 3436
idx[9318] = 3437
idx[9319] = 3438
idx[9321] = 3439
idx[9322] = 3440
idx[9323] = 3441
idx[9324] = 3442
idx[9325] = 3443
idx[9326] = 3444
idx[9327] = 3445
idx[9328] = 3446
idx[9329] = 3447
idx[9331] = 3448
idx[9332] = 3449
idx[9333] = 3450
idx[9334] = 3451
idx[9335] = 3452
idx[9336] = 3453
idx[9337] = 3454
idx[9338] = 3455
idx[9339] = 3456
idx[9341] = 3457
idx[9342] = 3458
idx[9343] = 3459
idx[9344] = 3460
idx[9345] = 3461
idx[9346] = 3462
idx[9347] = 3463
idx[9348] = 3464
idx[9349] = 3465
idx[9351] = 3466
idx[9352] = 3467
idx[9353] = 3468
idx[9354] = 3469
idx[9355] = 3470
idx[9356] = 3471
idx[9357] = 3472
idx[9358] = 3473
idx[9359] = 3474
idx[9361] = 3475
idx[9362] = 3476
idx[9363] = 3477
idx[9364] = 3478
idx[9365] = 3479
idx[9366] = 3480
idx[9367] = 3481
idx[9368] = 3482
idx[9369] = 3483
idx[9371] = 3484
idx[9372] = 3485
idx[9373] = 3486
idx[9374] = 3487
idx[9375] = 3488
idx[9376] = 3489
idx[9377] = 3490
idx[9378] = 3491
idx[9379] = 3492
idx[9381] = 3493
idx[9382] = 3494
idx[9383] = 3495
idx[9384] = 3496
idx[9385] = 3497
idx[9386] = 3498
idx[9387] = 3499
idx[9388] = 3500
idx[9389] = 3501
idx[9391] = 3502
idx[9392] = 3503
idx[9393] = 3504
idx[9394] = 3505
idx[9395] = 3506
idx[9396] = 3507
idx[9397] = 3508
idx[9398] = 3509
idx[9399] = 3510
idx[9401] = 3511
idx[9402] = 3512
idx[9403] = 3513
idx[9404] = 3514
idx[9405] = 3515
idx[9406] = 3516
idx[9407] = 3517
idx[9408] = 3518
idx[9409] = 3519
idx[9411] = 3520
idx[9412] = 3521
idx[9413] = 3522
idx[9414] = 3523
idx[9415] = 3524
idx[9416] = 3525
idx[9417] = 3526
idx[9418] = 3527
idx[9419] = 3528
idx[9421] = 3529
idx[9422] = 3530
idx[9423] = 3531
idx[9424] = 3532
idx[9425] = 3533
idx[9426] = 3534
idx[9427] = 3535
idx[9428] = 3536
idx[9429] = 3537
idx[9431] = 3538
idx[9432] = 3539
idx[9433] = 3540
idx[9434] = 3541
idx[9435] = 3542
idx[9436] = 3543
idx[9437] = 3544
idx[9438] = 3545
idx[9439] = 3546
idx[9441] = 3547
idx[9442] = 3548
idx[9443] = 3549
idx[9444] = 3550
idx[9445] = 3551
idx[9446] = 3552
idx[9447] = 3553
idx[9448] = 3554
idx[9449] = 3555
idx[9451] = 3556
idx[9452] = 3557
idx[9453] = 3558
idx[9454] = 3559
idx[9455] = 3560
idx[9456] = 3561
idx[9457] = 3562
idx[9458] = 3563
idx[9459] = 3564
idx[9461] = 3565
idx[9462] = 3566
idx[9463] = 3567
idx[9464] = 3568
idx[9465] = 3569
idx[9466] = 3570
idx[9467] = 3571
idx[9468] = 3572
idx[9469] = 3573
idx[9471] = 3574
idx[9472] = 3575
idx[9473] = 3576
idx[9474] = 3577
idx[9475] = 3578
idx[9476] = 3579
idx[9477] = 3580
idx[9478] = 3581
idx[9479] = 3582
idx[9481] = 3583
idx[9482] = 3584
idx[9483] = 3585
idx[9484] = 3586
idx[9485] = 3587
idx[9486] = 3588
idx[9487] = 3589
idx[9488] = 3590
idx[9489] = 3591
idx[9491] = 3592
idx[9492] = 3593
idx[9493] = 3594
idx[9494] = 3595
idx[9495] = 3596
idx[9496] = 3597
idx[9497] = 3598
idx[9498] = 3599
idx[9499] = 3600
idx[9501] = 3601
idx[9502] = 3602
idx[9503] = 3603
idx[9504] = 3604
idx[9505] = 3605
idx[9506] = 3606
idx[9507] = 3607
idx[9508] = 3608
idx[9509] = 3609
idx[9511] = 3610
idx[9512] = 3611
idx[9513] = 3612
idx[9514] = 3613
idx[9515] = 3614
idx[9516] = 3615
idx[9517] = 3616
idx[9518] = 3617
idx[9519] = 3618
idx[9521] = 3619
idx[9522] = 3620
idx[9523] = 3621
idx[9524] = 3622
idx[9525] = 3623
idx[9526] = 3624
idx[9527] = 3625
idx[9528] = 3626
idx[9529] = 3627
idx[9531] = 3628
idx[9532] = 3629
idx[9533] = 3630
idx[9534] = 3631
idx[9535] = 3632
idx[9536] = 3633
idx[9537] = 3634
idx[9538] = 3635
idx[9539] = 3636
idx[9541] = 3637
idx[9542] = 3638
idx[9543] = 3639
idx[9544] = 3640
idx[9545] = 3641
idx[9546] = 3642
idx[9547] = 3643
idx[9548] = 3644
idx[9549] = 3645
idx[9551] = 3646
idx[9552] = 3647
idx[9553] = 3648
idx[9554] = 3649
idx[9555] = 3650
idx[9556] = 3651
idx[9557] = 3652
idx[9558] = 3653
idx[9559] = 3654
idx[9561] = 3655
idx[9562] = 3656
idx[9563] = 3657
idx[9564] = 3658
idx[9565] = 3659
idx[9566] = 3660
idx[9567] = 3661
idx[9568] = 3662
idx[9569] = 3663
idx[9571] = 3664
idx[9572] = 3665
idx[9573] = 3666
idx[9574] = 3667
idx[9575] = 3668
idx[9576] = 3669
idx[9577] = 3670
idx[9578] = 3671
idx[9579] = 3672
idx[9581] = 3673
idx[9582] = 3674
idx[9583] = 3675
idx[9584] = 3676
idx[9585] = 3677
idx[9586] = 3678
idx[9587] = 3679
idx[9588] = 3680
idx[9589] = 3681
idx[9591] = 3682
idx[9592] = 3683
idx[9593] = 3684
idx[9594] = 3685
idx[9595] = 3686
idx[9596] = 3687
idx[9597] = 3688
idx[9598] = 3689
idx[9599] = 3690
idx[9601] = 3691
idx[9602] = 3692
idx[9603] = 3693
idx[9604] = 3694
idx[9605] = 3695
idx[9606] = 3696
idx[9607] = 3697
idx[9608] = 3698
idx[9609] = 3699
idx[9611] = 3700
idx[9612] = 3701
idx[9613] = 3702
idx[9614] = 3703
idx[9615] = 3704
idx[9616] = 3705
idx[9617] = 3706
idx[9618] = 3707
idx[9619] = 3708
idx[9621] = 3709
idx[9622] = 3710
idx[9623] = 3711
idx[9624] = 3712
idx[9625] = 3713
idx[9626] = 3714
idx[9627] = 3715
idx[9628] = 3716
idx[9629] = 3717
idx[9631] = 3718
idx[9632] = 3719
idx[9633] = 3720
idx[9634] = 3721
idx[9635] = 3722
idx[9636] = 3723
idx[9637] = 3724
idx[9638] = 3725
idx[9639] = 3726
idx[9641] = 3727
idx[9642] = 3728
idx[9643] = 3729
idx[9644] = 3730
idx[9645] = 3731
idx[9646] = 3732
idx[9647] = 3733
idx[9648] = 3734
idx[9649] = 3735
idx[9651] = 3736
idx[9652] = 3737
idx[9653] = 3738
idx[9654] = 3739
idx[9655] = 3740
idx[9656] = 3741
idx[9657] = 3742
idx[9658] = 3743
idx[9659] = 3744
idx[9661] = 3745
idx[9662] = 3746
idx[9663] = 3747
idx[9664] = 3748
idx[9665] = 3749
idx[9666] = 3750
idx[9667] = 3751
idx[9668] = 3752
idx[9669] = 3753
idx[9671] = 3754
idx[9672] = 3755
idx[9673] = 3756
idx[9674] = 3757
idx[9675] = 3758
idx[9676] = 3759
idx[9677] = 3760
idx[9678] = 3761
idx[9679] = 3762
idx[9681] = 3763
idx[9682] = 3764
idx[9683] = 3765
idx[9684] = 3766
idx[9685] = 3767
idx[9686] = 3768
idx[9687] = 3769
idx[9688] = 3770
idx[9689] = 3771
idx[9691] = 3772
idx[9692] = 3773
idx[9693] = 3774
idx[9694] = 3775
idx[9695] = 3776
idx[9696] = 3777
idx[9697] = 3778
idx[9698] = 3779
idx[9699] = 3780
idx[9701] = 3781
idx[9702] = 3782
idx[9703] = 3783
idx[9704] = 3784
idx[9705] = 3785
idx[9706] = 3786
idx[9707] = 3787
idx[9708] = 3788
idx[9709] = 3789
idx[9711] = 3790
idx[9712] = 3791
idx[9713] = 3792
idx[9714] = 3793
idx[9715] = 3794
idx[9716] = 3795
idx[9717] = 3796
idx[9718] = 3797
idx[9719] = 3798
idx[9721] = 3799
idx[9722] = 3800
idx[9723] = 3801
idx[9724] = 3802
idx[9725] = 3803
idx[9726] = 3804
idx[9727] = 3805
idx[9728] = 3806
idx[9729] = 3807
idx[9731] = 3808
idx[9732] = 3809
idx[9733] = 3810
idx[9734] = 3811
idx[9735] = 3812
idx[9736] = 3813
idx[9737] = 3814
idx[9738] = 3815
idx[9739] = 3816
idx[9741] = 3817
idx[9742] = 3818
idx[9743] = 3819
idx[9744] = 3820
idx[9745] = 3821
idx[9746] = 3822
idx[9747] = 3823
idx[9748] = 3824
idx[9749] = 3825
idx[9751] = 3826
idx[9752] = 3827
idx[9753] = 3828
idx[9754] = 3829
idx[9755] = 3830
idx[9756] = 3831
idx[9757] = 3832
idx[9758] = 3833
idx[9759] = 3834
idx[9761] = 3835
idx[9762] = 3836
idx[9763] = 3837
idx[9764] = 3838
idx[9765] = 3839
idx[9766] = 3840
idx[9767] = 3841
idx[9768] = 3842
idx[9769] = 3843
idx[9771] = 3844
idx[9772] = 3845
idx[9773] = 3846
idx[9774] = 3847
idx[9775] = 3848
idx[9776] = 3849
idx[9777] = 3850
idx[9778] = 3851
idx[9779] = 3852
idx[9781] = 3853
idx[9782] = 3854
idx[9783] = 3855
idx[9784] = 3856
idx[9785] = 3857
idx[9786] = 3858
idx[9787] = 3859
idx[9788] = 3860
idx[9789] = 3861
idx[9791] = 3862
idx[9792] = 3863
idx[9793] = 3864
idx[9794] = 3865
idx[9795] = 3866
idx[9796] = 3867
idx[9797] = 3868
idx[9798] = 3869
idx[9799] = 3870
idx[9801] = 3871
idx[9802] = 3872
idx[9803] = 3873
idx[9804] = 3874
idx[9805] = 3875
idx[9806] = 3876
idx[9807] = 3877
idx[9808] = 3878
idx[9809] = 3879
idx[9811] = 3880
idx[9812] = 3881
idx[9813] = 3882
idx[9814] = 3883
idx[9815] = 3884
idx[9816] = 3885
idx[9817] = 3886
idx[9818] = 3887
idx[9819] = 3888
idx[9821] = 3889
idx[9822] = 3890
idx[9823] = 3891
idx[9824] = 3892
idx[9825] = 3893
idx[9826] = 3894
idx[9827] = 3895
idx[9828] = 3896
idx[9829] = 3897
idx[9831] = 3898
idx[9832] = 3899
idx[9833] = 3900
idx[9834] = 3901
idx[9835] = 3902
idx[9836] = 3903
idx[9837] = 3904
idx[9838] = 3905
idx[9839] = 3906
idx[9841] = 3907
idx[9842] = 3908
idx[9843] = 3909
idx[9844] = 3910
idx[9845] = 3911
idx[9846] = 3912
idx[9847] = 3913
idx[9848] = 3914
idx[9849] = 3915
idx[9851] = 3916
idx[9852] = 3917
idx[9853] = 3918
idx[9854] = 3919
idx[9855] = 3920
idx[9856] = 3921
idx[9857] = 3922
idx[9858] = 3923
idx[9859] = 3924
idx[9861] = 3925
idx[9862] = 3926
idx[9863] = 3927
idx[9864] = 3928
idx[9865] = 3929
idx[9866] = 3930
idx[9867] = 3931
idx[9868] = 3932
idx[9869] = 3933
idx[9871] = 3934
idx[9872] = 3935
idx[9873] = 3936
idx[9874] = 3937
idx[9875] = 3938
idx[9876] = 3939
idx[9877] = 3940
idx[9878] = 3941
idx[9879] = 3942
idx[9881] = 3943
idx[9882] = 3944
idx[9883] = 3945
idx[9884] = 3946
idx[9885] = 3947
idx[9886] = 3948
idx[9887] = 3949
idx[9888] = 3950
idx[9889] = 3951
idx[9891] = 3952
idx[9892] = 3953
idx[9893] = 3954
idx[9894] = 3955
idx[9895] = 3956
idx[9896] = 3957
idx[9897] = 3958
idx[9898] = 3959
idx[9899] = 3960
idx[9901] = 3961
idx[9902] = 3962
idx[9903] = 3963
idx[9904] = 3964
idx[9905] = 3965
idx[9906] = 3966
idx[9907] = 3967
idx[9908] = 3968
idx[9909] = 3969
idx[9911] = 3970
idx[9912] = 3971
idx[9913] = 3972
idx[9914] = 3973
idx[9915] = 3974
idx[9916] = 3975
idx[9917] = 3976
idx[9918] = 3977
idx[9919] = 3978
idx[9921] = 3979
idx[9922] = 3980
idx[9923] = 3981
idx[9924] = 3982
idx[9925] = 3983
idx[9926] = 3984
idx[9927] = 3985
idx[9928] = 3986
idx[9929] = 3987
idx[9931] = 3988
idx[9932] = 3989
idx[9933] = 3990
idx[9934] = 3991
idx[9935] = 3992
idx[9936] = 3993
idx[9937] = 3994
idx[9938] = 3995
idx[9939] = 3996
idx[9941] = 3997
idx[9942] = 3998
idx[9943] = 3999
idx[9944] = 4000
idx[9945] = 4001
idx[9946] = 4002
idx[9947] = 4003
idx[9948] = 4004
idx[9949] = 4005
idx[9951] = 4006
idx[9952] = 4007
idx[9953] = 4008
idx[9954] = 4009
idx[9955] = 4010
idx[9956] = 4011
idx[9957] = 4012
idx[9958] = 4013
idx[9959] = 4014
idx[9961] = 4015
idx[9962] = 4016
idx[9963] = 4017
idx[9964] = 4018
idx[9965] = 4019
idx[9966] = 4020
idx[9967] = 4021
idx[9968] = 4022
idx[9969] = 4023
idx[9971] = 4024
idx[9972] = 4025
idx[9973] = 4026
idx[9974] = 4027
idx[9975] = 4028
idx[9976] = 4029
idx[9977] = 4030
idx[9978] = 4031
idx[9979] = 4032
idx[9981] = 4033
idx[9982] = 4034
idx[9983] = 4035
idx[9984] = 4036
idx[9985] = 4037
idx[9986] = 4038
idx[9987] = 4039
idx[9988] = 4040
idx[9989] = 4041
idx[9991] = 4042
idx[9992] = 4043
idx[9993] = 4044
idx[9994] = 4045
idx[9995] = 4046
idx[9996] = 4047
idx[9997] = 4048
idx[9998] = 4049
idx[9999] = 4050
nr = 4050
