Case #1: 1 0
Case #2: 1 0
Case #3: 1 1
Case #4: 0 0
Case #5: 500 499
Case #6: 1 0
Case #7: 1 0
Case #8: 1 0
Case #9: 0 0
Case #10: 0 0
Case #11: 0 0
Case #12: 0 0
Case #13: 1 1
Case #14: 1 0
Case #15: 1 0
Case #16: 3905 3905
Case #17: 1 0
Case #18: 0 0
Case #19: 500000 499999
Case #20: 249999 249999
Case #21: 1 0
Case #22: 0 0
Case #23: 0 0
Case #24: 2 1
Case #25: 1 0
Case #26: 7812 7811
Case #27: 0 0
Case #28: 0 0
Case #29: 0 0
Case #30: 0 0
Case #31: 1 1
Case #32: 1 1
Case #33: 0 0
Case #34: 0 0
Case #35: 0 0
Case #36: 3 2
Case #37: 0 0
Case #38: 3 2
Case #39: 0 0
Case #40: 3 2
Case #41: 250000 249999
Case #42: 0 0
Case #43: 1 1
Case #44: 1953 1952
Case #45: 0 0
Case #46: 1 0
Case #47: 3906 3905
Case #48: 0 0
Case #49: 0 0
Case #50: 2 2
Case #51: 0 0
Case #52: 250000 249999
Case #53: 0 0
Case #54: 0 0
Case #55: 0 0
Case #56: 0 0
Case #57: 0 0
Case #58: 7812 7811
Case #59: 0 0
Case #60: 1 0
Case #61: 1 0
Case #62: 0 0
Case #63: 1 0
Case #64: 0 0
Case #65: 0 0
Case #66: 0 0
Case #67: 1 0
Case #68: 0 0
Case #69: 1 0
Case #70: 3906 3905
Case #71: 125000 124999
Case #72: 0 0
Case #73: 1 1
Case #74: 0 0
Case #75: 0 0
Case #76: 0 0
Case #77: 1 1
Case #78: 1 1
Case #79: 0 0
Case #80: 0 0
Case #81: 1 0
Case #82: 0 0
Case #83: 0 0
Case #84: 0 0
Case #85: 0 0
Case #86: 0 0
Case #87: 0 0
Case #88: 1 1
Case #89: 1 1
Case #90: 1 0
Case #91: 0 0
Case #92: 0 0
Case #93: 499999 499999
Case #94: 0 0
Case #95: 0 0
Case #96: 1 0
Case #97: 0 0
Case #98: 1 0
Case #99: 1 0
Case #100: 1 1
