recurrence
relations
are
an
important
tool
for
the
computer
many
particularly
those
that
use
divide
and
have
time
complexities
best
modeled
by
a
relation
allows
us
to
recursively
define
sequence
of
values
defining
nth
value
in
terms
certain
its
natural
such
as
factorials
fibonacci
can
easily
be
expressed
function
interest
this
problem
is
described
let
denote
number
digits
decimal
representation
given
any
we
using
following
ai
i
0
goal
determine
smallest
positive
input
format
consists
multiple
each
terminated
line
contains
where
no
more
than
million
last
word
output
a0
program
should
one
containing
sample
9999
1
9999999999
end
3
2
4
explanation
first
resulting
a1
because
does
not
equal
find
a2
since
a3
making
second
third
10
a4
prediction
two
or
players
attempt
predict
score
series
upcoming
sporting
predictions
then
evaluated
based
on
sum
categories
listed
these
descriptions
actual
earned
team
predicted
point
system
points
if
they
correctly
picked
with
at
5
other
pick
correct
earn
were
off
their
so
player
predicts
which
beats
but
perhaps
competition
scores
been
your
task
provide
list
who
might
up
highest
total
when
all
whenever
refer
referring
mean
event
teams
will
allowed
tie
final
result
possible
maximum
200
spread
even
do
24
17
would
category
difference
between
true
only
he
get
receive
both
was
11
same
reason
scoring
analysis
according
formula
thus
obtained
integer
t
indicating
how
test
cases
case
follows
comes
space
separated
p
indicates
there
c
competitions
being
repeated
lines
p1
p2
finally
partial
results
reported
contain
integers
giving
has
yet
read
name
names
comprised
initial
uppercase
followed
30
lowercase
20
1000
either
neither
you
never
alphabetical
could
winner
alice
14
7
bob
21
13
dave
chuck
27
francis
eve
george
three
also
she
25
12
wrong
about
earns
picking
predicting
known
leading
37
way
catch
therefore
just
currently
40
15
from
50
suppose
57
60
before
here
high
inspirational
quote
reward
reading
entire
inspire
solve
tough
make
especially
yogi
berra
neocubist
artistic
movement
very
distinctive
approach
it
starts
rectangle
divided
into
rounds
layering
scraping
rectangular
region
canvas
selected
layer
cube
added
again
famous
artist
blockhead
seeks
help
during
creation
creating
his
curious
know
blocks
different
regions
write
tracks
work
answers
periodic
queries
artwork
created
rows
columns
without
like
figure
label
cells
tuple
upper
left
corner
designated
numbers
cell
represent
height
after
adding
lower
right
now
looks
ask
tell
him
remove
exclaims
r
next
n
operations
done
initially
empty
asking
remaining
correspond
top
bottom
corners
asked
block
operation
8
q
6
48
corresponds
description
ieeextreme
her
university
take
part
drive
four
lane
highway
long
quickly
becomes
decides
practice
contest
thinking
some
problems
related
driving
say
single
unit
perform
staying
car
forward
switch
k
units
ways
through
provided
ends
training
hard
come
solution
out
large
cow
appears
front
barely
manages
avoid
crashing
got
bit
too
distracted
incident
gives
what
had
set
stationary
cows
must
unfortunately
think
version
arrived
surprised
see
presented
pays
solves
real
question
begins
length
standing
subject
1018
100
follow
ith
describing
location
xi
yi
notice
guaranteed
share
kth
rules
additional
constraint
position
occupied
quite
please
answer
modulo
109
note
remainder
dividing
example
shown
available
click
challenge
sponsored
ieee
electron
devices
xtreme
security
devised
authentication
new
operating
made
unfortunate
design
decisions
vulnerable
stores
file
salted
peppered
password
passwords
salt
pepper
user
supply
checks
sure
less
characters
letters
prepended
put
hash
base64
encoded
stored
along
though
algorithm
similar
process
prompted
username
supplied
hashed
matches
specified
break
try
convince
designers
improve
inspiration
xkcd
consist
derived
chosen
alphanumeric
hashes
corresponding
may
able
cannot
arbitrary
credit
password1
string
encode
equals
desired
joe
hired
tacos
baseball
wants
calculate
always
insists
fresh
leftover
ingredients
day
thrown
taco
shells
every
gets
exactly
meat
rice
beans
recipe
add
while
another
servings
amount
specifying
days
s
m
b
newline
character
9
bean
transcontinental
company
celebrating
centennial
launched
exciting
cruise
passengers
select
cabins
great
people
applied
winners
decided
control
over
whom
win
lottery
obtain
tickets
tour
finding
difficult
prizes
potential
accommodated
entered
job
awarded
jerry
good
indicated
rooms
signed
pair
entrant
cabin
choices
falling
housed
morgan
claypool
otto
celebrate
palindromic
date
forwards
happy
5th
november
december
eleven
dates
sense
slash
delimiter
wait
start
moment
formatting
combination
prefixes
combinations
mmddyyyy
ddmmyyyy
hhmmss
month
year
january
october
mm
zero
digit
d
fifteenth
dd
yy
2000
12015
yyyy
complete
512
h
hour
pm
am
hh
minute
past
ss
dmyy
prefix
hmmss
24101510142
mdyy
10241514201
mmdyy
equivalent
similarly
dmmyy
separate
moments
occur
interested
unique
instance
counts
double
2010
combining
mmddyy
suffix
form
11111011111
count
account
leap
ignore
assumes
having
years
regularly
2015
2016
5626
3761
shows
36
111505111
mdyyyy
11201510211
01011511010
111515111
111525111
111535111
111545111
mddyy
1011551101
0111551110
111555111
111565111
111575111
111585111
111595111
mddyyyy
1012015102101
mmdyyyy
0112015102110
1115115111
10115151101
01115151110
1115225111
rest
overall
pippo
pizza
everything
pizzas
taste
shape
instead
round
makes
polygon
triangular
pentagonal
serving
cuts
cut
five
chooses
particular
odd
happen
rotationally
them
considered
sides
further
clarification
regarding
connecting
cross
represents
308
finished
print
terminals
capable
supporting
ascii
construct
specific
printing
produces
text
bigger
representing
printed
necessarily
need
formatted
32
inclusive
give
previous
zoomed
x
ending
previously
sets
sorted
random
blank
begin
transformation
ii
dashes
spaces
appear
capital
translated
exclamation
mark
