this
challenge
is
sponsored
by
the
ieee
women
in
find
an
input
which
will
make
provided
java
program
give
highest
equivalent
python
also
programs
are
accessible
via
tab
ribbon
above
with
and
best
solution
get
a
full
while
others
receive
exponentially
decaying
losing
of
score
for
each
unit
decrease
format
output
your
should
produce
legal
listed
first
line
be
integer
n
representing
number
lines
to
following
contain
exactly
10
sample
2
explanation
no
fixed
according
instructions
then
automatically
as
given
we
may
assume
that
you
have
written
outputs
3
value
two
follow
characters
when
it
equal
turns
not
very
good
our
would
maxscore
998
where
maximum
possible
large
enough
rounds
scores
rounded
decimal
help
ibm
puzzlemaster
test
answers
2015
three
people
playing
betting
every
five
turn
takes
place
random
player
rests
other
bet
against
one
another
all
their
smaller
amount
money
always
doubling
his
taking
from
if
initial
amounts
result
can
either
wins
or
players
same
play
game
immediately
end
after
task
none
has
more
than
such
way
cannot
less
example
there
15
sequence
moves
plays
1
arbitrarily
choose
winner
played
so
its
completed
hour
positive
integers
potential
word
answer
correct
needs
longer
case
exists
series
at
most
12
showing
latter
identical
subsequent
represent
state
previous
considered
starting
since
definition
scenario
last
several
ways
shortest
fewest
winning
round
lexicographical
please
refer
information
about
tie
breaking
27
8
6
24
16
32
0
beats
second
final
summarized
single
comprised
space
separated
pairs
describe
loser
string
summary
beat
finally
ended
over
could
some
described
but
equally
short
term
19
note
though
representation
comes
later
order
compared
before
represented
indeed
games
lexicographically
representations
thus
expected
additional
view
these
cases
clicking
on
group
engineers
snakes
bunnies
board
dice
composed
grid
x
numbered
ordered
depicted
connecting
5x5
shown
starts
off
next
gameplay
divided
rules
standard
die
rolled
piece
forward
advanced
squares
sum
roll
just
current
begins
applying
follows
except
only
square
already
taken
token
occupied
position
head
must
moved
backwards
corresponding
ends
goes
top
ears
rabbit
point
special
drawing
free
arrives
move
rolls
stops
infinite
loops
happen
evil
cycle
consider
11
slide
back
lands
they
advance
here
take
repeat
continue
between
lead
extra
sufficient
roles
complete
tail
snake
does
any
contains
100
dimension
character
represents
normal
nor
bunny
digits
letters
26
appropriate
pair
located
higher
lower
feet
figure
m
throws
containing
blank
who
5
4
13
25
screenshot
indicated
letter
told
advancing
he
ending
she
advances
double
gets
reached
click
able
see
finite
machines
used
model
systems
whose
depends
states
many
different
like
traffic
lights
valve
thrusters
combinations
entered
user
keyboard
steps
communication
fsm
defined
set
known
configuration
system
specific
transitioning
new
inputs
associated
uses
fsms
design
analyze
logic
circuits
memories
write
visualize
timing
diagram
relating
printing
purpose
labeled
subscripts
range
s0
uppercase
p
uniquely
transitions
unique
sense
trigger
transition
conditions
evaluated
beginning
t
discrete
time
describing
description
describes
stateoutput
variableexpressioni
list
i
variables
values
expression
destination
gives
timesteps
provide
during
interpreted
further
four
timestep
map
b
c
d
look
variableexpressions
appear
ith
remains
consists
waveform
ticks
printed
tick
numbers
signal
names
grouping
text
replaced
come
waveforms
alphabetical
per
variable
name
followed
numeric
aligned
third
column
respective
been
20
out
executes
parity
check
originating
s1
although
implicit
satisfy
explicitly
prior
therefore
stay
start
through
still
loop
nothing
changes
circuit
pattern
repeated
few
17
because
limit
john
computer
programmer
highly
achievements
addition
being
passionate
software
motorcars
successful
lengthy
decides
up
organization
cs
rent
luxury
cars
choice
hourly
rental
accept
bookings
weekend
decide
process
based
profits
placing
customers
quote
willing
pay
vehicle
particular
car
customer
careful
initially
available
hire
develop
maximize
revenue
denotes
remainder
ai
bs
booking
spend
entire
48
rented
meaning
am
saturday
days
noon
sunday
36th
pm
22
giving
orders
200
1600
2100
2000
9
400
3700
slot
total
similarly
generate
gopal
preparing
competitive
exam
prepare
topics
remember
concepts
better
identified
words
prepared
dictionaries
them
recollecting
sometimes
dictionary
certain
hard
want
lose
marks
due
requested
him
identify
belongs
friend
wants
do
came
chosen
made
selecting
subset
rearranging
necessary
consecutive
called
confused
extracted
qualify
needed
form
present
reuse
aab
aaa
whereas
candidate
memorize
strings
govind
inserted
appeared
harder
distinguish
those
calls
without
perfect
verifying
indicate
whether
tell
minimum
convert
require
speed
handling
include
main
function
reading
use
bufferedreader
greatly
reader
read
int
s
remaining
consist
lengths
greater
a1
a2
yes
denoting
ant
open
apple
lean
anteplop
antelope
penleantopan
both
missing
become
hence
required
build
eta
kappa
gremlins
live
long
hallway
light
switches
gremlin
chooses
prime
runs
down
flipping
pth
owner
concerned
electricity
asked
determine
how
21
flips
21st
now
13th
26th
turned
report
1018
primes
indicates
7
31
30
corresponds
problem
results
31st
length
action
were
previously
university
partnership
let
us
rectangular
bar
chocolate
times
chunks
chunk
coordinate
i1
indentifies
row
i2
identifies
left
corner
eat
whole
using
elaborate
principle
coordinates
selected
j1
j2
eaten
question
ask
eating
timeouts
increased
approximately
never
exceed
newline
suppose
label
ten
subterranean
antisocial
demons
roam
network
connected
cave
strict
sad
adjacent
sads
occupy
into
home
allow
pass
busy
roaming
fastest
return
di
cj
id
currently
empty
caves
larger
l
connection
ci
ids
location
reach
took
images
generated
clipart
part
gaming
firm
looking
offer
online
competitions
means
lot
users
share
channels
links
multiple
social
media
networks
company
implement
url
website
redirect
browsers
burst
popularity
did
plan
demand
encoded
urls
difficult
handle
regular
reducing
usability
boss
hoping
capable
solving
simple
critical
easy
comfortable
engineer
basic
understanding
devise
encode
original
shorter
hash
risk
base
target
wish
portion
algorithm
proceeds
xor
cipher
applied
repeating
perform
bitwise
byte
truncate
bytes
step
unsigned
below
base62
62
lowercase
capital
produced
least
padded
need
correspond
finding
encoding
apply
0x0a470c00025f424a
shpq4gzw1y
append
