recurrence
relations
are
an
important
tool
for
the
computer
scientist
many
algorithms
particularly
those
that
use
divide
and
conquer
have
time
complexities
best
modeled
by
a
relation
allows
us
to
recursively
define
sequence
of
values
defining
nth
value
in
terms
certain
its
predecessors
natural
functions
such
as
factorials
fibonacci
can
easily
be
expressed
recurrences
function
interest
this
problem
is
described
below
let
denote
number
digits
decimal
representation
given
any
a0
we
using
following
ai
1
i
0
goal
determine
smallest
positive
input
format
consists
multiple
lines
each
terminated
end
line
character
except
last
contains
where
non
negative
no
more
than
million
word
output
program
should
one
containing
sample
9999
9999999999
3
2
4
explanation
first
resulting
a1
because
does
not
equal
find
a2
since
a3
making
second
third
10
a4
prediction
game
two
or
players
attempt
predict
score
series
upcoming
sporting
competitions
player
s
predictions
then
evaluated
based
on
sum
categories
listed
these
descriptions
variables
s1
actual
earned
team
s2
p1
predicted
p2
point
system
winner
points
if
they
correctly
picked
e
with
at
competition
maximum
5
other
words
pick
correct
earn
were
off
their
so
category
spread
predicts
which
beats
another
some
but
perhaps
all
scores
been
received
your
task
provide
list
who
might
up
highest
total
when
recorded
notes
whenever
refer
referring
mean
event
teams
playing
will
tie
addition
allowed
final
result
possible
200
even
do
example
24
17
23
30
would
difference
between
true
only
he
get
receive
both
similarly
9
was
11
follows
again
same
reason
scoring
analysis
according
formula
thus
obtained
integer
t
20
indicating
how
test
cases
case
comes
space
separated
integers
p
c
indicates
there
being
played
repeated
name
finally
possibly
partial
results
reported
contain
known
giving
has
yet
read
unique
names
comprised
initial
uppercase
letter
followed
lowercase
letters
1000
either
neither
you
never
alphabetical
order
could
own
alice
14
7
bob
21
13
dave
chuck
27
francis
eve
george
three
also
she
25
12
wrong
about
earns
picking
predicting
leading
37
way
catch
therefore
just
currently
40
15
from
50
suppose
57
hand
60
before
here
high
inspirational
quote
reward
reading
entire
inspire
solve
it
tough
make
especially
future
yogi
berra
neocubist
artistic
movement
very
distinctive
approach
art
starts
rectangle
divided
into
squares
rounds
layering
scraping
occur
round
rectangular
region
canvas
selected
layer
cubes
cube
deep
added
removed
famous
artist
m
blockhead
seeks
help
during
creation
artwork
creating
his
curious
know
blocks
different
regions
write
tracks
work
pseudo
cubist
answers
periodic
queries
consider
created
rows
columns
without
like
figure
label
cells
tuple
row
column
upper
left
corner
designated
numbers
cell
represent
height
fig1
jpg
after
adding
lower
right
now
looks
fig2
8
fig3
ask
tell
him
48
remove
6
fig4
beautiful
exclaims
r
106
next
n
104
operations
done
initially
empty
operation
top
bottom
q
asking
remaining
correspond
corners
note
asked
block
itself
corresponds
description
above
ieeextreme
participants
her
university
take
part
year
contest
drive
four
lane
highway
long
quickly
becomes
bored
decides
practice
thinking
problems
related
driving
say
single
unit
car
length
perform
actions
forward
staying
most
switch
k
units
ways
through
provided
ends
training
hard
doesn
come
solution
sudden
out
nowhere
large
cow
appears
front
barely
manages
avoid
crashing
got
bit
too
distracted
incident
gives
idea
what
had
set
stationary
cows
must
unfortunately
think
version
arrived
start
surprised
see
presented
coincidence
pays
solves
real
question
begins
standing
subject
constraints
1018
100
follow
ith
describing
location
xi
yi
notice
guaranteed
share
position
kth
rules
additional
constraint
occupied
quite
please
answer
modulo
109
remainder
dividing
shown
figures
fulfilled
ex1
ex2
ex3
available
click
run
button
challenge
sponsored
ieee
electron
devices
society
xtreme
security
corp
devised
password
authentication
new
operating
made
unfortunate
design
decisions
vulnerable
attack
stores
file
salted
peppered
hash
passwords
salt
pepper
user
enrolled
supply
checks
sure
less
characters
prepended
appended
utf
encoding
put
sha
256
algorithm
base64
encoded
stored
along
though
sensitive
authenticated
similar
process
occurs
prompted
username
supplied
hashed
matches
specified
successful
break
try
convince
designers
improve
inspiration
xkcd
credits
consist
derived
chosen
ptjjbozglsmtovvyohbootvnqkup
gjxxjlaw9lppw
05hwh93tksb69u1ifescquyfp
gkpvh2l6w8jebdxy0
0bkyqi3nhyjh0m20wnt6txw08dglsmp4
qzueezq4aw
1mt5cdkrz4bbfmdc8ladnxfjsgo4lv0k0
v1ihtidmy
28adfw0jhmcp4tbiegon8dafrafpugpzux2bhzn6wsm
3hoie8omuyvm
9qfx9dkfoptlwemye2os8aohtgzoyw
3udaglidyun11aadehelbje15a0l6haawnzmjcgtt
4d4nstiysjvn826q
sxuddmxgljplpywijyf9rt7h8u
7fcsexcdtaxylh3epnnx7yrj44szehqyv3gmpsa6pwk
81x3nn5jgtuggqq3erf0el
l
wzfykcwur6fz06l2us
8fzga
ns7xizlravor
foeksq4gaoqrq
kpbknxhizc
8otpj
e1xhv2rdskiewjc9kufwprzaqehj735er6ave
8cdgzu9dborctbmqelm
y9vh5ftbrq7n9ega
4qvhuk
8esdbw8zvmuuumey2scf5qgizyiykevrvkpq2bvyhj4
9ds4orbhpfbjjcoseqqg
eg0si5qsonftfhiqk8syug
9xdfiu4rph0el5xr
5vyilj3ufayltpfjonjkp
vclk
b2e
dywblekutokps8hxhfrzwucwac4kjzygsxg3g
bjqeqlv
4ejv0je5gpekzgdhhwhl5nnrbtd
170lzca
bjqih
a2funhluwhbi8nwmj3hmhmah6ag0kryvsavo8
bwbasoqpsxtevcpawijrhyogsus1bf
blns2qdclyui
cydzabjeytawcedecvrx83514umpjzvquq68diz
pxg
cornanxoz5fjnlhwhmk42cdxf3h6jfr3g73yiruoymq
dda2tjx20ppsnftfyj3s6lbwsmsr3eadzgdxw2wthbs
ffxy3vru2d8rtwzrlh9lsmvteusfwgo17omjctqtecs
fgkqfc
jldqdz10fql1ngw7aqnwioorz3ydeajyxbwo
fz
y0h
r2rmzlc1c88yx0a0xluynvtinlw5qasx8vwq
gcjmwmdf6
f
onf6oi1fbpnn7dvrfeznlxthqmaygs4
gsxtqm0w
clb1c9b7n28madu2qulei1n91ktybboehi
hlnuqqmcyetzrau3frcdepz52qciby108gugsmwawq0
hwv9gx
gl
6g
0b0eoc
1z
8bhse91
5t
ddidweknu
idb
pothrwobzapj
n8hsranhwfbexaa2uusdikhffi
ixyqlhbveonerbxfe8saepeekex45eihic
l8cr52kk
idvs4al9yzsqpg8xksxvqb6movhbw5k
qtf8uzkyve8
ixqxcfxr51q8h8flblphyfur30liat6hx8tjzwva
ge
jcmqbn0msw13temsqpywg9fj25murqfyvsk2arxtt0a
joxxlh
i8i
fxdiwp2cts5si
5en1a8m3s
vy6aadic
kuda8vceqdgaacsxotpacluxnvps3mazpkwi
lvupak
lgzefbur
tmrepjtsao
uuewcjxapmgfhdbh1zzfdhu
lzizmweqxdpjsnkttfgrag
juhhrbtekt1xco6xbdme
lq0kv5m0hdsgb4m5kzbbn6byrnlkkfaaar3
11ueopy
lqxt1ujt1ecv6ucgyn
yrgsutxpwkzgddtbyggwc
ba
mhqtb1mssvhbxmpdruiam9uj1qxu7zyq3fqdlw2ht2s
mkewbzryb2l36y0tdyx
wuvexugfiszcjplm9y1w9m0
n5aunkghen2wetlxlzfhfcxafkwtgu
imziitf3t7oy
nmrouzhxksfnt8uj1yxbrl8i
hcab
glj0bbxchfage
nnss
auw1z6zytsfqaiivp4xxhhe70av
idhdlkoitq
o9l1zwywuzgaimtjowuogxfpc
c44zzcdhpt08ljr5c
ye
l9w
l6hyz
v1poswyboegemiisarl8ohuvfbli
r1v9feb9vrzuu5xiytktqhhf03vtxg7
ktffhpkqucq
rvfhslovxa
6twgesbasiikzxkvtdpt4yyvjbohhik
rz38ng2qi3mpkarb6udocymmfzbvtczpt2sg1o
tzqo
s98fbzlv2vmvp
23m1wrhmjircy1rhoqgy338c4bs
szraqwwasg5zo1tjq16dqu
7m
o
wriawrl1affvwr8
tinfnywxvofba
9qie3
xefdpo5er
jn3boshhzwu
vdkcrd54bhylk5wg2ppda
jzgrskmepgiv6tw3i2ksc
vjftqtey27v8lk2ycvhlhym2brh9bn1vwckvaevsiiy
wau4reopjfkk8syynq5libl
rgg8abr6h9ugtiv2u7i
xtewsxf16y6bc7vqxdy7hwrdbvwo3dv9c6cdvsf4pls
y5b6uztmuefyifml4a61jld
zhfg74
rvn8xaqqu
8c
yollqblewcxe
kf6pkvv0r1clzkkx82657bb0eqbik0
yzsqlqttq5j
kd
hw1isgbw0mn61vsqsxneipq0syco
ajih
q0yjyzcpierktbue5jdtzsf8tkxvkuhyupq65k
bi6rh2hgtbjxr2gotnwzllxiiwzvnobptgj0kqocsyo
cx7vymvsyhurvefaub3unh8kmjpnfg0tatupn562iog
escticrzhpbngpu3f4ivpkluv7mqlulmwaha4uo975y
euqkcvcbgix1bghhmnn5mxjfjhvruinmg65tjt
eq1k
ge7pseb3mspptyg3jrozt9feqtfpfyqvbf2sjd9v19y
gmi4hc4o7fmv6yiru48bvy8i1khxwkad36g7bwizheo
h84yifawglj9sakeqxz3qejkxl42aoscp3l5tdevm98
hegkcitzsa5x560hodroibbte8pv4sp1vxg4d0fxwci
ix
0ijiplphesheii
ivy
flrxn3xma0ey6uiti34
j2gtuqtqzpoty8wf16zkvnbdcltnx3ooz30sjquniuk
jtug00esmzzfkk8jgkg3opkmprpn9xbwsdnxqspczwo
k1j9dv3ei442co6a2fgn1h8jgfo2kjnbvkjdr0wivka
kurpkih9kanz6xvg8u6go
iarh
sqhrntijbzhxc0yq
lfgqrrqtz1wxmo22u
is1zmwwutuyrtjigssb7i9nhi
lufxhx9xh2aohhemmqqf
f5bnh97avew2uowen3b7he
m0ieuugwdol9cfufryjhoucbt39t0dpp1xbokpqhp94
mga5kgalstqpgubp4vz8oiz0p4jjagl0wjgls6kqyma
nmawadyveiawoqtqwmpbawdhurgrq
fmwwbrm7comiu
opbtoc66ydrblnqzaau2fiekff0hmoghcocpyenhdx4
ot
igm
me4e3utt731qcbksactoyadmcddr7i7lcwgo
qrkd
8imurtidb9n1w2hqrxjakdx3wqh1hvxps7dym8
r6bn0tdyayzd0nmc7bfv0wrcfbb1a2wippkhvrg59k8
rdalvoyvha3hnutblaqxigwbsgmyzgtreskymoaokfw
rjwtkqkpc7cfq
zz
e9c
fzqyhrvhvtakefb
srihcq
rwvmtdijxieetbsngvpxygwzzk
fgo7527odguqujtq
socjeo02bt2w
xzurloopbzvq1lrhdfe88gvrjq8p
g
tddmkqpmivdfa1ydblkhsfzl4z9uiq9fsouf3tybou0
tojyintlwmq
7r1dsvxdk3w5at
nmai1uxchy61wakk
tqpgcbzhr
0onfk1sbihphz
krixmy3cgduxqnmjwlg
uazths7b4ysztwpm9pj7ulynhfdpfabpr2iprqemff0
ucg9dsbejcorzwsx7
u8g340p74s8lds
el8mieoymo
ugciipdid0r1ufqbacn3pnxhwlhen77gdaccfgpbs
usg8bttsfewl5m3ovg91tjctc5vonlqgucc
si1grsg
vs2scu8qg0pdyqfcjlpzdzvcbjnhp1ogfrcxp4i3ffw
wetqas8jhjicwnxshawf5sg6noswug9qej7usw7yd7c
y
zbmpysky
wf97kkgrq
tbpm7itqtj9guwmgjcqfya
y1r6jqiuzuovgtdrvckbeqaymhfoupzhi5zuqvpfcgw
zqkpaot5zihserxc0tguzf3rjxzbhakdjeccvt3f7jg
alphanumeric
string
hashes
corresponding
may
able
cannot
arbitrary
credit
crack
password1
ieeepassword1xtreme
encode
equals
desired
joe
hired
tacos
baseball
games
wants
calculate
ingredients
always
insists
fresh
leftover
day
thrown
away
taco
shells
every
gets
exactly
meat
rice
beans
recipe
shell
add
while
however
ingredient
servings
amount
specifying
days
b
newline
bean
transcontinental
ocean
liner
company
celebrating
centennial
anniversary
celebrations
launched
exciting
free
around
world
cruise
ships
entry
passengers
select
cabins
stay
enormous
great
people
applied
voyage
winners
decided
lottery
control
over
whom
win
obtain
tickets
distributed
jerry
tour
manager
finding
difficult
prizes
awarded
potential
accommodated
entered
job
good
yourselves
indicated
rooms
ship
500
signed
pair
entrant
cabin
choices
falling
inclusive
housed
morgan
claypool
publishers
hannah
otto
celebrate
palindromic
dates
date
forwards
backwards
happy
2015
5th
january
october
november
december
month
eleven
19
sense
slash
delimiter
disregarded
wait
moments
moment
formatting
combination
prefixes
suffixes
prefix
combinations
mdyy
mmdyy
mddyy
mmddyy
mdyyyy
mmdyyyy
mddyyyy
mmddyyyy
dmyy
dmmyy
ddmyy
ddmmyy
dmyyyy
dmmyyyy
ddmyyyy
ddmmyyyy
suffix
hour
minutes
seconds
hmmss
hhmmss
mm
zero
digit
01
d
fifteenth
dd
yy
2000
00
12015
yyyy
complete
512
h
am
pm
hh
minute
past
05
ss
42
24101510142
10241514201
equivalent
separate
interested
instance
counts
double
counted
2010
combining
form
palindromes
11111011111
111110011111
count
account
leap
years
ignore
assumes
having
regularly
2016
5626
3761
shows
36
51
111505111
02
11201510211
01011511010
111515111
111525111
111535111
111545111
1011551101
0111551110
111555111
111565111
111575111
111585111
111595111
1012015102101
0112015102110
1115115111
10115151101
01115151110
1115225111
rest
overall
mr
pippo
pizza
shop
everything
pizzas
taste
shape
instead
makes
polygon
shapes
triangular
pentagonal
serving
cuts
pieces
cut
five
chooses
particular
odd
happen
rotationally
symmetric
them
considered
distinct
sides
further
clarification
regarding
connecting
vertices
cross
represents
308
finished
reached
print
triangle
pentagon
ago
terminals
capable
supporting
ascii
construct
specific
printing
produces
text
bigger
layout
representing
printed
zoomed
necessarily
95
need
translated
formatted
32
126
give
previous
x
000
ending
previously
don
sets
sorted
random
blank
strings
begin
transformation
ii
hi
spaces
clarity
dashes
appear
capital
exclamation
mark
located
women
engineering
java
python
v
programs
accessible
via
tab
ribbon
options
submissions
leaderboard
discussions
full
others
exponentially
decaying
losing
decrease
none
produce
legal
whitespace
abcde
t234
fixed
instructions
automatically
assume
written
outputs
998
turns
our
99
maxscore
enough
rounded
places
ibm
puzzlemaster
betting
turn
takes
place
rests
bet
against
money
smaller
wins
doubling
taking
loser
amounts
play
immediately
255
moves
plays
arbitrarily
choose
furthermore
completed
ok
needs
longer
exists
showing
latter
scenario
identical
subsequent
state
starting
definition
several
shortest
fewest
ones
winning
lexicographical
information
breaking
procedure
16
summarized
pairs
describe
summary
beat
ended
course
equally
short
term
later
compared
represented
indeed
lexicographically
representations
expected
view
clicking
group
engineers
snakes
bunnies
board
piece
dice
rolls
composed
grid
numbered
ordered
wise
depicted
5x5
png
square
gameplay
simple
standard
faced
die
rolled
advanced
roll
current
applying
already
taken
token
head
snake
moved
tail
bunny
feet
goes
ears
rabbit
heads
tails
special
drawing
moreover
drawings
arrives
move
stops
infinite
loops
evil
cycle
happens
slide
back
lands
advance
repeat
continue
forever
configuration
lead
extra
sufficient
roles
dimension
normal
nor
z
26
appropriate
higher
throws
etc
screenshot
08
09
told
advancing
advances
18
doubles
code
finite
machines
fsms
used
model
systems
whose
depends
inputs
states
traffic
lights
intersection
valve
thrusters
spacecraft
key
keyboard
shortcut
send
steps
communication
protocol
fsm
defined
transitioning
associated
uses
analyze
logic
circuits
memories
flip
flops
visualize
timing
diagram
relating
circuit
purpose
labeled
subscripts
range
s0
sn
j
skipped
uniquely
transitions
trigger
transition
conditions
satisfied
beginning
discrete
describes
stateoutput
variableexpression1
dest1
variableexpression2
dest2
variableexpressionp
destp
variableexpressioni
comma
delimited
variable
tokens
activated
expression
desti
destination
timesteps
timestep
interpreted
sj
map
look
variableexpressions
expressions
remains
waveform
underscores
asterisks
ticks
together
tick
wide
signal
grouping
replaced
waveforms
per
displayed
numeric
aligned
respective
executes
parity
check
originating
self
loop
low
although
implicit
satisfy
explicitly
prior
still
nothing
changes
pattern
few
times
limit
john
programmer
highly
achievements
field
passionate
software
professional
motorcars
motorbikes
lengthy
career
passion
organization
spark
cs
rent
luxury
cars
choice
hourly
rental
basis
accept
bookings
weekend
decide
profits
placing
customers
willing
pay
vehicle
timespan
customer
period
careful
hire
develop
maximize
revenue
denotes
bs
booking
spend
100000
rented
meaning
saturday
monday
hours
noon
sunday
36th
22
orders
1600
2100
400
3700
slot
max
generate
gopal
preparing
competitive
exam
prepare
topics
remember
concepts
better
identified
topic
prepared
dictionaries
recollecting
sometimes
dictionary
belongs
didn
want
lose
marks
due
confusion
requested
friend
govind
identify
thought
came
selecting
subset
rearranging
necessary
consecutive
called
confused
extracted
qualify
needed
present
reuse
aab
aaa
whereas
candidate
memorize
inserted
appeared
harder
distinguish
calls
perfect
verifying
indicate
whether
minimum
convert
require
speed
handling
languages
include
main
std
ios
base
sync
stdio
false
bufferedreader
greatly
reader
inputstreamreader
int
valueof
readline
checked
lengths
greater
yes
denoting
otherwise
ant
open
apple
lean
anteplop
antelope
penleantopan
hence
missing
become
required
build
eta
kappa
nu
gremlins
live
hallway
light
switches
night
gremlin
prime
runs
down
flipping
pth
owner
concerned
electricity
bill
state1
flips
7th
14th
21st
state2
13th
26th
state3
3rd
6th
9th
12th
15th
18th
turned
state4
report
evaluate
primes
31
31st
action
28
partnership
bar
chocolate
chunks
chunk
i1
i2
coordinate
indentifies
identifies
eat
whole
elaborate
method
principle
coordinates
eaten
j1
j2
eating
timeouts
increased
approximately
exceed
10138
ten
subterranean
antisocial
demons
sads
roam
network
connected
caves
cave
strict
sad
adjacent
occupy
home
allow
pass
busy
roaming
fastest
return
di
cj
id
larger
120
connection
ci
ids
reach
took
images
generated
clipart
www
clker
com
gaming
firm
looking
offer
online
streaming
means
lot
users
channels
links
social
media
networks
twitter
facebook
implement
url
redirection
website
redirect
browsers
burst
popularity
sport
sites
did
plan
demand
urls
handle
regular
reducing
usability
service
boss
panic
hoping
solving
critical
easy
comfortable
manner
engineer
basic
understanding
science
devise
original
shorter
risk
collision
target
wish
portion
proceeds
xor
cipher
repeating
bitwise
exclusive
byte
truncate
bytes
step
unsigned
details
base62
62
35
61
backslash
produced
least
padded
zeros
010
0010
00010
http
org
membership
services
young
professionals
index
html
shpq4gzw1y
btazwa9mke
0x68
0x74
0x70
0x3a
0x2f
0x77
0x2e
0x69
0x65
0x6f
0x72
0x67
0x78
0x6d
0x63
apply
0x00
0xc
0x1d
0x0a
0x47
0x0c
0x02
0x5f
0x42
0x4a
0x0a470c00025f424a
740
573
857
905
066
570
append
aggregate
astonishing
much
patterns
interactions
human
relationships
flow
directed
subscribe
newsfeed
person
newsfeeds
path
subscribes
linear
graph
news
items
posted
himself
everyone
community
metric
member
communities
color
green
jose
willy
elena
posts
javier
included
sizes
biggest
10000
size
relationship
reads
jon
peter
feed
fewer
outputting
existing
diego
gregorio
statement
vangelis
bear
digital
generator
brother
mitsos
built
latin
alphabet
records
study
writing
valid
small
started
recording
lasts
exact
abab
abababababababababab
abababababab
abc
aaaaaa
aabaabbaabaabbaabaabbaabaab
ab
aabaabb
bought
property
inside
forest
corporate
headquarters
land
strictly
convex
interior
angles
180
plane
locations
cartesian
plot
really
old
trees
protect
parts
building
ancient
reside
preserved
park
separation
diagonal
compute
tree
border
image
area
half
repeats
300000
compose
vertex
counter
clockwise
going
boundary
placed
edge
display
optimal
division
clear
m2
topology
branch
mathematics
examines
structures
objects
euler
characteristic
topological
item
collection
dimensional
minus
holes
useful
applications
2d
recognition
classification
black
white
characteristics
image1
filled
touch
diagonally
width
pixel
ranges
oooo
oxxo
surrounded
domain
equality
inequality
satisfiable
assigned
assigning
assignments
change
domains
bound
within
bounds
occurrence
operator
additionally
parentheses
constants
fully
parenthesized
precedence
symbol
symbols
once
plus
constant
operand
syntactically
w
puzzle
secret
hidden
mystery
g5
typical
vertical
vertically
horizontal
horizontally
yellow
frame
hole
side
constrain
moving
cover
exit
won
outside
permitted
winnable
specifies
leftmost
dimensions
matrix
labelled
brown
covers
fit
designating
respectively
configurations
250
specification
xplore
ambiguous
binary
node
search
en
wikipedia
wiki
background
default
limits
doubled
key1
key2
nodes
node1
node2
child
edges
bst
instantiations
alpha
beta
gamma
delta
image4
image2
gif
fulfills
keys
sub
root
subtree
image3
rock
paper
scissors
lizard
spock
invented
sam
kass
karen
bryla
extends
favorite
sheldon
tv
show
big
bang
theory
crushes
poisons
smashes
decapitates
eats
disproves
vaporizes
graphical
rpsls
enjoy
strategy
keeps
ties
tied
choosing
loses
opponent
lost
chose
evaluates
aliceshape
bobshape
forms
wingames
tying
tiegames
acceptable
continues
fourth
syncfusion
recognized
success
marathon
energy
level
attempts
reduced
released
accurately
attempting
skip
sleep
gain
doing
drink
caffeinated
cola
drinks
option
usual
expend
caffeine
wears
consumption
boost
sleeping
drinking
sleeps
skips
gains
twice
slept
drinkcount
crash
168
envisions
week
107
skipping
colas
receives
energyrequired
70
80
90
160
penalized
raises
earning
expends
release
150
depleted
boosted
maximizes
