111
111
111

010
111
010

correct = 9, wrong = 5
R = 1, ans = 4 ... 4
Case #1: 4
01110
11111
11111
11111
01110

01110
10101
11111
10101
01110

correct = 21, wrong = 17
R = 2, ans = 4 ... 4
Case #2: 4
0011100
0111110
1111111
1111111
1111111
0111110
0011100

0011100
0111110
1101011
1111111
1101011
0111110
0011100

correct = 37, wrong = 33
R = 3, ans = 4 ... 4
Case #3: 4
001111100
011111110
111111111
111111111
111111111
111111111
111111111
011111110
001111100

0011100
0111110
1101011
1111111
1101011
0111110
0011100

000111000
011xxx110
01xxxxx10
1xx0x0xx1
1xxxxxxx1
1xx0x0xx1
01xxxxx10
011xxx110
000111000

correct = 69, wrong = 53
R = 4, ans = 12 ... 16
