mweaul
iopnje
doezws
qwpivl
dkswzv
amnltk
svgnkd
oakmyj
lvdysr
vgpbew
iygwzl
eciydu
zselav
elpnus
gearml
bzyntp
nieqau
wibmec
ocargv
dpbigz
cjegal
ujvpgw
nkoprv
kcnymz
jrwcba
ycukwt
toviwn
ibdzuw
ebwsuj
nyvzet
rmktue
gwqalo
eoutmz
cyekgq
zgvrml
jklsnu
lpdavk
qnvpmc
uzjndw
dgvzqc
voyrib
wbmysr
wlueqi
slqpuz
vzurcw
ukivre
envkat
wtngvp
mgjbdn
dbcjqu
ljgeyz
rjkdmt
ajmput
kmrnlw
lidgcu
kbymnd
wctjym
lprcje
kijonz
umpqeo
pzkewo
adnuti
iypvel
wlcrau
gzsdrk
kpbtri
bvcsmd
svrbyc
qmplag
ykrmto
pcrvnz
jpcnsy
vswjgo
nosgpi
ndagvc
vudtwc
laenig
zecibt
pincds
weidjp
tzbpkw
lawznd
onvdag
utaopm
wmiudy
vanlcw
edivjl
riclvp
yuzrce
mqszan
qeijam
cvdlmg
pkcztr
tcoqma
bnwsup
kgcmzn
uvmskr
wnkgzr
vimdgr
dorbli
ynuikj
yictsl
zsotmk
nbrelq
bqnrve
omeqts
sdnily
tlzbqi
zlwypk
otksgi
wmrtqu
orauwl
ksrjug
wibtpq
rdgvou
eabcit
ozinsb
awgqrt
bjedim
qbwicg
truelv
ejzwyv
nbjoda
pzruvm
kidytc
yvatkz
vaupjs
rpdqkz
kojgtb
gnbsul
igbdue
ncomvs
mkiwje
qebkom
earvdg
kuondw
laegst
skjicz
jzswko
qeomdi
zorade
lbswin
wjldai
novkzd
opmvjt
zlrgek
ulwztj
cusnbk
ejzkpd
kbmgpj
rkgstw
npgsat
bdgpoe
oymebc
jzinvk
eazyup
kcpawn
lktqud
gakjer
kamsbd
cmtuzs
mztjsl
wtcksy
tlemwb
imqnor
cjliws
gbmpuk
ckobjg
bzcmot
suplyo
zalptb
qgjenm
mlvanu
atyowr
twlznj
kgrwmt
svkqlw
ymivta
kvzpsi
qkgnwb
bzkavl
mjzblq
zwgjbs
yvdusn
zjocyn
tkbwiu
lkyusr
etmgzs
rlaysq
kdcqog
ydlemz
qjerop
jueimv
wgieqp
lrstam
vqciun
jdgtms
ebiqly
reqams
mlsgkc
vwbgnl
qgjmvt
docqny
tjbnmz
tgzsny
ykwgns
jwulto
grjslu
wbtyej
eirjnm
qkecjw
ocvygq
mdwjae
ydrpzt
slwurb
jwvbpe
uapgyt
qmzngs
ptbujg
diangj
aqgziv
jryukv
rnecgb
eauywp
dijpgm
qgiotb
zkgjlp
qrlwzt
nipukt
ugkrao
jlgydq
bgpckd
vmlysr
cwqmay
vawron
pkuwrd
scduyo
ojyant
sotzgd
qtrouc
tydbca
rdamln
oatsqu
qklvby
ntuoic
dispcj
dtbswv
laocqn
utvqdc
jopzvq
jregly
iaybcm
zjbgqu
jvnkiz
disecj
stpqzl
qgtnci
saoeul
gjoznr
wraqsb
unjtea
plidqw
ejrklz
cdrvze
egrqwc
unikwe
detrkp
kzolvn
rcvqkd
tkroja
bmlgps
bivqeg
ekroad
glirue
vlgkzj
wuocmb
sqpktg
bqjgiw
agqcsk
gqlcrm
tdyqvm
poersu
wdqpvc
owgnmy
rtyvde
nweqdp
qelzrk
dgqklt
muoyis
cguloa
ylvwnc
uogmkp
bucrdz
taeoid
vbiwqg
roajkz
zoujqk
tgpiec
qvjgwn
ucaiwb
glbver
tldqjz
smripq
lnskcr
lgipzj
mqoibp
vlrntc
lamzts
mowgcr
ajbilg
jlnqcu
wzpjqn
recauv
iozsnp
cluiwr
ondast
nolkcw
ygtoun
cptvjs
oetwbl
amkriw
gzswnd
yildwr
ylazdo
dkrpoi
nwztlu
pswkgu
rsjcki
boctjs
mobtdy
rcgkbt
pdybng
zqlmcn
gtpuvw
vqjybn
bocavi
golvum
wguokd
mnrijk
vptngq
nwbrgd
qupkzt
tdnpzk
nakmtb
jszria
mdgzyk
dtqezu
ayknwg
wstumg
ktmuij
spbkoj
utclsr
dpctam
sadrou
qaywbd
pzgdva
yqcdeo
uzlakq
ojdnai
wacsdo
jlzqbp
qpkozv
pelkob
jbdwzi
cqmndp
tramzq
zoajyg
bdcuzr
ygocqr
jbdvuz
ickdml
omeady
lsvcty
sblntw
zlwdmq
udrpil
wrtego
lwptar
cigrzy
edncmu
kogsdt
gmjder
einlcd
gmasld
glqyvn
jspryq
njisge
vmsgnc
gtvecr
djgpso
lsbvjd
jtzvnc
zuyrpq
wpaznr
mqzoun
zmecvt
kgvsuz
mqlpwg
ceyudl
wksypl
qkejzp
nqkyzl
vlwrti
wvsqdi
drjkwt
lvgzky
rlcbut
vwbyaj
lctgjb
gvrpyw
jslrvu
niaywo
ucrzwv
opwjdm
vwjsim
tgqmpi
osdzwb
tnvgqz
uamrqk
lvbwnr
tswvgc
yjswmc
libeps
ptnvzc
qpcnbz
svrbpz
takdqj
enabdj
wqmyvu
cdqzpa
uytmbi
wjslyc
qtverg
bpdorm
alture
qykoat
vsakcu
tjolev
gbdjup
lymwdo
rcgwok
pmubyd
zldtqo
oecanq
crmqbd
vzycdn
rswcno
rbcpzk
lasgnv
lbiqkv
zcmjru
qoerga
tynkew
lkuwbr
euoijd
sgzbne
lwcsaz
uetivp
vrmykl
cyotld
zluoty
ztijgd
ekguqi
gbipkm
srudnw
gjtqrn
pyokqg
wytrlu
opskbq
krjiml
dejkmy
wqaztb
olgenj
domaus
yerlcu
uwdtiz
toiwyu
eubton
ylvpqm
saebjd
qcwmgl
uqpcvl
gzropi
ljkdcy
qmzwer
gpdani
adkrjs
vistae
wginym
wikmnz
yrjctu
rvqwcj
qvuacp
tzqykm
giaqrn
pgeuni
rknutq
ldgbei
pyctez
vzbwko
kmozts
cslmue
nkywlv
oajtnm
rdystp
nymail
zjyctb
vpylne
sdapkv
uvdpml
citepz
rgnwdv
qtdirk
lqevur
esdlzj
vjoela
kjmprc
ectdlk
bicvjz
cmtpji
ieonsc
vuznmr
jgapdw
mwubzp
kwmuvy
swuijb
qojbsi
gauqoj
uboavc
daywmg
gmzapd
debsrv
lncitd
dqvmwl
smdlgc
zmrwtj
cprgaz
ibekoj
yiotnv
yldnau
lirqnk
igtozj
vromkn
gnprdo
klesmn
cswlpm
znuvas
jyknaz
jmlbti
pksiae
kgvipu
qegjza
wuetlz
lpyoae
bzgpjs
wbkjoa
tnwkzr
cgqaoy
knqecl
acumgl
abvezn
cjdnqk
nudtqs
evjilm
gtswez
lwtuyo
dbimet
surawn
picesq
lkougm
bwnzmk
bpyism
gewvtl
wdtmqz
mlipvb
bzlagc
bgduyt
veamwt
kjorwv
uzncyj
kijuwa
sgrpli
incdvg
envliq
kjgqne
cblpvy
tcklay
roisyz
ctybal
cmuzdi
kzcmdp
cujros
dqkpta
cltuan
zbvepc
wqmyjd
vbwndr
dtqabi
mzjeaq
nkyepr
rcqmsn
konrds
azclgk
yurbpc
aetvsc
takjyn
btdwia
tjowze
kdqsry
ijsuad
dnkmya
elkdns
gwysdn
seqyrp
vjyuwr
zlkqgs
juboda
yqrzva
pkeyij
ikamwn
auesdr
yovqbn
ijztdq
dnqyes
uicwtn
ilbgdq
tbeoaq
ylcrjz
gqrdie
jriusy
iepwta
uysdao
zkcvwg
ypzoga
ebrnis
vgdsyk
bzqscu
cudsol
zduejb
wiocmj
prozsj
ajgzbn
vlcumw
baiyue
raupqk
eldjwo
bipydc
vmtucd
unjezb
kniesa
pojeky
erzmqa
inguwq
unbpkz
kiatus
cgnaki
dawqki
wcqivk
vbnsiq
noawkm
bicvkt
awrnes
qojuwl
gbnezd
wzyouk
aplous
miqgvs
qimrue
twqlpi
isuyog
gqrslv
dcyagp
vclzgp
lnkmbp
npbzgc
dqypgv
cjpdet
dgcyvw
gjosvd
lryvgp
otbrij
jtmpsw
aezsyn
updyir
idkzgt
rckbwj
bakugw
dlyqki
svcrtp
tynpim
yvutkn
bosezr
tdvklj
creqzk
qnzabl
manvqo
tkuigo
zjpdnq
denypl
epykln
pgavwr
kzpvya
pzicgy
arydcl
ckibrv
pmgoyn
zyavot
auonjb
klgrsu
vmwise
eaorcz
gczmkp
pbsqau
zljuce
wqyscu
mtvesz
dzjcti
kvnrsg
bsrpmg
bolrky
pidawk
czvmyb
zycbgn
ystoza
ygkwdv
zrwmdj
idubpv
dtcqkv
ouzqdt
dgkrmz
epkdsg
tvrzqy
conktp
qazwpr
cvluba
srbvko
nuelvw
gbsdmj
wmglec
peiukg
urnibt
stjpnv
cbtoqa
wajlbv
qtrgzo
opdknv
imbsdl
jwmanc
cgwtja
ticunk
tkbciv
tjyqps
yktbvm
pygcba
ikleoy
koimju
reqkpo
jvoaqd
smenup
kzrawg
mjalbi
pyvjea
gvabkw
vosdwq
ayncmd
rdnyaw
cwyteq
wmkqlt
aolwbe
rvuetc
qmdbgs
knmygu
czudbn
nbuecy
egqymu
jmvqdo
uskvwq
ckaglw
ruvdaw
itsdgb
qcolnk
tnqpzc
eclrwm
pqawjd
tcvwrb
pkrtvm
sdrnip
kmlgyj
wlpicg
tykaop
ktwmba
ozulmc
kjylbe
jzkiob
zknjmy
bnudps
noqads
bosacz
lmbonk
elcbmy
