propagate [1..5]: erase
propagate [1..3]: erase
propagate [1..2]: erase
propagate [1..1]: erase
propagate [2..2]: erase
propagate [2..2]: erase
propagate [3..2]: erase
propagate [3..3]: erase
propagate [3..3]: erase
propagate [4..3]: erase
propagate [4..5]: erase
propagate [4..4]: erase
propagate [5..5]: erase
propagate [6..10]: erase
propagate [6..8]: erase
propagate [9..10]: erase
update(v = 1 [1..10], x = 1, y = 1, value = 1)
update(v = 2 [1..5], x = 1, y = 1, value = 1)
update(v = 4 [1..3], x = 1, y = 1, value = 1)
update(v = 8 [1..2], x = 1, y = 1, value = 1)
update(v = 16 [1..1], x = 1, y = 1, value = 1)
propagate [1..1]: erase
propagate [2..1]: erase
update(v = 17 [2..2], x = 1, y = 1, value = 1)
update(v = 9 [3..3], x = 1, y = 1, value = 1)
update(v = 5 [4..5], x = 1, y = 1, value = 1)
update(v = 3 [6..10], x = 1, y = 1, value = 1)
i = 1, j = 1, h[j] = 1, prev[j] = 1, val = 1
propagate [1..5]: erase
propagate [1..3]: erase
propagate [1..2]: erase
propagate [1..1]: erase
propagate [2..2]: erase
propagate [2..2]: erase
propagate [3..2]: erase
propagate [3..3]: erase
propagate [3..3]: erase
propagate [4..3]: erase
propagate [4..5]: erase
propagate [4..4]: erase
propagate [5..5]: erase
propagate [6..10]: erase
propagate [6..8]: erase
propagate [9..10]: erase
update(v = 1 [1..10], x = 1, y = 1, value = 1)
update(v = 2 [1..5], x = 1, y = 1, value = 1)
update(v = 4 [1..3], x = 1, y = 1, value = 1)
update(v = 8 [1..2], x = 1, y = 1, value = 1)
update(v = 16 [1..1], x = 1, y = 1, value = 1)
propagate [1..1]: erase
propagate [2..1]: erase
update(v = 17 [2..2], x = 1, y = 1, value = 1)
update(v = 9 [3..3], x = 1, y = 1, value = 1)
update(v = 5 [4..5], x = 1, y = 1, value = 1)
update(v = 3 [6..10], x = 1, y = 1, value = 1)
i = 1, j = 2, h[j] = 1, prev[j] = 3, val = 1
propagate [1..5]: erase
propagate [1..3]: erase
propagate [1..2]: erase
propagate [1..1]: erase
propagate [2..2]: erase
propagate [2..2]: erase
propagate [3..2]: erase
propagate [3..3]: erase
propagate [3..3]: erase
propagate [4..3]: erase
propagate [4..5]: erase
propagate [4..4]: erase
propagate [5..5]: erase
propagate [6..10]: erase
propagate [6..8]: erase
propagate [9..10]: erase
update(v = 1 [1..10], x = 1, y = 1, value = 1)
update(v = 2 [1..5], x = 1, y = 1, value = 1)
update(v = 4 [1..3], x = 1, y = 1, value = 1)
update(v = 8 [1..2], x = 1, y = 1, value = 1)
update(v = 16 [1..1], x = 1, y = 1, value = 1)
propagate [1..1]: erase
propagate [2..1]: erase
update(v = 17 [2..2], x = 1, y = 1, value = 1)
update(v = 9 [3..3], x = 1, y = 1, value = 1)
update(v = 5 [4..5], x = 1, y = 1, value = 1)
update(v = 3 [6..10], x = 1, y = 1, value = 1)
i = 1, j = 3, h[j] = 1, prev[j] = 1, val = 1
propagate [1..5]: erase
propagate [1..3]: erase
propagate [1..2]: erase
propagate [1..1]: erase
propagate [2..2]: erase
propagate [2..2]: erase
propagate [3..2]: erase
propagate [3..3]: erase
propagate [3..3]: erase
propagate [4..3]: erase
propagate [4..5]: erase
propagate [4..4]: erase
propagate [5..5]: erase
propagate [6..10]: erase
propagate [6..8]: erase
propagate [9..10]: erase
update(v = 1 [1..10], x = 1, y = 1, value = 1)
update(v = 2 [1..5], x = 1, y = 1, value = 1)
update(v = 4 [1..3], x = 1, y = 1, value = 1)
update(v = 8 [1..2], x = 1, y = 1, value = 1)
update(v = 16 [1..1], x = 1, y = 1, value = 1)
propagate [1..1]: erase
propagate [2..1]: erase
update(v = 17 [2..2], x = 1, y = 1, value = 1)
update(v = 9 [3..3], x = 1, y = 1, value = 1)
update(v = 5 [4..5], x = 1, y = 1, value = 1)
update(v = 3 [6..10], x = 1, y = 1, value = 1)
i = 1, j = 4, h[j] = 1, prev[j] = 3, val = 1
propagate [1..5]: erase
propagate [1..3]: erase
propagate [1..2]: erase
propagate [1..1]: erase
propagate [2..2]: erase
propagate [2..2]: erase
propagate [3..2]: erase
propagate [3..3]: erase
propagate [3..3]: erase
propagate [4..3]: erase
propagate [4..5]: erase
propagate [4..4]: erase
propagate [5..5]: erase
propagate [6..10]: erase
propagate [6..8]: erase
propagate [9..10]: erase
update(v = 1 [1..10], x = 1, y = 1, value = 1)
update(v = 2 [1..5], x = 1, y = 1, value = 1)
update(v = 4 [1..3], x = 1, y = 1, value = 1)
update(v = 8 [1..2], x = 1, y = 1, value = 1)
update(v = 16 [1..1], x = 1, y = 1, value = 1)
propagate [1..1]: erase
propagate [2..1]: erase
update(v = 17 [2..2], x = 1, y = 1, value = 1)
update(v = 9 [3..3], x = 1, y = 1, value = 1)
update(v = 5 [4..5], x = 1, y = 1, value = 1)
update(v = 3 [6..10], x = 1, y = 1, value = 1)
i = 1, j = 5, h[j] = 1, prev[j] = 2, val = 1
propagate [1..5]: erase
propagate [1..3]: erase
propagate [1..2]: erase
propagate [1..1]: erase
propagate [2..2]: erase
propagate [2..2]: erase
propagate [3..2]: erase
propagate [3..3]: erase
propagate [3..3]: erase
propagate [4..3]: erase
propagate [4..5]: erase
propagate [4..4]: erase
propagate [5..5]: erase
propagate [6..10]: erase
propagate [6..8]: erase
propagate [9..10]: erase
update(v = 1 [1..10], x = 1, y = 1, value = 1)
update(v = 2 [1..5], x = 1, y = 1, value = 1)
update(v = 4 [1..3], x = 1, y = 1, value = 1)
update(v = 8 [1..2], x = 1, y = 1, value = 1)
update(v = 16 [1..1], x = 1, y = 1, value = 1)
propagate [1..1]: erase
propagate [2..1]: erase
update(v = 17 [2..2], x = 1, y = 1, value = 1)
update(v = 9 [3..3], x = 1, y = 1, value = 1)
update(v = 5 [4..5], x = 1, y = 1, value = 1)
update(v = 3 [6..10], x = 1, y = 1, value = 1)
i = 1, j = 6, h[j] = 1, prev[j] = 1, val = 1
propagate [2..2]: erase
propagate [3..2]: erase
propagate [3..3]: erase
propagate [4..3]: erase
propagate [4..4]: erase
propagate [5..5]: erase
propagate [6..8]: erase
propagate [9..10]: erase
update(v = 1 [1..10], x = 1, y = 1, value = 1)
update(v = 2 [1..5], x = 1, y = 1, value = 1)
update(v = 4 [1..3], x = 1, y = 1, value = 1)
update(v = 8 [1..2], x = 1, y = 1, value = 1)
update(v = 16 [1..1], x = 1, y = 1, value = 1)
propagate [1..1]: sum += 1
propagate [2..1]: sum += 1
update(v = 17 [2..2], x = 1, y = 1, value = 1)
update(v = 9 [3..3], x = 1, y = 1, value = 1)
update(v = 5 [4..5], x = 1, y = 1, value = 1)
update(v = 3 [6..10], x = 1, y = 1, value = 1)
i = 1, j = 7, h[j] = 1, prev[j] = 1, val = 2
propagate [2..2]: erase
propagate [3..2]: erase
propagate [3..3]: erase
propagate [4..3]: erase
propagate [4..4]: erase
propagate [5..5]: erase
propagate [6..8]: erase
propagate [9..10]: erase
update(v = 1 [1..10], x = 1, y = 1, value = 1)
update(v = 2 [1..5], x = 1, y = 1, value = 1)
update(v = 4 [1..3], x = 1, y = 1, value = 1)
update(v = 8 [1..2], x = 1, y = 1, value = 1)
update(v = 16 [1..1], x = 1, y = 1, value = 1)
propagate [1..1]: sum += 1
propagate [2..1]: sum += 1
update(v = 17 [2..2], x = 1, y = 1, value = 1)
update(v = 9 [3..3], x = 1, y = 1, value = 1)
update(v = 5 [4..5], x = 1, y = 1, value = 1)
update(v = 3 [6..10], x = 1, y = 1, value = 1)
i = 1, j = 8, h[j] = 1, prev[j] = 1, val = 3
propagate [1..5]: erase
propagate [1..3]: erase
propagate [1..2]: erase
propagate [1..1]: erase
propagate [2..2]: erase
propagate [2..2]: erase
propagate [3..2]: erase
propagate [3..3]: erase
propagate [3..3]: erase
propagate [4..3]: erase
propagate [4..5]: erase
propagate [4..4]: erase
propagate [5..5]: erase
propagate [6..10]: erase
propagate [6..8]: erase
propagate [9..10]: erase
update(v = 1 [1..10], x = 1, y = 1, value = 1)
update(v = 2 [1..5], x = 1, y = 1, value = 1)
update(v = 4 [1..3], x = 1, y = 1, value = 1)
update(v = 8 [1..2], x = 1, y = 1, value = 1)
update(v = 16 [1..1], x = 1, y = 1, value = 1)
propagate [1..1]: erase
propagate [2..1]: erase
update(v = 17 [2..2], x = 1, y = 1, value = 1)
update(v = 9 [3..3], x = 1, y = 1, value = 1)
update(v = 5 [4..5], x = 1, y = 1, value = 1)
update(v = 3 [6..10], x = 1, y = 1, value = 1)
i = 1, j = 9, h[j] = 1, prev[j] = 2, val = 1
propagate [1..5]: erase
propagate [1..3]: erase
propagate [1..2]: erase
propagate [1..1]: erase
propagate [2..2]: erase
propagate [2..2]: erase
propagate [3..2]: erase
propagate [3..3]: erase
propagate [3..3]: erase
propagate [4..3]: erase
propagate [4..5]: erase
propagate [4..4]: erase
propagate [5..5]: erase
propagate [6..10]: erase
propagate [6..8]: erase
propagate [9..10]: erase
update(v = 1 [1..10], x = 1, y = 1, value = 1)
update(v = 2 [1..5], x = 1, y = 1, value = 1)
update(v = 4 [1..3], x = 1, y = 1, value = 1)
update(v = 8 [1..2], x = 1, y = 1, value = 1)
update(v = 16 [1..1], x = 1, y = 1, value = 1)
propagate [1..1]: erase
propagate [2..1]: erase
update(v = 17 [2..2], x = 1, y = 1, value = 1)
update(v = 9 [3..3], x = 1, y = 1, value = 1)
update(v = 5 [4..5], x = 1, y = 1, value = 1)
update(v = 3 [6..10], x = 1, y = 1, value = 1)
i = 1, j = 10, h[j] = 1, prev[j] = 3, val = 1
-----

propagate [1..5]: erase
propagate [1..3]: erase
propagate [1..2]: erase
propagate [1..1]: erase
propagate [2..2]: erase
propagate [2..2]: erase
propagate [3..2]: erase
propagate [3..3]: erase
propagate [3..3]: erase
propagate [4..3]: erase
propagate [4..5]: erase
propagate [4..4]: erase
propagate [5..5]: erase
propagate [6..10]: erase
propagate [6..8]: erase
propagate [9..10]: erase
update(v = 1 [1..10], x = 1, y = 1, value = 1)
update(v = 2 [1..5], x = 1, y = 1, value = 1)
update(v = 4 [1..3], x = 1, y = 1, value = 1)
update(v = 8 [1..2], x = 1, y = 1, value = 1)
update(v = 16 [1..1], x = 1, y = 1, value = 1)
propagate [1..1]: erase
propagate [2..1]: erase
update(v = 17 [2..2], x = 1, y = 1, value = 1)
update(v = 9 [3..3], x = 1, y = 1, value = 1)
update(v = 5 [4..5], x = 1, y = 1, value = 1)
update(v = 3 [6..10], x = 1, y = 1, value = 1)
i = 2, j = 1, h[j] = 1, prev[j] = 2, val = 1
propagate [1..5]: erase
propagate [1..3]: erase
propagate [1..2]: erase
propagate [3..3]: erase
propagate [3..3]: erase
propagate [4..3]: erase
propagate [4..5]: erase
propagate [4..4]: erase
propagate [5..5]: erase
propagate [6..10]: erase
propagate [6..8]: erase
propagate [9..10]: erase
update(v = 1 [1..10], x = 1, y = 2, value = 1)
update(v = 2 [1..5], x = 1, y = 2, value = 1)
update(v = 4 [1..3], x = 1, y = 2, value = 1)
update(v = 8 [1..2], x = 1, y = 2, value = 1)
propagate [1..1]: erase
propagate [2..2]: erase
update(v = 9 [3..3], x = 1, y = 2, value = 1)
update(v = 5 [4..5], x = 1, y = 2, value = 1)
update(v = 3 [6..10], x = 1, y = 2, value = 1)
i = 2, j = 2, h[j] = 2, prev[j] = 3, val = 2
propagate [1..5]: erase
propagate [1..3]: erase
propagate [1..2]: erase
propagate [3..3]: erase
propagate [3..3]: erase
propagate [4..3]: erase
propagate [4..5]: erase
propagate [4..4]: erase
propagate [5..5]: erase
propagate [6..10]: erase
propagate [6..8]: erase
propagate [9..10]: erase
update(v = 1 [1..10], x = 1, y = 2, value = 1)
update(v = 2 [1..5], x = 1, y = 2, value = 1)
update(v = 4 [1..3], x = 1, y = 2, value = 1)
update(v = 8 [1..2], x = 1, y = 2, value = 1)
propagate [1..1]: erase
propagate [2..2]: erase
update(v = 9 [3..3], x = 1, y = 2, value = 1)
update(v = 5 [4..5], x = 1, y = 2, value = 1)
update(v = 3 [6..10], x = 1, y = 2, value = 1)
i = 2, j = 3, h[j] = 2, prev[j] = 1, val = 2
propagate [1..5]: erase
propagate [1..3]: erase
propagate [1..2]: erase
propagate [3..3]: erase
propagate [3..3]: erase
propagate [4..3]: erase
propagate [4..5]: erase
propagate [4..4]: erase
propagate [5..5]: erase
propagate [6..10]: erase
propagate [6..8]: erase
propagate [9..10]: erase
update(v = 1 [1..10], x = 1, y = 2, value = 1)
update(v = 2 [1..5], x = 1, y = 2, value = 1)
update(v = 4 [1..3], x = 1, y = 2, value = 1)
update(v = 8 [1..2], x = 1, y = 2, value = 1)
propagate [1..1]: erase
propagate [2..2]: erase
update(v = 9 [3..3], x = 1, y = 2, value = 1)
update(v = 5 [4..5], x = 1, y = 2, value = 1)
update(v = 3 [6..10], x = 1, y = 2, value = 1)
i = 2, j = 4, h[j] = 2, prev[j] = 3, val = 2
propagate [1..1]: sum += 1
propagate [2..2]: sum += 1
propagate [2..2]: sum += 1
propagate [3..2]: sum += 1
propagate [3..3]: erase
propagate [4..3]: erase
propagate [4..4]: erase
propagate [5..5]: erase
propagate [6..8]: erase
propagate [9..10]: erase
update(v = 1 [1..10], x = 1, y = 1, value = 1)
update(v = 2 [1..5], x = 1, y = 1, value = 1)
update(v = 4 [1..3], x = 1, y = 1, value = 1)
update(v = 8 [1..2], x = 1, y = 1, value = 1)
update(v = 16 [1..1], x = 1, y = 1, value = 1)
propagate [1..1]: sum += 2
propagate [2..1]: sum += 2
update(v = 17 [2..2], x = 1, y = 1, value = 1)
update(v = 9 [3..3], x = 1, y = 1, value = 1)
update(v = 5 [4..5], x = 1, y = 1, value = 1)
update(v = 3 [6..10], x = 1, y = 1, value = 1)
i = 2, j = 5, h[j] = 1, prev[j] = 3, val = 2
propagate [2..2]: erase
propagate [3..2]: erase
propagate [3..3]: erase
propagate [4..3]: erase
propagate [4..4]: erase
propagate [5..5]: erase
propagate [6..8]: erase
propagate [9..10]: erase
update(v = 1 [1..10], x = 1, y = 1, value = 1)
update(v = 2 [1..5], x = 1, y = 1, value = 1)
update(v = 4 [1..3], x = 1, y = 1, value = 1)
update(v = 8 [1..2], x = 1, y = 1, value = 1)
update(v = 16 [1..1], x = 1, y = 1, value = 1)
propagate [1..1]: sum += 1
propagate [2..1]: sum += 1
update(v = 17 [2..2], x = 1, y = 1, value = 1)
update(v = 9 [3..3], x = 1, y = 1, value = 1)
update(v = 5 [4..5], x = 1, y = 1, value = 1)
update(v = 3 [6..10], x = 1, y = 1, value = 1)
i = 2, j = 6, h[j] = 1, prev[j] = 3, val = 3
propagate [2..2]: erase
propagate [3..2]: erase
propagate [3..3]: erase
propagate [4..3]: erase
propagate [4..4]: erase
propagate [5..5]: erase
propagate [6..8]: erase
propagate [9..10]: erase
update(v = 1 [1..10], x = 1, y = 1, value = 1)
update(v = 2 [1..5], x = 1, y = 1, value = 1)
update(v = 4 [1..3], x = 1, y = 1, value = 1)
update(v = 8 [1..2], x = 1, y = 1, value = 1)
update(v = 16 [1..1], x = 1, y = 1, value = 1)
propagate [1..1]: sum += 1
propagate [2..1]: sum += 1
update(v = 17 [2..2], x = 1, y = 1, value = 1)
update(v = 9 [3..3], x = 1, y = 1, value = 1)
update(v = 5 [4..5], x = 1, y = 1, value = 1)
update(v = 3 [6..10], x = 1, y = 1, value = 1)
i = 2, j = 7, h[j] = 1, prev[j] = 3, val = 4
propagate [2..2]: erase
propagate [3..2]: erase
propagate [3..3]: erase
propagate [4..3]: erase
propagate [4..4]: erase
propagate [5..5]: erase
propagate [6..8]: erase
propagate [9..10]: erase
update(v = 1 [1..10], x = 1, y = 1, value = 1)
update(v = 2 [1..5], x = 1, y = 1, value = 1)
update(v = 4 [1..3], x = 1, y = 1, value = 1)
update(v = 8 [1..2], x = 1, y = 1, value = 1)
update(v = 16 [1..1], x = 1, y = 1, value = 1)
propagate [1..1]: sum += 1
propagate [2..1]: sum += 1
update(v = 17 [2..2], x = 1, y = 1, value = 1)
update(v = 9 [3..3], x = 1, y = 1, value = 1)
update(v = 5 [4..5], x = 1, y = 1, value = 1)
update(v = 3 [6..10], x = 1, y = 1, value = 1)
i = 2, j = 8, h[j] = 1, prev[j] = 3, val = 5
propagate [1..5]: erase
propagate [1..3]: erase
propagate [1..2]: erase
propagate [3..3]: erase
propagate [3..3]: erase
propagate [4..3]: erase
propagate [4..5]: erase
propagate [4..4]: erase
propagate [5..5]: erase
propagate [6..10]: erase
propagate [6..8]: erase
propagate [9..10]: erase
update(v = 1 [1..10], x = 1, y = 2, value = 1)
update(v = 2 [1..5], x = 1, y = 2, value = 1)
update(v = 4 [1..3], x = 1, y = 2, value = 1)
update(v = 8 [1..2], x = 1, y = 2, value = 1)
propagate [1..1]: erase
propagate [2..2]: erase
update(v = 9 [3..3], x = 1, y = 2, value = 1)
update(v = 5 [4..5], x = 1, y = 2, value = 1)
update(v = 3 [6..10], x = 1, y = 2, value = 1)
i = 2, j = 9, h[j] = 2, prev[j] = 2, val = 2
propagate [1..1]: sum += 1
propagate [2..2]: sum += 1
propagate [2..2]: sum += 1
propagate [3..2]: sum += 1
propagate [3..3]: erase
propagate [4..3]: erase
propagate [4..4]: erase
propagate [5..5]: erase
propagate [6..8]: erase
propagate [9..10]: erase
update(v = 1 [1..10], x = 1, y = 1, value = 1)
update(v = 2 [1..5], x = 1, y = 1, value = 1)
update(v = 4 [1..3], x = 1, y = 1, value = 1)
update(v = 8 [1..2], x = 1, y = 1, value = 1)
update(v = 16 [1..1], x = 1, y = 1, value = 1)
propagate [1..1]: sum += 2
propagate [2..1]: sum += 2
update(v = 17 [2..2], x = 1, y = 1, value = 1)
update(v = 9 [3..3], x = 1, y = 1, value = 1)
update(v = 5 [4..5], x = 1, y = 1, value = 1)
update(v = 3 [6..10], x = 1, y = 1, value = 1)
i = 2, j = 10, h[j] = 1, prev[j] = 2, val = 2
-----

propagate [1..5]: erase
propagate [1..3]: erase
propagate [1..2]: erase
propagate [1..1]: erase
propagate [2..2]: erase
propagate [2..2]: erase
propagate [3..2]: erase
propagate [3..3]: erase
propagate [3..3]: erase
propagate [4..3]: erase
propagate [4..5]: erase
propagate [4..4]: erase
propagate [5..5]: erase
propagate [6..10]: erase
propagate [6..8]: erase
propagate [9..10]: erase
update(v = 1 [1..10], x = 1, y = 1, value = 1)
update(v = 2 [1..5], x = 1, y = 1, value = 1)
update(v = 4 [1..3], x = 1, y = 1, value = 1)
update(v = 8 [1..2], x = 1, y = 1, value = 1)
update(v = 16 [1..1], x = 1, y = 1, value = 1)
propagate [1..1]: erase
propagate [2..1]: erase
update(v = 17 [2..2], x = 1, y = 1, value = 1)
update(v = 9 [3..3], x = 1, y = 1, value = 1)
update(v = 5 [4..5], x = 1, y = 1, value = 1)
update(v = 3 [6..10], x = 1, y = 1, value = 1)
i = 3, j = 1, h[j] = 1, prev[j] = 3, val = 1
propagate [4..4]: erase
propagate [5..5]: erase
propagate [6..8]: erase
propagate [9..10]: erase
update(v = 1 [1..10], x = 1, y = 3, value = 1)
update(v = 2 [1..5], x = 1, y = 3, value = 1)
update(v = 4 [1..3], x = 1, y = 3, value = 1)
update(v = 5 [4..5], x = 1, y = 3, value = 1)
update(v = 3 [6..10], x = 1, y = 3, value = 1)
i = 3, j = 2, h[j] = 3, prev[j] = 3, val = 4
propagate [1..2]: sum += 1
propagate [1..1]: sum += 1
propagate [2..2]: sum += 1
propagate [2..2]: sum += 1
propagate [3..2]: sum += 1
propagate [3..3]: sum += 1
propagate [3..3]: sum += 1
propagate [4..3]: sum += 1
propagate [4..4]: erase
propagate [5..5]: erase
propagate [6..8]: erase
propagate [9..10]: erase
update(v = 1 [1..10], x = 1, y = 1, value = 1)
update(v = 2 [1..5], x = 1, y = 1, value = 1)
update(v = 4 [1..3], x = 1, y = 1, value = 1)
update(v = 8 [1..2], x = 1, y = 1, value = 1)
update(v = 16 [1..1], x = 1, y = 1, value = 1)
propagate [1..1]: sum += 2
propagate [2..1]: sum += 2
update(v = 17 [2..2], x = 1, y = 1, value = 1)
update(v = 9 [3..3], x = 1, y = 1, value = 1)
update(v = 5 [4..5], x = 1, y = 1, value = 1)
update(v = 3 [6..10], x = 1, y = 1, value = 1)
i = 3, j = 3, h[j] = 1, prev[j] = 3, val = 3
propagate [1..5]: erase
propagate [1..3]: erase
propagate [1..2]: erase
propagate [1..1]: erase
propagate [2..2]: erase
propagate [2..2]: erase
propagate [3..2]: erase
propagate [3..3]: erase
propagate [3..3]: erase
propagate [4..3]: erase
propagate [4..5]: erase
propagate [4..4]: erase
propagate [5..5]: erase
propagate [6..10]: erase
propagate [6..8]: erase
propagate [9..10]: erase
update(v = 1 [1..10], x = 1, y = 1, value = 1)
update(v = 2 [1..5], x = 1, y = 1, value = 1)
update(v = 4 [1..3], x = 1, y = 1, value = 1)
update(v = 8 [1..2], x = 1, y = 1, value = 1)
update(v = 16 [1..1], x = 1, y = 1, value = 1)
propagate [1..1]: erase
propagate [2..1]: erase
update(v = 17 [2..2], x = 1, y = 1, value = 1)
update(v = 9 [3..3], x = 1, y = 1, value = 1)
update(v = 5 [4..5], x = 1, y = 1, value = 1)
update(v = 3 [6..10], x = 1, y = 1, value = 1)
i = 3, j = 4, h[j] = 1, prev[j] = 1, val = 1
propagate [1..5]: erase
propagate [1..3]: erase
propagate [1..2]: erase
propagate [3..3]: erase
propagate [3..3]: erase
propagate [4..3]: erase
propagate [4..5]: erase
propagate [4..4]: erase
propagate [5..5]: erase
propagate [6..10]: erase
propagate [6..8]: erase
propagate [9..10]: erase
update(v = 1 [1..10], x = 1, y = 2, value = 1)
update(v = 2 [1..5], x = 1, y = 2, value = 1)
update(v = 4 [1..3], x = 1, y = 2, value = 1)
update(v = 8 [1..2], x = 1, y = 2, value = 1)
propagate [1..1]: erase
propagate [2..2]: erase
update(v = 9 [3..3], x = 1, y = 2, value = 1)
update(v = 5 [4..5], x = 1, y = 2, value = 1)
update(v = 3 [6..10], x = 1, y = 2, value = 1)
i = 3, j = 5, h[j] = 2, prev[j] = 3, val = 2
propagate [1..5]: erase
propagate [1..3]: erase
propagate [1..2]: erase
propagate [1..1]: erase
propagate [2..2]: erase
propagate [2..2]: erase
propagate [3..2]: erase
propagate [3..3]: erase
propagate [3..3]: erase
propagate [4..3]: erase
propagate [4..5]: erase
propagate [4..4]: erase
propagate [5..5]: erase
propagate [6..10]: erase
propagate [6..8]: erase
propagate [9..10]: erase
update(v = 1 [1..10], x = 1, y = 1, value = 1)
update(v = 2 [1..5], x = 1, y = 1, value = 1)
update(v = 4 [1..3], x = 1, y = 1, value = 1)
update(v = 8 [1..2], x = 1, y = 1, value = 1)
update(v = 16 [1..1], x = 1, y = 1, value = 1)
propagate [1..1]: erase
propagate [2..1]: erase
update(v = 17 [2..2], x = 1, y = 1, value = 1)
update(v = 9 [3..3], x = 1, y = 1, value = 1)
update(v = 5 [4..5], x = 1, y = 1, value = 1)
update(v = 3 [6..10], x = 1, y = 1, value = 1)
i = 3, j = 6, h[j] = 1, prev[j] = 1, val = 1
propagate [1..5]: erase
propagate [1..3]: erase
propagate [1..2]: erase
propagate [3..3]: erase
propagate [3..3]: erase
propagate [4..3]: erase
propagate [4..5]: erase
propagate [4..4]: erase
propagate [5..5]: erase
propagate [6..10]: erase
propagate [6..8]: erase
propagate [9..10]: erase
update(v = 1 [1..10], x = 1, y = 2, value = 1)
update(v = 2 [1..5], x = 1, y = 2, value = 1)
update(v = 4 [1..3], x = 1, y = 2, value = 1)
update(v = 8 [1..2], x = 1, y = 2, value = 1)
propagate [1..1]: erase
propagate [2..2]: erase
update(v = 9 [3..3], x = 1, y = 2, value = 1)
update(v = 5 [4..5], x = 1, y = 2, value = 1)
update(v = 3 [6..10], x = 1, y = 2, value = 1)
i = 3, j = 7, h[j] = 2, prev[j] = 3, val = 2
propagate [1..5]: erase
propagate [1..3]: erase
propagate [1..2]: erase
propagate [1..1]: erase
propagate [2..2]: erase
propagate [2..2]: erase
propagate [3..2]: erase
propagate [3..3]: erase
propagate [3..3]: erase
propagate [4..3]: erase
propagate [4..5]: erase
propagate [4..4]: erase
propagate [5..5]: erase
propagate [6..10]: erase
propagate [6..8]: erase
propagate [9..10]: erase
update(v = 1 [1..10], x = 1, y = 1, value = 1)
update(v = 2 [1..5], x = 1, y = 1, value = 1)
update(v = 4 [1..3], x = 1, y = 1, value = 1)
update(v = 8 [1..2], x = 1, y = 1, value = 1)
update(v = 16 [1..1], x = 1, y = 1, value = 1)
propagate [1..1]: erase
propagate [2..1]: erase
update(v = 17 [2..2], x = 1, y = 1, value = 1)
update(v = 9 [3..3], x = 1, y = 1, value = 1)
update(v = 5 [4..5], x = 1, y = 1, value = 1)
update(v = 3 [6..10], x = 1, y = 1, value = 1)
i = 3, j = 8, h[j] = 1, prev[j] = 2, val = 1
propagate [4..4]: erase
propagate [5..5]: erase
propagate [6..8]: erase
propagate [9..10]: erase
update(v = 1 [1..10], x = 1, y = 3, value = 1)
update(v = 2 [1..5], x = 1, y = 3, value = 1)
update(v = 4 [1..3], x = 1, y = 3, value = 1)
update(v = 5 [4..5], x = 1, y = 3, value = 1)
update(v = 3 [6..10], x = 1, y = 3, value = 1)
i = 3, j = 9, h[j] = 3, prev[j] = 2, val = 4
propagate [1..5]: erase
propagate [1..3]: erase
propagate [1..2]: erase
propagate [1..1]: erase
propagate [2..2]: erase
propagate [2..2]: erase
propagate [3..2]: erase
propagate [3..3]: erase
propagate [3..3]: erase
propagate [4..3]: erase
propagate [4..5]: erase
propagate [4..4]: erase
propagate [5..5]: erase
propagate [6..10]: erase
propagate [6..8]: erase
propagate [9..10]: erase
update(v = 1 [1..10], x = 1, y = 1, value = 1)
update(v = 2 [1..5], x = 1, y = 1, value = 1)
update(v = 4 [1..3], x = 1, y = 1, value = 1)
update(v = 8 [1..2], x = 1, y = 1, value = 1)
update(v = 16 [1..1], x = 1, y = 1, value = 1)
propagate [1..1]: erase
propagate [2..1]: erase
update(v = 17 [2..2], x = 1, y = 1, value = 1)
update(v = 9 [3..3], x = 1, y = 1, value = 1)
update(v = 5 [4..5], x = 1, y = 1, value = 1)
update(v = 3 [6..10], x = 1, y = 1, value = 1)
i = 3, j = 10, h[j] = 1, prev[j] = 1, val = 1
-----

propagate [1..5]: erase
propagate [1..3]: erase
propagate [1..2]: erase
propagate [3..3]: erase
propagate [3..3]: erase
propagate [4..3]: erase
propagate [4..5]: erase
propagate [4..4]: erase
propagate [5..5]: erase
propagate [6..10]: erase
propagate [6..8]: erase
propagate [9..10]: erase
update(v = 1 [1..10], x = 1, y = 2, value = 1)
update(v = 2 [1..5], x = 1, y = 2, value = 1)
update(v = 4 [1..3], x = 1, y = 2, value = 1)
update(v = 8 [1..2], x = 1, y = 2, value = 1)
propagate [1..1]: erase
propagate [2..2]: erase
update(v = 9 [3..3], x = 1, y = 2, value = 1)
update(v = 5 [4..5], x = 1, y = 2, value = 1)
update(v = 3 [6..10], x = 1, y = 2, value = 1)
i = 4, j = 1, h[j] = 2, prev[j] = 3, val = 2
propagate [1..5]: erase
propagate [1..3]: erase
propagate [1..2]: erase
propagate [1..1]: erase
propagate [2..2]: erase
propagate [2..2]: erase
propagate [3..2]: erase
propagate [3..3]: erase
propagate [3..3]: erase
propagate [4..3]: erase
propagate [4..5]: erase
propagate [4..4]: erase
propagate [5..5]: erase
propagate [6..10]: erase
propagate [6..8]: erase
propagate [9..10]: erase
update(v = 1 [1..10], x = 1, y = 1, value = 1)
update(v = 2 [1..5], x = 1, y = 1, value = 1)
update(v = 4 [1..3], x = 1, y = 1, value = 1)
update(v = 8 [1..2], x = 1, y = 1, value = 1)
update(v = 16 [1..1], x = 1, y = 1, value = 1)
propagate [1..1]: erase
propagate [2..1]: erase
update(v = 17 [2..2], x = 1, y = 1, value = 1)
update(v = 9 [3..3], x = 1, y = 1, value = 1)
update(v = 5 [4..5], x = 1, y = 1, value = 1)
update(v = 3 [6..10], x = 1, y = 1, value = 1)
i = 4, j = 2, h[j] = 1, prev[j] = 1, val = 1
propagate [2..2]: erase
propagate [3..2]: erase
propagate [3..3]: erase
propagate [4..3]: erase
propagate [4..4]: erase
propagate [5..5]: erase
propagate [6..8]: erase
propagate [9..10]: erase
update(v = 1 [1..10], x = 1, y = 1, value = 1)
update(v = 2 [1..5], x = 1, y = 1, value = 1)
update(v = 4 [1..3], x = 1, y = 1, value = 1)
update(v = 8 [1..2], x = 1, y = 1, value = 1)
update(v = 16 [1..1], x = 1, y = 1, value = 1)
propagate [1..1]: sum += 1
propagate [2..1]: sum += 1
update(v = 17 [2..2], x = 1, y = 1, value = 1)
update(v = 9 [3..3], x = 1, y = 1, value = 1)
update(v = 5 [4..5], x = 1, y = 1, value = 1)
update(v = 3 [6..10], x = 1, y = 1, value = 1)
i = 4, j = 3, h[j] = 1, prev[j] = 1, val = 2
propagate [1..5]: erase
propagate [1..3]: erase
propagate [1..2]: erase
propagate [1..1]: erase
propagate [2..2]: erase
propagate [2..2]: erase
propagate [3..2]: erase
propagate [3..3]: erase
propagate [3..3]: erase
propagate [4..3]: erase
propagate [4..5]: erase
propagate [4..4]: erase
propagate [5..5]: erase
propagate [6..10]: erase
propagate [6..8]: erase
propagate [9..10]: erase
update(v = 1 [1..10], x = 1, y = 1, value = 1)
update(v = 2 [1..5], x = 1, y = 1, value = 1)
update(v = 4 [1..3], x = 1, y = 1, value = 1)
update(v = 8 [1..2], x = 1, y = 1, value = 1)
update(v = 16 [1..1], x = 1, y = 1, value = 1)
propagate [1..1]: erase
propagate [2..1]: erase
update(v = 17 [2..2], x = 1, y = 1, value = 1)
update(v = 9 [3..3], x = 1, y = 1, value = 1)
update(v = 5 [4..5], x = 1, y = 1, value = 1)
update(v = 3 [6..10], x = 1, y = 1, value = 1)
i = 4, j = 4, h[j] = 1, prev[j] = 3, val = 1
propagate [4..4]: erase
propagate [5..5]: erase
propagate [6..8]: erase
propagate [9..10]: erase
update(v = 1 [1..10], x = 1, y = 3, value = 1)
update(v = 2 [1..5], x = 1, y = 3, value = 1)
update(v = 4 [1..3], x = 1, y = 3, value = 1)
update(v = 5 [4..5], x = 1, y = 3, value = 1)
update(v = 3 [6..10], x = 1, y = 3, value = 1)
i = 4, j = 5, h[j] = 3, prev[j] = 3, val = 4
propagate [1..5]: erase
propagate [1..3]: erase
propagate [1..2]: erase
propagate [3..3]: erase
propagate [3..3]: erase
propagate [4..3]: erase
propagate [4..5]: erase
propagate [4..4]: erase
propagate [5..5]: erase
propagate [6..10]: erase
propagate [6..8]: erase
propagate [9..10]: erase
update(v = 1 [1..10], x = 1, y = 2, value = 1)
update(v = 2 [1..5], x = 1, y = 2, value = 1)
update(v = 4 [1..3], x = 1, y = 2, value = 1)
update(v = 8 [1..2], x = 1, y = 2, value = 1)
propagate [1..1]: erase
propagate [2..2]: erase
update(v = 9 [3..3], x = 1, y = 2, value = 1)
update(v = 5 [4..5], x = 1, y = 2, value = 1)
update(v = 3 [6..10], x = 1, y = 2, value = 1)
i = 4, j = 6, h[j] = 2, prev[j] = 1, val = 2
propagate [1..5]: erase
propagate [1..3]: erase
propagate [4..5]: erase
propagate [4..4]: erase
propagate [5..5]: erase
propagate [6..10]: erase
propagate [6..8]: erase
propagate [9..10]: erase
update(v = 1 [1..10], x = 1, y = 3, value = 1)
update(v = 2 [1..5], x = 1, y = 3, value = 1)
update(v = 4 [1..3], x = 1, y = 3, value = 1)
propagate [1..2]: erase
propagate [3..3]: erase
update(v = 5 [4..5], x = 1, y = 3, value = 1)
update(v = 3 [6..10], x = 1, y = 3, value = 1)
i = 4, j = 7, h[j] = 3, prev[j] = 3, val = 3
propagate [1..5]: erase
propagate [1..3]: erase
propagate [1..2]: erase
propagate [1..1]: erase
propagate [2..2]: erase
propagate [2..2]: erase
propagate [3..2]: erase
propagate [3..3]: erase
propagate [3..3]: erase
propagate [4..3]: erase
propagate [4..5]: erase
propagate [4..4]: erase
propagate [5..5]: erase
propagate [6..10]: erase
propagate [6..8]: erase
propagate [9..10]: erase
update(v = 1 [1..10], x = 1, y = 1, value = 1)
update(v = 2 [1..5], x = 1, y = 1, value = 1)
update(v = 4 [1..3], x = 1, y = 1, value = 1)
update(v = 8 [1..2], x = 1, y = 1, value = 1)
update(v = 16 [1..1], x = 1, y = 1, value = 1)
propagate [1..1]: erase
propagate [2..1]: erase
update(v = 17 [2..2], x = 1, y = 1, value = 1)
update(v = 9 [3..3], x = 1, y = 1, value = 1)
update(v = 5 [4..5], x = 1, y = 1, value = 1)
update(v = 3 [6..10], x = 1, y = 1, value = 1)
i = 4, j = 8, h[j] = 1, prev[j] = 1, val = 1
propagate [1..5]: erase
propagate [1..3]: erase
propagate [4..5]: erase
propagate [4..4]: erase
propagate [5..5]: erase
propagate [5..5]: erase
propagate [6..5]: erase
propagate [6..10]: erase
propagate [6..8]: erase
propagate [9..10]: erase
update(v = 1 [1..10], x = 1, y = 4, value = 1)
update(v = 2 [1..5], x = 1, y = 4, value = 1)
update(v = 4 [1..3], x = 1, y = 4, value = 1)
propagate [1..2]: erase
propagate [3..3]: erase
update(v = 5 [4..5], x = 1, y = 4, value = 1)
update(v = 10 [4..4], x = 1, y = 4, value = 1)
propagate [4..4]: erase
propagate [5..4]: erase
update(v = 11 [5..5], x = 1, y = 4, value = 1)
update(v = 3 [6..10], x = 1, y = 4, value = 1)
i = 4, j = 9, h[j] = 4, prev[j] = 2, val = 4
propagate [1..5]: erase
propagate [1..3]: erase
propagate [1..2]: erase
propagate [1..1]: erase
propagate [2..2]: erase
propagate [2..2]: erase
propagate [3..2]: erase
propagate [3..3]: erase
propagate [3..3]: erase
propagate [4..3]: erase
propagate [4..5]: erase
propagate [4..4]: erase
propagate [5..5]: erase
propagate [6..10]: erase
propagate [6..8]: erase
propagate [9..10]: erase
update(v = 1 [1..10], x = 1, y = 1, value = 1)
update(v = 2 [1..5], x = 1, y = 1, value = 1)
update(v = 4 [1..3], x = 1, y = 1, value = 1)
update(v = 8 [1..2], x = 1, y = 1, value = 1)
update(v = 16 [1..1], x = 1, y = 1, value = 1)
propagate [1..1]: erase
propagate [2..1]: erase
update(v = 17 [2..2], x = 1, y = 1, value = 1)
update(v = 9 [3..3], x = 1, y = 1, value = 1)
update(v = 5 [4..5], x = 1, y = 1, value = 1)
update(v = 3 [6..10], x = 1, y = 1, value = 1)
i = 4, j = 10, h[j] = 1, prev[j] = 3, val = 1
-----

propagate [1..5]: erase
propagate [1..3]: erase
propagate [1..2]: erase
propagate [1..1]: erase
propagate [2..2]: erase
propagate [2..2]: erase
propagate [3..2]: erase
propagate [3..3]: erase
propagate [3..3]: erase
propagate [4..3]: erase
propagate [4..5]: erase
propagate [4..4]: erase
propagate [5..5]: erase
propagate [6..10]: erase
propagate [6..8]: erase
propagate [9..10]: erase
update(v = 1 [1..10], x = 1, y = 1, value = 1)
update(v = 2 [1..5], x = 1, y = 1, value = 1)
update(v = 4 [1..3], x = 1, y = 1, value = 1)
update(v = 8 [1..2], x = 1, y = 1, value = 1)
update(v = 16 [1..1], x = 1, y = 1, value = 1)
propagate [1..1]: erase
propagate [2..1]: erase
update(v = 17 [2..2], x = 1, y = 1, value = 1)
update(v = 9 [3..3], x = 1, y = 1, value = 1)
update(v = 5 [4..5], x = 1, y = 1, value = 1)
update(v = 3 [6..10], x = 1, y = 1, value = 1)
i = 5, j = 1, h[j] = 1, prev[j] = 1, val = 1
propagate [1..5]: erase
propagate [1..3]: erase
propagate [1..2]: erase
propagate [1..1]: erase
propagate [2..2]: erase
propagate [2..2]: erase
propagate [3..2]: erase
propagate [3..3]: erase
propagate [3..3]: erase
propagate [4..3]: erase
propagate [4..5]: erase
propagate [4..4]: erase
propagate [5..5]: erase
propagate [6..10]: erase
propagate [6..8]: erase
propagate [9..10]: erase
update(v = 1 [1..10], x = 1, y = 1, value = 1)
update(v = 2 [1..5], x = 1, y = 1, value = 1)
update(v = 4 [1..3], x = 1, y = 1, value = 1)
update(v = 8 [1..2], x = 1, y = 1, value = 1)
update(v = 16 [1..1], x = 1, y = 1, value = 1)
propagate [1..1]: erase
propagate [2..1]: erase
update(v = 17 [2..2], x = 1, y = 1, value = 1)
update(v = 9 [3..3], x = 1, y = 1, value = 1)
update(v = 5 [4..5], x = 1, y = 1, value = 1)
update(v = 3 [6..10], x = 1, y = 1, value = 1)
i = 5, j = 2, h[j] = 1, prev[j] = 2, val = 1
propagate [1..5]: erase
propagate [1..3]: erase
propagate [1..2]: erase
propagate [1..1]: erase
propagate [2..2]: erase
propagate [2..2]: erase
propagate [3..2]: erase
propagate [3..3]: erase
propagate [3..3]: erase
propagate [4..3]: erase
propagate [4..5]: erase
propagate [4..4]: erase
propagate [5..5]: erase
propagate [6..10]: erase
propagate [6..8]: erase
propagate [9..10]: erase
update(v = 1 [1..10], x = 1, y = 1, value = 1)
update(v = 2 [1..5], x = 1, y = 1, value = 1)
update(v = 4 [1..3], x = 1, y = 1, value = 1)
update(v = 8 [1..2], x = 1, y = 1, value = 1)
update(v = 16 [1..1], x = 1, y = 1, value = 1)
propagate [1..1]: erase
propagate [2..1]: erase
update(v = 17 [2..2], x = 1, y = 1, value = 1)
update(v = 9 [3..3], x = 1, y = 1, value = 1)
update(v = 5 [4..5], x = 1, y = 1, value = 1)
update(v = 3 [6..10], x = 1, y = 1, value = 1)
i = 5, j = 3, h[j] = 1, prev[j] = 3, val = 1
propagate [1..5]: erase
propagate [1..3]: erase
propagate [1..2]: erase
propagate [1..1]: erase
propagate [2..2]: erase
propagate [2..2]: erase
propagate [3..2]: erase
propagate [3..3]: erase
propagate [3..3]: erase
propagate [4..3]: erase
propagate [4..5]: erase
propagate [4..4]: erase
propagate [5..5]: erase
propagate [6..10]: erase
propagate [6..8]: erase
propagate [9..10]: erase
update(v = 1 [1..10], x = 1, y = 1, value = 1)
update(v = 2 [1..5], x = 1, y = 1, value = 1)
update(v = 4 [1..3], x = 1, y = 1, value = 1)
update(v = 8 [1..2], x = 1, y = 1, value = 1)
update(v = 16 [1..1], x = 1, y = 1, value = 1)
propagate [1..1]: erase
propagate [2..1]: erase
update(v = 17 [2..2], x = 1, y = 1, value = 1)
update(v = 9 [3..3], x = 1, y = 1, value = 1)
update(v = 5 [4..5], x = 1, y = 1, value = 1)
update(v = 3 [6..10], x = 1, y = 1, value = 1)
i = 5, j = 4, h[j] = 1, prev[j] = 2, val = 1
propagate [1..5]: erase
propagate [1..3]: erase
propagate [4..5]: erase
propagate [4..4]: erase
propagate [5..5]: erase
propagate [5..5]: erase
propagate [6..5]: erase
propagate [6..10]: erase
propagate [6..8]: erase
propagate [9..10]: erase
update(v = 1 [1..10], x = 1, y = 4, value = 1)
update(v = 2 [1..5], x = 1, y = 4, value = 1)
update(v = 4 [1..3], x = 1, y = 4, value = 1)
propagate [1..2]: erase
propagate [3..3]: erase
update(v = 5 [4..5], x = 1, y = 4, value = 1)
update(v = 10 [4..4], x = 1, y = 4, value = 1)
propagate [4..4]: erase
propagate [5..4]: erase
update(v = 11 [5..5], x = 1, y = 4, value = 1)
update(v = 3 [6..10], x = 1, y = 4, value = 1)
i = 5, j = 5, h[j] = 4, prev[j] = 3, val = 4
propagate [1..5]: erase
propagate [1..3]: erase
propagate [1..2]: erase
propagate [1..1]: erase
propagate [2..2]: erase
propagate [2..2]: erase
propagate [3..2]: erase
propagate [3..3]: erase
propagate [3..3]: erase
propagate [4..3]: erase
propagate [4..5]: erase
propagate [4..4]: erase
propagate [5..5]: erase
propagate [6..10]: erase
propagate [6..8]: erase
propagate [9..10]: erase
update(v = 1 [1..10], x = 1, y = 1, value = 1)
update(v = 2 [1..5], x = 1, y = 1, value = 1)
update(v = 4 [1..3], x = 1, y = 1, value = 1)
update(v = 8 [1..2], x = 1, y = 1, value = 1)
update(v = 16 [1..1], x = 1, y = 1, value = 1)
propagate [1..1]: erase
propagate [2..1]: erase
update(v = 17 [2..2], x = 1, y = 1, value = 1)
update(v = 9 [3..3], x = 1, y = 1, value = 1)
update(v = 5 [4..5], x = 1, y = 1, value = 1)
update(v = 3 [6..10], x = 1, y = 1, value = 1)
i = 5, j = 6, h[j] = 1, prev[j] = 2, val = 1
propagate [1..5]: erase
propagate [1..3]: erase
propagate [1..2]: erase
propagate [1..1]: erase
propagate [2..2]: erase
propagate [2..2]: erase
propagate [3..2]: erase
propagate [3..3]: erase
propagate [3..3]: erase
propagate [4..3]: erase
propagate [4..5]: erase
propagate [4..4]: erase
propagate [5..5]: erase
propagate [6..10]: erase
propagate [6..8]: erase
propagate [9..10]: erase
update(v = 1 [1..10], x = 1, y = 1, value = 1)
update(v = 2 [1..5], x = 1, y = 1, value = 1)
update(v = 4 [1..3], x = 1, y = 1, value = 1)
update(v = 8 [1..2], x = 1, y = 1, value = 1)
update(v = 16 [1..1], x = 1, y = 1, value = 1)
propagate [1..1]: erase
propagate [2..1]: erase
update(v = 17 [2..2], x = 1, y = 1, value = 1)
update(v = 9 [3..3], x = 1, y = 1, value = 1)
update(v = 5 [4..5], x = 1, y = 1, value = 1)
update(v = 3 [6..10], x = 1, y = 1, value = 1)
i = 5, j = 7, h[j] = 1, prev[j] = 1, val = 1
propagate [1..5]: erase
propagate [1..3]: erase
propagate [1..2]: erase
propagate [1..1]: erase
propagate [2..2]: erase
propagate [2..2]: erase
propagate [3..2]: erase
propagate [3..3]: erase
propagate [3..3]: erase
propagate [4..3]: erase
propagate [4..5]: erase
propagate [4..4]: erase
propagate [5..5]: erase
propagate [6..10]: erase
propagate [6..8]: erase
propagate [9..10]: erase
update(v = 1 [1..10], x = 1, y = 1, value = 1)
update(v = 2 [1..5], x = 1, y = 1, value = 1)
update(v = 4 [1..3], x = 1, y = 1, value = 1)
update(v = 8 [1..2], x = 1, y = 1, value = 1)
update(v = 16 [1..1], x = 1, y = 1, value = 1)
propagate [1..1]: erase
propagate [2..1]: erase
update(v = 17 [2..2], x = 1, y = 1, value = 1)
update(v = 9 [3..3], x = 1, y = 1, value = 1)
update(v = 5 [4..5], x = 1, y = 1, value = 1)
update(v = 3 [6..10], x = 1, y = 1, value = 1)
i = 5, j = 8, h[j] = 1, prev[j] = 3, val = 1
propagate [2..2]: erase
propagate [3..2]: erase
propagate [3..3]: erase
propagate [4..3]: erase
propagate [4..4]: erase
propagate [5..5]: erase
propagate [6..8]: erase
propagate [9..10]: erase
update(v = 1 [1..10], x = 1, y = 1, value = 1)
update(v = 2 [1..5], x = 1, y = 1, value = 1)
update(v = 4 [1..3], x = 1, y = 1, value = 1)
update(v = 8 [1..2], x = 1, y = 1, value = 1)
update(v = 16 [1..1], x = 1, y = 1, value = 1)
propagate [1..1]: sum += 1
propagate [2..1]: sum += 1
update(v = 17 [2..2], x = 1, y = 1, value = 1)
update(v = 9 [3..3], x = 1, y = 1, value = 1)
update(v = 5 [4..5], x = 1, y = 1, value = 1)
update(v = 3 [6..10], x = 1, y = 1, value = 1)
i = 5, j = 9, h[j] = 1, prev[j] = 3, val = 2
propagate [1..5]: erase
propagate [1..3]: erase
propagate [1..2]: erase
propagate [1..1]: erase
propagate [2..2]: erase
propagate [2..2]: erase
propagate [3..2]: erase
propagate [3..3]: erase
propagate [3..3]: erase
propagate [4..3]: erase
propagate [4..5]: erase
propagate [4..4]: erase
propagate [5..5]: erase
propagate [6..10]: erase
propagate [6..8]: erase
propagate [9..10]: erase
update(v = 1 [1..10], x = 1, y = 1, value = 1)
update(v = 2 [1..5], x = 1, y = 1, value = 1)
update(v = 4 [1..3], x = 1, y = 1, value = 1)
update(v = 8 [1..2], x = 1, y = 1, value = 1)
update(v = 16 [1..1], x = 1, y = 1, value = 1)
propagate [1..1]: erase
propagate [2..1]: erase
update(v = 17 [2..2], x = 1, y = 1, value = 1)
update(v = 9 [3..3], x = 1, y = 1, value = 1)
update(v = 5 [4..5], x = 1, y = 1, value = 1)
update(v = 3 [6..10], x = 1, y = 1, value = 1)
i = 5, j = 10, h[j] = 1, prev[j] = 1, val = 1
-----

propagate [1..5]: erase
propagate [1..3]: erase
propagate [1..2]: erase
propagate [1..1]: erase
propagate [2..2]: erase
propagate [2..2]: erase
propagate [3..2]: erase
propagate [3..3]: erase
propagate [3..3]: erase
propagate [4..3]: erase
propagate [4..5]: erase
propagate [4..4]: erase
propagate [5..5]: erase
propagate [6..10]: erase
propagate [6..8]: erase
propagate [9..10]: erase
update(v = 1 [1..10], x = 1, y = 1, value = 1)
update(v = 2 [1..5], x = 1, y = 1, value = 1)
update(v = 4 [1..3], x = 1, y = 1, value = 1)
update(v = 8 [1..2], x = 1, y = 1, value = 1)
update(v = 16 [1..1], x = 1, y = 1, value = 1)
propagate [1..1]: erase
propagate [2..1]: erase
update(v = 17 [2..2], x = 1, y = 1, value = 1)
update(v = 9 [3..3], x = 1, y = 1, value = 1)
update(v = 5 [4..5], x = 1, y = 1, value = 1)
update(v = 3 [6..10], x = 1, y = 1, value = 1)
i = 6, j = 1, h[j] = 1, prev[j] = 2, val = 1
propagate [1..5]: erase
propagate [1..3]: erase
propagate [1..2]: erase
propagate [1..1]: erase
propagate [2..2]: erase
propagate [2..2]: erase
propagate [3..2]: erase
propagate [3..3]: erase
propagate [3..3]: erase
propagate [4..3]: erase
propagate [4..5]: erase
propagate [4..4]: erase
propagate [5..5]: erase
propagate [6..10]: erase
propagate [6..8]: erase
propagate [9..10]: erase
update(v = 1 [1..10], x = 1, y = 1, value = 1)
update(v = 2 [1..5], x = 1, y = 1, value = 1)
update(v = 4 [1..3], x = 1, y = 1, value = 1)
update(v = 8 [1..2], x = 1, y = 1, value = 1)
update(v = 16 [1..1], x = 1, y = 1, value = 1)
propagate [1..1]: erase
propagate [2..1]: erase
update(v = 17 [2..2], x = 1, y = 1, value = 1)
update(v = 9 [3..3], x = 1, y = 1, value = 1)
update(v = 5 [4..5], x = 1, y = 1, value = 1)
update(v = 3 [6..10], x = 1, y = 1, value = 1)
i = 6, j = 2, h[j] = 1, prev[j] = 1, val = 1
propagate [1..5]: erase
propagate [1..3]: erase
propagate [1..2]: erase
propagate [1..1]: erase
propagate [2..2]: erase
propagate [2..2]: erase
propagate [3..2]: erase
propagate [3..3]: erase
propagate [3..3]: erase
propagate [4..3]: erase
propagate [4..5]: erase
propagate [4..4]: erase
propagate [5..5]: erase
propagate [6..10]: erase
propagate [6..8]: erase
propagate [9..10]: erase
update(v = 1 [1..10], x = 1, y = 1, value = 1)
update(v = 2 [1..5], x = 1, y = 1, value = 1)
update(v = 4 [1..3], x = 1, y = 1, value = 1)
update(v = 8 [1..2], x = 1, y = 1, value = 1)
update(v = 16 [1..1], x = 1, y = 1, value = 1)
propagate [1..1]: erase
propagate [2..1]: erase
update(v = 17 [2..2], x = 1, y = 1, value = 1)
update(v = 9 [3..3], x = 1, y = 1, value = 1)
update(v = 5 [4..5], x = 1, y = 1, value = 1)
update(v = 3 [6..10], x = 1, y = 1, value = 1)
i = 6, j = 3, h[j] = 1, prev[j] = 2, val = 1
propagate [1..5]: erase
propagate [1..3]: erase
propagate [1..2]: erase
propagate [1..1]: erase
propagate [2..2]: erase
propagate [2..2]: erase
propagate [3..2]: erase
propagate [3..3]: erase
propagate [3..3]: erase
propagate [4..3]: erase
propagate [4..5]: erase
propagate [4..4]: erase
propagate [5..5]: erase
propagate [6..10]: erase
propagate [6..8]: erase
propagate [9..10]: erase
update(v = 1 [1..10], x = 1, y = 1, value = 1)
update(v = 2 [1..5], x = 1, y = 1, value = 1)
update(v = 4 [1..3], x = 1, y = 1, value = 1)
update(v = 8 [1..2], x = 1, y = 1, value = 1)
update(v = 16 [1..1], x = 1, y = 1, value = 1)
propagate [1..1]: erase
propagate [2..1]: erase
update(v = 17 [2..2], x = 1, y = 1, value = 1)
update(v = 9 [3..3], x = 1, y = 1, value = 1)
update(v = 5 [4..5], x = 1, y = 1, value = 1)
update(v = 3 [6..10], x = 1, y = 1, value = 1)
i = 6, j = 4, h[j] = 1, prev[j] = 1, val = 1
propagate [2..2]: erase
propagate [3..2]: erase
propagate [3..3]: erase
propagate [4..3]: erase
propagate [4..4]: erase
propagate [5..5]: erase
propagate [6..8]: erase
propagate [9..10]: erase
update(v = 1 [1..10], x = 1, y = 1, value = 1)
update(v = 2 [1..5], x = 1, y = 1, value = 1)
update(v = 4 [1..3], x = 1, y = 1, value = 1)
update(v = 8 [1..2], x = 1, y = 1, value = 1)
update(v = 16 [1..1], x = 1, y = 1, value = 1)
propagate [1..1]: sum += 1
propagate [2..1]: sum += 1
update(v = 17 [2..2], x = 1, y = 1, value = 1)
update(v = 9 [3..3], x = 1, y = 1, value = 1)
update(v = 5 [4..5], x = 1, y = 1, value = 1)
update(v = 3 [6..10], x = 1, y = 1, value = 1)
i = 6, j = 5, h[j] = 1, prev[j] = 1, val = 2
propagate [2..2]: erase
propagate [3..2]: erase
propagate [3..3]: erase
propagate [4..3]: erase
propagate [4..4]: erase
propagate [5..5]: erase
propagate [6..8]: erase
propagate [9..10]: erase
update(v = 1 [1..10], x = 1, y = 1, value = 1)
update(v = 2 [1..5], x = 1, y = 1, value = 1)
update(v = 4 [1..3], x = 1, y = 1, value = 1)
update(v = 8 [1..2], x = 1, y = 1, value = 1)
update(v = 16 [1..1], x = 1, y = 1, value = 1)
propagate [1..1]: sum += 1
propagate [2..1]: sum += 1
update(v = 17 [2..2], x = 1, y = 1, value = 1)
update(v = 9 [3..3], x = 1, y = 1, value = 1)
update(v = 5 [4..5], x = 1, y = 1, value = 1)
update(v = 3 [6..10], x = 1, y = 1, value = 1)
i = 6, j = 6, h[j] = 1, prev[j] = 1, val = 3
propagate [1..5]: erase
propagate [1..3]: erase
propagate [1..2]: erase
propagate [1..1]: erase
propagate [2..2]: erase
propagate [2..2]: erase
propagate [3..2]: erase
propagate [3..3]: erase
propagate [3..3]: erase
propagate [4..3]: erase
propagate [4..5]: erase
propagate [4..4]: erase
propagate [5..5]: erase
propagate [6..10]: erase
propagate [6..8]: erase
propagate [9..10]: erase
update(v = 1 [1..10], x = 1, y = 1, value = 1)
update(v = 2 [1..5], x = 1, y = 1, value = 1)
update(v = 4 [1..3], x = 1, y = 1, value = 1)
update(v = 8 [1..2], x = 1, y = 1, value = 1)
update(v = 16 [1..1], x = 1, y = 1, value = 1)
propagate [1..1]: erase
propagate [2..1]: erase
update(v = 17 [2..2], x = 1, y = 1, value = 1)
update(v = 9 [3..3], x = 1, y = 1, value = 1)
update(v = 5 [4..5], x = 1, y = 1, value = 1)
update(v = 3 [6..10], x = 1, y = 1, value = 1)
i = 6, j = 7, h[j] = 1, prev[j] = 3, val = 1
propagate [1..5]: erase
propagate [1..3]: erase
propagate [1..2]: erase
propagate [1..1]: erase
propagate [2..2]: erase
propagate [2..2]: erase
propagate [3..2]: erase
propagate [3..3]: erase
propagate [3..3]: erase
propagate [4..3]: erase
propagate [4..5]: erase
propagate [4..4]: erase
propagate [5..5]: erase
propagate [6..10]: erase
propagate [6..8]: erase
propagate [9..10]: erase
update(v = 1 [1..10], x = 1, y = 1, value = 1)
update(v = 2 [1..5], x = 1, y = 1, value = 1)
update(v = 4 [1..3], x = 1, y = 1, value = 1)
update(v = 8 [1..2], x = 1, y = 1, value = 1)
update(v = 16 [1..1], x = 1, y = 1, value = 1)
propagate [1..1]: erase
propagate [2..1]: erase
update(v = 17 [2..2], x = 1, y = 1, value = 1)
update(v = 9 [3..3], x = 1, y = 1, value = 1)
update(v = 5 [4..5], x = 1, y = 1, value = 1)
update(v = 3 [6..10], x = 1, y = 1, value = 1)
i = 6, j = 8, h[j] = 1, prev[j] = 1, val = 1
propagate [1..5]: erase
propagate [1..3]: erase
propagate [1..2]: erase
propagate [3..3]: erase
propagate [3..3]: erase
propagate [4..3]: erase
propagate [4..5]: erase
propagate [4..4]: erase
propagate [5..5]: erase
propagate [6..10]: erase
propagate [6..8]: erase
propagate [9..10]: erase
update(v = 1 [1..10], x = 1, y = 2, value = 1)
update(v = 2 [1..5], x = 1, y = 2, value = 1)
update(v = 4 [1..3], x = 1, y = 2, value = 1)
update(v = 8 [1..2], x = 1, y = 2, value = 1)
propagate [1..1]: erase
propagate [2..2]: erase
update(v = 9 [3..3], x = 1, y = 2, value = 1)
update(v = 5 [4..5], x = 1, y = 2, value = 1)
update(v = 3 [6..10], x = 1, y = 2, value = 1)
i = 6, j = 9, h[j] = 2, prev[j] = 3, val = 2
propagate [1..5]: erase
propagate [1..3]: erase
propagate [1..2]: erase
propagate [1..1]: erase
propagate [2..2]: erase
propagate [2..2]: erase
propagate [3..2]: erase
propagate [3..3]: erase
propagate [3..3]: erase
propagate [4..3]: erase
propagate [4..5]: erase
propagate [4..4]: erase
propagate [5..5]: erase
propagate [6..10]: erase
propagate [6..8]: erase
propagate [9..10]: erase
update(v = 1 [1..10], x = 1, y = 1, value = 1)
update(v = 2 [1..5], x = 1, y = 1, value = 1)
update(v = 4 [1..3], x = 1, y = 1, value = 1)
update(v = 8 [1..2], x = 1, y = 1, value = 1)
update(v = 16 [1..1], x = 1, y = 1, value = 1)
propagate [1..1]: erase
propagate [2..1]: erase
update(v = 17 [2..2], x = 1, y = 1, value = 1)
update(v = 9 [3..3], x = 1, y = 1, value = 1)
update(v = 5 [4..5], x = 1, y = 1, value = 1)
update(v = 3 [6..10], x = 1, y = 1, value = 1)
i = 6, j = 10, h[j] = 1, prev[j] = 2, val = 1
-----

propagate [1..5]: erase
propagate [1..3]: erase
propagate [1..2]: erase
propagate [1..1]: erase
propagate [2..2]: erase
propagate [2..2]: erase
propagate [3..2]: erase
propagate [3..3]: erase
propagate [3..3]: erase
propagate [4..3]: erase
propagate [4..5]: erase
propagate [4..4]: erase
propagate [5..5]: erase
propagate [6..10]: erase
propagate [6..8]: erase
propagate [9..10]: erase
update(v = 1 [1..10], x = 1, y = 1, value = 1)
update(v = 2 [1..5], x = 1, y = 1, value = 1)
update(v = 4 [1..3], x = 1, y = 1, value = 1)
update(v = 8 [1..2], x = 1, y = 1, value = 1)
update(v = 16 [1..1], x = 1, y = 1, value = 1)
propagate [1..1]: erase
propagate [2..1]: erase
update(v = 17 [2..2], x = 1, y = 1, value = 1)
update(v = 9 [3..3], x = 1, y = 1, value = 1)
update(v = 5 [4..5], x = 1, y = 1, value = 1)
update(v = 3 [6..10], x = 1, y = 1, value = 1)
i = 7, j = 1, h[j] = 1, prev[j] = 1, val = 1
propagate [1..5]: erase
propagate [1..3]: erase
propagate [1..2]: erase
propagate [1..1]: erase
propagate [2..2]: erase
propagate [2..2]: erase
propagate [3..2]: erase
propagate [3..3]: erase
propagate [3..3]: erase
propagate [4..3]: erase
propagate [4..5]: erase
propagate [4..4]: erase
propagate [5..5]: erase
propagate [6..10]: erase
propagate [6..8]: erase
propagate [9..10]: erase
update(v = 1 [1..10], x = 1, y = 1, value = 1)
update(v = 2 [1..5], x = 1, y = 1, value = 1)
update(v = 4 [1..3], x = 1, y = 1, value = 1)
update(v = 8 [1..2], x = 1, y = 1, value = 1)
update(v = 16 [1..1], x = 1, y = 1, value = 1)
propagate [1..1]: erase
propagate [2..1]: erase
update(v = 17 [2..2], x = 1, y = 1, value = 1)
update(v = 9 [3..3], x = 1, y = 1, value = 1)
update(v = 5 [4..5], x = 1, y = 1, value = 1)
update(v = 3 [6..10], x = 1, y = 1, value = 1)
i = 7, j = 2, h[j] = 1, prev[j] = 3, val = 1
propagate [2..2]: erase
propagate [3..2]: erase
propagate [3..3]: erase
propagate [4..3]: erase
propagate [4..4]: erase
propagate [5..5]: erase
propagate [6..8]: erase
propagate [9..10]: erase
update(v = 1 [1..10], x = 1, y = 1, value = 1)
update(v = 2 [1..5], x = 1, y = 1, value = 1)
update(v = 4 [1..3], x = 1, y = 1, value = 1)
update(v = 8 [1..2], x = 1, y = 1, value = 1)
update(v = 16 [1..1], x = 1, y = 1, value = 1)
propagate [1..1]: sum += 1
propagate [2..1]: sum += 1
update(v = 17 [2..2], x = 1, y = 1, value = 1)
update(v = 9 [3..3], x = 1, y = 1, value = 1)
update(v = 5 [4..5], x = 1, y = 1, value = 1)
update(v = 3 [6..10], x = 1, y = 1, value = 1)
i = 7, j = 3, h[j] = 1, prev[j] = 3, val = 2
propagate [1..5]: erase
propagate [1..3]: erase
propagate [1..2]: erase
propagate [3..3]: erase
propagate [3..3]: erase
propagate [4..3]: erase
propagate [4..5]: erase
propagate [4..4]: erase
propagate [5..5]: erase
propagate [6..10]: erase
propagate [6..8]: erase
propagate [9..10]: erase
update(v = 1 [1..10], x = 1, y = 2, value = 1)
update(v = 2 [1..5], x = 1, y = 2, value = 1)
update(v = 4 [1..3], x = 1, y = 2, value = 1)
update(v = 8 [1..2], x = 1, y = 2, value = 1)
propagate [1..1]: erase
propagate [2..2]: erase
update(v = 9 [3..3], x = 1, y = 2, value = 1)
update(v = 5 [4..5], x = 1, y = 2, value = 1)
update(v = 3 [6..10], x = 1, y = 2, value = 1)
i = 7, j = 4, h[j] = 2, prev[j] = 1, val = 2
propagate [3..3]: erase
propagate [4..3]: erase
propagate [4..4]: erase
propagate [5..5]: erase
propagate [6..8]: erase
propagate [9..10]: erase
update(v = 1 [1..10], x = 1, y = 2, value = 1)
update(v = 2 [1..5], x = 1, y = 2, value = 1)
update(v = 4 [1..3], x = 1, y = 2, value = 1)
update(v = 8 [1..2], x = 1, y = 2, value = 1)
propagate [1..1]: sum += 1
propagate [2..2]: sum += 1
update(v = 9 [3..3], x = 1, y = 2, value = 1)
update(v = 5 [4..5], x = 1, y = 2, value = 1)
update(v = 3 [6..10], x = 1, y = 2, value = 1)
i = 7, j = 5, h[j] = 2, prev[j] = 1, val = 4
propagate [1..5]: erase
propagate [1..3]: erase
propagate [1..2]: erase
propagate [1..1]: erase
propagate [2..2]: erase
propagate [2..2]: erase
propagate [3..2]: erase
propagate [3..3]: erase
propagate [3..3]: erase
propagate [4..3]: erase
propagate [4..5]: erase
propagate [4..4]: erase
propagate [5..5]: erase
propagate [6..10]: erase
propagate [6..8]: erase
propagate [9..10]: erase
update(v = 1 [1..10], x = 1, y = 1, value = 1)
update(v = 2 [1..5], x = 1, y = 1, value = 1)
update(v = 4 [1..3], x = 1, y = 1, value = 1)
update(v = 8 [1..2], x = 1, y = 1, value = 1)
update(v = 16 [1..1], x = 1, y = 1, value = 1)
propagate [1..1]: erase
propagate [2..1]: erase
update(v = 17 [2..2], x = 1, y = 1, value = 1)
update(v = 9 [3..3], x = 1, y = 1, value = 1)
update(v = 5 [4..5], x = 1, y = 1, value = 1)
update(v = 3 [6..10], x = 1, y = 1, value = 1)
i = 7, j = 6, h[j] = 1, prev[j] = 2, val = 1
propagate [2..2]: erase
propagate [3..2]: erase
propagate [3..3]: erase
propagate [4..3]: erase
propagate [4..4]: erase
propagate [5..5]: erase
propagate [6..8]: erase
propagate [9..10]: erase
update(v = 1 [1..10], x = 1, y = 1, value = 1)
update(v = 2 [1..5], x = 1, y = 1, value = 1)
update(v = 4 [1..3], x = 1, y = 1, value = 1)
update(v = 8 [1..2], x = 1, y = 1, value = 1)
update(v = 16 [1..1], x = 1, y = 1, value = 1)
propagate [1..1]: sum += 1
propagate [2..1]: sum += 1
update(v = 17 [2..2], x = 1, y = 1, value = 1)
update(v = 9 [3..3], x = 1, y = 1, value = 1)
update(v = 5 [4..5], x = 1, y = 1, value = 1)
update(v = 3 [6..10], x = 1, y = 1, value = 1)
i = 7, j = 7, h[j] = 1, prev[j] = 2, val = 2
propagate [1..5]: erase
propagate [1..3]: erase
propagate [1..2]: erase
propagate [3..3]: erase
propagate [3..3]: erase
propagate [4..3]: erase
propagate [4..5]: erase
propagate [4..4]: erase
propagate [5..5]: erase
propagate [6..10]: erase
propagate [6..8]: erase
propagate [9..10]: erase
update(v = 1 [1..10], x = 1, y = 2, value = 1)
update(v = 2 [1..5], x = 1, y = 2, value = 1)
update(v = 4 [1..3], x = 1, y = 2, value = 1)
update(v = 8 [1..2], x = 1, y = 2, value = 1)
propagate [1..1]: erase
propagate [2..2]: erase
update(v = 9 [3..3], x = 1, y = 2, value = 1)
update(v = 5 [4..5], x = 1, y = 2, value = 1)
update(v = 3 [6..10], x = 1, y = 2, value = 1)
i = 7, j = 8, h[j] = 2, prev[j] = 1, val = 2
propagate [1..5]: erase
propagate [1..3]: erase
propagate [4..5]: erase
propagate [4..4]: erase
propagate [5..5]: erase
propagate [6..10]: erase
propagate [6..8]: erase
propagate [9..10]: erase
update(v = 1 [1..10], x = 1, y = 3, value = 1)
update(v = 2 [1..5], x = 1, y = 3, value = 1)
update(v = 4 [1..3], x = 1, y = 3, value = 1)
propagate [1..2]: erase
propagate [3..3]: erase
update(v = 5 [4..5], x = 1, y = 3, value = 1)
update(v = 3 [6..10], x = 1, y = 3, value = 1)
i = 7, j = 9, h[j] = 3, prev[j] = 3, val = 3
propagate [1..5]: erase
propagate [1..3]: erase
propagate [1..2]: erase
propagate [1..1]: erase
propagate [2..2]: erase
propagate [2..2]: erase
propagate [3..2]: erase
propagate [3..3]: erase
propagate [3..3]: erase
propagate [4..3]: erase
propagate [4..5]: erase
propagate [4..4]: erase
propagate [5..5]: erase
propagate [6..10]: erase
propagate [6..8]: erase
propagate [9..10]: erase
update(v = 1 [1..10], x = 1, y = 1, value = 1)
update(v = 2 [1..5], x = 1, y = 1, value = 1)
update(v = 4 [1..3], x = 1, y = 1, value = 1)
update(v = 8 [1..2], x = 1, y = 1, value = 1)
update(v = 16 [1..1], x = 1, y = 1, value = 1)
propagate [1..1]: erase
propagate [2..1]: erase
update(v = 17 [2..2], x = 1, y = 1, value = 1)
update(v = 9 [3..3], x = 1, y = 1, value = 1)
update(v = 5 [4..5], x = 1, y = 1, value = 1)
update(v = 3 [6..10], x = 1, y = 1, value = 1)
i = 7, j = 10, h[j] = 1, prev[j] = 1, val = 1
-----

propagate [1..5]: erase
propagate [1..3]: erase
propagate [1..2]: erase
propagate [3..3]: erase
propagate [3..3]: erase
propagate [4..3]: erase
propagate [4..5]: erase
propagate [4..4]: erase
propagate [5..5]: erase
propagate [6..10]: erase
propagate [6..8]: erase
propagate [9..10]: erase
update(v = 1 [1..10], x = 1, y = 2, value = 1)
update(v = 2 [1..5], x = 1, y = 2, value = 1)
update(v = 4 [1..3], x = 1, y = 2, value = 1)
update(v = 8 [1..2], x = 1, y = 2, value = 1)
propagate [1..1]: erase
propagate [2..2]: erase
update(v = 9 [3..3], x = 1, y = 2, value = 1)
update(v = 5 [4..5], x = 1, y = 2, value = 1)
update(v = 3 [6..10], x = 1, y = 2, value = 1)
i = 8, j = 1, h[j] = 2, prev[j] = 1, val = 2
propagate [1..5]: erase
propagate [1..3]: erase
propagate [1..2]: erase
propagate [1..1]: erase
propagate [2..2]: erase
propagate [2..2]: erase
propagate [3..2]: erase
propagate [3..3]: erase
propagate [3..3]: erase
propagate [4..3]: erase
propagate [4..5]: erase
propagate [4..4]: erase
propagate [5..5]: erase
propagate [6..10]: erase
propagate [6..8]: erase
propagate [9..10]: erase
update(v = 1 [1..10], x = 1, y = 1, value = 1)
update(v = 2 [1..5], x = 1, y = 1, value = 1)
update(v = 4 [1..3], x = 1, y = 1, value = 1)
update(v = 8 [1..2], x = 1, y = 1, value = 1)
update(v = 16 [1..1], x = 1, y = 1, value = 1)
propagate [1..1]: erase
propagate [2..1]: erase
update(v = 17 [2..2], x = 1, y = 1, value = 1)
update(v = 9 [3..3], x = 1, y = 1, value = 1)
update(v = 5 [4..5], x = 1, y = 1, value = 1)
update(v = 3 [6..10], x = 1, y = 1, value = 1)
i = 8, j = 2, h[j] = 1, prev[j] = 2, val = 1
propagate [1..5]: erase
propagate [1..3]: erase
propagate [1..2]: erase
propagate [3..3]: erase
propagate [3..3]: erase
propagate [4..3]: erase
propagate [4..5]: erase
propagate [4..4]: erase
propagate [5..5]: erase
propagate [6..10]: erase
propagate [6..8]: erase
propagate [9..10]: erase
update(v = 1 [1..10], x = 1, y = 2, value = 1)
update(v = 2 [1..5], x = 1, y = 2, value = 1)
update(v = 4 [1..3], x = 1, y = 2, value = 1)
update(v = 8 [1..2], x = 1, y = 2, value = 1)
propagate [1..1]: erase
propagate [2..2]: erase
update(v = 9 [3..3], x = 1, y = 2, value = 1)
update(v = 5 [4..5], x = 1, y = 2, value = 1)
update(v = 3 [6..10], x = 1, y = 2, value = 1)
i = 8, j = 3, h[j] = 2, prev[j] = 3, val = 2
propagate [1..1]: sum += 1
propagate [2..2]: sum += 1
propagate [2..2]: sum += 1
propagate [3..2]: sum += 1
propagate [3..3]: erase
propagate [4..3]: erase
propagate [4..4]: erase
propagate [5..5]: erase
propagate [6..8]: erase
propagate [9..10]: erase
update(v = 1 [1..10], x = 1, y = 1, value = 1)
update(v = 2 [1..5], x = 1, y = 1, value = 1)
update(v = 4 [1..3], x = 1, y = 1, value = 1)
update(v = 8 [1..2], x = 1, y = 1, value = 1)
update(v = 16 [1..1], x = 1, y = 1, value = 1)
propagate [1..1]: sum += 2
propagate [2..1]: sum += 2
update(v = 17 [2..2], x = 1, y = 1, value = 1)
update(v = 9 [3..3], x = 1, y = 1, value = 1)
update(v = 5 [4..5], x = 1, y = 1, value = 1)
update(v = 3 [6..10], x = 1, y = 1, value = 1)
i = 8, j = 4, h[j] = 1, prev[j] = 3, val = 2
propagate [1..5]: erase
propagate [1..3]: erase
propagate [1..2]: erase
propagate [1..1]: erase
propagate [2..2]: erase
propagate [2..2]: erase
propagate [3..2]: erase
propagate [3..3]: erase
propagate [3..3]: erase
propagate [4..3]: erase
propagate [4..5]: erase
propagate [4..4]: erase
propagate [5..5]: erase
propagate [6..10]: erase
propagate [6..8]: erase
propagate [9..10]: erase
update(v = 1 [1..10], x = 1, y = 1, value = 1)
update(v = 2 [1..5], x = 1, y = 1, value = 1)
update(v = 4 [1..3], x = 1, y = 1, value = 1)
update(v = 8 [1..2], x = 1, y = 1, value = 1)
update(v = 16 [1..1], x = 1, y = 1, value = 1)
propagate [1..1]: erase
propagate [2..1]: erase
update(v = 17 [2..2], x = 1, y = 1, value = 1)
update(v = 9 [3..3], x = 1, y = 1, value = 1)
update(v = 5 [4..5], x = 1, y = 1, value = 1)
update(v = 3 [6..10], x = 1, y = 1, value = 1)
i = 8, j = 5, h[j] = 1, prev[j] = 2, val = 1
propagate [1..5]: erase
propagate [1..3]: erase
propagate [1..2]: erase
propagate [1..1]: erase
propagate [2..2]: erase
propagate [2..2]: erase
propagate [3..2]: erase
propagate [3..3]: erase
propagate [3..3]: erase
propagate [4..3]: erase
propagate [4..5]: erase
propagate [4..4]: erase
propagate [5..5]: erase
propagate [6..10]: erase
propagate [6..8]: erase
propagate [9..10]: erase
update(v = 1 [1..10], x = 1, y = 1, value = 1)
update(v = 2 [1..5], x = 1, y = 1, value = 1)
update(v = 4 [1..3], x = 1, y = 1, value = 1)
update(v = 8 [1..2], x = 1, y = 1, value = 1)
update(v = 16 [1..1], x = 1, y = 1, value = 1)
propagate [1..1]: erase
propagate [2..1]: erase
update(v = 17 [2..2], x = 1, y = 1, value = 1)
update(v = 9 [3..3], x = 1, y = 1, value = 1)
update(v = 5 [4..5], x = 1, y = 1, value = 1)
update(v = 3 [6..10], x = 1, y = 1, value = 1)
i = 8, j = 6, h[j] = 1, prev[j] = 3, val = 1
propagate [1..5]: erase
propagate [1..3]: erase
propagate [1..2]: erase
propagate [1..1]: erase
propagate [2..2]: erase
propagate [2..2]: erase
propagate [3..2]: erase
propagate [3..3]: erase
propagate [3..3]: erase
propagate [4..3]: erase
propagate [4..5]: erase
propagate [4..4]: erase
propagate [5..5]: erase
propagate [6..10]: erase
propagate [6..8]: erase
propagate [9..10]: erase
update(v = 1 [1..10], x = 1, y = 1, value = 1)
update(v = 2 [1..5], x = 1, y = 1, value = 1)
update(v = 4 [1..3], x = 1, y = 1, value = 1)
update(v = 8 [1..2], x = 1, y = 1, value = 1)
update(v = 16 [1..1], x = 1, y = 1, value = 1)
propagate [1..1]: erase
propagate [2..1]: erase
update(v = 17 [2..2], x = 1, y = 1, value = 1)
update(v = 9 [3..3], x = 1, y = 1, value = 1)
update(v = 5 [4..5], x = 1, y = 1, value = 1)
update(v = 3 [6..10], x = 1, y = 1, value = 1)
i = 8, j = 7, h[j] = 1, prev[j] = 1, val = 1
propagate [1..5]: erase
propagate [1..3]: erase
propagate [1..2]: erase
propagate [1..1]: erase
propagate [2..2]: erase
propagate [2..2]: erase
propagate [3..2]: erase
propagate [3..3]: erase
propagate [3..3]: erase
propagate [4..3]: erase
propagate [4..5]: erase
propagate [4..4]: erase
propagate [5..5]: erase
propagate [6..10]: erase
propagate [6..8]: erase
propagate [9..10]: erase
update(v = 1 [1..10], x = 1, y = 1, value = 1)
update(v = 2 [1..5], x = 1, y = 1, value = 1)
update(v = 4 [1..3], x = 1, y = 1, value = 1)
update(v = 8 [1..2], x = 1, y = 1, value = 1)
update(v = 16 [1..1], x = 1, y = 1, value = 1)
propagate [1..1]: erase
propagate [2..1]: erase
update(v = 17 [2..2], x = 1, y = 1, value = 1)
update(v = 9 [3..3], x = 1, y = 1, value = 1)
update(v = 5 [4..5], x = 1, y = 1, value = 1)
update(v = 3 [6..10], x = 1, y = 1, value = 1)
i = 8, j = 8, h[j] = 1, prev[j] = 2, val = 1
propagate [2..2]: erase
propagate [3..2]: erase
propagate [3..3]: erase
propagate [4..3]: erase
propagate [4..4]: erase
propagate [5..5]: erase
propagate [6..8]: erase
propagate [9..10]: erase
update(v = 1 [1..10], x = 1, y = 1, value = 1)
update(v = 2 [1..5], x = 1, y = 1, value = 1)
update(v = 4 [1..3], x = 1, y = 1, value = 1)
update(v = 8 [1..2], x = 1, y = 1, value = 1)
update(v = 16 [1..1], x = 1, y = 1, value = 1)
propagate [1..1]: sum += 1
propagate [2..1]: sum += 1
update(v = 17 [2..2], x = 1, y = 1, value = 1)
update(v = 9 [3..3], x = 1, y = 1, value = 1)
update(v = 5 [4..5], x = 1, y = 1, value = 1)
update(v = 3 [6..10], x = 1, y = 1, value = 1)
i = 8, j = 9, h[j] = 1, prev[j] = 2, val = 2
propagate [1..5]: erase
propagate [1..3]: erase
propagate [1..2]: erase
propagate [1..1]: erase
propagate [2..2]: erase
propagate [2..2]: erase
propagate [3..2]: erase
propagate [3..3]: erase
propagate [3..3]: erase
propagate [4..3]: erase
propagate [4..5]: erase
propagate [4..4]: erase
propagate [5..5]: erase
propagate [6..10]: erase
propagate [6..8]: erase
propagate [9..10]: erase
update(v = 1 [1..10], x = 1, y = 1, value = 1)
update(v = 2 [1..5], x = 1, y = 1, value = 1)
update(v = 4 [1..3], x = 1, y = 1, value = 1)
update(v = 8 [1..2], x = 1, y = 1, value = 1)
update(v = 16 [1..1], x = 1, y = 1, value = 1)
propagate [1..1]: erase
propagate [2..1]: erase
update(v = 17 [2..2], x = 1, y = 1, value = 1)
update(v = 9 [3..3], x = 1, y = 1, value = 1)
update(v = 5 [4..5], x = 1, y = 1, value = 1)
update(v = 3 [6..10], x = 1, y = 1, value = 1)
i = 8, j = 10, h[j] = 1, prev[j] = 3, val = 1
-----

propagate [1..5]: erase
propagate [1..3]: erase
propagate [1..2]: erase
propagate [1..1]: erase
propagate [2..2]: erase
propagate [2..2]: erase
propagate [3..2]: erase
propagate [3..3]: erase
propagate [3..3]: erase
propagate [4..3]: erase
propagate [4..5]: erase
propagate [4..4]: erase
propagate [5..5]: erase
propagate [6..10]: erase
propagate [6..8]: erase
propagate [9..10]: erase
update(v = 1 [1..10], x = 1, y = 1, value = 1)
update(v = 2 [1..5], x = 1, y = 1, value = 1)
update(v = 4 [1..3], x = 1, y = 1, value = 1)
update(v = 8 [1..2], x = 1, y = 1, value = 1)
update(v = 16 [1..1], x = 1, y = 1, value = 1)
propagate [1..1]: erase
propagate [2..1]: erase
update(v = 17 [2..2], x = 1, y = 1, value = 1)
update(v = 9 [3..3], x = 1, y = 1, value = 1)
update(v = 5 [4..5], x = 1, y = 1, value = 1)
update(v = 3 [6..10], x = 1, y = 1, value = 1)
i = 9, j = 1, h[j] = 1, prev[j] = 3, val = 1
propagate [1..5]: erase
propagate [1..3]: erase
propagate [1..2]: erase
propagate [3..3]: erase
propagate [3..3]: erase
propagate [4..3]: erase
propagate [4..5]: erase
propagate [4..4]: erase
propagate [5..5]: erase
propagate [6..10]: erase
propagate [6..8]: erase
propagate [9..10]: erase
update(v = 1 [1..10], x = 1, y = 2, value = 1)
update(v = 2 [1..5], x = 1, y = 2, value = 1)
update(v = 4 [1..3], x = 1, y = 2, value = 1)
update(v = 8 [1..2], x = 1, y = 2, value = 1)
propagate [1..1]: erase
propagate [2..2]: erase
update(v = 9 [3..3], x = 1, y = 2, value = 1)
update(v = 5 [4..5], x = 1, y = 2, value = 1)
update(v = 3 [6..10], x = 1, y = 2, value = 1)
i = 9, j = 2, h[j] = 2, prev[j] = 2, val = 2
propagate [1..1]: sum += 1
propagate [2..2]: sum += 1
propagate [2..2]: sum += 1
propagate [3..2]: sum += 1
propagate [3..3]: erase
propagate [4..3]: erase
propagate [4..4]: erase
propagate [5..5]: erase
propagate [6..8]: erase
propagate [9..10]: erase
update(v = 1 [1..10], x = 1, y = 1, value = 1)
update(v = 2 [1..5], x = 1, y = 1, value = 1)
update(v = 4 [1..3], x = 1, y = 1, value = 1)
update(v = 8 [1..2], x = 1, y = 1, value = 1)
update(v = 16 [1..1], x = 1, y = 1, value = 1)
propagate [1..1]: sum += 2
propagate [2..1]: sum += 2
update(v = 17 [2..2], x = 1, y = 1, value = 1)
update(v = 9 [3..3], x = 1, y = 1, value = 1)
update(v = 5 [4..5], x = 1, y = 1, value = 1)
update(v = 3 [6..10], x = 1, y = 1, value = 1)
i = 9, j = 3, h[j] = 1, prev[j] = 2, val = 2
propagate [2..2]: erase
propagate [3..2]: erase
propagate [3..3]: erase
propagate [4..3]: erase
propagate [4..4]: erase
propagate [5..5]: erase
propagate [6..8]: erase
propagate [9..10]: erase
update(v = 1 [1..10], x = 1, y = 1, value = 1)
update(v = 2 [1..5], x = 1, y = 1, value = 1)
update(v = 4 [1..3], x = 1, y = 1, value = 1)
update(v = 8 [1..2], x = 1, y = 1, value = 1)
update(v = 16 [1..1], x = 1, y = 1, value = 1)
propagate [1..1]: sum += 1
propagate [2..1]: sum += 1
update(v = 17 [2..2], x = 1, y = 1, value = 1)
update(v = 9 [3..3], x = 1, y = 1, value = 1)
update(v = 5 [4..5], x = 1, y = 1, value = 1)
update(v = 3 [6..10], x = 1, y = 1, value = 1)
i = 9, j = 4, h[j] = 1, prev[j] = 2, val = 3
propagate [1..5]: erase
propagate [1..3]: erase
propagate [1..2]: erase
propagate [1..1]: erase
propagate [2..2]: erase
propagate [2..2]: erase
propagate [3..2]: erase
propagate [3..3]: erase
propagate [3..3]: erase
propagate [4..3]: erase
propagate [4..5]: erase
propagate [4..4]: erase
propagate [5..5]: erase
propagate [6..10]: erase
propagate [6..8]: erase
propagate [9..10]: erase
update(v = 1 [1..10], x = 1, y = 1, value = 1)
update(v = 2 [1..5], x = 1, y = 1, value = 1)
update(v = 4 [1..3], x = 1, y = 1, value = 1)
update(v = 8 [1..2], x = 1, y = 1, value = 1)
update(v = 16 [1..1], x = 1, y = 1, value = 1)
propagate [1..1]: erase
propagate [2..1]: erase
update(v = 17 [2..2], x = 1, y = 1, value = 1)
update(v = 9 [3..3], x = 1, y = 1, value = 1)
update(v = 5 [4..5], x = 1, y = 1, value = 1)
update(v = 3 [6..10], x = 1, y = 1, value = 1)
i = 9, j = 5, h[j] = 1, prev[j] = 1, val = 1
propagate [2..2]: erase
propagate [3..2]: erase
propagate [3..3]: erase
propagate [4..3]: erase
propagate [4..4]: erase
propagate [5..5]: erase
propagate [6..8]: erase
propagate [9..10]: erase
update(v = 1 [1..10], x = 1, y = 1, value = 1)
update(v = 2 [1..5], x = 1, y = 1, value = 1)
update(v = 4 [1..3], x = 1, y = 1, value = 1)
update(v = 8 [1..2], x = 1, y = 1, value = 1)
update(v = 16 [1..1], x = 1, y = 1, value = 1)
propagate [1..1]: sum += 1
propagate [2..1]: sum += 1
update(v = 17 [2..2], x = 1, y = 1, value = 1)
update(v = 9 [3..3], x = 1, y = 1, value = 1)
update(v = 5 [4..5], x = 1, y = 1, value = 1)
update(v = 3 [6..10], x = 1, y = 1, value = 1)
i = 9, j = 6, h[j] = 1, prev[j] = 1, val = 2
propagate [1..5]: erase
propagate [1..3]: erase
propagate [1..2]: erase
propagate [1..1]: erase
propagate [2..2]: erase
propagate [2..2]: erase
propagate [3..2]: erase
propagate [3..3]: erase
propagate [3..3]: erase
propagate [4..3]: erase
propagate [4..5]: erase
propagate [4..4]: erase
propagate [5..5]: erase
propagate [6..10]: erase
propagate [6..8]: erase
propagate [9..10]: erase
update(v = 1 [1..10], x = 1, y = 1, value = 1)
update(v = 2 [1..5], x = 1, y = 1, value = 1)
update(v = 4 [1..3], x = 1, y = 1, value = 1)
update(v = 8 [1..2], x = 1, y = 1, value = 1)
update(v = 16 [1..1], x = 1, y = 1, value = 1)
propagate [1..1]: erase
propagate [2..1]: erase
update(v = 17 [2..2], x = 1, y = 1, value = 1)
update(v = 9 [3..3], x = 1, y = 1, value = 1)
update(v = 5 [4..5], x = 1, y = 1, value = 1)
update(v = 3 [6..10], x = 1, y = 1, value = 1)
i = 9, j = 7, h[j] = 1, prev[j] = 2, val = 1
propagate [1..5]: erase
propagate [1..3]: erase
propagate [1..2]: erase
propagate [1..1]: erase
propagate [2..2]: erase
propagate [2..2]: erase
propagate [3..2]: erase
propagate [3..3]: erase
propagate [3..3]: erase
propagate [4..3]: erase
propagate [4..5]: erase
propagate [4..4]: erase
propagate [5..5]: erase
propagate [6..10]: erase
propagate [6..8]: erase
propagate [9..10]: erase
update(v = 1 [1..10], x = 1, y = 1, value = 1)
update(v = 2 [1..5], x = 1, y = 1, value = 1)
update(v = 4 [1..3], x = 1, y = 1, value = 1)
update(v = 8 [1..2], x = 1, y = 1, value = 1)
update(v = 16 [1..1], x = 1, y = 1, value = 1)
propagate [1..1]: erase
propagate [2..1]: erase
update(v = 17 [2..2], x = 1, y = 1, value = 1)
update(v = 9 [3..3], x = 1, y = 1, value = 1)
update(v = 5 [4..5], x = 1, y = 1, value = 1)
update(v = 3 [6..10], x = 1, y = 1, value = 1)
i = 9, j = 8, h[j] = 1, prev[j] = 1, val = 1
propagate [1..5]: erase
propagate [1..3]: erase
propagate [1..2]: erase
propagate [3..3]: erase
propagate [3..3]: erase
propagate [4..3]: erase
propagate [4..5]: erase
propagate [4..4]: erase
propagate [5..5]: erase
propagate [6..10]: erase
propagate [6..8]: erase
propagate [9..10]: erase
update(v = 1 [1..10], x = 1, y = 2, value = 1)
update(v = 2 [1..5], x = 1, y = 2, value = 1)
update(v = 4 [1..3], x = 1, y = 2, value = 1)
update(v = 8 [1..2], x = 1, y = 2, value = 1)
propagate [1..1]: erase
propagate [2..2]: erase
update(v = 9 [3..3], x = 1, y = 2, value = 1)
update(v = 5 [4..5], x = 1, y = 2, value = 1)
update(v = 3 [6..10], x = 1, y = 2, value = 1)
i = 9, j = 9, h[j] = 2, prev[j] = 2, val = 2
propagate [1..5]: erase
propagate [1..3]: erase
propagate [1..2]: erase
propagate [3..3]: erase
propagate [3..3]: erase
propagate [4..3]: erase
propagate [4..5]: erase
propagate [4..4]: erase
propagate [5..5]: erase
propagate [6..10]: erase
propagate [6..8]: erase
propagate [9..10]: erase
update(v = 1 [1..10], x = 1, y = 2, value = 1)
update(v = 2 [1..5], x = 1, y = 2, value = 1)
update(v = 4 [1..3], x = 1, y = 2, value = 1)
update(v = 8 [1..2], x = 1, y = 2, value = 1)
propagate [1..1]: erase
propagate [2..2]: erase
update(v = 9 [3..3], x = 1, y = 2, value = 1)
update(v = 5 [4..5], x = 1, y = 2, value = 1)
update(v = 3 [6..10], x = 1, y = 2, value = 1)
i = 9, j = 10, h[j] = 2, prev[j] = 3, val = 2
-----

propagate [1..5]: erase
propagate [1..3]: erase
propagate [1..2]: erase
propagate [1..1]: erase
propagate [2..2]: erase
propagate [2..2]: erase
propagate [3..2]: erase
propagate [3..3]: erase
propagate [3..3]: erase
propagate [4..3]: erase
propagate [4..5]: erase
propagate [4..4]: erase
propagate [5..5]: erase
propagate [6..10]: erase
propagate [6..8]: erase
propagate [9..10]: erase
update(v = 1 [1..10], x = 1, y = 1, value = 1)
update(v = 2 [1..5], x = 1, y = 1, value = 1)
update(v = 4 [1..3], x = 1, y = 1, value = 1)
update(v = 8 [1..2], x = 1, y = 1, value = 1)
update(v = 16 [1..1], x = 1, y = 1, value = 1)
propagate [1..1]: erase
propagate [2..1]: erase
update(v = 17 [2..2], x = 1, y = 1, value = 1)
update(v = 9 [3..3], x = 1, y = 1, value = 1)
update(v = 5 [4..5], x = 1, y = 1, value = 1)
update(v = 3 [6..10], x = 1, y = 1, value = 1)
i = 10, j = 1, h[j] = 1, prev[j] = 1, val = 1
propagate [1..5]: erase
propagate [1..3]: erase
propagate [1..2]: erase
propagate [1..1]: erase
propagate [2..2]: erase
propagate [2..2]: erase
propagate [3..2]: erase
propagate [3..3]: erase
propagate [3..3]: erase
propagate [4..3]: erase
propagate [4..5]: erase
propagate [4..4]: erase
propagate [5..5]: erase
propagate [6..10]: erase
propagate [6..8]: erase
propagate [9..10]: erase
update(v = 1 [1..10], x = 1, y = 1, value = 1)
update(v = 2 [1..5], x = 1, y = 1, value = 1)
update(v = 4 [1..3], x = 1, y = 1, value = 1)
update(v = 8 [1..2], x = 1, y = 1, value = 1)
update(v = 16 [1..1], x = 1, y = 1, value = 1)
propagate [1..1]: erase
propagate [2..1]: erase
update(v = 17 [2..2], x = 1, y = 1, value = 1)
update(v = 9 [3..3], x = 1, y = 1, value = 1)
update(v = 5 [4..5], x = 1, y = 1, value = 1)
update(v = 3 [6..10], x = 1, y = 1, value = 1)
i = 10, j = 2, h[j] = 1, prev[j] = 3, val = 1
propagate [1..5]: erase
propagate [1..3]: erase
propagate [1..2]: erase
propagate [3..3]: erase
propagate [3..3]: erase
propagate [4..3]: erase
propagate [4..5]: erase
propagate [4..4]: erase
propagate [5..5]: erase
propagate [6..10]: erase
propagate [6..8]: erase
propagate [9..10]: erase
update(v = 1 [1..10], x = 1, y = 2, value = 1)
update(v = 2 [1..5], x = 1, y = 2, value = 1)
update(v = 4 [1..3], x = 1, y = 2, value = 1)
update(v = 8 [1..2], x = 1, y = 2, value = 1)
propagate [1..1]: erase
propagate [2..2]: erase
update(v = 9 [3..3], x = 1, y = 2, value = 1)
update(v = 5 [4..5], x = 1, y = 2, value = 1)
update(v = 3 [6..10], x = 1, y = 2, value = 1)
i = 10, j = 3, h[j] = 2, prev[j] = 2, val = 2
propagate [1..5]: erase
propagate [1..3]: erase
propagate [1..2]: erase
propagate [1..1]: erase
propagate [2..2]: erase
propagate [2..2]: erase
propagate [3..2]: erase
propagate [3..3]: erase
propagate [3..3]: erase
propagate [4..3]: erase
propagate [4..5]: erase
propagate [4..4]: erase
propagate [5..5]: erase
propagate [6..10]: erase
propagate [6..8]: erase
propagate [9..10]: erase
update(v = 1 [1..10], x = 1, y = 1, value = 1)
update(v = 2 [1..5], x = 1, y = 1, value = 1)
update(v = 4 [1..3], x = 1, y = 1, value = 1)
update(v = 8 [1..2], x = 1, y = 1, value = 1)
update(v = 16 [1..1], x = 1, y = 1, value = 1)
propagate [1..1]: erase
propagate [2..1]: erase
update(v = 17 [2..2], x = 1, y = 1, value = 1)
update(v = 9 [3..3], x = 1, y = 1, value = 1)
update(v = 5 [4..5], x = 1, y = 1, value = 1)
update(v = 3 [6..10], x = 1, y = 1, value = 1)
i = 10, j = 4, h[j] = 1, prev[j] = 3, val = 1
propagate [2..2]: erase
propagate [3..2]: erase
propagate [3..3]: erase
propagate [4..3]: erase
propagate [4..4]: erase
propagate [5..5]: erase
propagate [6..8]: erase
propagate [9..10]: erase
update(v = 1 [1..10], x = 1, y = 1, value = 1)
update(v = 2 [1..5], x = 1, y = 1, value = 1)
update(v = 4 [1..3], x = 1, y = 1, value = 1)
update(v = 8 [1..2], x = 1, y = 1, value = 1)
update(v = 16 [1..1], x = 1, y = 1, value = 1)
propagate [1..1]: sum += 1
propagate [2..1]: sum += 1
update(v = 17 [2..2], x = 1, y = 1, value = 1)
update(v = 9 [3..3], x = 1, y = 1, value = 1)
update(v = 5 [4..5], x = 1, y = 1, value = 1)
update(v = 3 [6..10], x = 1, y = 1, value = 1)
i = 10, j = 5, h[j] = 1, prev[j] = 3, val = 2
propagate [2..2]: erase
propagate [3..2]: erase
propagate [3..3]: erase
propagate [4..3]: erase
propagate [4..4]: erase
propagate [5..5]: erase
propagate [6..8]: erase
propagate [9..10]: erase
update(v = 1 [1..10], x = 1, y = 1, value = 1)
update(v = 2 [1..5], x = 1, y = 1, value = 1)
update(v = 4 [1..3], x = 1, y = 1, value = 1)
update(v = 8 [1..2], x = 1, y = 1, value = 1)
update(v = 16 [1..1], x = 1, y = 1, value = 1)
propagate [1..1]: sum += 1
propagate [2..1]: sum += 1
update(v = 17 [2..2], x = 1, y = 1, value = 1)
update(v = 9 [3..3], x = 1, y = 1, value = 1)
update(v = 5 [4..5], x = 1, y = 1, value = 1)
update(v = 3 [6..10], x = 1, y = 1, value = 1)
i = 10, j = 6, h[j] = 1, prev[j] = 3, val = 3
propagate [2..2]: erase
propagate [3..2]: erase
propagate [3..3]: erase
propagate [4..3]: erase
propagate [4..4]: erase
propagate [5..5]: erase
propagate [6..8]: erase
propagate [9..10]: erase
update(v = 1 [1..10], x = 1, y = 1, value = 1)
update(v = 2 [1..5], x = 1, y = 1, value = 1)
update(v = 4 [1..3], x = 1, y = 1, value = 1)
update(v = 8 [1..2], x = 1, y = 1, value = 1)
update(v = 16 [1..1], x = 1, y = 1, value = 1)
propagate [1..1]: sum += 1
propagate [2..1]: sum += 1
update(v = 17 [2..2], x = 1, y = 1, value = 1)
update(v = 9 [3..3], x = 1, y = 1, value = 1)
update(v = 5 [4..5], x = 1, y = 1, value = 1)
update(v = 3 [6..10], x = 1, y = 1, value = 1)
i = 10, j = 7, h[j] = 1, prev[j] = 3, val = 4
propagate [1..5]: erase
propagate [1..3]: erase
propagate [1..2]: erase
propagate [3..3]: erase
propagate [3..3]: erase
propagate [4..3]: erase
propagate [4..5]: erase
propagate [4..4]: erase
propagate [5..5]: erase
propagate [6..10]: erase
propagate [6..8]: erase
propagate [9..10]: erase
update(v = 1 [1..10], x = 1, y = 2, value = 1)
update(v = 2 [1..5], x = 1, y = 2, value = 1)
update(v = 4 [1..3], x = 1, y = 2, value = 1)
update(v = 8 [1..2], x = 1, y = 2, value = 1)
propagate [1..1]: erase
propagate [2..2]: erase
update(v = 9 [3..3], x = 1, y = 2, value = 1)
update(v = 5 [4..5], x = 1, y = 2, value = 1)
update(v = 3 [6..10], x = 1, y = 2, value = 1)
i = 10, j = 8, h[j] = 2, prev[j] = 1, val = 2
propagate [1..1]: sum += 1
propagate [2..2]: sum += 1
propagate [2..2]: sum += 1
propagate [3..2]: sum += 1
propagate [3..3]: erase
propagate [4..3]: erase
propagate [4..4]: erase
propagate [5..5]: erase
propagate [6..8]: erase
propagate [9..10]: erase
update(v = 1 [1..10], x = 1, y = 1, value = 1)
update(v = 2 [1..5], x = 1, y = 1, value = 1)
update(v = 4 [1..3], x = 1, y = 1, value = 1)
update(v = 8 [1..2], x = 1, y = 1, value = 1)
update(v = 16 [1..1], x = 1, y = 1, value = 1)
propagate [1..1]: sum += 2
propagate [2..1]: sum += 2
update(v = 17 [2..2], x = 1, y = 1, value = 1)
update(v = 9 [3..3], x = 1, y = 1, value = 1)
update(v = 5 [4..5], x = 1, y = 1, value = 1)
update(v = 3 [6..10], x = 1, y = 1, value = 1)
i = 10, j = 9, h[j] = 1, prev[j] = 1, val = 2
propagate [1..5]: erase
propagate [1..3]: erase
propagate [4..5]: erase
propagate [4..4]: erase
propagate [5..5]: erase
propagate [6..10]: erase
propagate [6..8]: erase
propagate [9..10]: erase
update(v = 1 [1..10], x = 1, y = 3, value = 1)
update(v = 2 [1..5], x = 1, y = 3, value = 1)
update(v = 4 [1..3], x = 1, y = 3, value = 1)
propagate [1..2]: erase
propagate [3..3]: erase
update(v = 5 [4..5], x = 1, y = 3, value = 1)
update(v = 3 [6..10], x = 1, y = 3, value = 1)
i = 10, j = 10, h[j] = 3, prev[j] = 3, val = 3
-----

178
