Case #1:
2 5
2 5
2 5
1 1
2 5
2 5
2 5
2 5
Case #2:
1 5
1 5
1 5
2 5
1 5
1 5
1 5
1 5
Case #3:
1 9
1 9
1 9
1 9
1 9
1 9
1 9
1 9
1 9
1 9
1 9
1 9
1 9
1 9
1 9
1 9
Case #4:
2 3
3 3
1 1
2 3
Case #5:
1 9
1 9
1 9
1 9
1 9
1 9
1 9
1 9
1 9
1 9
1 9
1 9
1 9
1 9
1 9
2 9
Case #6:
2 3
1 1
3 3
2 3
Case #7:
1 1
2 2
Case #8:
2 2
1 1
Case #9:
2 2
1 1
Case #10:
1 5
1 5
1 5
3 5
1 5
1 5
2 5
1 5
Case #11:
1 9
1 9
1 9
1 9
1 9
1 9
1 9
1 9
1 9
1 9
1 9
1 9
1 9
1 9
1 9
1 9
Case #12:
1 9
2 9
1 9
1 9
1 9
1 9
1 9
1 9
2 9
1 9
1 9
1 9
1 9
1 9
1 9
1 9
Case #13:
1 1
2 2
Case #14:
1 5
1 5
2 5
1 5
1 5
1 5
1 5
1 5
Case #15:
1 9
1 9
1 9
1 9
1 9
1 9
1 9
1 9
1 9
1 9
1 9
1 9
1 9
1 9
2 9
1 9
Case #16:
1 3
2 3
1 3
2 3
Case #17:
2 3
2 3
1 3
1 3
Case #18:
1 9
1 9
1 9
1 9
1 9
1 9
1 9
1 9
1 9
2 9
1 9
1 9
1 9
1 9
1 9
1 9
Case #19:
2 2
1 1
Case #20:
1 1
2 2
Case #21:
1 1
2 2
Case #22:
2 3
2 3
1 3
1 3
Case #23:
1 9
1 9
1 9
1 9
1 9
1 9
1 9
1 9
1 9
1 9
1 9
1 9
1 9
1 9
1 9
1 9
Case #24:
1 5
1 5
2 5
1 5
1 5
1 5
1 5
1 5
Case #25:
1 1
2 2
Case #26:
1 1
2 2
Case #27:
1 5
2 5
1 5
1 5
1 5
1 5
1 5
1 5
Case #28:
1 1
2 3
2 3
2 3
Case #29:
1 3
2 3
1 3
2 3
Case #30:
2 2
1 1
Case #31:
1 9
1 9
1 9
1 9
1 9
1 9
1 9
1 9
1 9
1 9
1 9
1 9
1 9
1 9
1 9
1 9
Case #32:
1 9
1 9
1 9
1 9
1 9
1 9
1 9
1 9
1 9
1 9
1 9
1 9
1 9
1 9
1 9
1 9
Case #33:
1 9
1 9
1 9
2 9
1 9
1 9
1 9
1 9
1 9
1 9
1 9
1 9
1 9
1 9
1 9
1 9
Case #34:
2 2
1 1
Case #35:
2 2
1 1
Case #36:
1 9
1 9
1 9
1 9
1 9
1 9
1 9
1 9
1 9
1 9
1 9
1 9
1 9
1 9
1 9
1 9
Case #37:
1 5
1 5
1 5
1 5
1 5
1 5
1 5
3 5
Case #38:
2 2
1 1
Case #39:
2 3
1 3
1 3
2 3
Case #40:
2 2
1 1
Case #41:
1 5
1 5
1 5
3 5
1 5
1 5
1 5
1 5
Case #42:
2 3
1 1
2 3
3 3
Case #43:
2 3
1 1
2 3
2 3
Case #44:
1 5
1 5
1 5
1 5
1 5
2 5
1 5
1 5
Case #45:
1 5
1 5
2 5
2 5
1 5
1 5
1 5
1 5
Case #46:
2 2
1 1
Case #47:
1 5
3 5
1 5
1 5
1 5
1 5
1 5
1 5
Case #48:
1 1
2 2
Case #49:
1 9
1 9
1 9
1 9
1 9
1 9
1 9
1 9
1 9
1 9
1 9
1 9
1 9
1 9
1 9
1 9
Case #50:
1 5
1 5
2 5
1 5
2 5
1 5
2 5
2 5
Case #51:
1 1
2 2
Case #52:
1 1
2 3
2 3
3 3
Case #53:
2 5
1 5
1 5
1 5
3 5
1 5
1 5
1 5
Case #54:
2 2
1 1
Case #55:
2 2
1 1
Case #56:
2 3
1 1
2 3
2 3
Case #57:
1 9
1 9
1 9
1 9
1 9
1 9
1 9
1 9
1 9
1 9
1 9
1 9
1 9
1 9
1 9
1 9
Case #58:
3 3
1 3
1 3
1 3
Case #59:
2 3
2 3
2 3
1 1
Case #60:
2 3
2 3
1 1
3 3
Case #61:
1 5
1 5
3 5
1 5
1 5
2 5
1 5
2 5
Case #62:
1 9
1 9
1 9
1 9
1 9
1 9
1 9
1 9
1 9
1 9
1 9
1 9
1 9
1 9
1 9
1 9
Case #63:
1 1
2 2
Case #64:
1 9
1 9
1 9
1 9
1 9
1 9
1 9
1 9
1 9
1 9
1 9
1 9
1 9
1 9
1 9
1 9
Case #65:
1 9
1 9
1 9
1 9
1 9
1 9
1 9
1 9
1 9
1 9
1 9
1 9
1 9
1 9
1 9
1 9
Case #66:
1 5
1 5
1 5
2 5
2 5
2 5
2 5
3 5
Case #67:
1 1
2 2
Case #68:
1 1
2 2
Case #69:
1 5
2 5
1 5
2 5
1 5
1 5
1 5
1 5
Case #70:
2 2
1 1
Case #71:
1 1
2 2
Case #72:
1 9
1 9
1 9
1 9
1 9
1 9
1 9
1 9
1 9
1 9
1 9
1 9
1 9
1 9
1 9
1 9
Case #73:
2 5
3 5
2 5
1 1
2 5
2 5
2 5
2 5
Case #74:
1 3
1 3
2 3
2 3
Case #75:
1 9
1 9
1 9
1 9
1 9
1 9
1 9
1 9
1 9
1 9
1 9
1 9
1 9
1 9
1 9
1 9
Case #76:
1 9
1 9
1 9
1 9
1 9
1 9
1 9
1 9
1 9
1 9
1 9
1 9
1 9
1 9
1 9
2 9
Case #77:
1 9
1 9
1 9
1 9
1 9
1 9
1 9
1 9
1 9
1 9
1 9
1 9
1 9
1 9
1 9
1 9
Case #78:
1 1
2 2
Case #79:
2 2
1 1
Case #80:
2 5
1 5
2 5
2 5
1 5
1 5
1 5
2 5
Case #81:
1 9
1 9
1 9
1 9
1 9
1 9
1 9
1 9
1 9
1 9
1 9
1 9
1 9
1 9
1 9
1 9
Case #82:
1 5
2 5
2 5
1 5
1 5
2 5
3 5
1 5
Case #83:
2 3
2 3
1 3
1 3
Case #84:
1 9
1 9
1 9
1 9
1 9
1 9
1 9
1 9
1 9
1 9
1 9
1 9
1 9
1 9
1 9
1 9
Case #85:
1 5
2 5
2 5
1 5
2 5
1 5
1 5
2 5
Case #86:
1 9
1 9
1 9
1 9
1 9
1 9
1 9
3 9
1 9
1 9
1 9
1 9
1 9
1 9
1 9
1 9
Case #87:
1 1
2 2
Case #88:
1 1
2 3
3 3
2 3
Case #89:
2 5
1 5
1 5
1 5
1 5
1 5
1 5
1 5
Case #90:
2 2
1 1
Case #91:
1 1
2 2
Case #92:
1 5
2 5
1 5
1 5
1 5
1 5
2 5
1 5
Case #93:
2 5
3 5
1 1
2 5
2 5
2 5
2 5
2 5
Case #94:
1 3
2 3
1 3
2 3
Case #95:
1 3
1 3
1 3
3 3
Case #96:
1 5
3 5
1 5
1 5
1 5
1 5
1 5
1 5
Case #97:
1 3
2 3
2 3
1 3
Case #98:
2 2
1 1
Case #99:
2 5
3 5
2 5
1 5
1 5
1 5
1 5
2 5
Case #100:
1 1
2 2
Case #101:
2 2
1 1
Case #102:
1 3
3 3
1 3
1 3
Case #103:
1 9
1 9
1 9
1 9
1 9
1 9
1 9
1 9
1 9
1 9
1 9
1 9
1 9
1 9
2 9
1 9
Case #104:
2 3
1 1
2 3
2 3
Case #105:
2 3
2 3
1 1
2 3
Case #106:
1 1
2 2
Case #107:
2 3
3 3
2 3
1 1
Case #108:
2 5
1 5
1 5
1 5
1 5
2 5
1 5
1 5
Case #109:
1 5
1 5
2 5
1 5
2 5
5 5
1 5
1 5
Case #110:
1 3
1 3
2 3
2 3
Case #111:
3 3
1 1
2 3
2 3
Case #112:
2 5
3 5
1 5
1 5
2 5
1 5
1 5
1 5
Case #113:
1 5
1 5
1 5
1 5
1 5
2 5
1 5
1 5
Case #114:
1 5
1 5
1 5
1 5
1 5
1 5
2 5
1 5
Case #115:
1 9
1 9
1 9
1 9
1 9
1 9
1 9
1 9
1 9
1 9
1 9
1 9
1 9
1 9
1 9
1 9
Case #116:
2 2
1 1
Case #117:
1 1
2 2
Case #118:
1 5
1 5
1 5
1 5
1 5
2 5
1 5
1 5
Case #119:
1 9
1 9
1 9
1 9
1 9
1 9
1 9
1 9
1 9
1 9
1 9
1 9
1 9
1 9
1 9
1 9
Case #120:
2 3
2 3
2 3
1 1
Case #121:
1 5
1 5
1 5
1 5
1 5
1 5
2 5
1 5
Case #122:
1 1
2 2
Case #123:
1 3
1 3
1 3
3 3
Case #124:
2 3
1 3
2 3
1 3
Case #125:
2 2
1 1
Case #126:
2 3
3 3
1 1
2 3
Case #127:
1 1
2 3
2 3
3 3
Case #128:
1 1
2 2
Case #129:
2 3
3 3
2 3
1 1
Case #130:
3 3
2 3
1 1
2 3
Case #131:
1 5
1 5
1 5
1 5
1 5
2 5
1 5
3 5
Case #132:
3 3
2 3
1 1
2 3
Case #133:
1 9
1 9
1 9
1 9
1 9
1 9
1 9
1 9
1 9
1 9
1 9
1 9
1 9
1 9
1 9
1 9
Case #134:
1 3
1 3
3 3
1 3
Case #135:
1 3
2 3
2 3
1 3
Case #136:
1 5
2 5
1 5
2 5
1 5
1 5
1 5
1 5
Case #137:
1 9
1 9
1 9
1 9
1 9
1 9
1 9
1 9
1 9
1 9
1 9
1 9
1 9
1 9
1 9
1 9
Case #138:
1 5
1 5
3 5
1 5
1 5
2 5
1 5
1 5
Case #139:
1 5
1 5
2 5
1 5
1 5
1 5
2 5
1 5
Case #140:
1 3
2 3
1 3
2 3
Case #141:
1 1
2 2
Case #142:
2 2
1 1
Case #143:
2 5
2 5
2 5
2 5
2 5
2 5
2 5
1 1
Case #144:
2 5
1 5
1 5
2 5
1 5
1 5
1 5
1 5
Case #145:
1 9
1 9
1 9
1 9
1 9
1 9
1 9
1 9
1 9
1 9
1 9
1 9
1 9
1 9
1 9
1 9
Case #146:
2 5
1 5
1 5
1 5
5 5
1 5
1 5
1 5
Case #147:
1 1
2 2
Case #148:
3 3
1 3
1 3
1 3
Case #149:
1 1
2 2
Case #150:
3 3
2 3
1 1
2 3
Case #151:
1 5
1 5
1 5
2 5
2 5
1 5
2 5
1 5
Case #152:
3 3
1 1
2 3
2 3
Case #153:
2 2
1 1
Case #154:
1 1
2 3
2 3
2 3
Case #155:
1 1
2 2
Case #156:
1 9
1 9
1 9
1 9
1 9
1 9
1 9
1 9
1 9
1 9
1 9
1 9
1 9
1 9
1 9
1 9
Case #157:
3 3
1 3
1 3
1 3
Case #158:
2 2
1 1
Case #159:
1 9
1 9
1 9
1 9
1 9
1 9
1 9
1 9
1 9
1 9
1 9
1 9
1 9
1 9
1 9
1 9
Case #160:
1 9
1 9
1 9
1 9
1 9
1 9
1 9
1 9
1 9
1 9
1 9
1 9
1 9
1 9
1 9
1 9
Case #161:
1 5
1 5
3 5
2 5
1 5
1 5
1 5
1 5
Case #162:
1 1
2 2
Case #163:
2 2
1 1
Case #164:
1 3
1 3
2 3
2 3
Case #165:
1 3
1 3
2 3
2 3
Case #166:
2 2
1 1
Case #167:
2 3
1 1
2 3
2 3
Case #168:
1 9
1 9
1 9
1 9
1 9
1 9
1 9
1 9
1 9
1 9
1 9
1 9
1 9
1 9
1 9
2 9
Case #169:
2 5
1 5
2 5
1 5
1 5
1 5
1 5
1 5
Case #170:
1 9
1 9
1 9
1 9
1 9
1 9
1 9
1 9
1 9
1 9
1 9
1 9
1 9
1 9
1 9
1 9
Case #171:
1 5
1 5
2 5
1 5
2 5
1 5
1 5
1 5
Case #172:
1 5
1 5
1 5
1 5
1 5
1 5
1 5
2 5
Case #173:
1 9
1 9
1 9
1 9
1 9
1 9
1 9
1 9
1 9
1 9
1 9
2 9
1 9
1 9
1 9
1 9
Case #174:
2 3
2 3
2 3
1 1
Case #175:
1 5
1 5
1 5
1 5
1 5
3 5
2 5
1 5
Case #176:
1 3
1 3
1 3
3 3
Case #177:
1 5
2 5
1 5
1 5
1 5
1 5
2 5
1 5
Case #178:
1 9
1 9
1 9
1 9
1 9
1 9
1 9
1 9
1 9
1 9
1 9
1 9
1 9
1 9
1 9
1 9
Case #179:
1 5
3 5
1 5
1 5
1 5
2 5
1 5
1 5
Case #180:
1 5
1 5
1 5
1 5
1 5
1 5
2 5
2 5
Case #181:
1 9
1 9
1 9
1 9
1 9
1 9
1 9
1 9
1 9
1 9
1 9
1 9
1 9
1 9
1 9
1 9
Case #182:
1 1
2 2
Case #183:
1 9
1 9
2 9
1 9
1 9
1 9
1 9
1 9
1 9
1 9
1 9
1 9
1 9
1 9
1 9
1 9
Case #184:
3 5
2 5
1 5
1 5
1 5
1 5
1 5
2 5
Case #185:
1 9
1 9
1 9
1 9
1 9
1 9
1 9
1 9
1 9
1 9
1 9
1 9
1 9
1 9
1 9
1 9
Case #186:
1 9
1 9
1 9
1 9
1 9
1 9
1 9
1 9
1 9
1 9
1 9
1 9
1 9
1 9
1 9
1 9
Case #187:
1 1
2 2
Case #188:
2 2
1 1
Case #189:
1 5
1 5
2 5
2 5
1 5
1 5
1 5
1 5
Case #190:
2 2
1 1
Case #191:
1 1
2 2
Case #192:
1 3
1 3
3 3
1 3
Case #193:
1 1
2 2
Case #194:
1 1
2 3
2 3
2 3
Case #195:
2 3
1 1
3 3
2 3
Case #196:
2 2
1 1
Case #197:
2 2
1 1
Case #198:
2 3
1 1
3 3
2 3
Case #199:
1 5
1 5
1 5
3 5
1 5
1 5
1 5
1 5
Case #200:
1 5
1 5
2 5
1 5
1 5
2 5
3 5
1 5
Case #201:
1 1
2 2
Case #202:
3 3
1 3
1 3
1 3
Case #203:
1 9
1 9
1 9
1 9
1 9
1 9
1 9
1 9
1 9
1 9
1 9
1 9
1 9
1 9
1 9
1 9
Case #204:
1 9
1 9
1 9
1 9
1 9
1 9
1 9
1 9
1 9
1 9
1 9
1 9
1 9
1 9
1 9
1 9
Case #205:
1 5
2 5
1 5
1 5
1 5
1 5
5 5
1 5
Case #206:
1 5
1 5
1 5
1 5
1 5
2 5
1 5
2 5
Case #207:
3 5
1 5
2 5
1 5
1 5
1 5
1 5
1 5
Case #208:
3 3
1 3
1 3
1 3
Case #209:
1 3
2 3
1 3
2 3
Case #210:
5 5
3 5
3 5
1 5
1 5
2 5
1 5
1 5
Case #211:
2 2
1 1
Case #212:
1 1
2 2
Case #213:
2 5
1 5
1 5
1 5
1 5
1 5
1 5
1 5
Case #214:
2 3
1 1
2 3
3 3
Case #215:
1 5
3 5
1 5
1 5
2 5
1 5
1 5
2 5
Case #216:
2 2
1 1
Case #217:
1 1
3 3
2 3
2 3
Case #218:
1 9
1 9
1 9
1 9
1 9
1 9
1 9
1 9
1 9
1 9
1 9
1 9
1 9
1 9
1 9
1 9
Case #219:
1 5
2 5
2 5
2 5
1 5
1 5
1 5
1 5
Case #220:
2 2
1 1
Case #221:
1 1
2 2
Case #222:
1 1
2 2
Case #223:
1 9
1 9
1 9
1 9
1 9
1 9
1 9
1 9
1 9
1 9
1 9
1 9
1 9
1 9
1 9
1 9
Case #224:
1 5
1 5
1 5
2 5
2 5
1 5
3 5
1 5
Case #225:
1 3
3 3
1 3
1 3
Case #226:
1 3
2 3
2 3
1 3
Case #227:
2 5
2 5
2 5
1 5
1 5
1 5
2 5
2 5
Case #228:
1 1
2 3
3 3
2 3
Case #229:
1 9
1 9
1 9
1 9
1 9
1 9
1 9
1 9
1 9
1 9
1 9
1 9
1 9
1 9
1 9
1 9
Case #230:
3 3
2 3
1 1
2 3
Case #231:
2 3
2 3
1 1
3 3
Case #232:
2 2
1 1
Case #233:
1 9
1 9
1 9
2 9
1 9
1 9
1 9
1 9
1 9
1 9
1 9
1 9
1 9
3 9
1 9
1 9
Case #234:
2 3
2 3
2 3
1 1
Case #235:
3 3
1 1
2 3
2 3
Case #236:
2 5
1 5
1 5
2 5
1 5
1 5
1 5
1 5
Case #237:
1 1
2 2
Case #238:
1 1
2 3
2 3
2 3
Case #239:
2 2
1 1
Case #240:
2 3
1 3
1 3
2 3
Case #241:
1 9
1 9
1 9
1 9
1 9
1 9
1 9
1 9
1 9
1 9
1 9
1 9
1 9
1 9
1 9
1 9
Case #242:
2 2
1 1
Case #243:
2 5
1 5
1 5
1 5
1 5
1 5
1 5
1 5
Case #244:
1 9
1 9
1 9
1 9
1 9
1 9
1 9
1 9
1 9
1 9
1 9
1 9
1 9
1 9
1 9
1 9
Case #245:
1 5
1 5
1 5
1 5
1 5
1 5
1 5
2 5
Case #246:
1 5
1 5
2 5
1 5
1 5
3 5
2 5
2 5
Case #247:
1 9
1 9
1 9
1 9
1 9
1 9
1 9
1 9
1 9
1 9
1 9
1 9
1 9
1 9
1 9
1 9
Case #248:
1 1
2 2
Case #249:
2 9
1 9
1 9
1 9
1 9
1 9
1 9
1 9
1 9
1 9
1 9
1 9
1 9
1 9
1 9
1 9
Case #250:
1 9
1 9
1 9
1 9
1 9
1 9
1 9
1 9
1 9
1 9
1 9
1 9
1 9
1 9
1 9
1 9
