2230392
288378
31868
1765030
11876
4180
1031060
390
10808
628101
709224
699795
1299806
38092
3036145
878690
10595
360906
2274979
1883475
549570
68472
1012461
49795
288333
14668
160631
804278
265838
285888
60640
376807
66694
38133
205102
71591
532946
120975
198984
720
244198
743712
121088
76401
375719
311504
356663
49734
121415
26913
353877
39397
499151
491462
6256
124142
556158
81412
11058
1336631
176004
55887
832699
1337192
58219
181708
624281
1280460
229648
586612
126875
93724
77840
146108
112337
245481
331227
559678
166052
100300
5148
285250
118930
35121
263073
23604
17934
25341
82268
43845
1891852
265566
405167
769772
10788
34100
606243
2006776
417750
2320
51709
400309
74825
340404
86571
103420
362467
140866
110081
680301
1271548
96234
4012
211536
474671
4888
377799
583744
449155
443869
1083599
1269089
395646
522558
111866
7547
25250
14076
2050
652907
115346
17494
107256
719110
96027
74135
946608
87872
1444736
1284387
73238
1359171
10717
36323
753125
346957
480232
1629304
258766
3217312
195206
76752
163221
381955
95703
666981
2986
36864
259561
11424
568808
19497
554
1572985
165783
114934
993055
87423
1472071
67398
5484
92400
178116
194856
19623
72859
21413
242097
590
151204
583212
4306
111147
397329
63724
163720
977942
562982
1746465
128554
10374
2274
157459
84510
80
49844
7524
411032
195266
299091
68174
318925
856814
51174
588079
309000
316580
196276
4085
65100
215525
425843
1337505
101550
638754
158789
1289695
542719
864
84194
1603387
800454
1605114
481661
500
176262
97623
100992
294323
118673
365912
57089
430689
13628
5690
2198
122670
2743
999
318026
626421
0
2826379
13534
253946
1801705
1111205
1361688
661939
3033131
1767243
65104
3682
226936
540750
137826
3459
234396
664727
52121
357443
1131820
89149
78372
133343
20074
8428
289080
83143
63531
158445
74316
16374
818555
969161
1595732
231056
730692
1034038
13984
6095
2183961
76920
1140188
338805
1471839
289359
231863
864306
396459
376833
243208
12876
22425
1023334
1085180
32271
87534
159502
811415
0
624456
1206038
193623
139345
7752
85220
1517
30206
724746
115696
174180
11765
516682
23287
591663
372746
30972
28320
25435
62667
136338
298895
23683
11440
6800
36745
1166000
418
9175
134995
254966
18963
7747
645862
61340
822399
1061319
100117
145715
664786
23283
260776
947607
293399
71356
898960
662969
186501
58464
600820
12773
108444
6620
792
293946
93536
519162
50028
628631
488776
1522575
901795
98050
98085
2153
44730
307983
2073908
971763
63520
608992
514880
155520
113212
10748
134035
5759
336
206270
0
660850
15325
1012208
102180
402172
0
2103008
1019490
380972
754400
313842
55266
199801
332847
858645
408
124572
1357366
9375
259625
4033
781160
358826
118108
125799
212209
273950
1313144
179088
6804
188170
25853
454665
1857797
105562
43433
22110
457358
71486
481422
353884
42911
166272
123229
130
22712
376553
869386
47532
465179
1782798
125948
756710
168514
127755
51270
10431
532893
1424903
331716
12979
75739
263330
151947
1072959
1566702
262328
28044
349364
22470
98910
354474
330301
782132
174202
601958
1081834
667276
9699
36344
207688
19726
1060782
445059
2325449
624001
1785123
996359
560696
437841
25463
295097
55053
369801
1051670
75225
523786
743842
773923
94202
192128
126563
332619
384655
1179526
97251
117676
187374
1219762
1542232
3392
112374
1254974
1925937
385026
135571
29552
735192
299157
37842
7106
248184
276650
53425
294422
680320
1908
4312
298772
506118
951654
592556
89840
927609
70875
81519
450870
236727
16256
61951
17412
47180
30150
161678
247408
282816
284097
436775
4488
8700
391653
246064
24263
1071888
900070
115309
54930
730698
2907
410034
107896
458594
42376
161952
66696
46250
33664
1220024
486800
897400
907884
587894
324
216025
194856
824188
650508
2907
439378
117144
369653
734285
30066
877178
198600
1010680
124248
350134
12090
72846
401015
490743
1640746
5712
158012
65286
553716
617281
222732
341631
4130
19185
2039769
864069
31839
1972106
13576
119209
485832
110455
412734
29557
569666
803234
271522
114132
1219490
99090
1963970
279682
127826
790347
152724
364326
42570
28224
2882
63613
65728
620823
2037162
139608
27153
187203
312110
50720
105652
420521
63704
291775
303510
362098
31730
59334
208437
16423
34176
1182216
323362
264859
909892
75872
8052
11592
2872
319098
4586
561303
593124
1643649
403939
21478
37544
7260
3260
201254
385036
337105
911740
93929
231782
60585
328086
356886
233907
532767
845307
769240
531822
25913
155504
363807
249590
99326
188500
190059
393060
61840
25400
32035
43944
1023878
119161
71206
155429
8121
1148053
108668
261826
1637813
717484
195886
5214
1218661
188654
409175
16520
1613634
14111
142211
93959
728676
54500
210834
357648
9872
420805
409944
1427474
108242
269555
187746
463800
1320292
829840
1898
2265310
9526
309915
107467
5170
295973
318
478594
2193269
24232
155266
1004478
1232339
75660
809160
1042368
47419
1522265
4992
206459
275376
581127
615468
1800
1791269
933024
696522
522896
29148
779850
544310
8640
105752
44174
151320
734085
54496
38730
3635
309809
687438
1166293
538894
447790
125900
183870
353446
28724
1022992
107645
441260
27697
27735
180581
29520
227330
578285
3590
65140
43296
65385
754497
7015
440232
3265311
55488
15606
3762
197569
669086
534964
94266
386119
924
9504
222828
190194
1105
54232
8756
665325
1428818
47534
17982
3359275
20148
700011
60126
297054
578610
873852
576612
125160
766883
54410
599488
771330
3597
841722
23128
119011
574578
145562
261131
1156155
90776
157592
621627
26394
623198
319940
301228
1096510
931428
21814
294
1595144
220256
1041476
451566
66576
295808
2860
131652
509496
982730
28101
772504
172773
129507
309605
446
628238
540174
1687002
30696
251123
179623
573800
309222
141297
601200
300224
3069
119640
400666
658872
29636
306188
211154
42304
335970
439362
5070
9046
2865
151168
23254
6430
3712
238842
50745
164842
40057
39166
558414
11603
61115
296098
2897817
615789
568594
1303230
872541
109681
329634
1670568
162684
383077
48634
974557
350482
497034
457274
325323
9176
404126
430587
574514
41830
204755
26772
311281
593410
458006
131445
6513
1269200
2176745
1277168
86690
1067517
25918
411377
93640
926714
72353
105508
1404084
134659
391038
152990
5940
46864
8977
140812
47782
237774
11600
407212
20319
1236702
29580
184761
21563
80778
29323
197929
781000
1989049
1536
408672
1472
1031118
27415
8086
159847
450619
98192
764829
820031
1667057
1074463
81811
12730
1854
137819
171971
307036
163612
15861
740891
172194
315744
1957480
35983
202860
767237
60326
7273
488318
1414
22147
1321712
1219350
40655
11025
922779
1411888
380217
1807814
351962
316036
250177
11169
155984
135180
889341
1688
225592
148330
545733
69150
466402
878096
362302
201653
179231
838019
227768
167666
299563
153300
