336971
259273
459832
1232814
278747
622206
21826
177644
1537072
193885
529728
792
25740
18680
390036
72181
2351897
877456
155841
5569
151350
340035
307665
144348
561747
96506
72040
1248461
39610
87474
110196
10150
231603
56174
306541
58142
603203
29492
1200520
173385
889410
604036
67240
793354
8026
865354
131434
22980
138660
80580
18477
1239
579633
123942
136439
84544
885189
140248
727182
236596
1289900
13104
83514
1160340
149465
288516
44154
312376
231280
5531
131959
51668
149538
329366
333203
836354
2618
58966
300952
39589
17620
196438
722966
201668
186425
86974
158595
140735
229477
36016
1116234
434397
761812
927342
450528
22192
25291
1576692
1003972
209253
63797
227600
15534
609812
172040
31942
49597
849450
237858
484865
488852
291174
37851
30177
439314
417339
731051
160730
821688
95311
323690
50946
180245
5168
138172
9738
393406
1171866
23220
602624
17133
552321
4212
581145
196485
925320
331424
572574
248337
1641806
270801
195104
4200
124660
206
303950
71399
14456
22232
611856
377694
28843
50865
2875
625038
868886
536811
1769518
1032409
139965
121522
353186
1314783
54636
60752
98868
503587
158320
951425
77135
330634
936098
442
64617
61836
157862
55535
13138
298137
1523810
280140
678246
1493142
850377
10537
257075
39417
435110
72856
45601
577528
20912
377437
176040
1745605
816910
449794
270646
15964
37400
406196
425915
1321820
306501
684
915306
3429071
448575
1624
2336336
45922
30257
235637
653460
1239425
142231
58172
45773
783767
60102
731046
379716
134943
784953
486960
617184
240699
40470
687700
31112
20366
9060
211528
307761
3003920
568244
389957
96178
28755
296451
375277
402043
94767
264105
476416
387882
571480
34416
31017
1759021
5868
8001
381107
60858
14855
14350
443013
38910
210481
383701
3023238
1339389
191970
14441
31274
90636
464039
2264
310611
12342
176766
1670069
340317
5383
29167
103737
204021
7507
16646
96343
421707
210404
663632
239834
973532
284124
110430
1278312
598525
806794
375194
55592
4048
1550778
861592
78964
93861
103428
76092
105720
194708
465526
2640
575557
620
19252
1130612
3312
218009
9095
1055749
439002
467589
623369
14782
131426
327432
10782
85402
65263
57849
16014
354820
803339
827592
252198
55767
10653
1332465
303032
1522646
159159
178281
89364
11340
381539
1040880
428446
283125
391832
258928
256161
330880
129288
205440
26048
489867
229128
1629914
623340
247000
608734
26669
566607
543725
955743
78969
205560
475284
149872
33622
2375340
1084
103517
319341
64700
1391063
752100
219675
796668
106451
70130
18094
196040
297758
13410
569464
791726
175357
13987
3510
294747
150367
1307912
39786
219994
4185
53002
136687
947900
1230668
831758
281092
2162016
827755
105780
440442
160844
58501
1383526
18802
293762
13223
1445926
5319
240660
289767
115940
113028
1221974
403832
8442
2309959
287346
203964
63844
1653552
19540
41589
249464
456982
112544
2052
4488
881617
39018
606263
592059
482446
726814
858166
244109
534876
20378
1190856
734443
41623
224115
247554
250519
165483
7462
9216
102142
8949
380814
404884
429345
33264
25613
787288
14862
1362452
223416
516583
1222318
107313
41088
191900
499918
428265
499733
6823
27987
2046
77968
87643
19055
351076
131809
419
1014942
587535
4222
446278
900005
297011
752343
64968
221660
71155
261933
341460
110201
225680
64309
243233
6204
27405
544590
293868
409764
1603455
22935
6909
31726
149741
10750
168028
2933425
181286
102750
24138
1637998
30166
33046
5784
62369
701763
1417129
297940
110587
207606
6924
159486
12469
465048
305460
61089
257874
173792
570321
934662
77947
214034
42653
19472
50358
45997
87753
371448
370380
513366
569713
1842571
411829
12120
13530
227616
83035
30495
2033645
715605
137414
154736
634140
25719
417170
141647
3464
2167112
173391
931720
25831
37716
759300
34609
24543
1222
15798
1575749
477136
1133509
42706
800244
68747
8
37225
72194
3438
811147
527249
17308
350037
396492
324522
26369
14586
114517
67479
81811
426020
104294
261580
1179
524510
96191
24264
40761
120834
71375
1251455
283866
164787
1843695
311202
566907
894687
18389
19106
499768
126313
637830
32618
438181
5900
493159
509541
383526
241675
57036
59924
158033
104598
405502
623339
5756
55101
143250
259371
5920
874903
35240
0
8000
233136
246044
246729
155319
245033
0
4216
446509
46980
753868
21070
960
45595
35496
174816
446421
645230
942798
76231
812148
226305
287485
420454
43904
371434
335440
542841
3224
4220
92069
2573259
986385
521799
1287312
348464
359130
296772
368524
41835
530992
1606281
307110
480245
1505970
68596
230268
372342
566186
659974
20788
1071292
5008
45800
4174
930132
96140
160300
738720
114585
364545
21525
271708
914142
780513
869929
7610
1172220
124396
10625
4400
1030434
26478
40326
34540
29730
266523
54142
4181
997073
902629
1226872
1619952
17094
39780
4452
43335
4482
25452
36002
95270
2400
2676900
2175537
52560
36140
196168
10080
1313034
711820
75138
120130
591060
34222
24960
1224
121760
9330
1228462
473326
93754
567416
919866
248146
1686321
1140
55866
139256
22742
45307
267646
141575
207388
2799510
150693
11438
812756
9645
860444
107886
418782
853076
222384
1162875
2331
175038
769344
1153887
103409
42
186511
432
1351238
1190725
29959
143525
53900
323310
477866
44529
20706
606855
283785
275873
710477
388740
297242
2149911
358740
3324
1236
25848
223470
49089
62104
339225
309912
10149
359660
199116
1935
1190871
21525
163475
4644
177103
202316
992432
57840
59178
1587555
224669
1005924
555754
34034
168404
1089680
1964790
2712
12679
519185
71548
102745
258163
19554
37674
305753
1494913
110650
726411
347420
262729
20960
319023
410793
1015952
247296
12159
1536441
272187
326987
221490
47212
960336
1360136
50237
633436
13620
144236
459937
702897
52067
144831
114960
513671
63846
2340
108581
5629
87537
8030
1711030
18838
391548
285831
568890
298760
296316
203382
13804
1944468
32866
210889
133549
40319
334152
337637
274329
624476
201362
883110
10093
93736
3224
255813
236919
139558
826771
238630
1502839
124836
5937
1061179
1049413
42750
1217218
412617
2335574
1931251
534174
5983
181826
436100
870613
29095
8667
530859
186872
365071
786619
586592
72099
1288403
279092
187036
30555
295906
1571671
76354
886167
4408
95249
51334
394657
161472
3936
1205220
765412
45511
9548
1116650
24608
273793
23574
278672
1802
682460
889638
357114
237367
153242
146792
97070
7261
316758
554313
254442
696104
269448
4808
989105
1466109
222392
826473
842467
1173572
48391
32743
722095
672237
208
680694
23510
1081260
238568
35388
669335
245280
637602
58223
197775
963742
24298
2326332
80541
133838
4352
744496
504416
41752
1562986
29633
492975
662111
11664
760962
19241
467883
1875
162177
7029
1012875
210570
254772
1246347
261702
1356
1214190
2643452
979562
499510
67680
26144
185457
340501
75186
