1612
0
1
cd-a 1
1
2
dab-b 1
ehb-b 1
2
3
dgc-c 1
fcd-c 2
dgj-c 1
3
4
cd-d 1
ii-d 2
bcb-d 2
cbd-d 1
4
1
hic-e 1
5
3
bdjf-f 1
jcc-f 1
jbb-f 1
6
5
gic-g 1
iee-g 1
ehc-g 1
eie-g 1
bedj-g 1
7
1
bfa-h 1
8
3
bahi-i 1
gie-i 1
geg-i 2
9
2
fbj-j 3
heg-j 1
11
6
bgf-bb 1
cd-bb 1
bcef-bb 2
bcea-bb 1
bcb-bb 1
bee-bb 2
12
4
dgf-bc 1
ccj-bc 1
baid-bc 1
hbf-bc 1
13
2
bejh-bd 1
cch-bd 1
14
4
fec-be 1
bbbj-be 1
babg-be 1
beai-be 2
15
1
hi-bf 1
16
5
gge-bg 1
baae-bg 1
bdii-bg 1
fib-bg 1
iag-bg 1
17
2
ihi-bh 1
bgeh-bh 1
18
4
fic-bi 4
babg-bi 4
feh-bi 1
hej-bi 1
19
5
db-bj 1
cii-bj 1
hcj-bj 1
bdbf-bj 1
dhf-bj 1
20
3
cd-ca 1
gjh-ca 1
dfg-ca 1
21
3
dcc-cb 1
edb-cb 1
did-cb 1
22
4
ff-cc 1
badc-cc 1
dgf-cc 1
jgi-cc 1
23
5
bhd-cd 1
bcaj-cd 1
ffb-cd 2
dbg-cd 2
gfa-cd 1
24
3
ef-ce 1
jgf-ce 1
jag-ce 1
25
4
fhg-cf 1
def-cf 1
bbci-cf 1
eac-cf 2
26
6
eh-cg 1
hhc-cg 1
chb-cg 1
bd-cg 1
deb-cg 1
deg-cg 1
27
5
dji-ch 1
ddb-ch 1
jgg-ch 1
hch-ch 1
bjd-ch 1
28
4
bffg-ci 3
hif-ci 1
gbg-ci 1
hfh-ci 1
29
3
fbi-cj 1
egd-cj 1
bfgd-cj 1
30
8
gda-da 1
bcei-da 1
bhd-da 1
beib-da 1
eej-da 1
fai-da 1
ea-da 1
bdf-da 1
31
5
cd-db 1
cbh-db 1
bbde-db 1
cfj-db 1
gi-db 1
32
5
bbgj-dc 1
jbf-dc 1
iej-dc 5
ecg-dc 1
ifh-dc 1
33
1
babg-dd 1
35
5
gc-df 1
iei-df 1
ibf-df 1
bfgb-df 3
igi-df 1
36
7
bebe-dg 2
bdfc-dg 1
hah-dg 2
bgfe-dg 1
bcii-dg 2
bcag-dg 1
cee-dg 1
37
3
hha-dh 2
bagf-dh 4
gcd-dh 1
38
1
haf-di 1
39
2
cbh-dj 1
ef-dj 1
40
5
eee-ea 1
jjh-ea 1
cgg-ea 1
jff-ea 1
fda-ea 1
41
3
bbfc-eb 2
cdi-eb 2
hac-eb 1
42
3
fi-ec 1
cdc-ec 1
ege-ec 1
43
4
eb-ed 1
ech-ed 1
bcia-ed 1
bfdc-ed 1
44
2
ejg-ee 1
cfb-ee 1
45
4
ige-ef 1
cih-ef 1
beeh-ef 1
cij-ef 1
46
3
ggg-eg 2
cbg-eg 1
ffd-eg 1
47
5
bbfg-eh 2
bbei-eh 1
bjb-eh 1
gdh-eh 2
fdd-eh 1
48
3
jfj-ei 1
bcjf-ei 1
cbh-ei 1
49
2
cd-ej 1
baig-ej 1
50
4
bcb-fa 1
jji-fa 1
bc-fa 1
dhe-fa 1
51
3
bcch-fb 1
dfa-fb 1
bdc-fb 1
52
3
fif-fc 2
eab-fc 1
bfch-fc 3
53
1
dhe-fd 1
54
1
jic-fe 1
55
5
dbd-ff 1
gb-ff 1
cje-ff 1
bdcg-ff 1
bed-ff 1
56
1
bfaf-fg 1
57
4
jie-fh 1
bdb-fh 1
bejb-fh 1
ccb-fh 1
58
3
fg-fi 1
bfdg-fi 1
hee-fi 1
59
7
ff-fj 1
ddg-fj 1
ifd-fj 1
bcha-fj 1
dbg-fj 1
hfh-fj 1
bea-fj 1
60
4
cg-ga 1
fga-ga 2
bi-ga 1
dac-ga 1
61
2
bbjc-gb 1
bbeb-gb 1
62
5
j-gc 1
eie-gc 1
bdfa-gc 2
gge-gc 3
bga-gc 1
63
5
icd-gd 1
cfj-gd 1
daj-gd 1
bfgc-gd 1
dai-gd 1
64
1
g-ge 1
65
1
cgh-gf 1
66
5
jdj-gg 1
idf-gg 1
bfjf-gg 4
cdh-gg 3
jhg-gg 1
67
1
bddh-gh 1
68
3
cbe-gi 1
bcff-gi 2
ch-gi 1
69
3
edh-gj 1
baad-gj 1
gjj-gj 1
70
3
bda-ha 1
ecc-ha 1
db-ha 1
71
2
iaa-hb 1
efh-hb 1
72
3
dbf-hc 1
ejc-hc 1
cif-hc 1
74
6
bebb-he 1
bgi-he 1
bcjc-he 1
gij-he 1
hc-he 1
bcd-he 1
75
3
bdbc-hf 1
hie-hf 1
dah-hf 1
76
4
gbd-hg 1
cgj-hg 1
dfj-hg 1
bja-hg 1
77
7
cae-hh 1
gcj-hh 1
caa-hh 1
bjb-hh 1
beic-hh 1
bdh-hh 1
jae-hh 1
78
3
ihf-hi 1
baec-hi 4
iba-hi 4
79
2
gfg-hj 1
jfc-hj 3
80
2
bfeh-ia 1
bdjd-ia 1
81
4
ghd-ib 1
gia-ib 1
dea-ib 1
dad-ib 1
82
2
bedh-ic 1
fdf-ic 1
83
2
gbg-id 1
eab-id 3
84
3
dej-ie 1
haj-ie 1
eeh-ie 1
85
2
bcge-if 1
bfce-if 1
87
2
cgh-ih 1
bcfj-ih 1
88
6
dgc-ii 1
bacj-ii 1
chf-ii 3
eig-ii 1
bacd-ii 1
bgfi-ii 1
89
2
bcd-ij 1
ife-ij 1
90
1
hij-ja 1
91
1
bhe-jb 1
92
6
babi-jc 5
hj-jc 1
fci-jc 1
gii-jc 1
gbe-jc 1
bbjg-jc 4
93
2
cae-jd 1
fhj-jd 1
94
6
gdf-je 2
bfgb-je 1
fcf-je 1
bi-je 2
bbi-je 1
bfc-je 2
95
3
dfc-jf 1
gbd-jf 1
iae-jf 1
96
3
ec-jg 1
daf-jg 4
beb-jg 1
97
4
hib-jh 1
dai-jh 1
bbfg-jh 6
bcbf-jh 1
98
5
gbe-ji 1
bdjh-ji 1
idd-ji 1
bccj-ji 1
beaa-ji 1
99
3
bcee-jj 1
dej-jj 1
fgf-jj 1
100
4
dig-baa 2
efg-baa 2
fhg-baa 1
bfg-baa 1
101
4
chf-bab 1
jhg-bab 1
ede-bab 1
eic-bab 1
102
3
gja-bac 2
hj-bac 1
bfe-bac 2
103
3
jid-bad 1
bha-bad 1
bfi-bad 1
104
4
cd-bae 1
dgj-bae 1
bdga-bae 1
ceg-bae 1
105
4
bdbh-baf 1
cj-baf 1
bcb-baf 1
cbg-baf 1
106
6
dad-bag 1
bbfi-bag 1
fic-bag 1
baab-bag 1
bfce-bag 1
ede-bag 1
107
6
ddf-bah 1
deg-bah 1
ifd-bah 1
gjh-bah 3
bbcc-bah 1
hbf-bah 1
108
2
bda-bai 1
cfj-bai 1
109
5
db-baj 1
chf-baj 1
cjg-baj 1
eg-baj 1
bda-baj 1
110
5
gdc-bba 1
fbe-bba 1
dic-bba 1
je-bba 1
hi-bba 1
111
3
d-bbb 1
edb-bbb 1
fdh-bbb 1
112
4
dgb-bbc 1
jje-bbc 1
gbg-bbc 1
chf-bbc 4
113
2
bja-bbd 1
gca-bbd 1
114
3
ehd-bbe 1
cie-bbe 1
cb-bbe 1
115
4
bei-bbf 3
bage-bbf 2
dfc-bbf 1
fj-bbf 1
116
6
cbd-bbg 1
iff-bbg 2
eba-bbg 1
eg-bbg 1
bbbj-bbg 1
gdc-bbg 2
117
3
bacc-bbh 7
ehi-bbh 1
gjh-bbh 1
118
5
bech-bbi 1
beb-bbi 1
cbb-bbi 1
beeh-bbi 5
gfd-bbi 1
119
5
fag-bbj 6
bbag-bbj 1
eh-bbj 1
ige-bbj 1
baja-bbj 1
120
6
gae-bca 1
gaf-bca 1
eae-bca 1
cc-bca 1
bae-bca 1
cji-bca 1
121
4
bbgc-bcb 1
fba-bcb 2
bdea-bcb 1
bbdg-bcb 1
122
5
jg-bcc 1
bbff-bcc 4
bebg-bcc 1
hgb-bcc 1
bbab-bcc 1
123
4
ddj-bcd 1
eed-bcd 1
jec-bcd 1
iie-bcd 1
124
8
edi-bce 1
bi-bce 2
bb-bce 1
ccc-bce 1
gef-bce 2
gc-bce 1
bagd-bce 1
fed-bce 1
125
3
deg-bcf 1
ddj-bcf 1
cea-bcf 1
126
3
dbg-bcg 1
bhj-bcg 1
g-bcg 1
127
5
ecb-bch 1
bgbf-bch 1
gad-bch 2
fbh-bch 2
dfd-bch 1
128
7
bbc-bci 1
bcbc-bci 1
bbhe-bci 3
fag-bci 1
fi-bci 1
bbf-bci 1
bagb-bci 1
129
3
icj-bcj 1
bah-bcj 1
iff-bcj 1
130
5
eh-bda 1
ia-bda 1
dhg-bda 1
ffa-bda 3
dfj-bda 1
131
7
fib-bdb 1
bfc-bdb 1
efd-bdb 1
djh-bdb 1
deh-bdb 1
jbg-bdb 1
cda-bdb 1
132
9
bec-bdc 1
fdc-bdc 1
cfc-bdc 1
bfea-bdc 2
bbjh-bdc 1
fee-bdc 2
bbah-bdc 1
jbg-bdc 1
bbfe-bdc 1
133
4
bjf-bdd 1
bcgc-bdd 2
bece-bdd 1
bja-bdd 1
134
4
gge-bde 1
bba-bde 1
beec-bde 1
iah-bde 1
135
5
gea-bdf 2
hc-bdf 1
hcg-bdf 3
bbab-bdf 2
gbf-bdf 1
136
7
bbij-bdg 2
dhi-bdg 1
djj-bdg 1
jdg-bdg 1
bahh-bdg 3
cha-bdg 1
ch-bdg 1
137
4
jjg-bdh 1
feh-bdh 1
ce-bdh 1
edg-bdh 1
138
5
iic-bdi 3
jbe-bdi 1
bffi-bdi 1
ich-bdi 1
gci-bdi 1
139
6
jfe-bdj 2
igg-bdj 1
igb-bdj 1
geh-bdj 2
bbbh-bdj 1
hhc-bdj 1
140
3
dgc-bea 1
fif-bea 1
dgb-bea 1
141
6
edh-beb 1
cbg-beb 1
fe-beb 1
dci-beb 1
djg-beb 1
hia-beb 2
142
8
hea-bec 2
ica-bec 1
bdh-bec 1
bdei-bec 2
hff-bec 1
ii-bec 1
eei-bec 1
hj-bec 1
143
4
feh-bed 1
ica-bed 1
cd-bed 2
begd-bed 1
144
4
bgbe-bee 8
gjd-bee 1
dfg-bee 1
bbej-bee 1
145
3
dai-bef 1
bjd-bef 1
fgj-bef 1
146
4
bja-beg 1
hgd-beg 1
bef-beg 1
ea-beg 1
147
7
bab-beh 1
cia-beh 1
hi-beh 1
gdd-beh 1
ieh-beh 3
ccg-beh 1
jbj-beh 1
148
5
becg-bei 1
jbi-bei 1
jca-bei 3
fge-bei 2
bcgi-bei 1
149
3
bec-bej 1
bdb-bej 1
fif-bej 1
150
3
cjd-bfa 1
egg-bfa 1
ifi-bfa 1
151
2
bdji-bfb 1
fda-bfb 1
152
6
dcb-bfc 3
fcb-bfc 1
bafi-bfc 1
ifh-bfc 1
gbi-bfc 1
cei-bfc 1
153
3
cie-bfd 1
jgi-bfd 1
haa-bfd 1
154
5
hff-bfe 1
gbc-bfe 1
baea-bfe 2
dch-bfe 2
cgh-bfe 1
155
4
fdh-bff 1
bcie-bff 1
gfe-bff 1
eec-bff 1
156
6
bgac-bfg 2
bef-bfg 1
efi-bfg 1
be-bfg 1
hj-bfg 1
hhe-bfg 1
157
2
bae-bfh 1
eaa-bfh 1
158
4
idg-bfi 1
ich-bfi 1
gaa-bfi 4
bgci-bfi 8
159
5
gif-bfj 1
jjj-bfj 1
bii-bfj 1
ded-bfj 1
gce-bfj 1
160
2
hbd-bga 1
efe-bga 1
161
4
bedd-bgb 1
bahe-bgb 1
hea-bgb 3
cgc-bgb 1
162
4
bdeh-bgc 1
ehc-bgc 1
cff-bgc 1
cgd-bgc 1
163
4
gd-bgd 1
bgdh-bgd 1
dbj-bgd 1
edg-bgd 1
164
2
jif-bge 1
hci-bge 1
165
3
bd-bgf 1
baih-bgf 1
iaa-bgf 1
166
5
babe-bgg 1
ehg-bgg 2
bdde-bgg 1
heh-bgg 2
bcaa-bgg 2
167
5
dbg-bgh 1
be-bgh 1
cgg-bgh 1
bfgh-bgh 1
cej-bgh 1
168
7
bhh-bgi 1
daj-bgi 2
bc-bgi 1
eij-bgi 1
dda-bgi 1
cbi-bgi 1
baa-bgi 1
169
4
hch-bgj 1
jai-bgj 1
bffe-bgj 1
djh-bgj 1
170
4
gi-bha 2
bde-bha 1
bi-bha 1
ddd-bha 1
171
5
hhd-bhb 1
fcb-bhb 1
ih-bhb 1
bfbi-bhb 1
cda-bhb 1
172
6
eje-bhc 1
bbfd-bhc 3
edf-bhc 1
bfe-bhc 1
gfg-bhc 1
bagf-bhc 1
173
3
eed-bhd 1
hj-bhd 1
gii-bhd 1
174
4
chd-bhe 1
daa-bhe 4
cfe-bhe 1
ebi-bhe 1
175
5
ech-bhf 1
jga-bhf 1
ca-bhf 1
bci-bhf 1
dgi-bhf 1
176
6
baf-bhg 1
babb-bhg 1
iga-bhg 1
cdi-bhg 3
bci-bhg 1
cfi-bhg 1
177
3
cch-bhh 1
efe-bhh 1
bai-bhh 1
178
4
eaj-bhi 1
gbb-bhi 1
cdb-bhi 1
ibh-bhi 1
179
4
fha-bhj 1
ghd-bhj 1
cb-bhj 1
bafb-bhj 2
180
2
hi-bia 1
cch-bia 1
181
2
fhc-bib 1
eae-bib 6
182
3
hdc-bic 1
eee-bic 1
baa-bic 1
183
4
dec-bid 1
beh-bid 1
bef-bid 1
bajd-bid 1
184
10
bef-bie 1
cdc-bie 1
bbc-bie 1
eig-bie 1
dbe-bie 1
bcc-bie 1
bde-bie 1
bae-bie 1
bcai-bie 1
hdd-bie 1
185
4
je-bif 1
cji-bif 1
babf-bif 3
bgcg-bif 5
186
2
deg-big 1
bdde-big 1
187
3
hef-bih 1
dcf-bih 1
bcff-bih 3
188
4
dfa-bii 1
bga-bii 1
ejd-bii 1
bcej-bii 1
189
4
cia-bij 1
ba-bij 1
cha-bij 1
gfi-bij 1
190
3
ded-bja 1
dig-bja 1
dca-bja 7
191
4
bbee-bjb 1
db-bjb 1
fed-bjb 1
bcdb-bjb 1
192
4
bagc-bjc 1
baad-bjc 1
ibe-bjc 1
ggh-bjc 1
193
2
ghb-bjd 1
hdg-bjd 3
194
2
ecd-bje 3
cga-bje 1
195
4
ecg-bjf 1
hic-bjf 2
baff-bjf 9
hii-bjf 1
196
2
df-bjg 1
dih-bjg 1
197
4
jeb-bjh 1
cd-bjh 1
bcb-bjh 1
gfd-bjh 1
198
1
beeb-bji 1
199
3
gci-bjj 1
baad-bjj 6
jhe-bjj 1
200
5
jgd-caa 1
bafd-caa 1
djj-caa 1
ecb-caa 1
hfg-caa 1
201
6
daf-cab 1
cjd-cab 1
bef-cab 1
jbg-cab 1
jca-cab 1
bdg-cab 1
202
5
fid-cac 2
bbdh-cac 1
dbf-cac 2
cgd-cac 1
djc-cac 1
203
2
ege-cad 1
icg-cad 1
204
8
bccg-cae 1
bea-cae 1
hhb-cae 2
gdi-cae 1
bcb-cae 2
chb-cae 1
jcd-cae 1
cci-cae 1
205
2
bafb-caf 3
gag-caf 1
206
3
fbi-cag 1
cie-cag 1
ebb-cag 1
207
5
ih-cah 1
fde-cah 1
bebe-cah 1
bahc-cah 1
fac-cah 1
208
1
jda-cai 1
209
3
jh-caj 1
ghh-caj 1
eji-caj 1
210
4
bccb-cba 1
bgdd-cba 3
bfi-cba 1
bbjf-cba 5
211
3
ihc-cbb 1
be-cbb 1
cge-cbb 1
212
2
efg-cbc 4
bcdg-cbc 1
213
8
chb-cbd 1
bcdc-cbd 1
cec-cbd 1
eag-cbd 1
jej-cbd 1
jfc-cbd 6
ehe-cbd 1
bif-cbd 1
214
1
bbcc-cbe 1
215
1
bff-cbf 1
216
4
bdg-cbg 1
becj-cbg 3
bbfi-cbg 3
hjj-cbg 1
217
4
ej-cbh 1
bfg-cbh 1
bhi-cbh 1
jhi-cbh 1
218
2
ede-cbi 3
ebh-cbi 1
219
5
jec-cbj 1
hi-cbj 1
dcf-cbj 1
db-cbj 1
gjj-cbj 1
220
5
eea-cca 1
bbi-cca 1
ehi-cca 1
bbdb-cca 1
ihg-cca 1
221
4
ddd-ccb 1
ejj-ccb 1
jeh-ccb 1
d-ccb 1
222
3
bcda-ccc 1
eag-ccc 1
jfh-ccc 1
223
6
feh-ccd 1
eae-ccd 1
cjf-ccd 1
bajb-ccd 1
ecd-ccd 1
dhh-ccd 1
224
1
bceh-cce 1
225
7
dca-ccf 1
ghd-ccf 1
hcc-ccf 1
ihi-ccf 6
ga-ccf 1
bfdd-ccf 1
jeg-ccf 1
226
5
hjh-ccg 1
bahi-ccg 1
ide-ccg 1
hde-ccg 1
bih-ccg 1
227
3
baaf-cch 2
egd-cch 3
ice-cch 1
228
3
bgbg-cci 2
haf-cci 1
bbfd-cci 2
229
5
cch-ccj 1
hji-ccj 2
gdf-ccj 1
j-ccj 1
eeb-ccj 1
230
2
ejd-cda 1
dd-cda 1
231
4
ejg-cdb 4
jaa-cdb 1
fcf-cdb 1
bff-cdb 1
232
6
hjg-cdc 1
ccj-cdc 1
eb-cdc 1
ddj-cdc 1
fad-cdc 1
gac-cdc 1
233
2
db-cdd 1
bebi-cdd 1
234
7
hhb-cde 1
bj-cde 1
fff-cde 1
bjb-cde 1
bi-cde 1
bdia-cde 1
gge-cde 1
235
4
dfa-cdf 1
badh-cdf 1
bhj-cdf 1
fjc-cdf 7
236
6
bdf-cdg 1
cid-cdg 1
gcf-cdg 1
dff-cdg 5
bfjd-cdg 1
eif-cdg 1
237
3
bbja-cdh 5
gfd-cdh 1
gd-cdh 1
238
3
j-cdi 1
jbc-cdi 1
beha-cdi 3
239
2
hgg-cdj 1
ega-cdj 1
240
6
cfi-cea 1
gbi-cea 1
cac-cea 1
che-cea 2
be-cea 1
jaj-cea 2
241
4
dfe-ceb 1
dhh-ceb 1
bfj-ceb 1
bdea-ceb 6
242
3
bdg-cec 1
bajb-cec 1
bad-cec 1
243
3
efg-ced 1
bbgc-ced 1
cah-ced 1
244
3
ic-cee 1
eej-cee 1
jhc-cee 1
245
4
dab-cef 1
bbec-cef 1
bfi-cef 1
bha-cef 1
246
3
gdg-ceg 1
iag-ceg 1
cah-ceg 1
247
2
gdd-ceh 1
eeg-ceh 1
248
4
dgf-cei 1
fhi-cei 1
ddf-cei 1
bfb-cei 1
249
7
bbeg-cej 2
bh-cej 2
dif-cej 1
gig-cej 1
ef-cej 1
jej-cej 1
bbee-cej 1
250
5
bdhb-cfa 3
hdi-cfa 1
ice-cfa 1
gei-cfa 3
eb-cfa 1
251
5
cea-cfb 1
fhe-cfb 1
g-cfb 1
baga-cfb 1
fgg-cfb 1
252
3
eca-cfc 1
gef-cfc 1
ieg-cfc 1
253
6
a-cfd 1
bcdh-cfd 1
geb-cfd 1
ccg-cfd 1
bchd-cfd 1
cje-cfd 1
254
1
ijc-cfe 1
255
5
hjf-cff 1
bafc-cff 2
ejg-cff 3
egj-cff 1
hda-cff 1
256
4
gic-cfg 1
ej-cfg 1
bbdg-cfg 2
bfdb-cfg 2
257
7
cie-cfh 6
bbee-cfh 1
cid-cfh 1
bee-cfh 1
baj-cfh 1
gbg-cfh 1
fjh-cfh 1
258
5
badf-cfi 1
chd-cfi 1
bcfi-cfi 1
eec-cfi 1
dhi-cfi 1
259
4
cfi-cfj 1
beb-cfj 1
bd-cfj 1
fh-cfj 1
260
5
chj-cga 1
cgd-cga 1
bhb-cga 1
bcjf-cga 3
chf-cga 1
261
3
gdf-cgb 1
da-cgb 2
deb-cgb 1
262
5
ee-cgc 1
hfc-cgc 1
fji-cgc 1
hdb-cgc 1
ica-cgc 1
263
5
dcj-cgd 1
bec-cgd 1
dcf-cgd 2
bafd-cgd 1
bafi-cgd 1
264
3
bba-cge 1
bfc-cge 1
cci-cge 1
265
4
bgbh-cgf 2
fcc-cgf 2
ibe-cgf 1
gie-cgf 1
266
4
bgae-cgg 1
fhc-cgg 1
bii-cgg 1
bdh-cgg 1
267
4
hc-cgh 1
bdhc-cgh 11
cag-cgh 1
babb-cgh 1
268
5
fdh-cgi 1
daf-cgi 1
djh-cgi 1
ia-cgi 1
baaa-cgi 6
269
2
ifi-cgj 1
eag-cgj 1
270
4
gfh-cha 1
ged-cha 1
egj-cha 1
dcb-cha 1
271
3
eci-chb 1
fff-chb 1
bcbi-chb 1
272
4
bbfj-chc 1
jfb-chc 1
jhd-chc 2
hba-chc 1
273
4
bfbg-chd 3
dfj-chd 1
ebh-chd 1
cjc-chd 1
274
1
befj-che 1
275
4
eca-chf 6
hfb-chf 1
did-chf 1
fch-chf 1
276
3
iab-chg 1
hja-chg 1
edh-chg 1
277
1
cid-chh 1
278
6
ibj-chi 1
cee-chi 1
bbea-chi 1
bbc-chi 3
hga-chi 1
jeh-chi 1
279
6
dia-chj 1
fg-chj 1
fjd-chj 1
jg-chj 1
bgh-chj 1
hhi-chj 1
280
4
cce-cia 1
jej-cia 1
jj-cia 1
eie-cia 1
281
5
bcce-cib 1
hh-cib 1
bdhh-cib 2
bdhb-cib 1
eha-cib 3
282
1
dhi-cic 1
283
8
fcf-cid 1
cab-cid 1
hgg-cid 1
ebi-cid 1
dfd-cid 1
ehb-cid 1
cjb-cid 2
bdh-cid 1
284
3
bih-cie 1
jfi-cie 10
gg-cie 5
285
7
bcja-cif 5
dae-cif 1
baed-cif 1
dgb-cif 1
bbai-cif 1
idd-cif 1
gfe-cif 1
286
5
eef-cig 1
bbac-cig 1
dge-cig 1
hbj-cig 1
hdd-cig 1
287
1
icg-cih 1
288
5
gbi-cii 1
cah-cii 1
dad-cii 1
baha-cii 2
ggd-cii 1
289
3
bgi-cij 1
dgf-cij 1
ch-cij 1
290
5
ead-cja 1
ija-cja 1
bcaa-cja 1
ehg-cja 1
hcj-cja 1
291
3
bagh-cjb 1
jbi-cjb 1
beba-cjb 3
292
4
bfgi-cjc 6
db-cjc 1
bcih-cjc 1
bada-cjc 2
293
2
eje-cjd 1
bdaa-cjd 1
294
2
cea-cje 1
bbi-cje 1
295
2
dba-cjf 1
cgb-cjf 1
296
1
cgb-cjg 1
297
2
da-cjh 1
jfd-cjh 1
298
4
id-cji 1
bee-cji 1
hbd-cji 1
bdce-cji 1
299
6
fci-cjj 1
bcie-cjj 1
bgh-cjj 1
cc-cjj 1
jah-cjj 4
bfeb-cjj 2
300
4
jjb-daa 1
ih-daa 1
bfde-daa 3
bbhc-daa 1
301
3
hi-dab 3
bef-dab 1
bace-dab 1
302
4
fgc-dac 1
dce-dac 1
bgi-dac 1
iid-dac 1
303
4
dab-dad 1
gfe-dad 1
gfd-dad 3
gcb-dad 1
304
3
fce-dae 1
bcib-dae 4
baaa-dae 1
305
6
badi-daf 4
fbb-daf 2
bddb-daf 1
bdcb-daf 3
jae-daf 1
cha-daf 1
306
2
eb-dag 1
hcd-dag 1
307
3
ggg-dah 1
ehc-dah 1
ihj-dah 1
308
5
bafa-dai 1
bchi-dai 1
ejb-dai 1
ebd-dai 1
chh-dai 1
309
6
geh-daj 2
ebb-daj 1
dce-daj 1
fhj-daj 1
fae-daj 1
dhe-daj 1
310
3
hhj-dba 2
gdh-dba 1
bff-dba 1
311
4
cjb-dbb 1
dgi-dbb 1
eaa-dbb 7
dfc-dbb 1
312
2
dah-dbc 1
hca-dbc 1
313
4
gcb-dbd 3
bbg-dbd 1
bdjf-dbd 1
bfg-dbd 1
314
3
dac-dbe 1
dfh-dbe 1
bcaf-dbe 1
315
6
baad-dbf 1
gdc-dbf 1
dac-dbf 1
ei-dbf 1
eid-dbf 1
gib-dbf 8
316
3
dab-dbg 1
iag-dbg 8
ffg-dbg 1
317
4
fha-dbh 1
caa-dbh 1
cid-dbh 1
gfj-dbh 1
318
5
fah-dbi 1
edd-dbi 1
ch-dbi 1
eia-dbi 1
bcaa-dbi 1
319
4
dad-dbj 1
gjf-dbj 1
bb-dbj 1
dhd-dbj 1
320
5
badg-dca 1
a-dca 1
bda-dca 2
bdii-dca 2
jbi-dca 5
321
6
jia-dcb 1
efg-dcb 1
gad-dcb 2
fi-dcb 1
eda-dcb 2
gbj-dcb 1
322
7
ddf-dcc 1
di-dcc 2
gdi-dcc 1
chf-dcc 1
jah-dcc 2
fbb-dcc 1
heg-dcc 1
323
3
cg-dcd 1
gda-dcd 1
cfg-dcd 1
324
2
jef-dce 6
ebg-dce 1
325
5
bhe-dcf 1
cgb-dcf 1
bbja-dcf 2
fea-dcf 1
fce-dcf 1
326
2
cd-dcg 1
dca-dcg 1
327
3
dh-dch 1
bdgc-dch 1
jai-dch 4
328
5
bcef-dci 1
cge-dci 1
ehi-dci 1
dae-dci 1
ddg-dci 1
329
3
jcg-dcj 2
dhd-dcj 1
begb-dcj 1
330
4
dai-dda 1
cea-dda 1
bjj-dda 1
fjj-dda 1
331
4
bcea-ddb 1
ddd-ddb 1
bdge-ddb 1
bbdj-ddb 1
332
5
beg-ddc 1
dac-ddc 1
bja-ddc 1
ia-ddc 1
bfjb-ddc 1
333
1
beef-ddd 1
334
8
dbe-dde 1
bbj-dde 1
ifj-dde 1
d-dde 2
ejf-dde 1
ghh-dde 2
gaa-dde 1
fbe-dde 1
335
7
chf-ddf 1
jh-ddf 1
fcf-ddf 2
eij-ddf 1
bei-ddf 1
eb-ddf 1
id-ddf 1
336
3
eid-ddg 1
cgc-ddg 1
cdi-ddg 1
337
3
ef-ddh 1
ech-ddh 1
baa-ddh 3
338
5
cfa-ddi 1
ehd-ddi 1
bjc-ddi 1
fib-ddi 1
ef-ddi 1
339
5
ehi-ddj 1
haa-ddj 1
ecg-ddj 2
dia-ddj 1
ihj-ddj 1
340
6
ejd-dea 2
edh-dea 1
dia-dea 1
bgi-dea 1
ebe-dea 1
ief-dea 1
341
4
fei-deb 1
hfg-deb 1
cbi-deb 3
hgj-deb 1
342
4
bfg-dec 2
fdc-dec 1
bg-dec 1
bcgh-dec 1
343
5
ddc-ded 1
jab-ded 1
gij-ded 2
ihf-ded 2
bdbb-ded 1
344
3
cia-dee 1
dej-dee 1
fji-dee 1
345
2
bajh-def 1
jfi-def 3
346
3
eec-deg 1
hia-deg 1
fhd-deg 1
347
3
dj-deh 1
ifa-deh 1
iji-deh 1
348
1
fif-dei 1
349
4
dif-dej 1
fda-dej 1
babg-dej 1
bcah-dej 12
350
5
eai-dfa 1
bfb-dfa 1
ege-dfa 1
fie-dfa 1
hab-dfa 1
351
2
bde-dfb 1
e-dfb 3
352
4
fgg-dfc 1
eb-dfc 1
fgj-dfc 1
ca-dfc 1
353
5
idj-dfd 2
bbae-dfd 1
bfcc-dfd 1
bga-dfd 1
da-dfd 1
354
4
badc-dfe 1
ejd-dfe 1
baac-dfe 3
ii-dfe 1
355
5
jha-dff 1
ife-dff 1
gie-dff 2
hii-dff 4
heg-dff 1
356
3
dhf-dfg 1
eib-dfg 7
cdj-dfg 1
357
5
bbcb-dfh 1
fee-dfh 2
hg-dfh 1
beci-dfh 2
fhb-dfh 2
358
2
egd-dfi 1
hgh-dfi 8
359
3
bbah-dfj 1
eb-dfj 1
ejd-dfj 1
360
5
g-dga 1
bcdg-dga 3
fff-dga 1
cb-dga 1
dgi-dga 1
361
1
bcae-dgb 1
362
5
fib-dgc 1
jic-dgc 1
bc-dgc 1
bdbb-dgc 1
jja-dgc 1
363
7
bajj-dgd 1
bbjf-dgd 2
bfa-dgd 1
badi-dgd 2
ifb-dgd 1
feh-dgd 1
ebc-dgd 1
364
5
dc-dge 1
beaa-dge 1
hcj-dge 1
bccf-dge 1
ef-dge 1
365
3
jfj-dgf 1
bffd-dgf 1
bbba-dgf 1
366
2
bced-dgg 1
bg-dgg 1
367
1
idi-dgh 1
368
3
cgg-dgi 1
deb-dgi 1
ibf-dgi 1
369
4
bcab-dgj 1
ghb-dgj 1
bea-dgj 1
gg-dgj 2
370
3
ecg-dha 1
jhi-dha 1
dji-dha 1
371
3
bajb-dhb 1
d-dhb 1
ebh-dhb 1
372
7
bbce-dhc 1
dfg-dhc 1
bbed-dhc 1
ccd-dhc 1
jii-dhc 1
dbg-dhc 7
bdab-dhc 1
373
6
cdi-dhd 1
ije-dhd 2
dgh-dhd 2
baeg-dhd 2
fhc-dhd 1
hfh-dhd 1
374
6
ieg-dhe 1
dca-dhe 1
ehb-dhe 1
bbhb-dhe 1
bbii-dhe 2
bbhi-dhe 2
375
4
ebj-dhf 1
baga-dhf 2
cjd-dhf 1
ich-dhf 1
376
4
beab-dhg 1
begf-dhg 1
ida-dhg 1
bfe-dhg 1
377
5
gbg-dhh 1
bdac-dhh 1
dgf-dhh 1
bbh-dhh 1
bbb-dhh 1
378
5
fjf-dhi 1
ebh-dhi 1
bcab-dhi 1
fhf-dhi 1
ihg-dhi 2
379
5
begh-dhj 1
ddj-dhj 3
icc-dhj 1
fce-dhj 1
idf-dhj 2
380
3
ecg-dia 8
hge-dia 1
jcc-dia 1
381
2
dhj-dib 1
bgg-dib 1
382
7
bbgj-dic 1
hc-dic 1
fh-dic 1
ebi-dic 1
jff-dic 1
hhd-dic 1
edj-dic 1
383
5
bab-did 1
hid-did 1
dhg-did 1
bgj-did 1
ccj-did 1
384
5
jeb-die 1
fac-die 1
fea-die 1
baag-die 3
fig-die 1
385
1
bbdh-dif 1
386
3
edj-dig 1
hih-dig 1
fcd-dig 3
387
2
fdg-dih 1
bbjg-dih 1
388
2
bdeg-dii 1
bage-dii 2
389
5
bacf-dij 1
eai-dij 1
cga-dij 1
ici-dij 8
hhe-dij 1
390
2
bhe-dja 1
bdhi-dja 1
391
2
eee-djb 1
jjj-djb 2
392
3
jaj-djc 2
ddi-djc 1
dba-djc 1
393
3
cie-djd 1
bejh-djd 1
ifd-djd 1
394
4
hag-dje 1
beaj-dje 3
bbj-dje 1
he-dje 1
395
1
eha-djf 1
396
6
hca-djg 1
bcc-djg 1
bceg-djg 1
cji-djg 1
efi-djg 1
baa-djg 1
397
9
bdh-djh 1
gdg-djh 1
cjc-djh 4
beca-djh 1
djb-djh 1
bdef-djh 3
ebi-djh 2
bif-djh 1
gai-djh 1
398
4
hhj-dji 1
bahj-dji 1
cha-dji 1
cic-dji 1
399
4
bbc-djj 2
dec-djj 1
dda-djj 1
jib-djj 2
400
6
bif-eaa 1
hjj-eaa 1
jbb-eaa 1
bee-eaa 8
hbg-eaa 1
eji-eaa 1
401
4
chi-eab 1
bdha-eab 1
fh-eab 1
bbga-eab 3
402
5
jhi-eac 1
bagg-eac 1
cej-eac 2
bcc-eac 1
big-eac 1
403
4
chj-ead 1
caf-ead 1
dj-ead 1
dce-ead 1
404
6
fhi-eae 1
edd-eae 1
fed-eae 1
bic-eae 1
icb-eae 8
gdc-eae 1
405
3
fde-eaf 1
fgj-eaf 1
jc-eaf 1
406
5
gff-eag 1
ca-eag 1
cfa-eag 1
hea-eag 1
hgb-eag 1
407
4
gdj-eah 1
bcaj-eah 1
bbcf-eah 9
eca-eah 1
408
4
efh-eai 1
ffa-eai 1
be-eai 1
bbec-eai 4
409
3
jfa-eaj 1
beec-eaj 1
eae-eaj 1
410
6
feb-eba 1
bebc-eba 1
bjj-eba 1
cee-eba 1
gih-eba 1
bif-eba 5
411
6
ggb-ebb 1
beb-ebb 1
fff-ebb 1
ffd-ebb 2
fac-ebb 1
iij-ebb 2
412
3
baej-ebc 1
ecb-ebc 1
bjg-ebc 1
413
7
had-ebd 1
bdae-ebd 3
dgi-ebd 1
badb-ebd 3
ejb-ebd 1
bcce-ebd 1
cag-ebd 1
414
5
df-ebe 1
ebb-ebe 1
dgb-ebe 1
bfhc-ebe 1
hfg-ebe 1
415
1
fhf-ebf 1
416
3
ghg-ebg 1
fga-ebg 1
dcf-ebg 1
417
3
icg-ebh 7
hdg-ebh 1
bahf-ebh 1
418
2
hfe-ebi 2
ebc-ebi 1
419
4
djj-ebj 2
ghd-ebj 1
ehi-ebj 1
jgc-ebj 4
420
4
eh-eca 1
dbf-eca 1
jga-eca 8
jff-eca 1
421
2
daj-ecb 1
bchc-ecb 2
422
8
edi-ecc 1
bdie-ecc 1
babd-ecc 1
fbe-ecc 1
bdch-ecc 4
gce-ecc 1
cd-ecc 1
idf-ecc 1
423
3
dha-ecd 1
jfj-ecd 9
fba-ecd 1
424
4
eaa-ece 1
ecd-ece 1
eeh-ece 1
ici-ece 1
425
4
cib-ecf 1
beh-ecf 1
dgb-ecf 1
dh-ecf 1
426
3
dfa-ecg 1
bcca-ecg 9
fbc-ecg 1
427
4
dbh-ech 1
hcd-ech 7
fcf-ech 1
jjc-ech 1
428
4
jac-eci 1
dh-eci 1
cei-eci 1
hcg-eci 2
429
2
gbj-ecj 1
ihi-ecj 1
430
7
dgb-eda 1
igj-eda 1
bdcg-eda 1
eai-eda 1
bbdb-eda 2
dhf-eda 3
hbd-eda 1
431
5
gdd-edb 1
gec-edb 1
fb-edb 1
jj-edb 1
iia-edb 1
432
3
baa-edc 1
bhb-edc 1
ihi-edc 1
433
5
dfa-edd 1
gag-edd 1
bdh-edd 1
ebd-edd 1
cbe-edd 3
434
4
ffi-ede 1
ejb-ede 1
jh-ede 6
jbb-ede 1
435
5
bdfe-edf 2
bdag-edf 1
dic-edf 1
fah-edf 1
hba-edf 2
436
4
ie-edg 1
ggd-edg 1
cde-edg 1
jgh-edg 1
437
5
bbgb-edh 3
beb-edh 1
hcd-edh 1
cfj-edh 1
dah-edh 1
438
8
egf-edi 1
gie-edi 1
ccg-edi 1
eja-edi 1
bjd-edi 1
bda-edi 1
gah-edi 1
cfj-edi 1
439
2
egf-edj 6
egj-edj 1
440
4
gcc-eea 1
igj-eea 1
djh-eea 1
bgj-eea 1
441
4
dec-eeb 1
hei-eeb 1
bab-eeb 1
hgh-eeb 1
442
3
hci-eec 2
dge-eec 2
bha-eec 1
443
4
jhc-eed 1
gcd-eed 1
fcg-eed 2
iaa-eed 11
444
3
idg-eee 1
chb-eee 1
fgi-eee 1
445
4
jad-eef 1
bdg-eef 2
bdcd-eef 1
dej-eef 1
446
5
bfc-eeg 1
chg-eeg 1
dji-eeg 1
dcc-eeg 1
badg-eeg 1
447
1
gbb-eeh 1
448
4
fii-eei 1
bih-eei 1
beed-eei 8
haj-eei 1
449
3
bbif-eej 1
bcag-eej 1
bcih-eej 2
450
5
hch-efa 2
bccg-efa 1
dhd-efa 1
jia-efa 2
egc-efa 1
451
3
bbgj-efb 1
ehc-efb 1
eib-efb 1
452
4
ehd-efc 1
fdg-efc 1
bhh-efc 1
hd-efc 1
453
2
fei-efd 4
iac-efd 1
454
2
bcdb-efe 10
ija-efe 1
455
5
jge-eff 1
bjf-eff 8
fff-eff 1
bbed-eff 1
hgf-eff 1
456
4
bcad-efg 5
bbj-efg 1
iib-efg 5
fii-efg 1
457
5
dci-efh 1
bbeg-efh 1
iic-efh 2
igc-efh 1
ded-efh 2
458
3
eed-efi 1
icc-efi 1
eec-efi 1
459
6
bbca-efj 1
fhc-efj 1
bbfa-efj 1
gde-efj 1
fje-efj 1
efe-efj 1
460
8
bbac-ega 1
bac-ega 1
cbg-ega 1
jca-ega 1
cgd-ega 1
feh-ega 1
icf-ega 1
bja-ega 4
461
4
hic-egb 1
jg-egb 1
fdb-egb 1
bcdf-egb 3
462
2
ddc-egc 1
ccj-egc 1
463
3
cfa-egd 4
bbf-egd 1
bdhg-egd 1
464
6
dbb-ege 1
bg-ege 1
ifi-ege 1
fdb-ege 1
dib-ege 1
ecb-ege 1
465
4
fge-egf 2
ifd-egf 4
cha-egf 1
eae-egf 3
466
5
ed-egg 1
jia-egg 1
eaj-egg 2
die-egg 1
idd-egg 2
467
2
cii-egh 1
iid-egh 1
468
2
hef-egi 1
cdi-egi 1
469
5
dbi-egj 1
jdg-egj 2
baih-egj 1
ibi-egj 1
jj-egj 1
470
4
fgd-eha 1
bbi-eha 1
bjj-eha 1
cgh-eha 9
471
2
hib-ehb 4
bfc-ehb 1
472
2
iad-ehc 1
cdh-ehc 1
473
3
hjj-ehd 1
hcb-ehd 9
bffb-ehd 1
474
4
ibh-ehe 3
bebj-ehe 1
di-ehe 1
hje-ehe 1
475
5
jgj-ehf 1
cac-ehf 1
hgh-ehf 1
fag-ehf 1
caa-ehf 1
476
4
hda-ehg 2
ddb-ehg 1
bdgh-ehg 1
edf-ehg 2
477
3
had-ehh 1
ecf-ehh 1
gcc-ehh 1
478
3
jfd-ehi 4
bbeg-ehi 1
fef-ehi 1
479
3
eci-ehj 1
hbj-ehj 1
bcgj-ehj 1
480
4
cjj-eia 1
efc-eia 1
efb-eia 1
bfa-eia 1
481
4
dg-eib 1
bbbe-eib 3
bcji-eib 1
iih-eib 6
482
4
fhi-eic 1
bdfb-eic 3
bfef-eic 2
ebb-eic 1
483
4
bfhj-eid 1
bddi-eid 1
hc-eid 1
bdg-eid 1
484
2
ffj-eie 1
gbb-eie 1
485
2
daa-eif 1
fdf-eif 1
486
4
fdf-eig 1
ede-eig 1
bfeh-eig 1
edi-eig 1
487
5
efh-eih 1
daa-eih 1
cag-eih 1
jc-eih 1
ifi-eih 1
488
3
fij-eii 1
bgb-eii 1
bfdi-eii 1
489
5
jae-eij 2
dcc-eij 1
dfg-eij 1
bje-eij 1
ief-eij 1
490
3
hej-eja 1
iaj-eja 1
babi-eja 5
491
3
bhc-ejb 1
cdi-ejb 1
ibd-ejb 1
492
6
daj-ejc 1
ggd-ejc 2
gji-ejc 1
eia-ejc 1
bcbe-ejc 3
hgb-ejc 1
493
2
ige-ejd 3
iic-ejd 1
494
6
bfj-eje 1
ebj-eje 1
cif-eje 1
gic-eje 1
ege-eje 1
iei-eje 1
495
2
bfja-ejf 1
ecf-ejf 1
496
4
feg-ejg 5
eb-ejg 1
chd-ejg 2
ghb-ejg 1
497
3
bbi-ejh 1
iaa-ejh 1
idi-ejh 1
498
4
d-eji 1
cgh-eji 1
cdd-eji 1
hfb-eji 1
499
2
hif-ejj 1
chf-ejj 1
500
5
deg-faa 1
ice-faa 1
dfb-faa 1
dhg-faa 1
bbba-faa 1
502
5
hbc-fac 1
cbi-fac 1
cbh-fac 1
bbii-fac 2
hdh-fac 1
503
6
fgd-fad 1
iej-fad 1
cfh-fad 1
baei-fad 4
dih-fad 1
bdjg-fad 1
504
4
bdia-fae 3
fje-fae 1
baba-fae 3
fej-fae 1
505
2
hid-faf 1
bcja-faf 1
506
4
ggd-fag 1
dbf-fag 7
bahb-fag 1
hcd-fag 1
507
1
jbj-fah 1
508
3
gdj-fai 1
badj-fai 1
fdh-fai 1
509
4
ggb-faj 1
bhe-faj 1
iii-faj 1
ga-faj 1
510
3
cdi-fba 1
bbdb-fba 6
dii-fba 1
511
3
geh-fbb 1
fid-fbb 1
jgi-fbb 1
512
3
eeg-fbc 1
baag-fbc 1
ejh-fbc 1
513
5
ejj-fbd 1
hej-fbd 1
bih-fbd 1
jhc-fbd 1
eai-fbd 1
514
2
bajc-fbe 1
bceh-fbe 1
515
1
jbh-fbf 1
516
2
edb-fbg 1
dff-fbg 1
517
5
hca-fbh 1
fdh-fbh 1
bc-fbh 1
fgb-fbh 1
bcjg-fbh 1
518
4
dcc-fbi 1
bjb-fbi 1
ebf-fbi 1
cfg-fbi 1
519
5
fch-fbj 1
beig-fbj 1
ieg-fbj 1
hb-fbj 1
hdc-fbj 4
520
4
bccg-fca 1
gaj-fca 1
bcie-fca 1
jib-fca 1
521
5
h-fcb 1
fij-fcb 1
bcdf-fcb 3
bhb-fcb 1
hbb-fcb 1
522
4
gbd-fcc 1
fjh-fcc 1
bfca-fcc 4
gic-fcc 1
523
4
ghf-fcd 1
cba-fcd 4
cae-fcd 1
hib-fcd 1
524
3
baec-fce 3
gjh-fce 1
gia-fce 1
525
6
ebi-fcf 1
cce-fcf 1
bff-fcf 1
baib-fcf 1
ehe-fcf 3
cgf-fcf 1
526
4
bbe-fcg 1
bcah-fcg 1
gcc-fcg 3
eig-fcg 1
527
7
ecb-fch 2
bcee-fch 2
eae-fch 2
hfc-fch 1
fcf-fch 1
beaj-fch 1
bfgh-fch 1
528
7
dfd-fci 1
iba-fci 2
dfh-fci 2
dei-fci 1
fhg-fci 1
bbea-fci 2
iei-fci 1
529
3
egd-fcj 1
hge-fcj 1
ffb-fcj 1
530
6
bhj-fda 1
edf-fda 1
bhi-fda 2
gca-fda 1
cfd-fda 2
bbbd-fda 2
531
3
ffg-fdb 1
def-fdb 1
eha-fdb 7
532
5
bahi-fdc 1
eg-fdc 1
cif-fdc 1
dhh-fdc 1
bbjb-fdc 1
533
9
bfha-fdd 1
bfie-fdd 1
edd-fdd 3
eaf-fdd 1
dfb-fdd 1
hid-fdd 1
baif-fdd 1
bei-fdd 1
baei-fdd 3
534
2
fih-fde 1
jj-fde 1
535
6
gdc-fdf 1
ibe-fdf 3
bade-fdf 1
cgg-fdf 1
fdg-fdf 1
fbj-fdf 1
536
5
gje-fdg 1
gbh-fdg 1
bach-fdg 1
bhi-fdg 1
bdhg-fdg 1
537
7
hjd-fdh 1
gf-fdh 1
ffa-fdh 1
cdc-fdh 1
cjd-fdh 1
bcjh-fdh 1
deb-fdh 3
538
1
jii-fdi 1
539
2
hbh-fdj 1
bdfh-fdj 3
540
5
bdcd-fea 2
caf-fea 1
bceb-fea 1
bbia-fea 2
ee-fea 1
541
6
cid-feb 1
dfh-feb 1
ih-feb 1
ieb-feb 3
hgh-feb 1
ibd-feb 1
542
3
bfcg-fec 6
bfij-fec 1
ffe-fec 1
543
4
fdh-fed 1
hdi-fed 2
fjd-fed 1
bbhb-fed 1
544
5
be-fee 1
ecb-fee 2
bbaa-fee 2
ihf-fee 2
fff-fee 1
545
4
bfdg-fef 8
bbfh-fef 1
dfe-fef 1
je-fef 2
546
6
ihh-feg 1
ijc-feg 1
bd-feg 1
hgh-feg 5
bi-feg 1
bcgj-feg 1
547
3
hei-feh 1
djg-feh 1
chc-feh 1
548
5
eeg-fei 1
bcgi-fei 1
dbc-fei 1
begd-fei 4
ffc-fei 1
549
4
eji-fej 1
dfe-fej 1
hhe-fej 1
gcg-fej 1
550
4
idb-ffa 1
gch-ffa 2
df-ffa 1
bfef-ffa 3
551
7
dab-ffb 2
cbd-ffb 1
cfd-ffb 1
ica-ffb 1
gda-ffb 1
i-ffb 1
jfe-ffb 1
552
3
hbb-ffc 1
bdj-ffc 1
bgc-ffc 1
553
2
jaf-ffd 1
dij-ffd 1
554
2
baba-ffe 1
hdc-ffe 1
555
6
baj-fff 1
baae-fff 2
fgj-fff 1
jbf-fff 2
edi-fff 1
hfd-fff 2
556
1
ffi-ffg 1
557
2
e-ffh 1
fja-ffh 1
558
4
cif-ffi 1
cdj-ffi 1
gaj-ffi 1
bcdd-ffi 1
559
4
gih-ffj 1
baid-ffj 1
gfi-ffj 1
dfd-ffj 1
560
7
eae-fga 1
igi-fga 1
bdib-fga 1
gei-fga 1
bbhg-fga 1
bhe-fga 2
cie-fga 1
561
3
eei-fgb 1
gff-fgb 8
dba-fgb 1
562
5
bagf-fgc 3
dbd-fgc 1
dgd-fgc 1
jad-fgc 1
cjb-fgc 1
563
5
dij-fgd 1
bfic-fgd 2
fb-fgd 1
ffa-fgd 1
bfff-fgd 1
564
2
gjf-fge 3
ibf-fge 1
565
1
ha-fgf 1
566
2
ice-fgg 1
bih-fgg 1
567
3
jjf-fgh 1
jcf-fgh 1
dbh-fgh 1
568
4
hjf-fgi 1
bcbi-fgi 1
dfg-fgi 6
eeh-fgi 1
569
3
egh-fgj 1
bdc-fgj 1
ghj-fgj 5
570
3
bfig-fha 1
bfi-fha 1
fhc-fha 1
571
4
bfcb-fhb 9
beeb-fhb 3
beaa-fhb 1
feb-fhb 1
572
5
ijj-fhc 1
bbi-fhc 1
hch-fhc 1
bfed-fhc 9
bgea-fhc 1
573
4
dea-fhd 1
dgi-fhd 1
hic-fhd 1
cih-fhd 1
574
5
gge-fhe 1
ebh-fhe 1
dic-fhe 1
jbe-fhe 1
hci-fhe 1
575
2
ffb-fhf 1
gad-fhf 1
576
4
bbfh-fhg 1
jbb-fhg 1
da-fhg 1
fjc-fhg 1
578
4
idd-fhi 1
jcb-fhi 2
bja-fhi 4
bcgj-fhi 1
579
4
ii-fhj 1
bgde-fhj 1
gaj-fhj 1
fag-fhj 1
580
4
hga-fia 1
cdd-fia 1
bb-fia 1
gcc-fia 3
581
3
gjb-fib 1
fgb-fib 1
bag-fib 1
582
4
ifh-fic 1
cea-fic 2
cif-fic 1
bgaj-fic 3
583
6
cdd-fid 1
hh-fid 1
cih-fid 1
gif-fid 1
fh-fid 1
bbaa-fid 8
584
3
efe-fie 1
bccf-fie 1
ffb-fie 1
585
4
ibj-fif 1
gge-fif 2
bfcg-fif 1
bbc-fif 1
586
6
dec-fig 1
bfj-fig 1
eib-fig 1
bjc-fig 1
ejg-fig 1
gfa-fig 1
587
3
bcc-fih 1
id-fih 1
ed-fih 1
588
4
bcfh-fii 1
bagb-fii 1
haf-fii 1
gde-fii 1
589
3
bdfi-fij 1
ebj-fij 1
fdf-fij 1
590
2
cih-fja 1
edj-fja 2
591
9
caa-fjb 1
gcg-fjb 1
egg-fjb 1
cja-fjb 1
gef-fjb 2
cij-fjb 1
hae-fjb 3
hc-fjb 1
bggb-fjb 1
592
5
bcff-fjc 1
dbg-fjc 1
hdf-fjc 1
cie-fjc 9
baee-fjc 1
593
2
cif-fjd 1
ecc-fjd 1
594
3
fba-fje 1
bbac-fje 1
hci-fje 1
595
3
fhc-fjf 1
bahg-fjf 1
jhf-fjf 1
596
2
bcfe-fjg 1
bhg-fjg 1
597
4
ddd-fjh 1
baij-fjh 1
ei-fjh 1
g-fjh 1
598
9
jbi-fji 2
bddi-fji 1
fij-fji 1
hh-fji 1
bgb-fji 1
cdf-fji 1
ehf-fji 1
iga-fji 2
ejc-fji 1
599
3
bbg-fjj 1
ddi-fjj 1
gj-fjj 1
600
3
bacj-gaa 8
gie-gaa 1
gbb-gaa 1
601
3
ca-gab 1
ejg-gab 1
gdh-gab 10
602
1
cca-gac 1
603
5
bf-gad 1
bdfe-gad 4
jjh-gad 1
hij-gad 3
bjc-gad 1
604
6
jci-gae 1
bfi-gae 1
eig-gae 1
ghc-gae 1
bd-gae 1
hca-gae 1
605
1
bjh-gaf 1
606
4
jij-gag 1
bcba-gag 1
bahg-gag 1
dgc-gag 1
607
5
cjc-gah 1
fac-gah 1
ici-gah 1
iaf-gah 1
cdd-gah 1
608
2
daa-gai 1
gff-gai 1
609
2
bcde-gaj 1
di-gaj 6
610
5
gcb-gba 1
hgc-gba 1
bbge-gba 4
fdi-gba 1
bbib-gba 3
611
6
dhf-gbb 1
efh-gbb 1
bfjj-gbb 1
becb-gbb 1
cgb-gbb 1
eja-gbb 2
612
4
hb-gbc 1
bbh-gbc 1
bbhc-gbc 1
baab-gbc 1
613
3
cg-gbd 1
bbcd-gbd 1
fcb-gbd 1
614
1
bgfd-gbe 1
615
4
fgd-gbf 1
bdcf-gbf 1
ccj-gbf 1
bbeh-gbf 1
616
4
dga-gbg 1
hhb-gbg 1
dhh-gbg 1
bbcb-gbg 1
617
2
dje-gbh 1
ff-gbh 1
618
5
dbi-gbi 1
ifc-gbi 2
bbeh-gbi 2
bacg-gbi 1
ej-gbi 1
619
4
eaa-gbj 1
bbfi-gbj 3
gch-gbj 1
jej-gbj 1
620
4
jig-gca 1
haj-gca 1
hbg-gca 1
bbfc-gca 1
621
5
cab-gcb 1
bfbd-gcb 2
jca-gcb 1
bch-gcb 1
bafh-gcb 1
622
8
ejb-gcc 1
bafc-gcc 2
baee-gcc 1
baad-gcc 1
bbii-gcc 1
cdh-gcc 3
iie-gcc 1
gaj-gcc 1
623
2
egf-gcd 1
bbjd-gcd 1
624
3
bdfi-gce 1
fai-gce 1
dhb-gce 1
625
3
cgj-gcf 1
daf-gcf 1
baii-gcf 1
626
3
ijg-gcg 1
hgd-gcg 1
chg-gcg 1
627
5
eja-gch 1
bdc-gch 3
ffb-gch 1
fjh-gch 1
cih-gch 1
628
4
gid-gci 1
cea-gci 2
bga-gci 1
igb-gci 3
629
2
ebb-gcj 1
ged-gcj 1
630
2
ihh-gda 1
bdcf-gda 1
631
3
bbg-gdb 1
eah-gdb 9
cb-gdb 1
632
5
cah-gdc 2
igj-gdc 1
gbe-gdc 1
babf-gdc 2
ifc-gdc 2
633
4
dgb-gdd 1
bcag-gdd 1
efh-gdd 1
hfi-gdd 1
634
3
baeb-gde 2
cdd-gde 1
gah-gde 1
635
4
bchf-gdf 3
hjh-gdf 1
gfe-gdf 3
bhc-gdf 1
636
5
db-gdg 1
bajh-gdg 1
hag-gdg 1
gfd-gdg 1
bddj-gdg 4
637
2
bdfd-gdh 1
jci-gdh 11
638
1
jcc-gdi 1
639
3
gjg-gdj 1
cei-gdj 1
dib-gdj 1
640
4
cda-gea 1
edi-gea 1
eaa-gea 1
dea-gea 1
641
4
fcb-geb 1
hhd-geb 1
begg-geb 1
hfa-geb 1
642
2
ffc-gec 1
ihd-gec 1
643
1
bdbj-ged 1
645
3
dfi-gef 3
gfh-gef 1
bdgj-gef 1
646
4
gaj-geg 1
baaa-geg 1
cie-geg 1
bfcj-geg 2
647
4
gah-geh 1
jg-geh 4
bjh-geh 1
iai-geh 1
648
4
iba-gei 1
daf-gei 2
ffa-gei 1
eeb-gei 1
649
4
cab-gej 1
hgi-gej 2
gda-gej 1
fec-gej 2
650
2
hbc-gfa 1
bgeg-gfa 1
651
4
gfj-gfb 1
jhj-gfb 8
g-gfb 1
bcbi-gfb 1
652
3
baha-gfc 1
bcb-gfc 1
bche-gfc 1
653
3
bdbg-gfd 3
hjb-gfd 1
gch-gfd 2
654
3
hfa-gfe 1
bif-gfe 1
baci-gfe 3
655
7
eci-gff 1
ehe-gff 1
bga-gff 1
egf-gff 1
jbi-gff 1
idi-gff 9
hh-gff 1
656
3
chc-gfg 1
cef-gfg 1
bahh-gfg 1
657
4
bi-gfh 1
ffb-gfh 1
jaj-gfh 1
iga-gfh 1
658
5
becd-gfi 5
jeh-gfi 1
ghc-gfi 1
ech-gfi 1
dbd-gfi 1
659
1
bdba-gfj 1
660
1
bhe-gga 1
661
2
eae-ggb 1
bee-ggb 1
662
2
id-ggc 1
bgae-ggc 1
663
3
djj-ggd 1
igd-ggd 1
jhh-ggd 2
664
8
gaj-gge 1
ifg-gge 1
bdc-gge 1
efd-gge 3
beai-gge 1
bfid-gge 1
beg-gge 1
ehc-gge 1
665
5
jfj-ggf 2
hab-ggf 1
feh-ggf 1
ibj-ggf 1
bcdj-ggf 1
666
4
die-ggg 1
dij-ggg 8
caf-ggg 1
bih-ggg 1
667
1
cab-ggh 1
668
3
bfc-ggi 1
cgh-ggi 2
cbc-ggi 1
670
4
gii-gha 1
gdh-gha 1
ifc-gha 2
bfgj-gha 1
671
5
bbff-ghb 1
bgae-ghb 1
idb-ghb 2
bgef-ghb 1
bbfg-ghb 2
672
7
fea-ghc 1
jjf-ghc 1
bch-ghc 1
cib-ghc 2
beid-ghc 3
begg-ghc 1
fhi-ghc 1
673
3
bae-ghd 1
egj-ghd 3
did-ghd 1
674
3
ccb-ghe 1
ggg-ghe 1
cji-ghe 1
675
1
ggb-ghf 1
676
4
fhb-ghg 1
dhh-ghg 1
cej-ghg 1
fdj-ghg 1
677
3
fdi-ghh 1
cbc-ghh 1
bacj-ghh 1
678
3
daf-ghi 3
cic-ghi 1
hai-ghi 1
679
5
eig-ghj 1
fcd-ghj 1
hec-ghj 1
fdb-ghj 1
bcbc-ghj 5
680
4
ccg-gia 1
ied-gia 1
egg-gia 1
hbf-gia 1
681
3
ehj-gib 1
cic-gib 1
bbhf-gib 8
682
5
dhi-gic 1
gge-gic 1
fed-gic 1
bjc-gic 1
bbga-gic 1
683
1
cjj-gid 1
684
2
iih-gie 3
ici-gie 1
685
4
hge-gif 6
bcig-gif 1
bcdi-gif 1
jea-gif 2
686
2
ijf-gig 1
cec-gig 1
687
4
baai-gih 1
fic-gih 1
die-gih 1
badc-gih 4
688
2
baab-gii 2
ib-gii 1
689
5
fgh-gij 1
ehf-gij 1
ehh-gij 1
bei-gij 2
ibd-gij 2
690
1
ecd-gja 1
691
1
ebc-gjb 1
692
5
gbe-gjc 6
hg-gjc 1
hji-gjc 4
behb-gjc 5
ca-gjc 1
693
1
gad-gjd 1
694
3
bhc-gje 2
b-gje 1
bbdf-gje 1
695
3
dig-gjf 2
ieg-gjf 3
hdh-gjf 1
696
5
bbic-gjg 1
bdda-gjg 2
behg-gjg 2
egg-gjg 1
bfb-gjg 1
697
3
cbg-gjh 4
cje-gjh 1
dfd-gjh 1
698
1
ghe-gji 1
699
4
fbi-gjj 1
iii-gjj 1
cg-gjj 1
hhe-gjj 1
700
4
dbe-haa 1
dg-haa 1
bjj-haa 1
bcea-haa 2
701
3
gc-hab 1
bcfg-hab 1
fij-hab 1
702
2
gdb-hac 1
bcbg-hac 1
703
1
iec-had 1
704
5
bbic-hae 5
ije-hae 1
chi-hae 4
idb-hae 1
hea-hae 2
705
4
jda-haf 14
jji-haf 1
cdd-haf 1
bbcd-haf 1
706
6
dic-hag 1
beje-hag 1
bcgb-hag 1
hje-hag 2
dfg-hag 1
ecj-hag 1
707
4
fda-hah 3
ghg-hah 1
dcd-hah 1
efj-hah 2
708
2
bce-hai 1
hfh-hai 1
709
1
bdjj-haj 1
710
2
bega-hba 1
bdbi-hba 2
711
4
cfb-hbb 1
eee-hbb 1
cgj-hbb 1
fac-hbb 2
712
2
jdg-hbc 1
ffc-hbc 1
713
5
bdff-hbd 4
eij-hbd 1
bcbd-hbd 1
bei-hbd 1
iah-hbd 1
714
2
fji-hbe 1
fc-hbe 2
715
3
jf-hbf 1
fcf-hbf 1
dga-hbf 1
716
5
ife-hbg 2
gde-hbg 2
bdjf-hbg 2
jh-hbg 1
egh-hbg 1
717
3
ci-hbh 2
dbj-hbh 1
babe-hbh 4
718
2
jfh-hbi 1
egd-hbi 1
719
2
bedf-hbj 5
jge-hbj 1
720
7
jid-hca 1
cib-hca 1
ejj-hca 1
hcf-hca 1
ead-hca 1
ibe-hca 2
g-hca 1
721
5
cha-hcb 1
jba-hcb 1
bdfa-hcb 1
bahd-hcb 8
ffe-hcb 1
722
2
iee-hcc 1
cie-hcc 1
723
4
bdhb-hcd 1
ghf-hcd 1
bgi-hcd 2
jee-hcd 6
724
6
bchf-hce 1
beaf-hce 1
eab-hce 1
bde-hce 1
ejf-hce 1
dha-hce 1
725
5
hhc-hcf 1
b-hcf 2
cih-hcf 1
gad-hcf 4
bbae-hcf 1
726
4
jjg-hcg 1
ibf-hcg 3
baed-hcg 2
ja-hcg 1
727
4
jcb-hch 1
fci-hch 1
ghe-hch 1
gdg-hch 1
728
5
baef-hci 1
bdff-hci 1
fbf-hci 1
geh-hci 1
ggi-hci 2
729
5
ejb-hcj 1
bbgd-hcj 2
bbbg-hcj 1
jd-hcj 1
eec-hcj 1
730
5
eda-hda 1
ffb-hda 2
ea-hda 1
dec-hda 2
idc-hda 1
731
3
jh-hdb 1
bejg-hdb 2
bfhg-hdb 5
732
5
bdac-hdc 2
jbf-hdc 2
befb-hdc 3
gig-hdc 1
cbi-hdc 1
733
3
cih-hdd 1
bdg-hdd 2
bcf-hdd 1
734
2
bbjf-hde 1
jfh-hde 3
735
5
bcfg-hdf 1
bbha-hdf 2
gbh-hdf 1
fad-hdf 1
dci-hdf 1
736
2
fjc-hdg 5
dac-hdg 1
737
2
ihb-hdh 1
fec-hdh 1
738
3
bic-hdi 1
beah-hdi 2
iae-hdi 1
739
4
bci-hdj 1
haa-hdj 2
jbj-hdj 1
eci-hdj 1
740
8
fdf-hea 1
befg-hea 3
jjg-hea 1
djb-hea 2
bdfd-hea 1
cb-hea 1
jb-hea 1
bcji-hea 1
741
1
icg-heb 1
742
4
bdda-hec 1
fai-hec 1
bfjg-hec 1
bdhc-hec 3
743
3
ffe-hed 1
bfei-hed 1
bcbg-hed 1
744
2
bfhd-hee 2
gbf-hee 1
745
5
bjd-hef 4
beg-hef 1
bfch-hef 1
bge-hef 1
gha-hef 1
746
2
bcdd-heg 1
fid-heg 1
747
4
ggc-heh 1
dcb-heh 1
ed-heh 1
hii-heh 2
748
3
fad-hei 1
if-hei 1
ie-hei 1
749
4
gcc-hej 1
ccd-hej 1
bgbd-hej 1
cec-hej 1
750
4
dgc-hfa 1
befe-hfa 1
jhg-hfa 1
bdi-hfa 1
751
4
icd-hfb 1
gc-hfb 1
bff-hfb 1
egc-hfb 1
752
3
gjh-hfc 1
bcdc-hfc 1
gab-hfc 1
753
4
ddc-hfd 1
eih-hfd 1
bcec-hfd 1
bad-hfd 1
754
3
bahd-hfe 2
gac-hfe 1
ejg-hfe 1
755
3
hge-hff 1
bacc-hff 1
bbci-hff 1
756
3
bbac-hfg 7
gfd-hfg 1
ij-hfg 1
757
3
bbaj-hfh 1
ede-hfh 3
ihf-hfh 1
758
2
beih-hfi 10
eci-hfi 1
759
3
bfhi-hfj 4
gaa-hfj 1
jfc-hfj 1
760
2
bbg-hga 2
fdb-hga 1
761
6
gcc-hgb 1
bccd-hgb 1
bdf-hgb 1
dfj-hgb 1
iaj-hgb 1
hfc-hgb 1
762
4
hje-hgc 3
fia-hgc 3
fea-hgc 1
dej-hgc 1
763
2
bbfa-hgd 1
bedb-hgd 1
764
3
beff-hge 7
efg-hge 1
jdc-hge 1
765
4
icd-hgf 1
bci-hgf 1
bafe-hgf 2
fea-hgf 1
766
3
ehf-hgg 1
ddc-hgg 1
baib-hgg 1
767
2
dej-hgh 13
deg-hgh 1
768
3
cdb-hgi 2
baja-hgi 4
baai-hgi 1
769
1
bbjj-hgj 1
770
6
ii-hha 1
ihj-hha 3
baad-hha 1
hdd-hha 1
bi-hha 1
dag-hha 1
771
5
fj-hhb 1
bbaj-hhb 1
gfa-hhb 1
bbaa-hhb 1
dfa-hhb 1
772
3
beff-hhc 3
eia-hhc 1
fhc-hhc 1
773
4
bdec-hhd 1
ch-hhd 1
bbd-hhd 1
gaa-hhd 5
774
5
dji-hhe 1
eff-hhe 2
gja-hhe 1
fcd-hhe 1
bdfa-hhe 1
775
2
bafj-hhf 1
bcf-hhf 1
776
3
hbb-hhg 1
bcd-hhg 1
dgd-hhg 1
777
2
haa-hhh 1
ebd-hhh 1
778
1
bdci-hhi 1
779
5
jec-hhj 1
cbg-hhj 1
bfag-hhj 3
hie-hhj 1
beb-hhj 1
780
3
bbie-hia 1
dbf-hia 1
jdd-hia 2
781
3
bbfb-hib 1
bbi-hib 4
ccc-hib 1
782
4
bgcf-hic 4
chh-hic 1
dcc-hic 1
dhd-hic 1
783
1
bgdg-hid 1
784
2
bgbb-hie 1
bjg-hie 1
785
3
ggc-hif 1
cii-hif 1
fje-hif 1
786
2
fig-hig 1
che-hig 1
787
4
bdbe-hih 1
iaf-hih 1
ddh-hih 3
bfg-hih 1
788
4
djb-hii 1
cgi-hii 6
fej-hii 1
jaj-hii 1
789
6
dif-hij 2
hag-hij 1
bji-hij 2
jff-hij 1
fj-hij 1
bbbd-hij 1
790
2
gbd-hja 1
fae-hja 1
791
3
cfh-hjb 6
cbb-hjb 1
bde-hjb 1
792
5
hcc-hjc 1
bfhe-hjc 3
bbfi-hjc 3
gaj-hjc 1
hbi-hjc 1
793
2
bbd-hjd 1
fef-hjd 10
794
2
bdja-hje 3
fgj-hje 1
795
3
edj-hjf 5
gid-hjf 1
beji-hjf 2
796
7
eda-hjg 1
cfa-hjg 1
gdj-hjg 1
jgg-hjg 1
gci-hjg 1
jdh-hjg 1
igd-hjg 1
797
2
bcg-hjh 1
caj-hjh 1
798
2
hfj-hji 5
bba-hji 1
799
7
fe-hjj 1
cjf-hjj 1
bgc-hjj 1
fgd-hjj 2
gah-hjj 2
beea-hjj 1
bace-hjj 1
800
4
ead-iaa 1
dhc-iaa 7
jcg-iaa 6
deb-iaa 1
801
3
bdbh-iab 1
ech-iab 5
cdh-iab 1
802
3
eic-iac 1
hbi-iac 1
hia-iac 1
803
5
dd-iad 1
d-iad 1
cba-iad 1
jcd-iad 1
cgd-iad 1
804
4
cdf-iae 7
fjd-iae 1
bcd-iae 1
cjg-iae 1
805
4
ecj-iaf 1
gjf-iaf 3
ejf-iaf 1
jd-iaf 1
806
4
begg-iag 1
ejg-iag 1
bage-iag 8
ihd-iag 1
807
2
fei-iah 1
dad-iah 1
808
3
dje-iai 3
jh-iai 1
beja-iai 1
809
3
gbh-iaj 1
gci-iaj 1
bddg-iaj 1
810
5
bbbj-iba 1
ejb-iba 1
bbba-iba 3
bafb-iba 3
bcb-iba 1
811
2
bead-ibb 1
iha-ibb 1
812
1
bbgf-ibc 1
813
2
bgcj-ibd 3
bdhd-ibd 1
814
2
bbcc-ibe 2
fba-ibe 1
815
3
dih-ibf 1
bffh-ibf 2
dje-ibf 1
816
4
bafg-ibg 1
efj-ibg 1
fhg-ibg 2
ceb-ibg 1
817
3
eja-ibh 5
babb-ibh 6
bahj-ibh 1
818
5
gi-ibi 1
fii-ibi 1
fdi-ibi 2
bjc-ibi 1
jib-ibi 1
819
4
bbdb-ibj 2
dfd-ibj 2
hae-ibj 1
bbcd-ibj 1
820
5
becf-ica 2
edc-ica 1
jde-ica 1
bcfh-ica 1
dgi-ica 1
821
3
fhj-icb 1
hfi-icb 9
fib-icb 1
822
2
edb-icc 1
fdh-icc 1
823
5
hj-icd 3
jaj-icd 3
eig-icd 1
hcd-icd 1
jaa-icd 1
824
3
jfh-ice 1
ehd-ice 7
hgi-ice 1
825
4
bcha-icf 1
fce-icf 3
dbb-icf 1
cih-icf 1
826
3
bjj-icg 7
bcdi-icg 2
gcg-icg 1
827
1
beei-ich 1
828
3
cj-ici 1
dfa-ici 1
jc-ici 8
829
2
hbe-icj 1
jie-icj 1
830
5
bhf-ida 1
hee-ida 1
jbh-ida 1
ehj-ida 1
bcfd-ida 3
831
7
fce-idb 1
bach-idb 2
jcb-idb 1
bfjd-idb 1
cdh-idb 1
cii-idb 1
ghi-idb 2
832
2
gjg-idc 4
iij-idc 1
833
4
bbah-idd 1
bfda-idd 3
fih-idd 1
fj-idd 1
834
1
fgc-ide 1
835
4
dh-idf 2
efa-idf 2
dii-idf 2
bajg-idf 1
836
4
bagf-idg 1
dhd-idg 3
bfi-idg 1
ic-idg 1
837
1
gdg-idh 1
838
5
hhc-idi 1
bbdd-idi 1
ech-idi 3
baeh-idi 1
bgfa-idi 7
839
2
bcc-idj 1
fdj-idj 1
840
4
bij-iea 1
eeb-iea 1
chb-iea 1
bebf-iea 8
841
3
bdaj-ieb 1
bbie-ieb 1
fhb-ieb 3
842
5
hfg-iec 7
bbca-iec 1
iff-iec 1
fgf-iec 1
hfh-iec 1
843
4
bbid-ied 3
hhb-ied 1
jac-ied 3
bche-ied 1
844
2
baje-iee 1
efc-iee 1
845
4
hag-ief 1
ea-ief 1
bfc-ief 2
bbah-ief 2
846
5
idd-ieg 2
ffh-ieg 1
ebg-ieg 1
hcd-ieg 1
fjj-ieg 1
847
3
caj-ieh 1
bchj-ieh 2
bge-ieh 1
848
6
gdf-iei 1
hgi-iei 3
bcgb-iei 1
dbf-iei 1
behf-iei 1
efg-iei 3
849
2
bdi-iej 1
bbh-iej 7
850
4
ccc-ifa 2
hcf-ifa 3
bdbe-ifa 1
bbbi-ifa 1
851
2
dfh-ifb 2
bagh-ifb 1
852
6
ejj-ifc 1
gfa-ifc 1
jid-ifc 2
bchg-ifc 6
cee-ifc 1
fdj-ifc 1
853
4
bbhd-ifd 4
ijh-ifd 1
cf-ifd 2
bah-ifd 1
854
3
dad-ife 3
hjf-ife 6
bbdj-ife 1
855
5
efe-iff 3
cgi-iff 1
jgf-iff 1
fb-iff 1
bjb-iff 1
856
3
bgeb-ifg 3
be-ifg 2
jci-ifg 1
857
4
baai-ifh 1
cid-ifh 2
eif-ifh 1
baga-ifh 1
858
2
badf-ifi 1
bcci-ifi 1
860
2
gfj-iga 1
ebb-iga 1
861
2
cif-igb 3
gb-igb 1
862
3
gh-igc 1
bcgi-igc 2
eaf-igc 1
863
3
ife-igd 1
hfd-igd 1
ggg-igd 1
864
3
hjc-ige 3
dbi-ige 1
dbj-ige 1
866
1
babd-igg 1
867
1
hag-igh 1
868
3
bcbj-igi 1
gag-igi 1
bbg-igi 1
869
4
gih-igj 1
bdie-igj 2
jba-igj 2
dde-igj 2
870
4
hgf-iha 2
bcdj-iha 7
bbfe-iha 1
jfa-iha 1
871
1
bbcj-ihb 1
872
3
jfd-ihc 1
eba-ihc 1
ehj-ihc 1
873
4
bbdd-ihd 4
behh-ihd 4
fj-ihd 1
bgei-ihd 1
874
3
hdj-ihe 1
hdg-ihe 2
hdi-ihe 1
875
5
bfcc-ihf 1
eh-ihf 1
cfb-ihf 1
ijj-ihf 1
bbad-ihf 4
876
4
bcj-ihg 1
gbf-ihg 1
gij-ihg 2
cdj-ihg 2
877
2
gih-ihh 1
cib-ihh 1
878
5
gjh-ihi 1
bdgf-ihi 7
jg-ihi 1
hdb-ihi 1
bebh-ihi 1
879
2
cef-ihj 1
caf-ihj 3
880
3
hfh-iia 1
fgb-iia 8
fid-iia 1
881
5
baeb-iib 6
cfb-iib 1
id-iib 2
chd-iib 1
bafa-iib 1
882
4
jje-iic 3
fag-iic 3
iie-iic 1
gfa-iic 1
883
2
iae-iid 1
ffa-iid 1
884
5
bejf-iie 1
bgc-iie 1
jee-iie 1
cbb-iie 1
bec-iie 1
885
2
bbei-iif 1
hif-iif 1
886
1
hcg-iig 1
887
1
hbj-iih 1
888
1
bbib-iii 1
889
1
baaa-iij 1
890
3
bcfe-ija 1
iaa-ija 1
dbj-ija 1
892
4
bbf-ijc 1
cgi-ijc 1
bcij-ijc 1
hg-ijc 1
893
3
hfi-ijd 2
gdh-ijd 1
beda-ijd 9
894
4
gda-ije 1
beef-ije 3
bef-ije 1
bbbj-ije 1
895
1
bj-ijf 1
896
2
behi-ijg 4
ig-ijg 1
897
2
bii-ijh 1
hhg-ijh 1
898
1
gd-iji 1
899
2
iaf-ijj 1
cff-ijj 1
900
3
jbg-jaa 1
bbjh-jaa 1
cf-jaa 1
901
2
gbe-jab 1
djh-jab 1
902
5
ghg-jac 2
hca-jac 1
bgg-jac 2
ibb-jac 2
ejj-jac 2
903
3
dgj-jad 1
djc-jad 1
bcij-jad 1
904
2
cja-jae 1
bbih-jae 3
905
2
bdig-jaf 1
bgd-jaf 1
906
3
cbc-jag 1
cg-jag 1
bdij-jag 1
907
6
baia-jah 3
bchh-jah 3
fie-jah 1
bajg-jah 1
bcif-jah 1
cfe-jah 1
908
5
gbj-jai 4
bffi-jai 1
efa-jai 1
bbbg-jai 4
hah-jai 1
909
2
iic-jaj 1
ebd-jaj 4
910
3
bdef-jba 1
gej-jba 2
cgd-jba 1
911
2
dhg-jbb 1
gjc-jbb 1
912
2
gbg-jbc 1
jca-jbc 3
913
3
dij-jbd 1
bgh-jbd 1
bfad-jbd 1
914
2
de-jbe 1
fbj-jbe 1
915
5
bedi-jbf 4
jbe-jbf 1
cc-jbf 1
gfg-jbf 1
hai-jbf 1
916
4
bdid-jbg 1
bjd-jbg 1
ehd-jbg 3
baie-jbg 2
917
3
babf-jbh 3
bji-jbh 1
dbd-jbh 3
918
2
bdcc-jbi 6
hai-jbi 1
919
5
jhb-jbj 1
ejd-jbj 1
hdc-jbj 1
ieg-jbj 1
daa-jbj 1
920
4
jfg-jca 4
idf-jca 1
jde-jca 1
fdh-jca 1
921
3
hhf-jcb 1
faj-jcb 2
gae-jcb 2
922
3
gfb-jcc 2
fej-jcc 1
fjg-jcc 1
923
4
bagh-jcd 1
hgh-jcd 2
jcc-jcd 2
ied-jcd 1
924
1
bafi-jce 1
925
3
ghe-jcf 1
djc-jcf 1
igj-jcf 1
926
3
babe-jcg 1
cfj-jcg 1
ggg-jcg 7
928
6
fch-jci 1
fb-jci 1
gih-jci 3
bfbf-jci 10
hhe-jci 1
beia-jci 1
930
3
cjb-jda 1
bdig-jda 14
bgdf-jda 1
931
5
hge-jdb 2
jhc-jdb 1
cgf-jdb 2
jji-jdb 1
bbaj-jdb 1
932
3
jc-jdc 1
hbh-jdc 1
gdh-jdc 1
933
3
dic-jdd 1
ffh-jdd 1
dhc-jdd 3
934
6
bi-jde 5
bie-jde 1
bcjb-jde 1
ha-jde 1
bdgi-jde 1
baad-jde 1
936
7
fbf-jdg 1
bh-jdg 1
bhb-jdg 1
dhj-jdg 2
cjh-jdg 1
ibi-jdg 1
gea-jdg 1
937
1
ea-jdh 1
939
4
dhb-jdj 1
jfj-jdj 1
ja-jdj 1
eic-jdj 1
940
1
ije-jea 1
941
1
jad-jeb 1
942
4
badg-jec 1
ehc-jec 1
bdfg-jec 1
dae-jec 1
944
4
cfg-jee 1
hjb-jee 6
ceg-jee 1
ej-jee 1
945
4
beh-jef 1
badj-jef 4
fad-jef 1
bbje-jef 2
946
2
baib-jeg 1
bbj-jeg 1
947
3
ddj-jeh 1
bgdb-jeh 1
bafe-jeh 1
949
3
ehb-jej 4
dch-jej 4
fgj-jej 1
950
4
iec-jfa 1
bhe-jfa 2
fdj-jfa 3
chb-jfa 1
951
3
cge-jfb 1
ebb-jfb 1
bbdb-jfb 1
952
3
cgh-jfc 2
egb-jfc 1
jgb-jfc 7
953
2
babc-jfd 3
fbd-jfd 1
954
4
bfgb-jfe 9
bcif-jfe 1
c-jfe 2
egf-jfe 1
955
3
ee-jff 1
egg-jff 2
bfeb-jff 2
956
3
fic-jfg 1
ega-jfg 3
bccb-jfg 3
957
4
gfb-jfh 8
eij-jfh 1
fdf-jfh 2
bffj-jfh 2
958
4
bbj-jfi 5
dii-jfi 1
eib-jfi 1
befa-jfi 6
959
5
jfa-jfj 1
bcc-jfj 1
bdhe-jfj 10
eac-jfj 1
bcaj-jfj 1
960
4
bagg-jga 1
bfab-jga 1
fdf-jga 1
bfcd-jga 10
961
1
ecd-jgb 1
962
5
ibd-jgc 3
cfa-jgc 1
ied-jgc 1
babj-jgc 1
bba-jgc 1
963
1
ghb-jgd 1
964
5
bcgj-jge 3
dda-jge 1
bedj-jge 1
gbf-jge 1
bagf-jge 1
965
5
bhg-jgf 1
hhj-jgf 1
i-jgf 3
fbf-jgf 1
fjd-jgf 1
966
3
heh-jgg 2
cfd-jgg 1
bajc-jgg 2
967
2
dfc-jgh 1
jcb-jgh 1
968
2
iae-jgi 7
gjf-jgi 1
970
4
ghd-jha 3
bea-jha 1
jia-jha 3
efh-jha 1
971
1
ejg-jhb 1
972
3
hei-jhc 1
eej-jhc 2
ced-jhc 1
973
2
gba-jhd 5
geb-jhd 1
974
3
bbai-jhe 1
jae-jhe 1
jih-jhe 1
975
3
behe-jhf 3
fch-jhf 1
bajj-jhf 6
976
2
fbi-jhg 1
hde-jhg 3
977
2
bfia-jhh 1
gab-jhh 1
978
2
bagi-jhi 1
bcj-jhi 1
979
1
eei-jhj 1
980
7
ddg-jia 1
bded-jia 3
ecc-jia 1
baac-jia 1
bje-jia 1
baca-jia 1
hdd-jia 1
981
3
bjf-jib 1
iac-jib 1
bab-jib 1
982
2
igj-jic 1
hff-jic 1
983
4
bgfj-jid 2
cag-jid 1
bdgd-jid 1
jff-jid 1
984
2
cij-jie 1
baih-jie 1
985
3
dge-jif 1
hah-jif 3
bb-jif 3
986
3
gha-jig 2
bafi-jig 1
bbe-jig 1
987
2
bfa-jih 1
gfi-jih 1
988
2
cei-jii 1
ddf-jii 3
989
1
ge-jij 1
990
1
idh-jja 1
991
6
ieg-jjb 1
ihg-jjb 1
jif-jjb 1
bdi-jjb 1
hja-jjb 1
cjc-jjb 1
992
3
bcgb-jjc 4
jbg-jjc 1
jhg-jjc 1
994
5
badd-jje 1
hdd-jje 1
baig-jje 2
bbcg-jje 2
ej-jje 1
995
2
hja-jjf 1
ccf-jjf 1
996
2
gfc-jjg 1
efa-jjg 1
997
1
geh-jjh 1
998
1
hef-jji 1
999
3
baea-jjj 1
edg-jjj 1
bcci-jjj 10
1000
1
fgi-baaa 1
1001
4
efi-baab 1
jeg-baab 2
bc-baab 1
ifd-baab 1
1002
2
jbh-baac 3
hig-baac 1
1003
4
bbbh-baad 2
ehj-baad 1
ceb-baad 6
jcd-baad 1
1004
2
dib-baae 1
eje-baae 1
1005
2
bdej-baaf 1
baae-baaf 1
1006
5
cdc-baag 1
beja-baag 1
fc-baag 1
ffj-baag 1
jci-baag 4
1007
2
baef-baah 1
jab-baah 1
1008
4
dgd-baai 1
bacb-baai 1
baha-baai 2
igj-baai 1
1010
5
bbfb-baba 1
ehi-baba 3
dfi-baba 1
haj-baba 1
jdf-baba 1
1011
3
ggi-babb 1
djh-babb 6
edh-babb 1
1012
5
jga-babc 1
ege-babc 1
if-babc 1
beag-babc 3
baif-babc 1
1013
2
dfe-babd 3
gec-babd 1
1014
3
dbj-babe 1
ije-babe 1
ebj-babe 5
1015
2
ceg-babf 1
begj-babf 4
1016
2
bdhd-babg 1
beba-babg 1
1017
2
cbg-babh 1
baia-babh 1
1018
3
baij-babi 6
gd-babi 1
cdb-babi 3
1019
3
fdc-babj 1
bbcg-babj 1
bfib-babj 1
1020
1
igh-baca 1
1021
6
jhb-bacb 1
jg-bacb 2
bcje-bacb 2
heb-bacb 1
bgbj-bacb 2
jce-bacb 1
1022
3
gdb-bacc 9
hbc-bacc 1
feg-bacc 1
1023
1
jgf-bacd 1
1024
2
bbcd-bace 1
dhb-bace 1
1025
1
ifd-bacf 1
1026
2
cja-bacg 1
bgdb-bacg 1
1027
3
fdd-bach 1
bih-bach 2
baag-bach 1
1028
2
egi-baci 1
ejc-baci 3
1029
3
iha-bacj 9
ibj-bacj 1
bada-bacj 1
1030
4
ecj-bada 1
gdb-bada 2
bbcf-bada 2
hej-bada 2
1031
3
dcd-badb 1
bdf-badb 2
bddf-badb 1
1032
3
hfg-badc 1
ifg-badc 4
cad-badc 1
1033
3
gh-badd 1
jc-badd 1
bcac-badd 1
1034
1
ega-bade 1
1035
1
fgh-badf 1
1036
2
jhi-badg 1
bbbf-badg 1
1037
1
bbgj-badh 1
1038
2
ghg-badi 1
bbdi-badi 4
1039
4
ff-badj 1
bjf-badj 4
bbhf-badj 1
ijj-badj 1
1040
3
cid-baea 1
hdd-baea 1
he-baea 1
1041
4
iag-baeb 1
bbaf-baeb 1
bdcj-baeb 6
fd-baeb 1
1042
4
hbg-baec 3
jha-baec 4
ccb-baec 1
jaa-baec 1
1043
1
djc-baed 1
1044
1
baeg-baee 1
1045
3
fi-baef 1
bdbf-baef 1
gj-baef 1
1046
4
jdc-baeg 1
bcef-baeg 2
baic-baeg 1
hhd-baeg 1
1047
1
dfd-baeh 1
1048
4
bcig-baei 3
bhc-baei 1
chj-baei 1
bagg-baei 3
1049
2
bdfj-baej 1
bbhh-baej 3
1050
4
babe-bafa 2
dgj-bafa 2
cff-bafa 1
jdj-bafa 1
1051
4
baah-bafb 1
bbbd-bafb 2
gdg-bafb 4
bcji-bafb 1
1052
4
bbef-bafc 1
gfg-bafc 1
hii-bafc 3
jce-bafc 1
1053
2
cfa-bafd 1
fei-bafd 1
1054
3
bgf-bafe 1
fdd-bafe 4
dhc-bafe 1
1055
2
hcj-baff 1
bfif-baff 9
1056
1
fdd-bafg 1
1057
1
jbd-bafh 1
1058
3
chi-bafi 1
bhj-bafi 1
bag-bafi 1
1059
2
hef-bafj 5
gfi-bafj 1
1060
2
bbag-baga 3
ded-baga 1
1061
2
fhb-bagb 9
bcgd-bagb 1
1062
1
gie-bagc 1
1063
3
hgd-bagd 1
ibg-bagd 1
beg-bagd 1
1064
4
babh-bage 1
jhf-bage 9
jfb-bage 1
bbcj-bage 1
1065
2
bgd-bagf 1
bede-bagf 5
1066
5
hgb-bagg 2
bbgh-bagg 1
fcb-bagg 3
baie-bagg 1
jid-bagg 1
1067
5
ijg-bagh 1
cde-bagh 1
eab-bagh 1
cgf-bagh 2
gje-bagh 2
1068
3
ehh-bagi 1
bcac-bagi 1
ggh-bagi 1
1069
2
jhd-bagj 5
bgj-bagj 1
1070
2
bcgf-baha 1
bgcc-baha 3
1071
2
bgah-bahb 1
cgc-bahb 1
1072
1
hbg-bahc 1
1073
5
beij-bahd 2
dbb-bahd 7
efa-bahd 1
dii-bahd 1
behd-bahd 1
1074
1
bcdi-bahe 1
1075
2
ffi-bahf 1
bagd-bahf 1
1076
2
gjc-bahg 13
bgc-bahg 1
1077
4
jab-bahh 1
bahg-bahh 2
bedg-bahh 2
hea-bahh 1
1078
4
ceh-bahi 1
ia-bahi 1
hab-bahi 1
ghc-bahi 3
1079
2
ghi-bahj 1
fbe-bahj 1
1080
3
gaf-baia 1
bgg-baia 3
jif-baia 1
1081
2
iac-baib 1
hih-baib 1
1082
3
iaa-baic 1
babi-baic 1
bcgg-baic 1
1083
2
ib-baid 1
bejd-baid 1
1084
5
iaf-baie 2
chg-baie 1
efc-baie 2
bai-baie 1
bade-baie 2
1085
1
jcb-baif 1
1086
4
edd-baig 2
ihc-baig 1
hif-baig 2
jgh-baig 2
1087
6
gcf-baih 1
bcgf-baih 1
bcej-baih 1
eea-baih 1
becj-baih 2
bbgd-baih 1
1088
2
ffj-baii 1
bbab-baii 1
1089
3
bfh-baij 1
ife-baij 6
bha-baij 1
1090
4
bcfj-baja 3
bif-baja 2
cdh-baja 2
cgg-baja 1
1091
3
ji-bajb 1
bafj-bajb 2
bdfg-bajb 1
1092
2
bbae-bajc 1
dhb-bajc 1
1093
4
bfjc-bajd 1
edc-bajd 1
hhg-bajd 1
hha-bajd 2
1094
4
iej-baje 3
bdab-baje 1
gfi-baje 4
hhe-baje 1
1095
4
jcd-bajf 1
bcje-bajf 1
bbgi-bajf 6
jeb-bajf 1
1096
2
cgf-bajg 1
fi-bajg 1
1097
2
hba-bajh 1
bia-bajh 1
1098
2
baje-baji 6
bhf-baji 1
1099
3
eci-bajj 1
ejh-bajj 1
bajf-bajj 6
1100
3
beeg-bbaa 1
ghb-bbaa 1
bcfa-bbaa 9
1101
2
bbfc-bbab 3
cde-bbab 1
1102
4
fed-bbac 1
iif-bbac 1
bejd-bbac 1
dce-bbac 6
1103
2
jbh-bbad 1
bbag-bbad 1
1104
6
gc-bbae 3
gid-bbae 1
bcfc-bbae 1
eah-bbae 1
hg-bbae 1
bgba-bbae 1
1105
2
eff-bbaf 1
hhg-bbaf 1
1106
1
gff-bbag 1
1107
4
bfjh-bbah 1
beci-bbah 2
fhe-bbah 1
cja-bbah 2
1108
2
bdch-bbai 1
bhj-bbai 1
1109
1
ich-bbaj 1
1110
5
hdb-bbba 5
jid-bbba 1
babb-bbba 1
cgd-bbba 1
hde-bbba 1
1111
1
hed-bbbb 1
1113
3
baec-bbbd 2
bbh-bbbd 1
bgab-bbbd 2
1114
3
dhj-bbbe 1
bccj-bbbe 4
bcc-bbbe 1
1115
1
cef-bbbf 1
1116
3
ief-bbbg 3
baci-bbbg 1
icb-bbbg 2
1117
2
bagc-bbbh 1
ehg-bbbh 2
1118
1
bac-bbbi 1
1119
3
big-bbbj 1
bahe-bbbj 1
bgdj-bbbj 2
1120
2
jcc-bbca 1
bdd-bbca 1
1121
6
jfd-bbcb 2
ccc-bbcb 1
fbc-bbcb 1
djj-bbcb 1
iee-bbcb 1
hih-bbcb 2
1122
2
bgf-bbcc 1
hbd-bbcc 4
1123
2
baii-bbcd 1
gje-bbcd 1
1124
2
iff-bbce 1
gde-bbce 1
1125
2
fhc-bbcf 9
bbae-bbcf 1
1126
3
ccj-bbcg 2
fcg-bbcg 1
bdid-bbcg 1
1127
1
icb-bbch 1
1128
2
bie-bbci 1
babh-bbci 1
1129
2
hee-bbcj 1
bbbb-bbcj 1
1130
3
jde-bbda 5
ehh-bbda 1
bbji-bbda 1
1131
5
idc-bbdb 4
ifa-bbdb 4
bfdj-bbdb 1
bbf-bbdb 1
hjj-bbdb 1
1133
5
beb-bbdd 1
bci-bbdd 4
eii-bbdd 1
fgh-bbdd 1
gid-bbdd 1
1134
1
jif-bbde 1
1135
3
baed-bbdf 1
gbi-bbdf 3
gbc-bbdf 1
1136
3
bhc-bbdg 1
bid-bbdg 1
bgdc-bbdg 2
1137
3
bcjd-bbdh 1
ghb-bbdh 2
eef-bbdh 1
1138
3
baee-bbdi 1
hbh-bbdi 3
bcba-bbdi 1
1139
1
ghi-bbdj 1
1140
3
df-bbea 1
dfh-bbea 1
cga-bbea 1
1141
5
bffc-bbeb 1
ihd-bbeb 6
bbae-bbeb 3
ji-bbeb 1
bbde-bbeb 2
1142
2
bcie-bbec 4
cai-bbec 1
1143
1
jc-bbed 1
1144
2
bdee-bbee 3
gcj-bbee 1
1145
4
ce-bbef 1
fjb-bbef 4
badd-bbef 1
fjf-bbef 1
1146
3
eca-bbeg 2
bgbc-bbeg 1
bcjg-bbeg 2
1147
1
eg-bbeh 1
1148
2
gej-bbei 1
eif-bbei 1
1149
3
fja-bbej 1
fci-bbej 1
bcbb-bbej 4
1150
2
jf-bbfa 1
bacc-bbfa 1
1151
5
fgd-bbfb 1
baji-bbfb 3
bbgg-bbfb 2
bdah-bbfb 1
ghj-bbfb 1
1152
2
ibh-bbfc 4
bfej-bbfc 1
1153
4
bdcj-bbfd 2
bdje-bbfd 1
ebc-bbfd 1
eaa-bbfd 3
1154
2
bbgi-bbfe 2
chg-bbfe 1
1155
6
fcc-bbff 3
hg-bbff 1
dbh-bbff 1
jig-bbff 1
bdjd-bbff 3
ihi-bbff 2
1156
4
fea-bbfg 1
bfee-bbfg 6
eee-bbfg 1
bcjh-bbfg 1
1157
3
gec-bbfh 1
bbjg-bbfh 3
efd-bbfh 1
1158
3
bbej-bbfi 7
bace-bbfi 1
bfhb-bbfi 2
1159
4
ifc-bbfj 6
babh-bbfj 1
cbc-bbfj 2
cje-bbfj 1
1160
2
eji-bbga 1
jbc-bbga 4
1161
4
jff-bbgb 1
hgd-bbgb 1
hi-bbgb 4
iic-bbgb 1
1162
1
bafa-bbgc 1
1163
1
bgag-bbgd 1
1164
4
eb-bbge 3
ihg-bbge 1
ddd-bbge 1
bbff-bbge 3
1165
1
fcj-bbgf 1
1166
4
ca-bbgg 1
gfh-bbgg 1
bcde-bbgg 1
bdai-bbgg 2
1167
1
bbei-bbgh 1
1168
4
bdgi-bbgi 1
bfi-bbgi 1
jgi-bbgi 6
jab-bbgi 1
1169
3
bejh-bbgj 2
bbcj-bbgj 1
eah-bbgj 2
1170
2
fbe-bbha 1
begi-bbha 3
1171
2
iec-bbhb 7
djd-bbhb 1
1172
2
cbh-bbhc 1
bca-bbhc 1
1173
4
j-bbhd 3
bdb-bbhd 2
bced-bbhd 1
ece-bbhd 1
1174
4
fh-bbhe 1
bbgb-bbhe 3
gfe-bbhe 1
id-bbhe 1
1175
3
bfec-bbhf 1
baif-bbhf 1
dia-bbhf 8
1177
2
beee-bbhh 9
bcjf-bbhh 1
1178
2
hgi-bbhi 1
bfge-bbhi 1
1179
1
c-bbhj 1
1180
3
ei-bbia 2
ij-bbia 1
edb-bbia 2
1181
1
bdi-bbib 1
1182
2
befc-bbic 1
iab-bbic 5
1183
1
bbdd-bbid 1
1184
3
dee-bbie 1
def-bbie 1
bbhj-bbie 1
1185
2
dcj-bbif 2
bij-bbif 1
1187
2
bfd-bbih 1
gc-bbih 3
1188
2
bfgf-bbii 8
jhc-bbii 1
1189
3
bbdf-bbij 2
beci-bbij 1
cdd-bbij 1
1190
2
bacb-bbja 1
fec-bbja 4
1191
1
ffj-bbjb 1
1192
2
ii-bbjc 1
bbha-bbjc 1
1193
1
jig-bbjd 1
1194
1
cbd-bbje 1
1195
4
jbg-bbjf 2
dji-bbjf 1
fcj-bbjf 1
haj-bbjf 5
1196
2
bagj-bbjg 4
bbfe-bbjg 1
1197
2
bcjb-bbjh 2
jih-bbjh 1
1198
3
hhi-bbji 1
bch-bbji 1
ijh-bbji 1
1199
1
cig-bbjj 1
1200
2
bbie-bcaa 1
bgb-bcaa 3
1201
4
bchi-bcab 1
jjj-bcab 1
gce-bcab 1
dfi-bcab 1
1202
3
fa-bcac 2
hac-bcac 1
had-bcac 1
1203
3
bgcb-bcad 4
bdf-bcad 2
hcd-bcad 1
1204
2
ibg-bcae 2
bdaj-bcae 1
1205
2
bcda-bcaf 4
bbha-bcaf 1
1206
2
babb-bcag 1
bgch-bcag 3
1207
1
eed-bcah 1
1208
1
bbcj-bcai 1
1209
1
bbji-bcaj 1
1210
2
gfc-bcba 1
ejb-bcba 1
1211
3
die-bcbb 3
bdbj-bcbb 3
hag-bcbb 1
1212
5
bafj-bcbc 4
bcij-bcbc 1
ef-bcbc 1
bbai-bcbc 1
dbe-bcbc 1
1213
1
baca-bcbd 1
1214
2
gda-bcbe 1
bdd-bcbe 1
1215
2
bged-bcbf 1
igc-bcbf 1
1216
3
dbh-bcbg 1
behc-bcbg 1
iea-bcbg 3
1218
3
bfcf-bcbi 1
jcf-bcbi 1
jdd-bcbi 1
1219
3
hgc-bcbj 1
hjj-bcbj 1
bcch-bcbj 1
1220
4
jfe-bcca 9
behj-bcca 1
bdhj-bcca 1
fb-bcca 1
1221
3
cid-bccb 2
egb-bccb 2
bcag-bccb 1
1223
3
bfed-bccd 5
ced-bccd 1
behg-bccd 3
1224
2
iib-bcce 1
eci-bcce 1
1225
2
bfhd-bccf 6
bajb-bccf 1
1226
2
begg-bccg 1
badf-bccg 1
1227
1
hjg-bcch 1
1228
2
bcae-bcci 1
hjd-bcci 10
1229
5
cfg-bccj 2
hci-bccj 2
dci-bccj 1
bg-bccj 1
gbe-bccj 3
1230
3
ijd-bcda 2
dh-bcda 4
beii-bcda 1
1231
3
bddd-bcdb 1
baci-bcdb 1
bbeb-bcdb 9
1232
4
bcj-bcdc 1
bccd-bcdc 5
ghb-bcdc 1
bfga-bcdc 1
1233
3
bdid-bcdd 1
bbfh-bcdd 1
bagh-bcdd 3
1234
5
beje-bcde 2
baji-bcde 2
cba-bcde 1
gic-bcde 1
bcha-bcde 1
1235
1
bbef-bcdf 1
1236
3
chc-bcdg 2
hjc-bcdg 4
jje-bcdg 1
1237
2
bchf-bcdh 1
faf-bcdh 1
1238
3
hee-bcdi 2
cfg-bcdi 3
becb-bcdi 1
1239
1
fdb-bcdj 1
1240
1
becb-bcea 1
1241
1
idj-bceb 1
1243
1
bcjd-bced 1
1244
6
bdja-bcee 1
iai-bcee 1
bdca-bcee 1
gdf-bcee 1
ejh-bcee 1
ffd-bcee 1
1245
2
fbj-bcef 3
fbb-bcef 1
1246
1
cca-bceg 1
1247
2
bbdf-bceh 1
bdae-bceh 1
1248
1
bci-bcei 1
1249
3
jfh-bcej 1
gif-bcej 1
ef-bcej 1
1250
2
djh-bcfa 1
jfh-bcfa 8
1252
1
cig-bcfc 1
1253
3
beie-bcfd 1
jeh-bcfd 1
idg-bcfd 3
1254
1
jh-bcfe 1
1255
4
hfh-bcff 2
ddd-bcff 1
iie-bcff 1
begg-bcff 3
1256
1
fjj-bcfg 1
1257
1
egd-bcfh 1
1258
1
ihe-bcfi 1
1259
3
cig-bcfj 1
bchb-bcfj 4
ibc-bcfj 1
1261
2
eai-bcgb 3
jae-bcgb 1
1262
2
beih-bcgc 1
bahc-bcgc 1
1263
1
gba-bcgd 1
1264
2
baih-bcge 1
bgh-bcge 1
1265
1
bbga-bcgf 1
1266
2
beej-bcgg 1
bfhf-bcgg 9
1267
2
bdjg-bcgh 1
cbj-bcgh 1
1268
3
bge-bcgi 1
hce-bcgi 2
fca-bcgi 2
1269
3
bdbg-bcgj 2
beae-bcgj 3
bfci-bcgj 1
1270
2
dgg-bcha 1
deh-bcha 1
1271
2
bdfj-bchb 3
hhd-bchb 1
1272
2
cej-bchc 2
bdb-bchc 1
1273
2
bdaf-bchd 1
jbd-bchd 1
1274
2
becg-bche 1
gcd-bche 1
1275
2
hdj-bchf 1
bfag-bchf 3
1276
4
idc-bchg 1
hhj-bchg 1
hga-bchg 2
bebi-bchg 4
1277
5
bbij-bchh 1
bcjb-bchh 1
hhi-bchh 1
cjb-bchh 1
bcjj-bchh 2
1278
2
ifh-bchi 1
bcdj-bchi 1
1279
1
jcd-bchj 1
1280
5
hhg-bcia 1
bgec-bcia 1
hid-bcia 1
baid-bcia 1
ibc-bcia 1
1281
4
dde-bcib 1
bje-bcib 2
bfgd-bcib 2
bdcc-bcib 1
1284
2
eic-bcie 4
bbgh-bcie 1
1285
2
bdjb-bcif 1
jhh-bcif 1
1286
1
fae-bcig 1
1287
1
cae-bcih 1
1288
3
jeh-bcii 1
cga-bcii 1
bafh-bcii 1
1289
1
ebd-bcij 1
1290
3
ica-bcja 1
bbfi-bcja 3
hhd-bcja 4
1291
2
dba-bcjb 2
bcaa-bcjb 1
1292
2
bbaf-bcjc 1
bbdg-bcjc 1
1293
1
hdf-bcjd 1
1294
1
bbfh-bcje 1
1295
3
bedc-bcjf 1
bdjc-bcjf 3
dde-bcjf 2
1296
2
jce-bcjg 1
eii-bcjg 1
1297
1
dch-bcjh 1
1298
2
ida-bcji 1
dg-bcji 1
1299
2
bfgi-bcjj 1
fig-bcjj 1
1300
3
gcj-bdaa 1
edh-bdaa 3
eba-bdaa 1
1301
2
iji-bdab 1
bdib-bdab 1
1302
2
gba-bdac 1
cgb-bdac 1
1303
2
ch-bdad 1
dja-bdad 1
1304
2
bahi-bdae 1
bbif-bdae 1
1305
1
ga-bdaf 1
1307
2
ibd-bdah 1
beeg-bdah 1
1308
2
bajh-bdai 1
baij-bdai 1
1309
2
je-bdaj 1
hed-bdaj 1
1310
1
bbch-bdba 1
1311
1
jeh-bdbb 1
1312
1
bcgf-bdbc 1
1314
1
hh-bdbe 1
1315
1
hf-bdbf 1
1316
3
bfii-bdbg 1
ddc-bdbg 1
hdj-bdbg 1
1317
1
jhg-bdbh 1
1318
2
bfbc-bdbi 1
dbc-bdbi 1
1319
4
dhe-bdbj 2
bbci-bdbj 1
gid-bdbj 5
jfa-bdbj 4
1320
1
fej-bdca 1
1321
2
cii-bdcb 1
ibj-bdcb 3
1322
2
bdhf-bdcc 5
iig-bdcc 1
1323
2
bdgd-bdcd 1
bbcb-bdcd 1
1324
1
jfc-bdce 1
1325
1
faa-bdcf 1
1326
1
bce-bdcg 1
1327
2
hgc-bdch 2
cac-bdch 1
1328
2
ci-bdci 1
efh-bdci 2
1329
2
jjc-bdcj 1
feb-bdcj 1
1330
2
efh-bdda 2
bebj-bdda 1
1331
1
bbbg-bddb 1
1333
2
daa-bddd 1
bcbf-bddd 1
1334
2
bid-bdde 1
jif-bdde 1
1335
3
bbbg-bddf 1
bbcc-bddf 1
gig-bddf 1
1336
1
badj-bddg 1
1337
1
bffa-bddh 1
1338
1
fjg-bddi 1
1339
3
bbbe-bddj 6
bcaf-bddj 6
bj-bddj 1
1340
1
dc-bdea 1
1341
2
jaf-bdeb 1
bdif-bdeb 1
1342
4
cca-bdec 1
ida-bdec 1
bfeg-bdec 1
bfaf-bdec 6
1343
2
befd-bded 3
bbbi-bded 1
1344
3
bcie-bdee 1
cgc-bdee 1
gii-bdee 2
1345
2
hbe-bdef 4
bbeg-bdef 1
1346
3
bgfb-bdeg 1
iai-bdeg 1
hdh-bdeg 1
1347
1
cfc-bdeh 1
1348
1
bccd-bdei 1
1349
2
bfaa-bdej 1
jag-bdej 1
1350
3
hdb-bdfa 2
jjf-bdfa 1
bje-bdfa 2
1351
1
ijg-bdfb 1
1352
1
hdc-bdfc 1
1353
2
bec-bdfd 3
efb-bdfd 1
1354
2
bfeg-bdfe 1
gdf-bdfe 1
1355
1
jga-bdff 1
1356
2
bib-bdfg 1
bdic-bdfg 1
1357
2
bege-bdfh 1
bacc-bdfh 2
1358
2
jcf-bdfi 1
becc-bdfi 9
1359
2
bbjf-bdfj 1
hae-bdfj 6
1360
4
begc-bdga 1
bafa-bdga 2
ihf-bdga 3
ehh-bdga 1
1361
3
bead-bdgb 7
hig-bdgb 1
fca-bdgb 1
1362
2
eba-bdgc 6
bcbd-bdgc 1
1363
1
gbc-bdgd 1
1364
1
baej-bdge 1
1365
2
fcc-bdgf 1
bfbe-bdgf 5
1366
1
fbh-bdgg 1
1367
2
ghj-bdgh 1
eea-bdgh 1
1368
2
bdj-bdgi 1
bdjb-bdgi 1
1369
2
bgdi-bdgj 1
hhh-bdgj 1
1370
2
behi-bdha 1
daj-bdha 1
1371
2
hbh-bdhb 4
haf-bdhb 1
1372
1
bahg-bdhc 1
1373
2
bae-bdhd 1
bcbg-bdhd 3
1374
4
bagb-bdhe 8
ecc-bdhe 1
jjj-bdhe 1
baia-bdhe 1
1375
2
bfae-bdhf 5
bcdh-bdhf 1
1376
1
efd-bdhg 1
1377
1
bdfd-bdhh 1
1378
3
ccf-bdhi 7
hb-bdhi 1
ihe-bdhi 1
1379
1
iah-bdhj 1
1380
2
bgff-bdia 1
jgg-bdia 2
1381
1
bcfi-bdib 1
1382
1
hhg-bdic 1
1383
1
beh-bdid 1
1384
1
igc-bdie 1
1385
2
f-bdif 1
fgc-bdif 1
1386
2
bajc-bdig 1
bdge-bdig 14
1388
2
cch-bdii 3
fbg-bdii 1
1389
1
fbg-bdij 1
1390
2
bdeb-bdja 1
bbhb-bdja 6
1391
1
bchd-bdjb 1
1392
2
bfbb-bdjc 1
ifh-bdjc 1
1393
1
eca-bdjd 1
1394
2
cge-bdje 1
bacj-bdje 1
1395
1
jig-bdjf 1
1396
1
bdef-bdjg 1
1397
2
bfdf-bdjh 1
baj-bdjh 1
1398
1
egb-bdji 1
1399
2
bccf-bdjj 6
cb-bdjj 1
1400
2
bcfj-beaa 1
eeb-beaa 1
1401
2
bdde-beab 1
baai-beab 1
1403
2
bib-bead 5
bafg-bead 1
1404
1
bdch-beae 1
1405
1
geb-beaf 1
1406
1
cci-beag 1
1407
3
bgfc-beah 1
jie-beah 1
bche-beah 1
1408
1
ida-beai 1
1409
2
bcea-beaj 1
dea-beaj 3
1410
3
bbf-beba 3
bbcb-beba 1
bfg-beba 1
1411
1
bgf-bebb 1
1412
1
bbah-bebc 1
1413
2
babc-bebd 1
bejj-bebd 1
1414
1
bccd-bebe 1
1415
2
bbfj-bebf 7
ghb-bebf 1
1416
1
idj-bebg 1
1417
2
bbgc-bebh 1
dag-bebh 1
1418
1
fad-bebi 1
1419
1
bbec-bebj 1
1420
2
ddg-beca 1
jjf-beca 1
1421
2
bfbj-becb 1
bcg-becb 1
1422
2
haf-becc 8
bcc-becc 1
1423
2
fba-becd 1
bbii-becd 4
1424
1
fii-bece 1
1425
2
fed-becf 1
hce-becf 1
1426
1
bagi-becg 1
1427
1
dfj-bech 1
1428
1
bbgj-beci 1
1429
2
hec-becj 4
bdbi-becj 1
1430
3
bfhh-beda 5
bc-beda 1
cbd-beda 5
1431
1
bebd-bedb 1
1432
2
baic-bedc 1
bfaj-bedc 1
1433
1
ceg-bedd 1
1434
2
bbda-bede 5
hf-bede 1
1435
2
djf-bedf 1
ebh-bedf 6
1436
1
jbg-bedg 1
1437
2
baha-bedh 1
bgai-bedh 2
1438
1
iib-bedi 1
1439
1
igd-bedj 1
1441
2
bbee-beeb 1
hcf-beeb 4
1442
1
jba-beec 1
1443
3
bfih-beed 4
becd-beed 6
dgj-beed 1
1444
2
eff-beee 7
hhc-beee 1
1445
2
icf-beef 4
hhf-beef 1
1446
2
he-beeg 1
bdeb-beeg 2
1447
1
bdgc-beeh 1
1448
1
bdcg-beei 1
1449
1
cge-beej 1
1450
2
ebe-befa 1
cbc-befa 6
1451
1
babd-befb 1
1452
1
bchf-befc 1
1453
3
dci-befd 1
chj-befd 1
iia-befd 2
1454
1
fif-befe 1
1455
2
fid-beff 8
hc-beff 1
1456
1
bah-befg 1
1458
1
bahf-befi 1
1459
1
bdgc-befj 1
1460
1
gca-bega 1
1461
1
iie-begb 1
1462
2
ghf-begc 1
bgad-begc 1
1463
1
bdgi-begd 1
1464
2
bdci-bege 1
babb-bege 1
1466
2
bfai-begg 1
ifb-begg 3
1467
1
eac-begh 1
1468
1
cff-begi 1
1469
2
bbfb-begj 4
eef-begj 1
1470
3
cji-beha 1
hcj-beha 3
bebd-beha 1
1471
1
bfdh-behb 1
1472
1
ifa-behc 1
1473
1
eda-behd 1
1474
3
bgaa-behe 3
ihd-behe 1
baja-behe 1
1475
1
hdf-behf 1
1476
1
iei-behg 1
1477
1
bcgg-behh 1
1478
2
bgde-behi 4
bjh-behi 1
1479
3
ihb-behj 1
dcd-behj 1
dbd-behj 1
1480
1
ffd-beia 1
1481
1
bdaj-beib 1
1482
3
bbb-beic 1
dg-beic 4
ec-beic 1
1483
2
bdje-beid 1
iai-beid 3
1485
3
gab-beif 9
cii-beif 1
hfb-beif 1
1486
2
bedd-beig 1
baf-beig 1
1487
2
ijd-beih 8
dcc-beih 1
1488
1
cbe-beii 1
1489
2
bah-beij 3
che-beij 1
1490
1
cid-beja 1
1491
1
bace-bejb 1
1493
1
badc-bejd 1
1494
1
baag-beje 1
1495
1
jhi-bejf 1
1496
2
cha-bejg 1
bcag-bejg 2
1497
1
bdaa-bejh 1
1498
2
dcf-beji 1
ifa-beji 1
1499
1
cdg-bejj 1
1500
2
bhf-bfaa 1
ccd-bfaa 1
1501
1
fbi-bfab 1
1503
1
jhc-bfad 1
1504
3
bai-bfae 1
ecc-bfae 3
bfah-bfae 3
1505
2
bedh-bfaf 6
hbb-bfaf 1
1506
2
bdad-bfag 1
jai-bfag 4
1507
1
jbf-bfah 1
1508
1
bcaj-bfai 1
1509
1
bcjd-bfaj 1
1510
1
bdgg-bfba 1
1511
1
hda-bfbb 1
1512
1
ijd-bfbc 1
1513
3
dcg-bfbd 1
bbjd-bfbd 1
fia-bfbd 1
1514
1
behh-bfbe 1
1515
2
bdga-bfbf 1
efe-bfbf 3
1516
1
hih-bfbg 1
1518
1
jjc-bfbi 1
1519
1
beif-bfbj 1
1520
1
ghc-bfca 1
1521
3
bbba-bfcb 3
gaj-bfcb 7
gfa-bfcb 1
1522
1
gga-bfcc 1
1523
3
bcdc-bfcd 5
ggc-bfcd 1
bdbj-bfcd 7
1524
1
jh-bfce 1
1525
1
bca-bfcf 1
1526
3
bgdj-bfcg 2
cjc-bfcg 4
bfgg-bfcg 1
1527
1
bafe-bfch 1
1528
1
fjb-bfci 1
1529
2
dif-bfcj 1
gh-bfcj 1
1530
2
bgce-bfda 1
baai-bfda 3
1531
1
iih-bfdb 1
1532
1
bfbc-bfdc 1
1534
1
jgf-bfde 1
1535
1
ddf-bfdf 1
1536
1
bdfi-bfdg 1
1537
1
bdec-bfdh 1
1538
2
ihc-bfdi 1
fgc-bfdi 1
1539
2
dgg-bfdj 1
bddd-bfdj 1
1540
1
jdg-bfea 1
1541
1
ggf-bfeb 1
1542
2
edg-bfec 1
bdge-bfec 1
1543
2
iia-bfed 1
iea-bfed 1
1544
2
fhi-bfee 1
dae-bfee 1
1545
4
bgaf-bfef 1
ied-bfef 3
bgda-bfef 1
faa-bfef 1
1546
1
dfb-bfeg 1
1547
1
fdc-bfeh 1
1548
1
cbf-bfei 1
1549
1
bdia-bfej 1
1550
1
iab-bffa 1
1551
1
bda-bffb 1
1552
1
iai-bffc 1
1553
1
egi-bffd 1
1555
1
becg-bfff 1
1556
1
gci-bffg 1
1557
1
ghi-bffh 1
1558
1
ed-bffi 1
1559
1
eda-bffj 1
1560
2
dcg-bfga 1
bfj-bfga 1
1561
2
bcfj-bfgb 1
beif-bfgb 9
1562
1
bdac-bfgc 1
1563
1
ihj-bfgd 1
1564
1
chj-bfge 1
1565
2
eig-bfgf 1
bgga-bfgf 8
1566
1
ec-bfgg 1
1567
1
bbie-bfgh 1
1568
3
bgee-bfgi 1
fea-bfgi 1
bgej-bfgi 6
1570
1
cga-bfha 1
1571
1
bhg-bfhb 1
1572
1
dgd-bfhc 1
1573
1
bdgb-bfhd 1
1574
1
bfi-bfhe 1
1575
2
jjj-bfhf 9
ded-bfhf 1
1576
2
ibi-bfhg 1
bfhi-bfhg 4
1577
1
ibh-bfhh 1
1578
1
ice-bfhi 1
1579
2
bejj-bfhj 1
gih-bfhj 1
1580
1
df-bfia 1
1581
1
bdca-bfib 1
1582
2
bgfg-bfic 1
igc-bfic 1
1583
1
hfa-bfid 1
1584
1
ceh-bfie 1
1585
2
dfi-bfif 8
caa-bfif 1
1587
1
cif-bfih 1
1588
2
edc-bfii 1
hjg-bfii 1
1589
1
gih-bfij 1
1590
1
bie-bfja 1
1591
1
icj-bfjb 1
1592
1
bej-bfjc 1
1593
1
bajd-bfjd 1
1594
1
bfba-bfje 1
1595
1
cdg-bfjf 1
1596
1
bdej-bfjg 1
1599
1
hhg-bfjj 1
1600
1
bcdd-bgaa 1
1601
1
fga-bgab 1
1602
1
babg-bgac 1
1603
1
bdba-bgad 1
1604
1
bajd-bgae 1
1605
1
beab-bgaf 1
1606
1
bed-bgag 1
1607
1
bdhi-bgah 1
1608
1
baji-bgai 1
1609
1
egb-bgaj 1
1610
1
ddd-bgba 1
1611
1
dib-bgbb 1
1612
1
bba-bgbc 1
1613
2
bfje-bgbd 1
bfb-bgbd 1
1614
1
bfhe-bgbe 1
1615
1
bbfa-bgbf 1
1616
1
dff-bgbg 1
1617
2
ece-bgbh 1
bgfh-bgbh 1
1618
1
bfjc-bgbi 1
1619
1
cbj-bgbj 1
1620
1
hjh-bgca 1
1621
1
icd-bgcb 1
1622
2
bdbe-bgcc 1
dga-bgcc 4
1624
1
bacd-bgce 1
1625
1
cib-bgcf 1
1626
1
cba-bgcg 1
1627
1
cga-bgch 1
1628
2
hje-bgci 7
bda-bgci 1
1629
1
beeg-bgcj 1
1630
1
bcai-bgda 1
1631
1
jdd-bgdb 1
1632
1
gbb-bgdc 1
1633
3
bhf-bgdd 1
ede-bgdd 3
bffd-bgdd 1
1634
1
beic-bgde 1
1635
1
bbia-bgdf 1
1636
1
baf-bgdg 1
1637
1
hhh-bgdh 1
1638
2
jdi-bgdi 1
bach-bgdi 1
1639
1
jdb-bgdj 1
1640
1
bcia-bgea 1
1641
1
ega-bgeb 1
1642
2
bacg-bgec 1
djd-bgec 1
1643
1
behi-bged 1
1644
1
hjf-bgee 1
1645
1
fed-bgef 1
1646
1
baca-bgeg 1
1647
1
bece-bgeh 1
1648
1
bgca-bgei 1
1649
1
jej-bgej 1
1650
1
bddj-bgfa 1
1651
1
bhh-bgfb 1
1652
1
bfjg-bgfc 1
1653
2
gif-bgfd 8
ddb-bgfd 1
1654
1
bfcf-bgfe 1
1655
1
bcgh-bgff 1
1656
1
bce-bgfg 1
1657
1
bgbi-bgfh 1
1658
1
bie-bgfi 1
1659
1
eef-bgfj 1
1660
1
bdhi-bgga 1
1661
1
bdhg-bggb 1
