Case #1: 2 1
Case #2: IMPOSSIBLE
Case #3: 1 2 3 4 5
Case #4: 3 1 5 4 6 9 2 11 12 14 15 10 16 8 18 7 19 13 20 17
Case #5: 1 3 5 7 4 8 10 12 6 2 9 11 13 14 15 16 18 17 19 20
Case #6: IMPOSSIBLE
Case #7: 1 3 2 4 5 6 7 9 8 11 12 13 14 15 10
Case #8: IMPOSSIBLE
Case #9: 3 4 5 6 1 2 7 8 10 11 14 9 12 13 15 16 17 18 19 20
Case #10: 1 2 3 4 5 6 7 8 9 10 11 12 13 14 15
Case #11: 1
Case #12: IMPOSSIBLE
Case #13: 1 2 3 4 5 6 8 9 7
Case #14: 1 9 6 4 10 3 2 5 7 8
Case #15: 1 2 3 4 5
Case #16: IMPOSSIBLE
Case #17: 20 19 18 17 16 15 5 4 3 2 1 7 6 10 9 8 11 12 14 13
Case #18: 1
Case #19: 1 2 7 8 9 10 11 12 13 14 15 16 3 17 4 18 5 19 6
Case #20: 1 2 6 8 9 10 4 3 5 7
Case #21: 2 1 4 3
Case #22: IMPOSSIBLE
Case #23: 1 2 3
Case #24: 1 5 2 10 11 3 4 6 7 8 12 17 14 15 9 16 19 13 18 20
Case #25: IMPOSSIBLE
