1
503250742
18
937222166
244216951
289872105
153722970
711820321
501501
5
34
1
28
36
288029851
311201944
748701503
755645834
483076341
419344146
937584867
647099215
909549870
271473057
1
3
1
9
36
100
225
441
46
14
14
30
59
239610499
479628135
176510739
814979521
837230277
439005738
406021446
522307431
828422822
394224801
277398649
556986667
520239730
528817685
261246349
664842422
441662245
510469214
508810399
264169166
778246374
848854864
651444414
774990645
660706603
831340750
414766782
322299080
73828898
961752668
698196482
411100890
213570017
159400426
756260315
580638304
596385347
938128911
974685763
339956908
74160524
872709223
146314662
259955695
164284983
814580843
844773909
590839300
568856965
162326317
493406776
178768954
299067344
225860115
942633369
971554452
721964505
722634068
8207358
266173889
151556650
676900577
48515328
