1
503250742
18
937222166
244216951
289872105
153722970
711820321
501501
5
34
1
28
36
288029851
555718555
993218114
162436
727592952
338005120
856245841
565760189
828210844
515989668
1
3
1
9
36
100
225
441
46
14
14
30
59
484127110
292996092
837237318
88341810
106913596
846629714
975550630
577910113
765197434
864920690
733089765
237520618
438900704
839854674
543498726
224299085
406401063
407211592
439032210
287251468
189019782
177071837
170001774
901759110
765063423
904852402
61500530
247386907
538980803
145951383
198716173
972067418
206705905
324107012
41569923
442956155
573680266
90076397
10054005
603843875
55972617
583084174
305435097
428250131
930614964
548892359
464140922
193653433
513088888
964151052
131110513
280681131
775609877
672148758
165500788
615859593
366506588
195077231
763259110
730159715
750183370
680706870
658659609
