0
0
0
0
0
0
0
0
0
0
0
0
0
0
0
0
0
0
0
0
0
0
663
0
0
0
0
0
0
0
799
0
308
0
235
717
0
0
0
0
0
0
0
0
0
0
0
0
0
1177
206
0
0
0
0
0
923
0
206
363
525
0
0
206
525
0
0
902
0
717
0
0
206
0
889
684
0
0
770
0
717
0
0
1263
525
0
0
0
0
0
0
0
0
717
717
0
0
0
0
0
0
0
717
140
717
717
0
742
499
0
525
441
2439
206
1435
717
0
1148
996
0
0
0
0
0
0
0
0
1775
2345
293
1758
507
909
653
0
0
843
1346
0
0
717
0
0
889
996
717
334
0
792
717
1004
0
18
0
206
0
939
287
717
1593
1004
94
0
1693
818
1794
0
287
963
1250
703
0
789
0
1748
525
1457
740
800
513
1577
1883
0
43
798
77
0
293
0
112
1279
717
792
542
77
336
891
2858
77
740
3128
1372
735
717
740
77
546
94
18
909
1113
0
77
77
0
740
908
1242
2159
717
889
543
300
735
499
1882
1830
525
0
334
3263
739
606
1148
1951
653
740
789
546
2803
357
1389
1703
0
482
839
2174
789
0
740
1166
0
77
1471
121
18
77
0
2191
1713
789
0
684
293
1505
792
94
907
1559
527
1355
740
963
2198
1528
0
1527
121
973
1923
2474
1441
1978
1012
1764
766
2376
1938
1065
1210
2053
3305
357
1565
717
2462
1068
517
1202
499
1903
947
1395
1914
3138
2439
1693
1850
705
1088
0
1793
1133
77
1675
1227
1074
597
18
705
2871
869
889
366
2195
717
2745
963
1449
0
2479
500
1061
1114
717
519
766
914
789
18
77
717
1155
1560
357
205
1629
1476
1004
482
1422
623
1322
1806
1771
0
373
2187
432
1071
348
1122
717
605
1685
2025
1333
1322
1350
735
294
1731
1535
768
392
2703
348
2367
2685
1172
576
494
1087
1349
184
357
789
750
1684
3191
2812
2987
760
0
2134
1088
1304
2603
2107
2962
580
1859
2020
433
2046
2824
1014
1649
965
1498
2069
1279
3599
1301
727
1932
900
2689
2130
1601
983
889
2701
3639
346
2408
2580
1032
1410
1961
632
1589
1216
813
1322
2441
2567
1386
1539
415
2726
458
3007
1833
1086
3167
717
4099
3163
1090
1782
936
4458
2066
0
1671
1218
3314
429
1426
865
2909
813
1053
1527
1806
2035
2130
861
1686
717
2887
3520
2000
1344
3069
1229
2150
3741
1373
3344
939
1507
3133
3739
3093
2136
1175
2317
2025
3215
2108
1555
4043
3246
1351
2055
1718
1931
1108
1563
144
2037
820
949
2678
2840
2454
1656
1900
995
4791
2183
2502
1442
1244
692
2403
2434
939
