1051
16 36 17 36
9 51 10 51
11 20 12 20
33 18 34 18
31 5 31 6
17 17 17 18
2 35 2 36
12 27 12 28
9 1 9 2
30 47 31 47
26 26 26 27
32 21 32 22
20 4 20 5
1 29 2 29
41 18 41 19
10 22 10 23
26 6 27 6
27 9 27 10
37 45 37 46
7 8 7 9
29 40 29 41
28 11 29 11
31 25 31 26
21 25 21 26
21 45 21 46
9 39 10 39
4 13 4 14
6 23 7 23
36 33 36 34
26 38 27 38
5 29 5 30
15 53 15 54
27 14 28 14
5 35 6 35
15 29 16 29
17 43 18 43
40 34 41 34
2 17 2 18
30 3 30 4
15 37 15 38
37 9 37 10
23 37 24 37
17 3 17 4
20 48 21 48
28 19 29 19
16 46 17 46
36 26 36 27
6 3 7 3
17 1 17 2
15 44 15 45
40 38 41 38
35 2 36 2
15 9 15 10
30 18 30 19
37 39 38 39
6 25 7 25
11 15 11 16
16 21 16 22
23 33 23 34
21 15 22 15
39 43 39 44
28 32 28 33
3 11 3 12
12 12 12 13
13 35 14 35
7 37 7 38
24 21 24 22
34 46 35 46
35 31 35 32
30 35 30 36
17 6 17 7
3 27 3 28
31 49 32 49
32 42 33 42
27 50 28 50
22 31 23 31
11 1 11 2
25 23 25 24
27 15 27 16
12 32 13 32
4 9 5 9
34 21 34 22
19 11 19 12
30 30 30 31
6 51 7 51
19 54 20 54
35 8 35 9
17 51 17 52
24 41 24 42
2 1 3 1
40 47 40 48
40 49 40 50
22 4 22 5
31 10 32 10
22 46 23 46
34 38 34 39
18 2 19 2
36 5 36 6
38 4 38 5
18 26 19 26
35 54 36 54
4 11 5 11
8 40 8 41
18 17 19 17
33 34 34 34
17 53 17 54
36 29 36 30
12 51 12 52
6 44 7 44
16 31 16 32
41 15 41 16
13 5 14 5
3 21 3 22
12 42 12 43
35 41 36 41
21 29 22 29
25 53 25 54
11 47 12 47
24 1 25 1
18 37 19 37
4 26 5 26
2 19 2 20
10 47 10 48
21 2 22 2
34 39 34 40
40 19 40 20
22 7 22 8
11 53 11 54
22 24 23 24
38 29 38 30
38 28 39 28
14 12 14 13
29 26 30 26
14 5 15 5
14 27 15 27
16 18 16 19
34 26 35 26
1 6 2 6
3 5 3 6
3 46 4 46
2 45 3 45
36 42 37 42
5 7 6 7
39 51 40 51
40 36 41 36
32 1 32 2
31 1 31 2
40 32 41 32
10 38 11 38
10 38 10 39
32 12 33 12
40 4 41 4
17 27 17 28
32 26 32 27
39 25 39 26
9 33 10 33
19 22 20 22
11 49 12 49
30 42 31 42
38 14 39 14
29 16 30 16
1 24 1 25
31 43 31 44
29 44 30 44
6 12 7 12
6 11 7 11
22 35 22 36
38 35 38 36
26 41 26 42
38 8 39 8
38 6 39 6
19 19 20 19
21 50 22 50
5 40 6 40
7 40 7 41
1 9 1 10
9 13 9 14
10 13 11 13
29 8 29 9
22 36 23 36
26 3 26 4
2 16 3 16
26 27 26 28
3 37 4 37
13 8 14 8
8 29 8 30
1 53 1 54
3 32 4 32
7 53 7 54
26 49 27 49
32 35 32 36
33 36 33 37
4 49 4 50
10 27 10 28
13 53 14 53
30 50 30 51
1 45 1 46
1 46 2 46
34 6 35 6
31 35 32 35
41 30 41 31
8 11 9 11
13 33 14 33
9 53 10 53
21 6 22 6
35 28 36 28
22 53 22 54
21 53 21 54
40 5 41 5
39 5 40 5
39 4 40 4
1 37 2 37
1 37 1 38
6 42 6 43
6 42 7 42
22 38 23 38
23 37 23 38
36 54 37 54
14 29 14 30
4 36 4 37
14 53 15 53
8 33 9 33
26 35 26 36
26 36 27 36
19 37 19 38
25 9 26 9
21 42 21 43
7 49 8 49
28 39 29 39
18 14 18 15
28 7 29 7
28 6 29 6
1 34 2 34
1 35 2 35
36 49 36 50
8 20 9 20
13 10 14 10
14 10 15 10
31 52 32 52
17 39 17 40
18 40 19 40
30 40 31 40
10 35 10 36
9 37 10 37
19 51 20 51
9 6 9 7
8 5 8 6
37 43 38 43
36 2 37 2
26 51 27 51
26 51 26 52
25 30 26 30
25 31 26 31
41 10 41 11
7 52 8 52
7 51 8 51
41 44 41 45
41 46 41 47
3 50 3 51
33 28 34 28
1 4 2 4
23 16 23 17
22 16 23 16
32 35 33 35
31 43 32 43
8 23 8 24
10 31 10 32
40 28 41 28
25 38 26 38
39 53 39 54
23 43 23 44
24 15 25 15
7 17 8 17
5 51 6 51
14 16 15 16
4 35 4 36
19 44 19 45
32 7 32 8
13 22 14 22
38 23 39 23
40 23 41 23
12 11 12 12
24 44 25 44
31 27 31 28
31 26 32 26
22 40 22 41
31 2 32 2
34 13 34 14
40 15 41 15
24 52 24 53
24 51 25 51
30 38 30 39
3 41 3 42
4 38 4 39
16 11 16 12
10 4 11 4
31 9 32 9
38 50 39 50
8 1 9 1
15 40 16 40
16 1 16 2
13 21 14 21
26 6 26 7
16 13 16 14
23 7 24 7
33 6 33 7
37 37 37 38
36 38 37 38
2 23 3 23
40 1 41 1
15 49 15 50
2 29 3 29
1 8 2 8
35 25 35 26
5 50 6 50
16 47 17 47
20 43 20 44
37 12 38 12
37 13 37 14
36 13 36 14
37 10 37 11
38 12 39 12
14 21 15 21
32 26 32 27
34 23 35 23
40 33 41 33
40 33 40 34
8 45 8 46
7 45 7 46
12 44 12 45
24 14 25 14
1 14 2 14
29 20 30 20
30 20 31 20
34 13 35 13
2 18 3 18
37 49 38 49
1 48 1 49
1 48 2 48
30 16 31 16
31 17 31 18
3 40 4 40
22 8 23 8
26 44 26 45
27 5 28 5
4 4 4 5
19 43 19 44
18 45 19 45
18 44 19 44
31 25 31 26
36 3 36 4
4 7 4 8
9 26 10 26
30 46 30 47
19 32 20 32
19 30 19 31
19 29 19 30
21 32 21 33
21 31 22 31
17 31 18 31
27 41 27 42
40 8 41 8
40 9 41 9
21 30 21 31
21 31 21 32
7 26 7 27
9 48 9 49
39 45 39 46
39 46 39 47
39 46 40 46
15 25 15 26
9 19 10 19
12 36 13 36
22 28 23 28
10 28 10 29
16 51 16 52
14 1 15 1
15 1 16 1
3 6 3 7
18 53 18 54
41 8 41 9
34 6 34 7
38 1 38 2
39 2 39 3
40 2 41 2
39 23 39 24
11 3 12 3
13 26 14 26
13 25 14 25
30 10 30 11
30 49 31 49
6 36 7 36
6 35 7 35
25 39 25 40
15 39 16 39
21 11 21 12
33 39 33 40
4 28 5 28
9 10 9 11
10 38 11 38
10 37 11 37
12 36 12 37
12 36 13 36
11 30 11 31
3 12 3 13
3 12 4 12
27 1 27 2
1 10 2 10
3 44 4 44
17 45 17 46
18 19 19 19
20 35 21 35
20 12 21 12
16 34 17 34
21 7 22 7
6 46 6 47
5 45 6 45
14 50 15 50
22 42 23 42
36 15 36 16
16 24 17 24
17 24 18 24
17 23 17 24
19 23 19 24
20 24 21 24
19 22 19 23
30 24 31 24
37 18 37 19
35 28 35 29
35 47 36 47
3 53 3 54
4 1 5 1
14 42 15 42
21 38 22 38
3 5 4 5
23 41 24 41
35 14 35 15
37 1 38 1
36 1 37 1
33 15 33 16
1 45 1 46
4 48 4 49
40 19 41 19
40 19 40 20
7 27 7 28
7 29 7 30
1 30 1 31
2 12 3 12
35 35 35 36
33 24 33 25
16 7 16 8
25 29 25 30
20 4 21 4
19 3 20 3
28 27 29 27
30 20 30 21
38 33 39 33
3 7 3 8
36 4 36 5
39 28 40 28
40 53 41 53
41 53 41 54
11 18 12 18
14 1 14 2
14 26 14 27
5 9 6 9
15 32 15 33
23 44 23 45
27 20 28 20
33 30 33 31
33 31 34 31
34 42 34 43
38 11 38 12
4 47 4 48
37 34 38 34
5 36 5 37
32 48 33 48
32 47 33 47
5 2 5 3
4 2 5 2
5 2 5 3
5 3 5 4
11 41 11 42
11 42 12 42
28 51 28 52
12 49 13 49
11 49 12 49
28 34 28 35
7 35 8 35
20 44 20 45
34 50 35 50
35 50 36 50
39 19 40 19
12 22 12 23
16 49 17 49
16 48 17 48
15 49 16 49
5 32 6 32
13 13 13 14
18 52 19 52
37 24 37 25
38 24 38 25
10 36 10 37
15 7 15 8
33 50 33 51
37 42 38 42
26 33 27 33
37 29 38 29
3 45 4 45
8 50 8 51
27 12 28 12
26 12 27 12
2 29 2 30
12 43 13 43
16 6 17 6
16 5 17 5
18 23 18 24
24 42 25 42
30 23 31 23
31 30 32 30
31 30 31 31
34 24 34 25
18 33 19 33
18 32 19 32
35 22 35 23
38 4 39 4
8 7 8 8
34 44 35 44
36 17 36 18
36 18 37 18
21 40 21 41
20 41 21 41
21 40 21 41
20 42 21 42
36 6 36 7
6 45 6 46
31 40 32 40
31 41 32 41
32 31 32 32
32 30 32 31
7 54 8 54
27 2 27 3
26 1 27 1
25 1 26 1
38 19 38 20
36 6 37 6
1 26 2 26
1 25 2 25
5 15 6 15
2 40 2 41
36 9 36 10
36 10 36 11
11 41 11 42
27 45 27 46
27 44 27 45
27 45 28 45
33 20 33 21
33 19 33 20
7 41 7 42
14 37 15 37
19 18 20 18
30 14 30 15
19 32 19 33
33 32 34 32
2 7 3 7
3 28 3 29
37 2 38 2
40 51 41 51
36 45 37 45
16 43 17 43
16 53 17 53
39 52 39 53
31 1 32 1
1 24 2 24
3 38 4 38
4 34 5 34
3 34 4 34
8 30 8 31
24 12 24 13
25 13 26 13
24 25 24 26
25 28 25 29
7 23 8 23
8 22 8 23
7 21 8 21
12 5 12 6
40 5 41 5
24 19 25 19
26 18 26 19
3 17 4 17
20 19 20 20
22 7 23 7
32 10 32 11
25 16 25 17
26 16 27 16
36 32 36 33
11 27 12 27
16 10 16 11
17 10 18 10
25 32 26 32
40 21 41 21
39 21 40 21
38 21 38 22
38 20 38 21
19 3 19 4
24 34 25 34
28 21 29 21
28 22 29 22
28 23 29 23
29 23 30 23
30 23 30 24
28 24 29 24
31 24 32 24
30 9 31 9
31 9 32 9
15 48 16 48
16 48 16 49
18 43 19 43
19 39 19 40
34 9 35 9
11 28 11 29
10 30 11 30
11 29 11 30
12 28 13 28
13 28 13 29
34 18 34 19
35 23 36 23
19 1 20 1
26 27 27 27
39 38 40 38
39 37 40 37
38 37 39 37
39 46 39 47
19 50 19 51
30 19 31 19
20 12 20 13
36 25 36 26
2 48 3 48
21 32 22 32
36 44 37 44
16 14 16 15
16 15 16 16
5 2 5 3
27 10 28 10
22 50 22 51
17 14 17 15
23 37 24 37
26 22 27 22
28 48 28 49
28 49 29 49
37 22 38 22
4 36 5 36
7 9 8 9
8 9 8 10
19 8 19 9
19 7 19 8
12 4 12 5
17 31 17 32
27 43 27 44
33 43 33 44
32 44 33 44
8 31 8 32
12 19 12 20
15 54 16 54
21 1 22 1
31 40 31 41
31 39 31 40
31 40 31 41
39 5 39 6
40 6 40 7
1 47 2 47
2 46 2 47
4 31 5 31
7 19 7 20
7 18 7 19
10 53 11 53
12 45 13 45
12 46 13 46
11 46 12 46
13 45 13 46
12 50 13 50
23 38 23 39
28 2 28 3
31 50 31 51
31 50 32 50
32 17 33 17
33 17 34 17
32 17 32 18
25 17 25 18
25 18 26 18
25 16 25 17
24 15 24 16
23 18 24 18
22 18 22 19
24 17 24 18
31 25 32 25
23 34 24 34
22 34 23 34
35 22 35 23
34 22 35 22
6 53 7 53
7 53 8 53
6 53 7 53
7 4 8 4
10 42 10 43
20 18 20 19
23 11 23 12
24 22 25 22
22 22 23 22
21 22 22 22
28 14 28 15
28 15 28 16
29 14 29 15
29 27 29 28
14 52 15 52
13 52 14 52
14 52 15 52
15 51 15 52
33 16 34 16
32 16 33 16
36 7 36 8
19 52 19 53
27 18 27 19
37 2 37 3
1 27 1 28
1 28 1 29
5 43 6 43
7 26 7 27
7 25 7 26
11 34 12 34
10 34 11 34
10 32 10 33
9 35 10 35
11 33 11 34
11 34 12 34
12 35 13 35
17 49 17 50
30 31 30 32
37 17 38 17
37 17 37 18
29 6 29 7
40 7 40 8
6 9 6 10
22 11 23 11
22 11 22 12
23 42 24 42
40 46 41 46
41 45 41 46
40 46 41 46
7 11 8 11
15 19 15 20
24 3 24 4
23 2 23 3
16 25 16 26
16 26 16 27
22 54 23 54
29 30 29 31
32 46 32 47
7 10 7 11
7 11 8 11
8 11 8 12
10 8 11 8
35 13 35 14
35 13 36 13
35 13 35 14
4 18 4 19
16 47 16 48
30 16 30 17
31 28 32 28
32 29 32 30
40 40 40 41
40 41 41 41
2 19 3 19
22 1 23 1
10 20 10 21
15 22 16 22
4 24 4 25
12 31 12 32
13 7 14 7
16 40 16 41
16 41 16 42
18 5 18 6
18 6 19 6
40 14 41 14
39 14 40 14
3 31 4 31
9 15 9 16
8 14 9 14
8 13 8 14
8 14 9 14
9 14 10 14
10 14 11 14
16 49 16 50
18 48 18 49
34 22 34 23
40 36 40 37
40 38 40 39
1 30 2 30
5 48 5 49
1 19 1 20
2 40 3 40
3 40 3 41
1 40 2 40
17 34 17 35
19 17 20 17
23 52 24 52
30 4 31 4
33 7 33 8
33 46 33 47
33 47 33 48
33 44 33 45
32 44 32 45
32 45 32 46
32 49 33 49
40 18 41 18
1 4 1 5
1 2 1 3
1 15 1 16
9 41 9 42
9 41 10 41
13 21 14 21
28 45 29 45
37 41 37 42
1 41 1 42
11 26 12 26
11 25 11 26
11 26 12 26
24 27 25 27
13 22 13 23
19 53 19 54
22 30 22 31
22 29 22 30
31 20 31 21
32 20 32 21
1 32 2 32
1 31 2 31
12 47 13 47
13 47 14 47
19 24 19 25
19 24 20 24
31 46 31 47
34 40 34 41
35 16 36 16
36 16 37 16
35 16 36 16
37 52 37 53
10 4 10 5
19 19 19 20
18 20 18 21
34 38 35 38
3 41 3 42
12 44 13 44
11 44 12 44
10 43 11 43
14 18 15 18
14 17 14 18
15 18 16 18
14 40 14 41
14 41 15 41
12 40 13 40
13 39 13 40
13 38 14 38
14 38 15 38
13 40 13 41
16 22 17 22
21 3 22 3
6 39 6 40
21 47 22 47
28 9 29 9
31 33 32 33
7 38 7 39
15 45 16 45
17 41 17 42
19 44 19 45
34 36 35 36
15 24 15 25
14 25 15 25
13 25 14 25
17 36 17 37
37 8 37 9
12 10 12 11
17 42 17 43
8 25 8 26
10 29 10 30
9 29 10 29
13 20 14 20
13 31 14 31
14 20 14 21
13 20 14 20
13 20 13 21
22 22 23 22
23 21 23 22
23 20 24 20
23 46 23 47
33 54 34 54
14 1 15 1
15 27 15 28
18 40 18 41
18 49 18 50
19 36 19 37
39 36 40 36
39 44 40 44
16 10 17 10
19 21 20 21
20 21 20 22
20 22 20 23
32 44 33 44
34 12 35 12
9 30 9 31
18 6 18 7
18 6 19 6
19 6 20 6
20 7 20 8
18 7 18 8
28 44 29 44
34 3 35 3
35 10 35 11
40 42 41 42
13 46 14 46
16 18 17 18
20 8 21 8
26 24 27 24
27 23 27 24
32 5 33 5
35 12 36 12
39 13 40 13
5 24 6 24
12 19 13 19
17 51 18 51
19 50 20 50
29 35 30 35
30 35 31 35
33 23 33 24
35 9 35 10
35 29 36 29
36 30 36 31
35 30 36 30
34 30 35 30
35 30 35 31
35 29 35 30
35 48 35 49
40 44 40 45
5 3 6 3
6 2 6 3
5 3 5 4
4 5 5 5
5 4 5 5
6 1 7 1
7 1 8 1
17 13 17 14
23 30 23 31
23 30 24 30
5 32 5 33
6 32 6 33
6 31 6 32
7 32 7 33
7 31 7 32
6 34 7 34
7 31 8 31
4 32 5 32
5 32 6 32
7 35 7 36
5 34 6 34
7 32 7 33
16 12 17 12
17 12 18 12
15 12 16 12
15 11 15 12
16 52 16 53
15 52 15 53
15 53 16 53
15 52 16 52
16 52 17 52
17 48 17 49
22 48 22 49
30 41 30 42
37 37 38 37
38 44 39 44
7 26 7 27
19 5 20 5
26 30 26 31
27 17 28 17
2 52 3 52
2 52 2 53
1 52 1 53
12 38 12 39
22 29 23 29
23 28 23 29
25 51 26 51
35 29 36 29
4 17 5 17
4 16 4 17
4 15 4 16
8 19 8 20
16 17 17 17
21 45 22 45
20 45 21 45
24 10 24 11
25 43 26 43
28 34 29 34
7 16 7 17
13 3 13 4
18 46 19 46
19 29 20 29
25 10 26 10
30 14 31 14
32 38 32 39
38 17 39 17
6 50 6 51
7 39 8 39
11 37 12 37
12 16 12 17
16 9 16 10
24 36 24 37
24 37 25 37
25 37 25 38
30 8 30 9
38 29 39 29
39 28 39 29
9 20 10 20
10 21 11 21
9 21 10 21
15 23 15 24
22 31 22 32
36 28 37 28
18 53 19 53
16 53 17 53
28 23 28 24
27 23 28 23
28 23 28 24
34 32 35 32
37 30 37 31
37 46 38 46
2 33 3 33
3 33 4 33
4 33 5 33
5 33 6 33
3 36 3 37
4 42 5 42
8 40 9 40
15 38 16 38
16 38 16 39
16 38 17 38
16 40 16 41
18 20 19 20
22 45 23 45
24 35 24 36
25 49 26 49
25 49 25 50
28 26 28 27
28 26 29 26
