ADDING (1 2 6)...
find(1) = 2
find(2) = 2
find(3) = 3
find(4) = 4
find(5) = 5
find(6) = 6
find(7) = 7
find(8) = 8
find(9) = 9
find(10) = 10
find(11) = 11
find(12) = 12
find(13) = 13
find(14) = 14
find(15) = 15
find(16) = 16
find(17) = 22
find(18) = 6
find(19) = 19
find(20) = 20
find(21) = 21
find(22) = 22
find(23) = 23
find(24) = 24
find(25) = 25
find(26) = 26
find(27) = 27
find(28) = 28
find(29) = 29
find(30) = 30
find(31) = 31
find(32) = 32
ADDING (2 3 4)...
find(1) = 3
find(2) = 3
find(3) = 3
find(4) = 4
find(5) = 5
find(6) = 20
find(7) = 7
find(8) = 8
find(9) = 9
find(10) = 10
find(11) = 11
find(12) = 12
find(13) = 13
find(14) = 14
find(15) = 15
find(16) = 16
find(17) = 22
find(18) = 20
find(19) = 4
find(20) = 20
find(21) = 21
find(22) = 22
find(23) = 23
find(24) = 24
find(25) = 25
find(26) = 26
find(27) = 27
find(28) = 28
find(29) = 29
find(30) = 30
find(31) = 31
find(32) = 32
ADDING (5 3 4)...
find(1) = 3
find(2) = 3
find(3) = 3
find(4) = 4
find(5) = 3
find(6) = 20
find(7) = 7
find(8) = 8
find(9) = 9
find(10) = 10
find(11) = 11
find(12) = 12
find(13) = 13
find(14) = 14
find(15) = 15
find(16) = 16
find(17) = 22
find(18) = 20
find(19) = 4
find(20) = 20
find(21) = 20
find(22) = 22
find(23) = 23
find(24) = 24
find(25) = 25
find(26) = 26
find(27) = 27
find(28) = 28
find(29) = 29
find(30) = 30
find(31) = 31
find(32) = 32
ADDING (11 5 7)...
find(1) = 3
find(2) = 3
find(3) = 3
find(4) = 4
find(5) = 3
find(6) = 7
find(7) = 7
find(8) = 8
find(9) = 9
find(10) = 10
find(11) = 3
find(12) = 12
find(13) = 13
find(14) = 14
find(15) = 15
find(16) = 16
find(17) = 22
find(18) = 7
find(19) = 4
find(20) = 7
find(21) = 7
find(22) = 22
find(23) = 23
find(24) = 24
find(25) = 25
find(26) = 26
find(27) = 23
find(28) = 28
find(29) = 29
find(30) = 30
find(31) = 31
find(32) = 32
ADDING (6 7 8)...
find(1) = 3
find(2) = 3
find(3) = 3
find(4) = 4
find(5) = 3
find(6) = 7
find(7) = 7
find(8) = 8
find(9) = 9
find(10) = 10
find(11) = 3
find(12) = 12
find(13) = 13
find(14) = 14
find(15) = 15
find(16) = 16
find(17) = 24
find(18) = 7
find(19) = 4
find(20) = 7
find(21) = 7
find(22) = 24
find(23) = 8
find(24) = 24
find(25) = 25
find(26) = 26
find(27) = 8
find(28) = 28
find(29) = 29
find(30) = 30
find(31) = 31
find(32) = 32
ADDING (8 9 10)...
find(1) = 3
find(2) = 3
find(3) = 3
find(4) = 4
find(5) = 3
find(6) = 7
find(7) = 7
find(8) = 9
find(9) = 9
find(10) = 10
find(11) = 3
find(12) = 12
find(13) = 13
find(14) = 14
find(15) = 15
find(16) = 16
find(17) = 26
find(18) = 7
find(19) = 4
find(20) = 7
find(21) = 7
find(22) = 26
find(23) = 9
find(24) = 26
find(25) = 10
find(26) = 26
find(27) = 9
find(28) = 28
find(29) = 29
find(30) = 30
find(31) = 31
find(32) = 32
ADDING (14 9 10)...
find(1) = 3
find(2) = 3
find(3) = 3
find(4) = 4
find(5) = 3
find(6) = 7
find(7) = 7
find(8) = 9
find(9) = 9
find(10) = 10
find(11) = 3
find(12) = 12
find(13) = 13
find(14) = 9
find(15) = 15
find(16) = 16
find(17) = 26
find(18) = 7
find(19) = 4
find(20) = 7
find(21) = 7
find(22) = 26
find(23) = 9
find(24) = 26
find(25) = 10
find(26) = 26
find(27) = 9
find(28) = 28
find(29) = 29
find(30) = 26
find(31) = 31
find(32) = 32
ADDING (11 12 13)...
find(1) = 12
find(2) = 12
find(3) = 12
find(4) = 4
find(5) = 12
find(6) = 7
find(7) = 7
find(8) = 29
find(9) = 29
find(10) = 10
find(11) = 12
find(12) = 12
find(13) = 13
find(14) = 29
find(15) = 15
find(16) = 16
find(17) = 26
find(18) = 7
find(19) = 4
find(20) = 7
find(21) = 7
find(22) = 26
find(23) = 29
find(24) = 26
find(25) = 10
find(26) = 26
find(27) = 29
find(28) = 13
find(29) = 29
find(30) = 26
find(31) = 31
find(32) = 32
ADDING (15 13 14)...
find(1) = 12
find(2) = 12
find(3) = 12
find(4) = 4
find(5) = 12
find(6) = 7
find(7) = 7
find(8) = 29
find(9) = 29
find(10) = 10
find(11) = 12
find(12) = 12
find(13) = 13
find(14) = 29
find(15) = 13
find(16) = 16
find(17) = 26
find(18) = 7
find(19) = 4
find(20) = 7
find(21) = 7
find(22) = 26
find(23) = 29
find(24) = 26
find(25) = 10
find(26) = 26
find(27) = 29
find(28) = 13
find(29) = 29
find(30) = 26
find(31) = 26
find(32) = 32
ADDING (16 12 15)...
find(1) = 12
find(2) = 12
find(3) = 12
find(4) = 4
find(5) = 12
find(6) = 7
find(7) = 7
find(8) = 29
find(9) = 29
find(10) = 10
find(11) = 12
find(12) = 12
find(13) = 13
find(14) = 29
find(15) = 13
find(16) = 12
find(17) = 26
find(18) = 7
find(19) = 4
find(20) = 7
find(21) = 7
find(22) = 26
find(23) = 29
find(24) = 26
find(25) = 10
find(26) = 26
find(27) = 29
find(28) = 13
find(29) = 29
find(30) = 26
find(31) = 26
find(32) = 26
nnode = 7
idxnode[1] = 3
idxnode[2] = 3
idxnode[3] = 3
idxnode[4] = 0
idxnode[5] = 3
idxnode[6] = 1
idxnode[7] = 1
idxnode[8] = 6
idxnode[9] = 6
idxnode[10] = 2
idxnode[11] = 3
idxnode[12] = 3
idxnode[13] = 4
idxnode[14] = 6
idxnode[15] = 4
idxnode[16] = 3
idxnode[17] = 5
idxnode[18] = 1
idxnode[19] = 0
idxnode[20] = 1
idxnode[21] = 1
idxnode[22] = 5
idxnode[23] = 6
idxnode[24] = 5
idxnode[25] = 2
idxnode[26] = 5
idxnode[27] = 6
idxnode[28] = 4
idxnode[29] = 6
idxnode[30] = 5
idxnode[31] = 5
idxnode[32] = 5
dp[5] = 0
dp[2] = 1
dp[6] = 2
dp[1] = 3
dp[0] = 4
dp[4] = 3
dp[3] = 5
Case #1: 5
ADDING (1 2 3)...
find(1) = 2
find(2) = 2
find(3) = 3
find(4) = 4
find(5) = 5
find(6) = 6
find(7) = 7
find(8) = 10
find(9) = 3
find(10) = 10
find(11) = 11
find(12) = 12
find(13) = 13
find(14) = 14
ADDING (4 2 3)...
find(1) = 2
find(2) = 2
find(3) = 3
find(4) = 2
find(5) = 5
find(6) = 6
find(7) = 7
find(8) = 10
find(9) = 3
find(10) = 10
find(11) = 10
find(12) = 12
find(13) = 13
find(14) = 14
ADDING (4 5 6)...
find(1) = 5
find(2) = 5
find(3) = 3
find(4) = 5
find(5) = 5
find(6) = 6
find(7) = 7
find(8) = 13
find(9) = 3
find(10) = 13
find(11) = 13
find(12) = 6
find(13) = 13
find(14) = 14
ADDING (7 5 6)...
find(1) = 5
find(2) = 5
find(3) = 3
find(4) = 5
find(5) = 5
find(6) = 6
find(7) = 5
find(8) = 13
find(9) = 3
find(10) = 13
find(11) = 13
find(12) = 6
find(13) = 13
find(14) = 13
nnode = 4
idxnode[1] = 1
idxnode[2] = 1
idxnode[3] = 0
idxnode[4] = 1
idxnode[5] = 1
idxnode[6] = 2
idxnode[7] = 1
idxnode[8] = 3
idxnode[9] = 0
idxnode[10] = 3
idxnode[11] = 3
idxnode[12] = 2
idxnode[13] = 3
idxnode[14] = 3
dp[3] = 0
dp[0] = 1
dp[2] = 1
dp[1] = 2
Case #2: 2
